2019-09-11 10:43:04,998 [7] ERROR home1 - GetData -231 
 System.NullReferenceException: Object reference not set to an instance of an object.
   at home1.GetData() in d:\backup_Prachi\CDF-Dashboard(FinalCode)\CDF-Dashboard2017\home1.aspx.cs:line 217 
 
2019-09-11 10:43:05,047 [7] ERROR home1 - chart_bind -326 
 System.NullReferenceException: Object reference not set to an instance of an object.
   at home1.chart_bind() in d:\backup_Prachi\CDF-Dashboard(FinalCode)\CDF-Dashboard2017\home1.aspx.cs:line 300 
 
2019-09-11 10:43:05,073 [7] ERROR home1 - GetData2 -288 
 System.NullReferenceException: Object reference not set to an instance of an object.
   at home1.GetData2() in d:\backup_Prachi\CDF-Dashboard(FinalCode)\CDF-Dashboard2017\home1.aspx.cs:line 274 
 
2019-09-11 10:43:05,089 [7] ERROR home1 - chart_bind2 -403 
 System.NullReferenceException: Object reference not set to an instance of an object.
   at home1.chart_bind2() in d:\backup_Prachi\CDF-Dashboard(FinalCode)\CDF-Dashboard2017\home1.aspx.cs:line 377 
 
2019-09-11 10:43:05,112 [7] ERROR home1 - bindgrid -507 
 System.NullReferenceException: Object reference not set to an instance of an object.
   at home1.bindgrid() in d:\backup_Prachi\CDF-Dashboard(FinalCode)\CDF-Dashboard2017\home1.aspx.cs:line 469 
 
2019-09-11 10:43:05,312 [7] ERROR home1 - GetData_both -265 
 System.NullReferenceException: Object reference not set to an instance of an object.
   at home1.GetData_both() in d:\backup_Prachi\CDF-Dashboard(FinalCode)\CDF-Dashboard2017\home1.aspx.cs:line 241 
 
2019-09-11 10:43:05,327 [7] ERROR home1 - chart_bind_both -366 
 System.NullReferenceException: Object reference not set to an instance of an object.
   at home1.chart_bind_both() in d:\backup_Prachi\CDF-Dashboard(FinalCode)\CDF-Dashboard2017\home1.aspx.cs:line 338 
 
2019-09-11 10:43:05,345 [7] ERROR home1 - bindgrid_lead_converted -548 
 System.NullReferenceException: Object reference not set to an instance of an object.
   at home1.bindgrid_lead_converted() in d:\backup_Prachi\CDF-Dashboard(FinalCode)\CDF-Dashboard2017\home1.aspx.cs:line 522 
 
2019-09-11 10:43:05,363 [7] ERROR home1 - bindgrid_lead_created -587 
 System.NullReferenceException: Object reference not set to an instance of an object.
   at home1.bindgrid_lead_created() in d:\backup_Prachi\CDF-Dashboard(FinalCode)\CDF-Dashboard2017\home1.aspx.cs:line 561 
 
2019-09-11 10:43:05,499 [7] ERROR home1 - Page_Load -135 
 System.NullReferenceException: Object reference not set to an instance of an object.
   at home1.Page_Load(Object sender, EventArgs e) in d:\backup_Prachi\CDF-Dashboard(FinalCode)\CDF-Dashboard2017\home1.aspx.cs:line 64 
 
2019-09-11 10:43:50,774 [9] ERROR home1 - GetData -231 
 System.NullReferenceException: Object reference not set to an instance of an object.
   at home1.GetData() in d:\backup_Prachi\CDF-Dashboard(FinalCode)\CDF-Dashboard2017\home1.aspx.cs:line 217 
 
2019-09-11 10:43:50,793 [9] ERROR home1 - chart_bind -326 
 System.NullReferenceException: Object reference not set to an instance of an object.
   at home1.chart_bind() in d:\backup_Prachi\CDF-Dashboard(FinalCode)\CDF-Dashboard2017\home1.aspx.cs:line 300 
 
2019-09-11 10:43:50,808 [9] ERROR home1 - GetData2 -288 
 System.NullReferenceException: Object reference not set to an instance of an object.
   at home1.GetData2() in d:\backup_Prachi\CDF-Dashboard(FinalCode)\CDF-Dashboard2017\home1.aspx.cs:line 274 
 
2019-09-11 10:43:50,830 [9] ERROR home1 - chart_bind2 -403 
 System.NullReferenceException: Object reference not set to an instance of an object.
   at home1.chart_bind2() in d:\backup_Prachi\CDF-Dashboard(FinalCode)\CDF-Dashboard2017\home1.aspx.cs:line 377 
 
2019-09-11 10:43:50,847 [9] ERROR home1 - bindgrid -507 
 System.NullReferenceException: Object reference not set to an instance of an object.
   at home1.bindgrid() in d:\backup_Prachi\CDF-Dashboard(FinalCode)\CDF-Dashboard2017\home1.aspx.cs:line 469 
 
2019-09-11 10:43:51,632 [9] ERROR home1 - GetData_both -265 
 System.NullReferenceException: Object reference not set to an instance of an object.
   at home1.GetData_both() in d:\backup_Prachi\CDF-Dashboard(FinalCode)\CDF-Dashboard2017\home1.aspx.cs:line 241 
 
2019-09-11 10:43:51,649 [9] ERROR home1 - chart_bind_both -366 
 System.NullReferenceException: Object reference not set to an instance of an object.
   at home1.chart_bind_both() in d:\backup_Prachi\CDF-Dashboard(FinalCode)\CDF-Dashboard2017\home1.aspx.cs:line 338 
 
2019-09-11 10:43:51,667 [9] ERROR home1 - bindgrid_lead_converted -548 
 System.NullReferenceException: Object reference not set to an instance of an object.
   at home1.bindgrid_lead_converted() in d:\backup_Prachi\CDF-Dashboard(FinalCode)\CDF-Dashboard2017\home1.aspx.cs:line 522 
 
2019-09-11 10:43:51,688 [9] ERROR home1 - bindgrid_lead_created -587 
 System.NullReferenceException: Object reference not set to an instance of an object.
   at home1.bindgrid_lead_created() in d:\backup_Prachi\CDF-Dashboard(FinalCode)\CDF-Dashboard2017\home1.aspx.cs:line 561 
 
2019-09-11 10:43:52,044 [9] ERROR home1 - Page_Load -135 
 System.NullReferenceException: Object reference not set to an instance of an object.
   at home1.Page_Load(Object sender, EventArgs e) in d:\backup_Prachi\CDF-Dashboard(FinalCode)\CDF-Dashboard2017\home1.aspx.cs:line 64 
 
2019-09-11 14:10:44,000 [26] ERROR home1 - GetData -231 
 System.NullReferenceException: Object reference not set to an instance of an object.
   at home1.GetData() in d:\backup_Prachi\CDF-Dashboard(FinalCode)\CDF-Dashboard2017\home1.aspx.cs:line 217 
 
2019-09-11 14:10:44,238 [26] ERROR home1 - chart_bind -326 
 System.NullReferenceException: Object reference not set to an instance of an object.
   at home1.chart_bind() in d:\backup_Prachi\CDF-Dashboard(FinalCode)\CDF-Dashboard2017\home1.aspx.cs:line 300 
 
2019-09-11 14:10:44,271 [26] ERROR home1 - GetData2 -288 
 System.NullReferenceException: Object reference not set to an instance of an object.
   at home1.GetData2() in d:\backup_Prachi\CDF-Dashboard(FinalCode)\CDF-Dashboard2017\home1.aspx.cs:line 274 
 
2019-09-11 14:10:44,286 [26] ERROR home1 - chart_bind2 -403 
 System.NullReferenceException: Object reference not set to an instance of an object.
   at home1.chart_bind2() in d:\backup_Prachi\CDF-Dashboard(FinalCode)\CDF-Dashboard2017\home1.aspx.cs:line 377 
 
2019-09-11 14:10:44,301 [26] ERROR home1 - bindgrid -507 
 System.NullReferenceException: Object reference not set to an instance of an object.
   at home1.bindgrid() in d:\backup_Prachi\CDF-Dashboard(FinalCode)\CDF-Dashboard2017\home1.aspx.cs:line 469 
 
2019-09-11 14:10:44,533 [26] ERROR home1 - GetData_both -265 
 System.NullReferenceException: Object reference not set to an instance of an object.
   at home1.GetData_both() in d:\backup_Prachi\CDF-Dashboard(FinalCode)\CDF-Dashboard2017\home1.aspx.cs:line 241 
 
2019-09-11 14:10:44,549 [26] ERROR home1 - chart_bind_both -366 
 System.NullReferenceException: Object reference not set to an instance of an object.
   at home1.chart_bind_both() in d:\backup_Prachi\CDF-Dashboard(FinalCode)\CDF-Dashboard2017\home1.aspx.cs:line 338 
 
2019-09-11 14:10:44,572 [26] ERROR home1 - bindgrid_lead_converted -548 
 System.NullReferenceException: Object reference not set to an instance of an object.
   at home1.bindgrid_lead_converted() in d:\backup_Prachi\CDF-Dashboard(FinalCode)\CDF-Dashboard2017\home1.aspx.cs:line 522 
 
2019-09-11 14:10:44,589 [26] ERROR home1 - bindgrid_lead_created -587 
 System.NullReferenceException: Object reference not set to an instance of an object.
   at home1.bindgrid_lead_created() in d:\backup_Prachi\CDF-Dashboard(FinalCode)\CDF-Dashboard2017\home1.aspx.cs:line 561 
 
2019-09-11 14:10:44,847 [26] ERROR home1 - Page_Load -135 
 System.NullReferenceException: Object reference not set to an instance of an object.
   at home1.Page_Load(Object sender, EventArgs e) in d:\backup_Prachi\CDF-Dashboard(FinalCode)\CDF-Dashboard2017\home1.aspx.cs:line 64 
 
2019-09-11 14:10:51,982 [26] ERROR home1 - GetData -231 
 System.NullReferenceException: Object reference not set to an instance of an object.
   at home1.GetData() in d:\backup_Prachi\CDF-Dashboard(FinalCode)\CDF-Dashboard2017\home1.aspx.cs:line 217 
 
2019-09-11 14:10:52,007 [26] ERROR home1 - chart_bind -326 
 System.NullReferenceException: Object reference not set to an instance of an object.
   at home1.chart_bind() in d:\backup_Prachi\CDF-Dashboard(FinalCode)\CDF-Dashboard2017\home1.aspx.cs:line 300 
 
2019-09-11 14:10:52,024 [26] ERROR home1 - GetData2 -288 
 System.NullReferenceException: Object reference not set to an instance of an object.
   at home1.GetData2() in d:\backup_Prachi\CDF-Dashboard(FinalCode)\CDF-Dashboard2017\home1.aspx.cs:line 274 
 
2019-09-11 14:10:52,039 [26] ERROR home1 - chart_bind2 -403 
 System.NullReferenceException: Object reference not set to an instance of an object.
   at home1.chart_bind2() in d:\backup_Prachi\CDF-Dashboard(FinalCode)\CDF-Dashboard2017\home1.aspx.cs:line 377 
 
2019-09-11 14:10:52,074 [26] ERROR home1 - bindgrid -507 
 System.NullReferenceException: Object reference not set to an instance of an object.
   at home1.bindgrid() in d:\backup_Prachi\CDF-Dashboard(FinalCode)\CDF-Dashboard2017\home1.aspx.cs:line 469 
 
2019-09-11 14:10:52,269 [26] ERROR home1 - GetData_both -265 
 System.NullReferenceException: Object reference not set to an instance of an object.
   at home1.GetData_both() in d:\backup_Prachi\CDF-Dashboard(FinalCode)\CDF-Dashboard2017\home1.aspx.cs:line 241 
 
2019-09-11 14:10:52,285 [26] ERROR home1 - chart_bind_both -366 
 System.NullReferenceException: Object reference not set to an instance of an object.
   at home1.chart_bind_both() in d:\backup_Prachi\CDF-Dashboard(FinalCode)\CDF-Dashboard2017\home1.aspx.cs:line 338 
 
2019-09-11 14:10:52,305 [26] ERROR home1 - bindgrid_lead_converted -548 
 System.NullReferenceException: Object reference not set to an instance of an object.
   at home1.bindgrid_lead_converted() in d:\backup_Prachi\CDF-Dashboard(FinalCode)\CDF-Dashboard2017\home1.aspx.cs:line 522 
 
2019-09-11 14:10:52,353 [26] ERROR home1 - bindgrid_lead_created -587 
 System.NullReferenceException: Object reference not set to an instance of an object.
   at home1.bindgrid_lead_created() in d:\backup_Prachi\CDF-Dashboard(FinalCode)\CDF-Dashboard2017\home1.aspx.cs:line 561 
 
2019-09-11 14:10:52,528 [26] ERROR home1 - Page_Load -135 
 System.NullReferenceException: Object reference not set to an instance of an object.
   at home1.Page_Load(Object sender, EventArgs e) in d:\backup_Prachi\CDF-Dashboard(FinalCode)\CDF-Dashboard2017\home1.aspx.cs:line 64 
 
2019-09-11 14:52:08,534 [44] ERROR home1 - GetData -231 
 System.NullReferenceException: Object reference not set to an instance of an object.
   at home1.GetData() in d:\backup_Prachi\CDF-Dashboard(FinalCode)\CDF-Dashboard2017\home1.aspx.cs:line 217 
 
2019-09-11 14:52:08,559 [44] ERROR home1 - chart_bind -326 
 System.NullReferenceException: Object reference not set to an instance of an object.
   at home1.chart_bind() in d:\backup_Prachi\CDF-Dashboard(FinalCode)\CDF-Dashboard2017\home1.aspx.cs:line 300 
 
2019-09-11 14:52:08,580 [44] ERROR home1 - GetData2 -288 
 System.NullReferenceException: Object reference not set to an instance of an object.
   at home1.GetData2() in d:\backup_Prachi\CDF-Dashboard(FinalCode)\CDF-Dashboard2017\home1.aspx.cs:line 274 
 
2019-09-11 14:52:08,607 [44] ERROR home1 - chart_bind2 -403 
 System.NullReferenceException: Object reference not set to an instance of an object.
   at home1.chart_bind2() in d:\backup_Prachi\CDF-Dashboard(FinalCode)\CDF-Dashboard2017\home1.aspx.cs:line 377 
 
2019-09-11 14:52:08,625 [44] ERROR home1 - bindgrid -507 
 System.NullReferenceException: Object reference not set to an instance of an object.
   at home1.bindgrid() in d:\backup_Prachi\CDF-Dashboard(FinalCode)\CDF-Dashboard2017\home1.aspx.cs:line 469 
 
2019-09-11 14:52:08,973 [44] ERROR home1 - GetData_both -265 
 System.NullReferenceException: Object reference not set to an instance of an object.
   at home1.GetData_both() in d:\backup_Prachi\CDF-Dashboard(FinalCode)\CDF-Dashboard2017\home1.aspx.cs:line 241 
 
2019-09-11 14:52:08,998 [44] ERROR home1 - chart_bind_both -366 
 System.NullReferenceException: Object reference not set to an instance of an object.
   at home1.chart_bind_both() in d:\backup_Prachi\CDF-Dashboard(FinalCode)\CDF-Dashboard2017\home1.aspx.cs:line 338 
 
2019-09-11 14:52:09,015 [44] ERROR home1 - bindgrid_lead_converted -548 
 System.NullReferenceException: Object reference not set to an instance of an object.
   at home1.bindgrid_lead_converted() in d:\backup_Prachi\CDF-Dashboard(FinalCode)\CDF-Dashboard2017\home1.aspx.cs:line 522 
 
2019-09-11 14:52:09,033 [44] ERROR home1 - bindgrid_lead_created -587 
 System.NullReferenceException: Object reference not set to an instance of an object.
   at home1.bindgrid_lead_created() in d:\backup_Prachi\CDF-Dashboard(FinalCode)\CDF-Dashboard2017\home1.aspx.cs:line 561 
 
2019-09-11 14:52:09,168 [44] ERROR home1 - Page_Load -135 
 System.NullReferenceException: Object reference not set to an instance of an object.
   at home1.Page_Load(Object sender, EventArgs e) in d:\backup_Prachi\CDF-Dashboard(FinalCode)\CDF-Dashboard2017\home1.aspx.cs:line 64 
 
2019-09-11 14:52:14,275 [43] ERROR home1 - GetData -231 
 System.NullReferenceException: Object reference not set to an instance of an object.
   at home1.GetData() in d:\backup_Prachi\CDF-Dashboard(FinalCode)\CDF-Dashboard2017\home1.aspx.cs:line 217 
 
2019-09-11 14:52:14,302 [43] ERROR home1 - chart_bind -326 
 System.NullReferenceException: Object reference not set to an instance of an object.
   at home1.chart_bind() in d:\backup_Prachi\CDF-Dashboard(FinalCode)\CDF-Dashboard2017\home1.aspx.cs:line 300 
 
2019-09-11 14:52:14,372 [43] ERROR home1 - GetData2 -288 
 System.NullReferenceException: Object reference not set to an instance of an object.
   at home1.GetData2() in d:\backup_Prachi\CDF-Dashboard(FinalCode)\CDF-Dashboard2017\home1.aspx.cs:line 274 
 
2019-09-11 14:52:14,421 [43] ERROR home1 - chart_bind2 -403 
 System.NullReferenceException: Object reference not set to an instance of an object.
   at home1.chart_bind2() in d:\backup_Prachi\CDF-Dashboard(FinalCode)\CDF-Dashboard2017\home1.aspx.cs:line 377 
 
2019-09-11 14:52:14,440 [43] ERROR home1 - bindgrid -507 
 System.NullReferenceException: Object reference not set to an instance of an object.
   at home1.bindgrid() in d:\backup_Prachi\CDF-Dashboard(FinalCode)\CDF-Dashboard2017\home1.aspx.cs:line 469 
 
2019-09-11 14:52:14,630 [43] ERROR home1 - GetData_both -265 
 System.NullReferenceException: Object reference not set to an instance of an object.
   at home1.GetData_both() in d:\backup_Prachi\CDF-Dashboard(FinalCode)\CDF-Dashboard2017\home1.aspx.cs:line 241 
 
2019-09-11 14:52:14,652 [43] ERROR home1 - chart_bind_both -366 
 System.NullReferenceException: Object reference not set to an instance of an object.
   at home1.chart_bind_both() in d:\backup_Prachi\CDF-Dashboard(FinalCode)\CDF-Dashboard2017\home1.aspx.cs:line 338 
 
2019-09-11 14:52:14,667 [43] ERROR home1 - bindgrid_lead_converted -548 
 System.NullReferenceException: Object reference not set to an instance of an object.
   at home1.bindgrid_lead_converted() in d:\backup_Prachi\CDF-Dashboard(FinalCode)\CDF-Dashboard2017\home1.aspx.cs:line 522 
 
2019-09-11 14:52:14,696 [43] ERROR home1 - bindgrid_lead_created -587 
 System.NullReferenceException: Object reference not set to an instance of an object.
   at home1.bindgrid_lead_created() in d:\backup_Prachi\CDF-Dashboard(FinalCode)\CDF-Dashboard2017\home1.aspx.cs:line 561 
 
2019-09-11 14:52:14,836 [43] ERROR home1 - Page_Load -135 
 System.NullReferenceException: Object reference not set to an instance of an object.
   at home1.Page_Load(Object sender, EventArgs e) in d:\backup_Prachi\CDF-Dashboard(FinalCode)\CDF-Dashboard2017\home1.aspx.cs:line 64 
 
2019-09-11 15:00:39,884 [43] ERROR home1 - GetData -231 
 System.NullReferenceException: Object reference not set to an instance of an object.
   at home1.GetData() in d:\backup_Prachi\CDF-Dashboard(FinalCode)\CDF-Dashboard2017\home1.aspx.cs:line 217 
 
2019-09-11 15:00:39,900 [43] ERROR home1 - chart_bind -326 
 System.NullReferenceException: Object reference not set to an instance of an object.
   at home1.chart_bind() in d:\backup_Prachi\CDF-Dashboard(FinalCode)\CDF-Dashboard2017\home1.aspx.cs:line 300 
 
2019-09-11 15:00:39,931 [43] ERROR home1 - GetData2 -288 
 System.NullReferenceException: Object reference not set to an instance of an object.
   at home1.GetData2() in d:\backup_Prachi\CDF-Dashboard(FinalCode)\CDF-Dashboard2017\home1.aspx.cs:line 274 
 
2019-09-11 15:00:39,947 [43] ERROR home1 - chart_bind2 -403 
 System.NullReferenceException: Object reference not set to an instance of an object.
   at home1.chart_bind2() in d:\backup_Prachi\CDF-Dashboard(FinalCode)\CDF-Dashboard2017\home1.aspx.cs:line 377 
 
2019-09-11 15:00:39,962 [43] ERROR home1 - bindgrid -507 
 System.NullReferenceException: Object reference not set to an instance of an object.
   at home1.bindgrid() in d:\backup_Prachi\CDF-Dashboard(FinalCode)\CDF-Dashboard2017\home1.aspx.cs:line 469 
 
2019-09-11 15:00:40,216 [43] ERROR home1 - GetData_both -265 
 System.NullReferenceException: Object reference not set to an instance of an object.
   at home1.GetData_both() in d:\backup_Prachi\CDF-Dashboard(FinalCode)\CDF-Dashboard2017\home1.aspx.cs:line 241 
 
2019-09-11 15:00:40,236 [43] ERROR home1 - chart_bind_both -366 
 System.NullReferenceException: Object reference not set to an instance of an object.
   at home1.chart_bind_both() in d:\backup_Prachi\CDF-Dashboard(FinalCode)\CDF-Dashboard2017\home1.aspx.cs:line 338 
 
2019-09-11 15:00:40,252 [43] ERROR home1 - bindgrid_lead_converted -548 
 System.NullReferenceException: Object reference not set to an instance of an object.
   at home1.bindgrid_lead_converted() in d:\backup_Prachi\CDF-Dashboard(FinalCode)\CDF-Dashboard2017\home1.aspx.cs:line 522 
 
2019-09-11 15:00:40,284 [43] ERROR home1 - bindgrid_lead_created -587 
 System.NullReferenceException: Object reference not set to an instance of an object.
   at home1.bindgrid_lead_created() in d:\backup_Prachi\CDF-Dashboard(FinalCode)\CDF-Dashboard2017\home1.aspx.cs:line 561 
 
2019-09-11 15:00:40,754 [43] ERROR home1 - Page_Load -135 
 System.NullReferenceException: Object reference not set to an instance of an object.
   at home1.Page_Load(Object sender, EventArgs e) in d:\backup_Prachi\CDF-Dashboard(FinalCode)\CDF-Dashboard2017\home1.aspx.cs:line 64 
 
2019-09-11 15:00:46,409 [9] ERROR home1 - GetData -231 
 System.NullReferenceException: Object reference not set to an instance of an object.
   at home1.GetData() in d:\backup_Prachi\CDF-Dashboard(FinalCode)\CDF-Dashboard2017\home1.aspx.cs:line 217 
 
2019-09-11 15:00:46,425 [9] ERROR home1 - chart_bind -326 
 System.NullReferenceException: Object reference not set to an instance of an object.
   at home1.chart_bind() in d:\backup_Prachi\CDF-Dashboard(FinalCode)\CDF-Dashboard2017\home1.aspx.cs:line 300 
 
2019-09-11 15:00:46,442 [9] ERROR home1 - GetData2 -288 
 System.NullReferenceException: Object reference not set to an instance of an object.
   at home1.GetData2() in d:\backup_Prachi\CDF-Dashboard(FinalCode)\CDF-Dashboard2017\home1.aspx.cs:line 274 
 
2019-09-11 15:00:46,464 [9] ERROR home1 - chart_bind2 -403 
 System.NullReferenceException: Object reference not set to an instance of an object.
   at home1.chart_bind2() in d:\backup_Prachi\CDF-Dashboard(FinalCode)\CDF-Dashboard2017\home1.aspx.cs:line 377 
 
2019-09-11 15:00:46,480 [9] ERROR home1 - bindgrid -507 
 System.NullReferenceException: Object reference not set to an instance of an object.
   at home1.bindgrid() in d:\backup_Prachi\CDF-Dashboard(FinalCode)\CDF-Dashboard2017\home1.aspx.cs:line 469 
 
2019-09-11 15:00:46,934 [9] ERROR home1 - GetData_both -265 
 System.NullReferenceException: Object reference not set to an instance of an object.
   at home1.GetData_both() in d:\backup_Prachi\CDF-Dashboard(FinalCode)\CDF-Dashboard2017\home1.aspx.cs:line 241 
 
2019-09-11 15:00:46,950 [9] ERROR home1 - chart_bind_both -366 
 System.NullReferenceException: Object reference not set to an instance of an object.
   at home1.chart_bind_both() in d:\backup_Prachi\CDF-Dashboard(FinalCode)\CDF-Dashboard2017\home1.aspx.cs:line 338 
 
2019-09-11 15:00:46,976 [9] ERROR home1 - bindgrid_lead_converted -548 
 System.NullReferenceException: Object reference not set to an instance of an object.
   at home1.bindgrid_lead_converted() in d:\backup_Prachi\CDF-Dashboard(FinalCode)\CDF-Dashboard2017\home1.aspx.cs:line 522 
 
2019-09-11 15:00:46,999 [9] ERROR home1 - bindgrid_lead_created -587 
 System.NullReferenceException: Object reference not set to an instance of an object.
   at home1.bindgrid_lead_created() in d:\backup_Prachi\CDF-Dashboard(FinalCode)\CDF-Dashboard2017\home1.aspx.cs:line 561 
 
2019-09-11 15:00:47,124 [9] ERROR home1 - Page_Load -135 
 System.NullReferenceException: Object reference not set to an instance of an object.
   at home1.Page_Load(Object sender, EventArgs e) in d:\backup_Prachi\CDF-Dashboard(FinalCode)\CDF-Dashboard2017\home1.aspx.cs:line 64 
 
2019-09-11 15:03:43,401 [9] ERROR home1 - GetData -231 
 System.NullReferenceException: Object reference not set to an instance of an object.
   at home1.GetData() in d:\backup_Prachi\CDF-Dashboard(FinalCode)\CDF-Dashboard2017\home1.aspx.cs:line 217 
 
2019-09-11 15:03:43,419 [9] ERROR home1 - chart_bind -326 
 System.NullReferenceException: Object reference not set to an instance of an object.
   at home1.chart_bind() in d:\backup_Prachi\CDF-Dashboard(FinalCode)\CDF-Dashboard2017\home1.aspx.cs:line 300 
 
2019-09-11 15:03:43,442 [9] ERROR home1 - GetData2 -288 
 System.NullReferenceException: Object reference not set to an instance of an object.
   at home1.GetData2() in d:\backup_Prachi\CDF-Dashboard(FinalCode)\CDF-Dashboard2017\home1.aspx.cs:line 274 
 
2019-09-11 15:03:43,459 [9] ERROR home1 - chart_bind2 -403 
 System.NullReferenceException: Object reference not set to an instance of an object.
   at home1.chart_bind2() in d:\backup_Prachi\CDF-Dashboard(FinalCode)\CDF-Dashboard2017\home1.aspx.cs:line 377 
 
2019-09-11 15:03:43,501 [9] ERROR home1 - bindgrid -507 
 System.NullReferenceException: Object reference not set to an instance of an object.
   at home1.bindgrid() in d:\backup_Prachi\CDF-Dashboard(FinalCode)\CDF-Dashboard2017\home1.aspx.cs:line 469 
 
2019-09-11 15:03:43,718 [9] ERROR home1 - GetData_both -265 
 System.NullReferenceException: Object reference not set to an instance of an object.
   at home1.GetData_both() in d:\backup_Prachi\CDF-Dashboard(FinalCode)\CDF-Dashboard2017\home1.aspx.cs:line 241 
 
2019-09-11 15:03:43,741 [9] ERROR home1 - chart_bind_both -366 
 System.NullReferenceException: Object reference not set to an instance of an object.
   at home1.chart_bind_both() in d:\backup_Prachi\CDF-Dashboard(FinalCode)\CDF-Dashboard2017\home1.aspx.cs:line 338 
 
2019-09-11 15:03:43,760 [9] ERROR home1 - bindgrid_lead_converted -548 
 System.NullReferenceException: Object reference not set to an instance of an object.
   at home1.bindgrid_lead_converted() in d:\backup_Prachi\CDF-Dashboard(FinalCode)\CDF-Dashboard2017\home1.aspx.cs:line 522 
 
2019-09-11 15:03:43,843 [9] ERROR home1 - bindgrid_lead_created -587 
 System.NullReferenceException: Object reference not set to an instance of an object.
   at home1.bindgrid_lead_created() in d:\backup_Prachi\CDF-Dashboard(FinalCode)\CDF-Dashboard2017\home1.aspx.cs:line 561 
 
2019-09-11 15:03:45,211 [9] ERROR home1 - Page_Load -135 
 System.NullReferenceException: Object reference not set to an instance of an object.
   at home1.Page_Load(Object sender, EventArgs e) in d:\backup_Prachi\CDF-Dashboard(FinalCode)\CDF-Dashboard2017\home1.aspx.cs:line 64 
 
2019-09-11 15:04:06,601 [15] ERROR home1 - GetData -231 
 System.NullReferenceException: Object reference not set to an instance of an object.
   at home1.GetData() in d:\backup_Prachi\CDF-Dashboard(FinalCode)\CDF-Dashboard2017\home1.aspx.cs:line 217 
 
2019-09-11 15:04:06,624 [15] ERROR home1 - chart_bind -326 
 System.NullReferenceException: Object reference not set to an instance of an object.
   at home1.chart_bind() in d:\backup_Prachi\CDF-Dashboard(FinalCode)\CDF-Dashboard2017\home1.aspx.cs:line 300 
 
2019-09-11 15:04:06,649 [15] ERROR home1 - GetData2 -288 
 System.NullReferenceException: Object reference not set to an instance of an object.
   at home1.GetData2() in d:\backup_Prachi\CDF-Dashboard(FinalCode)\CDF-Dashboard2017\home1.aspx.cs:line 274 
 
2019-09-11 15:04:06,665 [15] ERROR home1 - chart_bind2 -403 
 System.NullReferenceException: Object reference not set to an instance of an object.
   at home1.chart_bind2() in d:\backup_Prachi\CDF-Dashboard(FinalCode)\CDF-Dashboard2017\home1.aspx.cs:line 377 
 
2019-09-11 15:04:06,689 [15] ERROR home1 - bindgrid -507 
 System.NullReferenceException: Object reference not set to an instance of an object.
   at home1.bindgrid() in d:\backup_Prachi\CDF-Dashboard(FinalCode)\CDF-Dashboard2017\home1.aspx.cs:line 469 
 
2019-09-11 15:04:06,927 [15] ERROR home1 - GetData_both -265 
 System.NullReferenceException: Object reference not set to an instance of an object.
   at home1.GetData_both() in d:\backup_Prachi\CDF-Dashboard(FinalCode)\CDF-Dashboard2017\home1.aspx.cs:line 241 
 
2019-09-11 15:04:06,954 [15] ERROR home1 - chart_bind_both -366 
 System.NullReferenceException: Object reference not set to an instance of an object.
   at home1.chart_bind_both() in d:\backup_Prachi\CDF-Dashboard(FinalCode)\CDF-Dashboard2017\home1.aspx.cs:line 338 
 
2019-09-11 15:04:06,968 [15] ERROR home1 - bindgrid_lead_converted -548 
 System.NullReferenceException: Object reference not set to an instance of an object.
   at home1.bindgrid_lead_converted() in d:\backup_Prachi\CDF-Dashboard(FinalCode)\CDF-Dashboard2017\home1.aspx.cs:line 522 
 
2019-09-11 15:04:06,986 [15] ERROR home1 - bindgrid_lead_created -587 
 System.NullReferenceException: Object reference not set to an instance of an object.
   at home1.bindgrid_lead_created() in d:\backup_Prachi\CDF-Dashboard(FinalCode)\CDF-Dashboard2017\home1.aspx.cs:line 561 
 
2019-09-11 15:04:07,117 [15] ERROR home1 - Page_Load -135 
 System.NullReferenceException: Object reference not set to an instance of an object.
   at home1.Page_Load(Object sender, EventArgs e) in d:\backup_Prachi\CDF-Dashboard(FinalCode)\CDF-Dashboard2017\home1.aspx.cs:line 64 
 
2019-09-11 15:04:22,494 [15] ERROR home1 - GetData -231 
 System.NullReferenceException: Object reference not set to an instance of an object.
   at home1.GetData() in d:\backup_Prachi\CDF-Dashboard(FinalCode)\CDF-Dashboard2017\home1.aspx.cs:line 217 
 
2019-09-11 15:04:22,528 [15] ERROR home1 - chart_bind -326 
 System.NullReferenceException: Object reference not set to an instance of an object.
   at home1.chart_bind() in d:\backup_Prachi\CDF-Dashboard(FinalCode)\CDF-Dashboard2017\home1.aspx.cs:line 300 
 
2019-09-11 15:04:22,543 [15] ERROR home1 - GetData2 -288 
 System.NullReferenceException: Object reference not set to an instance of an object.
   at home1.GetData2() in d:\backup_Prachi\CDF-Dashboard(FinalCode)\CDF-Dashboard2017\home1.aspx.cs:line 274 
 
2019-09-11 15:04:22,558 [15] ERROR home1 - chart_bind2 -403 
 System.NullReferenceException: Object reference not set to an instance of an object.
   at home1.chart_bind2() in d:\backup_Prachi\CDF-Dashboard(FinalCode)\CDF-Dashboard2017\home1.aspx.cs:line 377 
 
2019-09-11 15:04:22,572 [15] ERROR home1 - bindgrid -507 
 System.NullReferenceException: Object reference not set to an instance of an object.
   at home1.bindgrid() in d:\backup_Prachi\CDF-Dashboard(FinalCode)\CDF-Dashboard2017\home1.aspx.cs:line 469 
 
2019-09-11 15:04:22,764 [15] ERROR home1 - GetData_both -265 
 System.NullReferenceException: Object reference not set to an instance of an object.
   at home1.GetData_both() in d:\backup_Prachi\CDF-Dashboard(FinalCode)\CDF-Dashboard2017\home1.aspx.cs:line 241 
 
2019-09-11 15:04:22,782 [15] ERROR home1 - chart_bind_both -366 
 System.NullReferenceException: Object reference not set to an instance of an object.
   at home1.chart_bind_both() in d:\backup_Prachi\CDF-Dashboard(FinalCode)\CDF-Dashboard2017\home1.aspx.cs:line 338 
 
2019-09-11 15:04:22,814 [15] ERROR home1 - bindgrid_lead_converted -548 
 System.NullReferenceException: Object reference not set to an instance of an object.
   at home1.bindgrid_lead_converted() in d:\backup_Prachi\CDF-Dashboard(FinalCode)\CDF-Dashboard2017\home1.aspx.cs:line 522 
 
2019-09-11 15:04:22,833 [15] ERROR home1 - bindgrid_lead_created -587 
 System.NullReferenceException: Object reference not set to an instance of an object.
   at home1.bindgrid_lead_created() in d:\backup_Prachi\CDF-Dashboard(FinalCode)\CDF-Dashboard2017\home1.aspx.cs:line 561 
 
2019-09-11 15:04:22,966 [15] ERROR home1 - Page_Load -135 
 System.NullReferenceException: Object reference not set to an instance of an object.
   at home1.Page_Load(Object sender, EventArgs e) in d:\backup_Prachi\CDF-Dashboard(FinalCode)\CDF-Dashboard2017\home1.aspx.cs:line 64 
 
2019-09-11 15:37:07,190 [29] ERROR home1 - GetData -231 
 System.NullReferenceException: Object reference not set to an instance of an object.
   at home1.GetData() in d:\backup_Prachi\CDF-Dashboard(FinalCode)\CDF-Dashboard2017\home1.aspx.cs:line 217 
 
2019-09-11 15:37:07,225 [29] ERROR home1 - chart_bind -326 
 System.NullReferenceException: Object reference not set to an instance of an object.
   at home1.chart_bind() in d:\backup_Prachi\CDF-Dashboard(FinalCode)\CDF-Dashboard2017\home1.aspx.cs:line 300 
 
2019-09-11 15:37:07,245 [29] ERROR home1 - GetData2 -288 
 System.NullReferenceException: Object reference not set to an instance of an object.
   at home1.GetData2() in d:\backup_Prachi\CDF-Dashboard(FinalCode)\CDF-Dashboard2017\home1.aspx.cs:line 274 
 
2019-09-11 15:37:07,266 [29] ERROR home1 - chart_bind2 -403 
 System.NullReferenceException: Object reference not set to an instance of an object.
   at home1.chart_bind2() in d:\backup_Prachi\CDF-Dashboard(FinalCode)\CDF-Dashboard2017\home1.aspx.cs:line 377 
 
2019-09-11 15:37:07,285 [29] ERROR home1 - bindgrid -507 
 System.NullReferenceException: Object reference not set to an instance of an object.
   at home1.bindgrid() in d:\backup_Prachi\CDF-Dashboard(FinalCode)\CDF-Dashboard2017\home1.aspx.cs:line 469 
 
2019-09-11 15:37:07,478 [29] ERROR home1 - GetData_both -265 
 System.NullReferenceException: Object reference not set to an instance of an object.
   at home1.GetData_both() in d:\backup_Prachi\CDF-Dashboard(FinalCode)\CDF-Dashboard2017\home1.aspx.cs:line 241 
 
2019-09-11 15:37:07,498 [29] ERROR home1 - chart_bind_both -366 
 System.NullReferenceException: Object reference not set to an instance of an object.
   at home1.chart_bind_both() in d:\backup_Prachi\CDF-Dashboard(FinalCode)\CDF-Dashboard2017\home1.aspx.cs:line 338 
 
2019-09-11 15:37:07,521 [29] ERROR home1 - bindgrid_lead_converted -548 
 System.NullReferenceException: Object reference not set to an instance of an object.
   at home1.bindgrid_lead_converted() in d:\backup_Prachi\CDF-Dashboard(FinalCode)\CDF-Dashboard2017\home1.aspx.cs:line 522 
 
2019-09-11 15:37:07,537 [29] ERROR home1 - bindgrid_lead_created -587 
 System.NullReferenceException: Object reference not set to an instance of an object.
   at home1.bindgrid_lead_created() in d:\backup_Prachi\CDF-Dashboard(FinalCode)\CDF-Dashboard2017\home1.aspx.cs:line 561 
 
2019-09-11 15:37:07,649 [29] ERROR home1 - Page_Load -135 
 System.NullReferenceException: Object reference not set to an instance of an object.
   at home1.Page_Load(Object sender, EventArgs e) in d:\backup_Prachi\CDF-Dashboard(FinalCode)\CDF-Dashboard2017\home1.aspx.cs:line 64 
 
2019-09-11 15:38:27,546 [7] ERROR home1 - GetData -231 
 System.NullReferenceException: Object reference not set to an instance of an object.
   at home1.GetData() in d:\backup_Prachi\CDF-Dashboard(FinalCode)\CDF-Dashboard2017\home1.aspx.cs:line 217 
 
2019-09-11 15:38:27,569 [7] ERROR home1 - chart_bind -326 
 System.NullReferenceException: Object reference not set to an instance of an object.
   at home1.chart_bind() in d:\backup_Prachi\CDF-Dashboard(FinalCode)\CDF-Dashboard2017\home1.aspx.cs:line 300 
 
2019-09-11 15:38:27,590 [7] ERROR home1 - GetData2 -288 
 System.NullReferenceException: Object reference not set to an instance of an object.
   at home1.GetData2() in d:\backup_Prachi\CDF-Dashboard(FinalCode)\CDF-Dashboard2017\home1.aspx.cs:line 274 
 
2019-09-11 15:38:27,614 [7] ERROR home1 - chart_bind2 -403 
 System.NullReferenceException: Object reference not set to an instance of an object.
   at home1.chart_bind2() in d:\backup_Prachi\CDF-Dashboard(FinalCode)\CDF-Dashboard2017\home1.aspx.cs:line 377 
 
2019-09-11 15:38:27,628 [7] ERROR home1 - bindgrid -507 
 System.NullReferenceException: Object reference not set to an instance of an object.
   at home1.bindgrid() in d:\backup_Prachi\CDF-Dashboard(FinalCode)\CDF-Dashboard2017\home1.aspx.cs:line 469 
 
2019-09-11 15:38:27,830 [7] ERROR home1 - GetData_both -265 
 System.NullReferenceException: Object reference not set to an instance of an object.
   at home1.GetData_both() in d:\backup_Prachi\CDF-Dashboard(FinalCode)\CDF-Dashboard2017\home1.aspx.cs:line 241 
 
2019-09-11 15:38:27,853 [7] ERROR home1 - chart_bind_both -366 
 System.NullReferenceException: Object reference not set to an instance of an object.
   at home1.chart_bind_both() in d:\backup_Prachi\CDF-Dashboard(FinalCode)\CDF-Dashboard2017\home1.aspx.cs:line 338 
 
2019-09-11 15:38:27,868 [7] ERROR home1 - bindgrid_lead_converted -548 
 System.NullReferenceException: Object reference not set to an instance of an object.
   at home1.bindgrid_lead_converted() in d:\backup_Prachi\CDF-Dashboard(FinalCode)\CDF-Dashboard2017\home1.aspx.cs:line 522 
 
2019-09-11 15:38:27,887 [7] ERROR home1 - bindgrid_lead_created -587 
 System.NullReferenceException: Object reference not set to an instance of an object.
   at home1.bindgrid_lead_created() in d:\backup_Prachi\CDF-Dashboard(FinalCode)\CDF-Dashboard2017\home1.aspx.cs:line 561 
 
2019-09-11 15:38:27,990 [7] ERROR home1 - Page_Load -135 
 System.NullReferenceException: Object reference not set to an instance of an object.
   at home1.Page_Load(Object sender, EventArgs e) in d:\backup_Prachi\CDF-Dashboard(FinalCode)\CDF-Dashboard2017\home1.aspx.cs:line 64 
 
2019-09-11 17:32:14,370 [7] ERROR home1 - GetData -231 
 System.NullReferenceException: Object reference not set to an instance of an object.
   at home1.GetData() in d:\backup_Prachi\CDF-Dashboard(FinalCode)\CDF-Dashboard2017\home1.aspx.cs:line 217 
 
2019-09-11 17:32:14,545 [7] ERROR home1 - chart_bind -326 
 System.NullReferenceException: Object reference not set to an instance of an object.
   at home1.chart_bind() in d:\backup_Prachi\CDF-Dashboard(FinalCode)\CDF-Dashboard2017\home1.aspx.cs:line 300 
 
2019-09-11 17:32:14,588 [7] ERROR home1 - GetData2 -288 
 System.NullReferenceException: Object reference not set to an instance of an object.
   at home1.GetData2() in d:\backup_Prachi\CDF-Dashboard(FinalCode)\CDF-Dashboard2017\home1.aspx.cs:line 274 
 
2019-09-11 17:32:14,625 [7] ERROR home1 - chart_bind2 -403 
 System.NullReferenceException: Object reference not set to an instance of an object.
   at home1.chart_bind2() in d:\backup_Prachi\CDF-Dashboard(FinalCode)\CDF-Dashboard2017\home1.aspx.cs:line 377 
 
2019-09-11 17:32:14,696 [7] ERROR home1 - bindgrid -507 
 System.NullReferenceException: Object reference not set to an instance of an object.
   at home1.bindgrid() in d:\backup_Prachi\CDF-Dashboard(FinalCode)\CDF-Dashboard2017\home1.aspx.cs:line 469 
 
2019-09-11 17:32:14,926 [7] ERROR home1 - GetData_both -265 
 System.NullReferenceException: Object reference not set to an instance of an object.
   at home1.GetData_both() in d:\backup_Prachi\CDF-Dashboard(FinalCode)\CDF-Dashboard2017\home1.aspx.cs:line 241 
 
2019-09-11 17:32:14,966 [7] ERROR home1 - chart_bind_both -366 
 System.NullReferenceException: Object reference not set to an instance of an object.
   at home1.chart_bind_both() in d:\backup_Prachi\CDF-Dashboard(FinalCode)\CDF-Dashboard2017\home1.aspx.cs:line 338 
 
2019-09-11 17:32:15,009 [7] ERROR home1 - bindgrid_lead_converted -548 
 System.NullReferenceException: Object reference not set to an instance of an object.
   at home1.bindgrid_lead_converted() in d:\backup_Prachi\CDF-Dashboard(FinalCode)\CDF-Dashboard2017\home1.aspx.cs:line 522 
 
2019-09-11 17:32:15,026 [7] ERROR home1 - bindgrid_lead_created -587 
 System.NullReferenceException: Object reference not set to an instance of an object.
   at home1.bindgrid_lead_created() in d:\backup_Prachi\CDF-Dashboard(FinalCode)\CDF-Dashboard2017\home1.aspx.cs:line 561 
 
2019-09-11 17:32:15,189 [7] ERROR home1 - Page_Load -135 
 System.NullReferenceException: Object reference not set to an instance of an object.
   at home1.Page_Load(Object sender, EventArgs e) in d:\backup_Prachi\CDF-Dashboard(FinalCode)\CDF-Dashboard2017\home1.aspx.cs:line 64 
 
2019-09-11 17:32:48,675 [63] ERROR home1 - GetData -231 
 System.NullReferenceException: Object reference not set to an instance of an object.
   at home1.GetData() in d:\backup_Prachi\CDF-Dashboard(FinalCode)\CDF-Dashboard2017\home1.aspx.cs:line 217 
 
2019-09-11 17:32:48,696 [63] ERROR home1 - chart_bind -326 
 System.NullReferenceException: Object reference not set to an instance of an object.
   at home1.chart_bind() in d:\backup_Prachi\CDF-Dashboard(FinalCode)\CDF-Dashboard2017\home1.aspx.cs:line 300 
 
2019-09-11 17:32:48,715 [63] ERROR home1 - GetData2 -288 
 System.NullReferenceException: Object reference not set to an instance of an object.
   at home1.GetData2() in d:\backup_Prachi\CDF-Dashboard(FinalCode)\CDF-Dashboard2017\home1.aspx.cs:line 274 
 
2019-09-11 17:32:48,730 [63] ERROR home1 - chart_bind2 -403 
 System.NullReferenceException: Object reference not set to an instance of an object.
   at home1.chart_bind2() in d:\backup_Prachi\CDF-Dashboard(FinalCode)\CDF-Dashboard2017\home1.aspx.cs:line 377 
 
2019-09-11 17:32:48,746 [63] ERROR home1 - bindgrid -507 
 System.NullReferenceException: Object reference not set to an instance of an object.
   at home1.bindgrid() in d:\backup_Prachi\CDF-Dashboard(FinalCode)\CDF-Dashboard2017\home1.aspx.cs:line 469 
 
2019-09-11 17:32:49,041 [63] ERROR home1 - GetData_both -265 
 System.NullReferenceException: Object reference not set to an instance of an object.
   at home1.GetData_both() in d:\backup_Prachi\CDF-Dashboard(FinalCode)\CDF-Dashboard2017\home1.aspx.cs:line 241 
 
2019-09-11 17:32:49,111 [63] ERROR home1 - chart_bind_both -366 
 System.NullReferenceException: Object reference not set to an instance of an object.
   at home1.chart_bind_both() in d:\backup_Prachi\CDF-Dashboard(FinalCode)\CDF-Dashboard2017\home1.aspx.cs:line 338 
 
2019-09-11 17:32:49,132 [63] ERROR home1 - bindgrid_lead_converted -548 
 System.NullReferenceException: Object reference not set to an instance of an object.
   at home1.bindgrid_lead_converted() in d:\backup_Prachi\CDF-Dashboard(FinalCode)\CDF-Dashboard2017\home1.aspx.cs:line 522 
 
2019-09-11 17:32:49,155 [63] ERROR home1 - bindgrid_lead_created -587 
 System.NullReferenceException: Object reference not set to an instance of an object.
   at home1.bindgrid_lead_created() in d:\backup_Prachi\CDF-Dashboard(FinalCode)\CDF-Dashboard2017\home1.aspx.cs:line 561 
 
2019-09-11 17:32:49,467 [63] ERROR home1 - Page_Load -135 
 System.NullReferenceException: Object reference not set to an instance of an object.
   at home1.Page_Load(Object sender, EventArgs e) in d:\backup_Prachi\CDF-Dashboard(FinalCode)\CDF-Dashboard2017\home1.aspx.cs:line 64 
 
2019-09-11 17:32:51,477 [7] ERROR home1 - GetData -231 
 System.NullReferenceException: Object reference not set to an instance of an object.
   at home1.GetData() in d:\backup_Prachi\CDF-Dashboard(FinalCode)\CDF-Dashboard2017\home1.aspx.cs:line 217 
 
2019-09-11 17:32:51,493 [7] ERROR home1 - chart_bind -326 
 System.NullReferenceException: Object reference not set to an instance of an object.
   at home1.chart_bind() in d:\backup_Prachi\CDF-Dashboard(FinalCode)\CDF-Dashboard2017\home1.aspx.cs:line 300 
 
2019-09-11 17:32:51,507 [7] ERROR home1 - GetData2 -288 
 System.NullReferenceException: Object reference not set to an instance of an object.
   at home1.GetData2() in d:\backup_Prachi\CDF-Dashboard(FinalCode)\CDF-Dashboard2017\home1.aspx.cs:line 274 
 
2019-09-11 17:32:51,521 [7] ERROR home1 - chart_bind2 -403 
 System.NullReferenceException: Object reference not set to an instance of an object.
   at home1.chart_bind2() in d:\backup_Prachi\CDF-Dashboard(FinalCode)\CDF-Dashboard2017\home1.aspx.cs:line 377 
 
2019-09-11 17:32:51,560 [7] ERROR home1 - bindgrid -507 
 System.NullReferenceException: Object reference not set to an instance of an object.
   at home1.bindgrid() in d:\backup_Prachi\CDF-Dashboard(FinalCode)\CDF-Dashboard2017\home1.aspx.cs:line 469 
 
2019-09-11 17:32:51,770 [7] ERROR home1 - GetData_both -265 
 System.NullReferenceException: Object reference not set to an instance of an object.
   at home1.GetData_both() in d:\backup_Prachi\CDF-Dashboard(FinalCode)\CDF-Dashboard2017\home1.aspx.cs:line 241 
 
2019-09-11 17:32:51,793 [7] ERROR home1 - chart_bind_both -366 
 System.NullReferenceException: Object reference not set to an instance of an object.
   at home1.chart_bind_both() in d:\backup_Prachi\CDF-Dashboard(FinalCode)\CDF-Dashboard2017\home1.aspx.cs:line 338 
 
2019-09-11 17:32:51,809 [7] ERROR home1 - bindgrid_lead_converted -548 
 System.NullReferenceException: Object reference not set to an instance of an object.
   at home1.bindgrid_lead_converted() in d:\backup_Prachi\CDF-Dashboard(FinalCode)\CDF-Dashboard2017\home1.aspx.cs:line 522 
 
2019-09-11 17:32:51,824 [7] ERROR home1 - bindgrid_lead_created -587 
 System.NullReferenceException: Object reference not set to an instance of an object.
   at home1.bindgrid_lead_created() in d:\backup_Prachi\CDF-Dashboard(FinalCode)\CDF-Dashboard2017\home1.aspx.cs:line 561 
 
2019-09-11 17:32:51,932 [7] ERROR home1 - Page_Load -135 
 System.NullReferenceException: Object reference not set to an instance of an object.
   at home1.Page_Load(Object sender, EventArgs e) in d:\backup_Prachi\CDF-Dashboard(FinalCode)\CDF-Dashboard2017\home1.aspx.cs:line 64 
 
2019-09-11 17:33:01,046 [64] ERROR home1 - GetData -231 
 System.NullReferenceException: Object reference not set to an instance of an object.
   at home1.GetData() in d:\backup_Prachi\CDF-Dashboard(FinalCode)\CDF-Dashboard2017\home1.aspx.cs:line 217 
 
2019-09-11 17:33:01,062 [64] ERROR home1 - chart_bind -326 
 System.NullReferenceException: Object reference not set to an instance of an object.
   at home1.chart_bind() in d:\backup_Prachi\CDF-Dashboard(FinalCode)\CDF-Dashboard2017\home1.aspx.cs:line 300 
 
2019-09-11 17:33:01,079 [64] ERROR home1 - GetData2 -288 
 System.NullReferenceException: Object reference not set to an instance of an object.
   at home1.GetData2() in d:\backup_Prachi\CDF-Dashboard(FinalCode)\CDF-Dashboard2017\home1.aspx.cs:line 274 
 
2019-09-11 17:33:01,101 [64] ERROR home1 - chart_bind2 -403 
 System.NullReferenceException: Object reference not set to an instance of an object.
   at home1.chart_bind2() in d:\backup_Prachi\CDF-Dashboard(FinalCode)\CDF-Dashboard2017\home1.aspx.cs:line 377 
 
2019-09-11 17:33:01,116 [64] ERROR home1 - bindgrid -507 
 System.NullReferenceException: Object reference not set to an instance of an object.
   at home1.bindgrid() in d:\backup_Prachi\CDF-Dashboard(FinalCode)\CDF-Dashboard2017\home1.aspx.cs:line 469 
 
2019-09-11 17:33:01,296 [64] ERROR home1 - GetData_both -265 
 System.NullReferenceException: Object reference not set to an instance of an object.
   at home1.GetData_both() in d:\backup_Prachi\CDF-Dashboard(FinalCode)\CDF-Dashboard2017\home1.aspx.cs:line 241 
 
2019-09-11 17:33:01,320 [64] ERROR home1 - chart_bind_both -366 
 System.NullReferenceException: Object reference not set to an instance of an object.
   at home1.chart_bind_both() in d:\backup_Prachi\CDF-Dashboard(FinalCode)\CDF-Dashboard2017\home1.aspx.cs:line 338 
 
2019-09-11 17:33:01,337 [64] ERROR home1 - bindgrid_lead_converted -548 
 System.NullReferenceException: Object reference not set to an instance of an object.
   at home1.bindgrid_lead_converted() in d:\backup_Prachi\CDF-Dashboard(FinalCode)\CDF-Dashboard2017\home1.aspx.cs:line 522 
 
2019-09-11 17:33:01,360 [64] ERROR home1 - bindgrid_lead_created -587 
 System.NullReferenceException: Object reference not set to an instance of an object.
   at home1.bindgrid_lead_created() in d:\backup_Prachi\CDF-Dashboard(FinalCode)\CDF-Dashboard2017\home1.aspx.cs:line 561 
 
2019-09-11 17:33:01,487 [64] ERROR home1 - Page_Load -135 
 System.NullReferenceException: Object reference not set to an instance of an object.
   at home1.Page_Load(Object sender, EventArgs e) in d:\backup_Prachi\CDF-Dashboard(FinalCode)\CDF-Dashboard2017\home1.aspx.cs:line 64 
 
2019-09-11 18:07:47,895 [6] ERROR home1 - GetData -231 
 System.NullReferenceException: Object reference not set to an instance of an object.
   at home1.GetData() in d:\backup_Prachi\CDF-Dashboard(FinalCode)\CDF-Dashboard2017\home1.aspx.cs:line 217 
 
2019-09-11 18:07:48,006 [6] ERROR home1 - chart_bind -326 
 System.NullReferenceException: Object reference not set to an instance of an object.
   at home1.chart_bind() in d:\backup_Prachi\CDF-Dashboard(FinalCode)\CDF-Dashboard2017\home1.aspx.cs:line 300 
 
2019-09-11 18:07:48,033 [6] ERROR home1 - GetData2 -288 
 System.NullReferenceException: Object reference not set to an instance of an object.
   at home1.GetData2() in d:\backup_Prachi\CDF-Dashboard(FinalCode)\CDF-Dashboard2017\home1.aspx.cs:line 274 
 
2019-09-11 18:07:48,048 [6] ERROR home1 - chart_bind2 -403 
 System.NullReferenceException: Object reference not set to an instance of an object.
   at home1.chart_bind2() in d:\backup_Prachi\CDF-Dashboard(FinalCode)\CDF-Dashboard2017\home1.aspx.cs:line 377 
 
2019-09-11 18:07:48,098 [6] ERROR home1 - bindgrid -507 
 System.NullReferenceException: Object reference not set to an instance of an object.
   at home1.bindgrid() in d:\backup_Prachi\CDF-Dashboard(FinalCode)\CDF-Dashboard2017\home1.aspx.cs:line 469 
 
2019-09-11 18:07:48,340 [6] ERROR home1 - GetData_both -265 
 System.NullReferenceException: Object reference not set to an instance of an object.
   at home1.GetData_both() in d:\backup_Prachi\CDF-Dashboard(FinalCode)\CDF-Dashboard2017\home1.aspx.cs:line 241 
 
2019-09-11 18:07:48,390 [6] ERROR home1 - chart_bind_both -366 
 System.NullReferenceException: Object reference not set to an instance of an object.
   at home1.chart_bind_both() in d:\backup_Prachi\CDF-Dashboard(FinalCode)\CDF-Dashboard2017\home1.aspx.cs:line 338 
 
2019-09-11 18:07:48,441 [6] ERROR home1 - bindgrid_lead_converted -548 
 System.NullReferenceException: Object reference not set to an instance of an object.
   at home1.bindgrid_lead_converted() in d:\backup_Prachi\CDF-Dashboard(FinalCode)\CDF-Dashboard2017\home1.aspx.cs:line 522 
 
2019-09-11 18:07:48,489 [6] ERROR home1 - bindgrid_lead_created -587 
 System.NullReferenceException: Object reference not set to an instance of an object.
   at home1.bindgrid_lead_created() in d:\backup_Prachi\CDF-Dashboard(FinalCode)\CDF-Dashboard2017\home1.aspx.cs:line 561 
 
2019-09-11 18:07:48,607 [6] ERROR home1 - Page_Load -135 
 System.NullReferenceException: Object reference not set to an instance of an object.
   at home1.Page_Load(Object sender, EventArgs e) in d:\backup_Prachi\CDF-Dashboard(FinalCode)\CDF-Dashboard2017\home1.aspx.cs:line 64 
 
2019-09-11 18:07:54,656 [6] ERROR home1 - GetData -231 
 System.NullReferenceException: Object reference not set to an instance of an object.
   at home1.GetData() in d:\backup_Prachi\CDF-Dashboard(FinalCode)\CDF-Dashboard2017\home1.aspx.cs:line 217 
 
2019-09-11 18:07:54,703 [6] ERROR home1 - chart_bind -326 
 System.NullReferenceException: Object reference not set to an instance of an object.
   at home1.chart_bind() in d:\backup_Prachi\CDF-Dashboard(FinalCode)\CDF-Dashboard2017\home1.aspx.cs:line 300 
 
2019-09-11 18:07:54,724 [6] ERROR home1 - GetData2 -288 
 System.NullReferenceException: Object reference not set to an instance of an object.
   at home1.GetData2() in d:\backup_Prachi\CDF-Dashboard(FinalCode)\CDF-Dashboard2017\home1.aspx.cs:line 274 
 
2019-09-11 18:07:54,738 [6] ERROR home1 - chart_bind2 -403 
 System.NullReferenceException: Object reference not set to an instance of an object.
   at home1.chart_bind2() in d:\backup_Prachi\CDF-Dashboard(FinalCode)\CDF-Dashboard2017\home1.aspx.cs:line 377 
 
2019-09-11 18:07:54,761 [6] ERROR home1 - bindgrid -507 
 System.NullReferenceException: Object reference not set to an instance of an object.
   at home1.bindgrid() in d:\backup_Prachi\CDF-Dashboard(FinalCode)\CDF-Dashboard2017\home1.aspx.cs:line 469 
 
2019-09-11 18:07:55,590 [6] ERROR home1 - GetData_both -265 
 System.NullReferenceException: Object reference not set to an instance of an object.
   at home1.GetData_both() in d:\backup_Prachi\CDF-Dashboard(FinalCode)\CDF-Dashboard2017\home1.aspx.cs:line 241 
 
2019-09-11 18:07:55,606 [6] ERROR home1 - chart_bind_both -366 
 System.NullReferenceException: Object reference not set to an instance of an object.
   at home1.chart_bind_both() in d:\backup_Prachi\CDF-Dashboard(FinalCode)\CDF-Dashboard2017\home1.aspx.cs:line 338 
 
2019-09-11 18:07:55,621 [6] ERROR home1 - bindgrid_lead_converted -548 
 System.NullReferenceException: Object reference not set to an instance of an object.
   at home1.bindgrid_lead_converted() in d:\backup_Prachi\CDF-Dashboard(FinalCode)\CDF-Dashboard2017\home1.aspx.cs:line 522 
 
2019-09-11 18:07:55,643 [6] ERROR home1 - bindgrid_lead_created -587 
 System.NullReferenceException: Object reference not set to an instance of an object.
   at home1.bindgrid_lead_created() in d:\backup_Prachi\CDF-Dashboard(FinalCode)\CDF-Dashboard2017\home1.aspx.cs:line 561 
 
2019-09-11 18:07:55,784 [6] ERROR home1 - Page_Load -135 
 System.NullReferenceException: Object reference not set to an instance of an object.
   at home1.Page_Load(Object sender, EventArgs e) in d:\backup_Prachi\CDF-Dashboard(FinalCode)\CDF-Dashboard2017\home1.aspx.cs:line 64 
 
