2018-12-22 10:40:00,441 [17] ERROR Admin_ExportData_final_cdf - BindGridView_filter -558 
 System.Data.SqlClient.SqlException (0x80131904): Incorrect syntax near the keyword 'FROM'.
Incorrect syntax near the keyword 'AS'.
Incorrect syntax near the keyword 'AS'.
   at db_context.ExecDataSet(String s_query) in c:\Users\Admin\Documents\GitHub\CDF-Dashboard2017\App_Code\db_context.cs:line 237
   at Admin_ExportData_final_cdf.BindGridView_filter() in c:\Users\Admin\Documents\GitHub\CDF-Dashboard2017\Admin\ExportData\final-cdf.aspx.cs:line 549
ClientConnectionId:200c7819-0778-4283-a053-667193cf1a04
Error Number:156,State:1,Class:15 
 
2018-12-22 10:40:31,061 [17] ERROR Admin_ExportData_final_cdf - ExportToExcel_function -644 
 System.NullReferenceException: Object reference not set to an instance of an object.
   at Admin_ExportData_final_cdf.ExportToExcel_function() in c:\Users\Admin\Documents\GitHub\CDF-Dashboard2017\Admin\ExportData\final-cdf.aspx.cs:line 569 
 
2018-12-22 10:43:25,075 [17] ERROR Admin_ExportData_final_cdf - BindGridView_filter -558 
 System.NullReferenceException: Object reference not set to an instance of an object.
   at Admin_ExportData_final_cdf.BindGridView_filter() in c:\Users\Admin\Documents\GitHub\CDF-Dashboard2017\Admin\ExportData\final-cdf.aspx.cs:line 554 
 
2018-12-22 10:43:25,246 [17] ERROR Admin_ExportData_final_cdf - ExportToExcel_function -644 
 System.Data.SqlClient.SqlException (0x80131904): Incorrect syntax near the keyword 'FROM'.
Incorrect syntax near the keyword 'AS'.
Incorrect syntax near the keyword 'AS'.
   at db_context.ExecDataSet(String s_query) in c:\Users\Admin\Documents\GitHub\CDF-Dashboard2017\App_Code\db_context.cs:line 237
   at Admin_ExportData_final_cdf.ExportToExcel_function() in c:\Users\Admin\Documents\GitHub\CDF-Dashboard2017\Admin\ExportData\final-cdf.aspx.cs:line 570
ClientConnectionId:200c7819-0778-4283-a053-667193cf1a04
Error Number:156,State:1,Class:15 
 
2018-12-22 12:11:40,925 [12] ERROR Admin_ExportData_prospected_cdf - BindGridView_filter -554 
 System.Data.SqlClient.SqlException (0x80131904): Column 'A.contactNo' is invalid in the select list because it is not contained in either an aggregate function or the GROUP BY clause.
   at db_context.ExecDataSet(String s_query) in c:\Users\Admin\Documents\GitHub\CDF-Dashboard2017\App_Code\db_context.cs:line 237
   at Admin_ExportData_prospected_cdf.BindGridView_filter() in c:\Users\Admin\Documents\GitHub\CDF-Dashboard2017\Admin\ExportData\prospected-cdf.aspx.cs:line 545
ClientConnectionId:4fd7e097-504a-4b38-84cc-7e685cf10cf9
Error Number:8120,State:1,Class:16 
 
2018-12-22 12:11:40,954 [12] ERROR Admin_ExportData_prospected_cdf - ExportToExcel_function -429 
 System.NullReferenceException: Object reference not set to an instance of an object.
   at Admin_ExportData_prospected_cdf.ExportToExcel_function() in c:\Users\Admin\Documents\GitHub\CDF-Dashboard2017\Admin\ExportData\prospected-cdf.aspx.cs:line 383 
 
2018-12-22 12:13:02,524 [36] ERROR Admin_ExportData_prospected_cdf - BindGridView_filter -554 
 System.Data.SqlClient.SqlException (0x80131904): Column 'A.email' is invalid in the select list because it is not contained in either an aggregate function or the GROUP BY clause.
   at db_context.ExecDataSet(String s_query) in c:\Users\Admin\Documents\GitHub\CDF-Dashboard2017\App_Code\db_context.cs:line 237
   at Admin_ExportData_prospected_cdf.BindGridView_filter() in c:\Users\Admin\Documents\GitHub\CDF-Dashboard2017\Admin\ExportData\prospected-cdf.aspx.cs:line 545
ClientConnectionId:4fd7e097-504a-4b38-84cc-7e685cf10cf9
Error Number:8120,State:1,Class:16 
 
2018-12-22 12:13:02,539 [36] ERROR Admin_ExportData_prospected_cdf - ExportToExcel_function -429 
 System.NullReferenceException: Object reference not set to an instance of an object.
   at Admin_ExportData_prospected_cdf.ExportToExcel_function() in c:\Users\Admin\Documents\GitHub\CDF-Dashboard2017\Admin\ExportData\prospected-cdf.aspx.cs:line 383 
 
2018-12-22 12:25:52,476 [11] ERROR Admin_ExportData_prospected_cdf - BindGridView_filter -557 
 System.NullReferenceException: Object reference not set to an instance of an object.
   at Admin_ExportData_prospected_cdf.BindGridView_filter() in c:\Users\Admin\Documents\GitHub\CDF-Dashboard2017\Admin\ExportData\prospected-cdf.aspx.cs:line 553 
 
2018-12-22 12:25:52,776 [11] ERROR Admin_ExportData_prospected_cdf - ExportToExcel_function -429 
 System.Data.SqlClient.SqlException (0x80131904): The multi-part identifier "e.exeName" could not be bound.
The multi-part identifier "e.exeName" could not be bound.
   at db_context.ExecDataSet(String s_query) in c:\Users\Admin\Documents\GitHub\CDF-Dashboard2017\App_Code\db_context.cs:line 237
   at Admin_ExportData_prospected_cdf.ExportToExcel_function() in c:\Users\Admin\Documents\GitHub\CDF-Dashboard2017\Admin\ExportData\prospected-cdf.aspx.cs:line 384
ClientConnectionId:af9420f1-f458-42af-b190-361e339bc9ae
Error Number:4104,State:1,Class:16 
 
2018-12-22 12:26:59,893 [13] ERROR Admin_ExportData_prospected_cdf - BindGridView_filter -557 
 System.Data.SqlClient.SqlException (0x80131904): The multi-part identifier "vr.exeName" could not be bound.
The multi-part identifier "vr.exeName" could not be bound.
   at db_context.ExecDataSet(String s_query) in c:\Users\Admin\Documents\GitHub\CDF-Dashboard2017\App_Code\db_context.cs:line 237
   at Admin_ExportData_prospected_cdf.BindGridView_filter() in c:\Users\Admin\Documents\GitHub\CDF-Dashboard2017\Admin\ExportData\prospected-cdf.aspx.cs:line 548
ClientConnectionId:af9420f1-f458-42af-b190-361e339bc9ae
Error Number:4104,State:1,Class:16 
 
2018-12-22 12:27:00,341 [13] ERROR Admin_ExportData_prospected_cdf - ExportToExcel_function -429 
 System.Data.SqlClient.SqlException (0x80131904): The multi-part identifier "e.exeName" could not be bound.
The multi-part identifier "e.exeName" could not be bound.
   at db_context.ExecDataSet(String s_query) in c:\Users\Admin\Documents\GitHub\CDF-Dashboard2017\App_Code\db_context.cs:line 237
   at Admin_ExportData_prospected_cdf.ExportToExcel_function() in c:\Users\Admin\Documents\GitHub\CDF-Dashboard2017\Admin\ExportData\prospected-cdf.aspx.cs:line 384
ClientConnectionId:af9420f1-f458-42af-b190-361e339bc9ae
Error Number:4104,State:1,Class:16 
 
2018-12-22 12:27:10,794 [13] ERROR Admin_ExportData_prospected_cdf - BindGridView_filter -557 
 System.Data.SqlClient.SqlException (0x80131904): The multi-part identifier "vr.exeName" could not be bound.
The multi-part identifier "vr.exeName" could not be bound.
   at db_context.ExecDataSet(String s_query) in c:\Users\Admin\Documents\GitHub\CDF-Dashboard2017\App_Code\db_context.cs:line 237
   at Admin_ExportData_prospected_cdf.BindGridView_filter() in c:\Users\Admin\Documents\GitHub\CDF-Dashboard2017\Admin\ExportData\prospected-cdf.aspx.cs:line 548
ClientConnectionId:af9420f1-f458-42af-b190-361e339bc9ae
Error Number:4104,State:1,Class:16 
 
2018-12-22 12:27:10,977 [13] ERROR Admin_ExportData_prospected_cdf - ExportToExcel_function -429 
 System.Data.SqlClient.SqlException (0x80131904): The multi-part identifier "e.exeName" could not be bound.
The multi-part identifier "e.exeName" could not be bound.
   at db_context.ExecDataSet(String s_query) in c:\Users\Admin\Documents\GitHub\CDF-Dashboard2017\App_Code\db_context.cs:line 237
   at Admin_ExportData_prospected_cdf.ExportToExcel_function() in c:\Users\Admin\Documents\GitHub\CDF-Dashboard2017\Admin\ExportData\prospected-cdf.aspx.cs:line 384
ClientConnectionId:af9420f1-f458-42af-b190-361e339bc9ae
Error Number:4104,State:1,Class:16 
 
2018-12-22 13:01:57,554 [24] ERROR Admin_executive_report - bindgrid_default -121 
 System.Data.SqlClient.SqlException (0x80131904): Incorrect syntax near 'tblVerifyRegistration'.
   at System.Data.SqlClient.SqlConnection.OnError(SqlException exception, Boolean breakConnection, Action`1 wrapCloseInAction)
   at System.Data.SqlClient.SqlInternalConnection.OnError(SqlException exception, Boolean breakConnection, Action`1 wrapCloseInAction)
   at System.Data.SqlClient.TdsParser.ThrowExceptionAndWarning(TdsParserStateObject stateObj, Boolean callerHasConnectionLock, Boolean asyncClose)
   at System.Data.SqlClient.TdsParser.TryRun(RunBehavior runBehavior, SqlCommand cmdHandler, SqlDataReader dataStream, BulkCopySimpleResultSet bulkCopyHandler, TdsParserStateObject stateObj, Boolean& dataReady)
   at System.Data.SqlClient.SqlDataReader.TryConsumeMetaData()
   at System.Data.SqlClient.SqlDataReader.get_MetaData()
   at System.Data.SqlClient.SqlCommand.FinishExecuteReader(SqlDataReader ds, RunBehavior runBehavior, String resetOptionsString, Boolean isInternal, Boolean forDescribeParameterEncryption)
   at System.Data.SqlClient.SqlCommand.RunExecuteReaderTds(CommandBehavior cmdBehavior, RunBehavior runBehavior, Boolean returnStream, Boolean async, Int32 timeout, Task& task, Boolean asyncWrite, Boolean inRetry, SqlDataReader ds, Boolean describeParameterEncryptionRequest)
   at System.Data.SqlClient.SqlCommand.RunExecuteReader(CommandBehavior cmdBehavior, RunBehavior runBehavior, Boolean returnStream, String method, TaskCompletionSource`1 completion, Int32 timeout, Task& task, Boolean& usedCache, Boolean asyncWrite, Boolean inRetry)
   at System.Data.SqlClient.SqlCommand.RunExecuteReader(CommandBehavior cmdBehavior, RunBehavior runBehavior, Boolean returnStream, String method)
   at System.Data.SqlClient.SqlCommand.ExecuteReader(CommandBehavior behavior, String method)
   at System.Data.SqlClient.SqlCommand.ExecuteDbDataReader(CommandBehavior behavior)
   at System.Data.Common.DbCommand.System.Data.IDbCommand.ExecuteReader(CommandBehavior behavior)
   at System.Data.Common.DbDataAdapter.FillInternal(DataSet dataset, DataTable[] datatables, Int32 startRecord, Int32 maxRecords, String srcTable, IDbCommand command, CommandBehavior behavior)
   at System.Data.Common.DbDataAdapter.Fill(DataSet dataSet, Int32 startRecord, Int32 maxRecords, String srcTable, IDbCommand command, CommandBehavior behavior)
   at System.Data.Common.DbDataAdapter.Fill(DataSet dataSet)
   at Admin_executive_report.bindgrid_default() in c:\Users\Admin\Documents\GitHub\CDF-Dashboard2017\Admin\executive-report.aspx.cs:line 99
ClientConnectionId:71dcc77e-8c62-4067-8532-baf514cfedf1
Error Number:102,State:1,Class:15 
 
2018-12-22 13:02:55,101 [24] ERROR Admin_executive_report - bindgrid_default -121 
 System.Data.SqlClient.SqlException (0x80131904): Incorrect syntax near 'tblVerifyRegistration'.
   at System.Data.SqlClient.SqlConnection.OnError(SqlException exception, Boolean breakConnection, Action`1 wrapCloseInAction)
   at System.Data.SqlClient.SqlInternalConnection.OnError(SqlException exception, Boolean breakConnection, Action`1 wrapCloseInAction)
   at System.Data.SqlClient.TdsParser.ThrowExceptionAndWarning(TdsParserStateObject stateObj, Boolean callerHasConnectionLock, Boolean asyncClose)
   at System.Data.SqlClient.TdsParser.TryRun(RunBehavior runBehavior, SqlCommand cmdHandler, SqlDataReader dataStream, BulkCopySimpleResultSet bulkCopyHandler, TdsParserStateObject stateObj, Boolean& dataReady)
   at System.Data.SqlClient.SqlDataReader.TryConsumeMetaData()
   at System.Data.SqlClient.SqlDataReader.get_MetaData()
   at System.Data.SqlClient.SqlCommand.FinishExecuteReader(SqlDataReader ds, RunBehavior runBehavior, String resetOptionsString, Boolean isInternal, Boolean forDescribeParameterEncryption)
   at System.Data.SqlClient.SqlCommand.RunExecuteReaderTds(CommandBehavior cmdBehavior, RunBehavior runBehavior, Boolean returnStream, Boolean async, Int32 timeout, Task& task, Boolean asyncWrite, Boolean inRetry, SqlDataReader ds, Boolean describeParameterEncryptionRequest)
   at System.Data.SqlClient.SqlCommand.RunExecuteReader(CommandBehavior cmdBehavior, RunBehavior runBehavior, Boolean returnStream, String method, TaskCompletionSource`1 completion, Int32 timeout, Task& task, Boolean& usedCache, Boolean asyncWrite, Boolean inRetry)
   at System.Data.SqlClient.SqlCommand.RunExecuteReader(CommandBehavior cmdBehavior, RunBehavior runBehavior, Boolean returnStream, String method)
   at System.Data.SqlClient.SqlCommand.ExecuteReader(CommandBehavior behavior, String method)
   at System.Data.SqlClient.SqlCommand.ExecuteDbDataReader(CommandBehavior behavior)
   at System.Data.Common.DbCommand.System.Data.IDbCommand.ExecuteReader(CommandBehavior behavior)
   at System.Data.Common.DbDataAdapter.FillInternal(DataSet dataset, DataTable[] datatables, Int32 startRecord, Int32 maxRecords, String srcTable, IDbCommand command, CommandBehavior behavior)
   at System.Data.Common.DbDataAdapter.Fill(DataSet dataSet, Int32 startRecord, Int32 maxRecords, String srcTable, IDbCommand command, CommandBehavior behavior)
   at System.Data.Common.DbDataAdapter.Fill(DataSet dataSet)
   at Admin_executive_report.bindgrid_default() in c:\Users\Admin\Documents\GitHub\CDF-Dashboard2017\Admin\executive-report.aspx.cs:line 99
ClientConnectionId:71dcc77e-8c62-4067-8532-baf514cfedf1
Error Number:102,State:1,Class:15 
 
