2019-01-19 10:23:02,429 [7] ERROR home - GetData -128 
 System.NullReferenceException: Object reference not set to an instance of an object.
   at home.GetData() in c:\Users\Admin\Documents\GitHub\CDF-Dashboard2017\home.aspx.cs:line 114 
 
2019-01-19 10:23:02,491 [7] ERROR home - chart_bind -189 
 System.NullReferenceException: Object reference not set to an instance of an object.
   at home.chart_bind() in c:\Users\Admin\Documents\GitHub\CDF-Dashboard2017\home.aspx.cs:line 163 
 
2019-01-19 10:23:02,511 [7] ERROR home - GetData2 -151 
 System.NullReferenceException: Object reference not set to an instance of an object.
   at home.GetData2() in c:\Users\Admin\Documents\GitHub\CDF-Dashboard2017\home.aspx.cs:line 137 
 
2019-01-19 10:23:02,528 [7] ERROR home - chart_bind2 -226 
 System.NullReferenceException: Object reference not set to an instance of an object.
   at home.chart_bind2() in c:\Users\Admin\Documents\GitHub\CDF-Dashboard2017\home.aspx.cs:line 200 
 
2019-01-19 10:23:02,551 [7] ERROR home - bindgrid -328 
 System.NullReferenceException: Object reference not set to an instance of an object.
   at home.bindgrid() in c:\Users\Admin\Documents\GitHub\CDF-Dashboard2017\home.aspx.cs:line 292 
 
2019-01-19 10:23:04,058 [7] ERROR home - Page_Load -106 
 System.NullReferenceException: Object reference not set to an instance of an object.
   at home.Page_Load(Object sender, EventArgs e) in c:\Users\Admin\Documents\GitHub\CDF-Dashboard2017\home.aspx.cs:line 35 
 
2019-01-19 10:24:14,444 [5] ERROR home - GetData -128 
 System.NullReferenceException: Object reference not set to an instance of an object.
   at home.GetData() in c:\Users\Admin\Documents\GitHub\CDF-Dashboard2017\home.aspx.cs:line 114 
 
2019-01-19 10:24:14,465 [5] ERROR home - chart_bind -189 
 System.NullReferenceException: Object reference not set to an instance of an object.
   at home.chart_bind() in c:\Users\Admin\Documents\GitHub\CDF-Dashboard2017\home.aspx.cs:line 163 
 
2019-01-19 10:24:14,480 [5] ERROR home - GetData2 -151 
 System.NullReferenceException: Object reference not set to an instance of an object.
   at home.GetData2() in c:\Users\Admin\Documents\GitHub\CDF-Dashboard2017\home.aspx.cs:line 137 
 
2019-01-19 10:24:14,498 [5] ERROR home - chart_bind2 -226 
 System.NullReferenceException: Object reference not set to an instance of an object.
   at home.chart_bind2() in c:\Users\Admin\Documents\GitHub\CDF-Dashboard2017\home.aspx.cs:line 200 
 
2019-01-19 10:24:14,520 [5] ERROR home - bindgrid -328 
 System.NullReferenceException: Object reference not set to an instance of an object.
   at home.bindgrid() in c:\Users\Admin\Documents\GitHub\CDF-Dashboard2017\home.aspx.cs:line 292 
 
2019-01-19 10:24:14,722 [5] ERROR home - Page_Load -106 
 System.NullReferenceException: Object reference not set to an instance of an object.
   at home.Page_Load(Object sender, EventArgs e) in c:\Users\Admin\Documents\GitHub\CDF-Dashboard2017\home.aspx.cs:line 35 
 
2019-01-19 10:38:07,616 [11] ERROR data_context - sendemail -52 
 System.Net.Mail.SmtpException: The SMTP server requires a secure connection or the client was not authenticated. The server response was: 5.5.1 Authentication Required. Learn more at
   at System.Net.Mail.MailCommand.CheckResponse(SmtpStatusCode statusCode, String response)
   at System.Net.Mail.MailCommand.Send(SmtpConnection conn, Byte[] command, MailAddress from, Boolean allowUnicode)
   at System.Net.Mail.SmtpTransport.SendMail(MailAddress sender, MailAddressCollection recipients, String deliveryNotify, Boolean allowUnicode, SmtpFailedRecipientException& exception)
   at System.Net.Mail.SmtpClient.Send(MailMessage message)
   at data_context.sendemail(String to, String cc, String bcc, String subject, String body) in c:\Users\Admin\Documents\GitHub\CDF-Dashboard2017\App_Code\data_context.cs:line 46 
 
2019-01-19 10:38:07,711 [8] ERROR data_context - sendemail -52 
 System.Net.Mail.SmtpException: The SMTP server requires a secure connection or the client was not authenticated. The server response was: 5.5.1 Authentication Required. Learn more at
   at System.Net.Mail.MailCommand.CheckResponse(SmtpStatusCode statusCode, String response)
   at System.Net.Mail.MailCommand.Send(SmtpConnection conn, Byte[] command, MailAddress from, Boolean allowUnicode)
   at System.Net.Mail.SmtpTransport.SendMail(MailAddress sender, MailAddressCollection recipients, String deliveryNotify, Boolean allowUnicode, SmtpFailedRecipientException& exception)
   at System.Net.Mail.SmtpClient.Send(MailMessage message)
   at data_context.sendemail(String to, String cc, String bcc, String subject, String body) in c:\Users\Admin\Documents\GitHub\CDF-Dashboard2017\App_Code\data_context.cs:line 46 
 
2019-01-19 10:40:22,346 [14] ERROR candidatedetails - Page_Load -65 
 System.NullReferenceException: Object reference not set to an instance of an object.
   at candidatedetails.Page_Load(Object sender, EventArgs e) in c:\Users\Admin\Documents\GitHub\CDF-Dashboard2017\Admin\candidate-details.aspx.cs:line 47 
 
