2019-09-06 11:10:02,990 [11] ERROR home1 - GetData -231 
 System.NullReferenceException: Object reference not set to an instance of an object.
   at home1.GetData() in d:\backup_Prachi\CDF-Dashboard(FinalCode)\CDF-Dashboard2017\home1.aspx.cs:line 217 
 
2019-09-06 11:10:03,078 [11] ERROR home1 - chart_bind -326 
 System.NullReferenceException: Object reference not set to an instance of an object.
   at home1.chart_bind() in d:\backup_Prachi\CDF-Dashboard(FinalCode)\CDF-Dashboard2017\home1.aspx.cs:line 300 
 
2019-09-06 11:10:03,096 [11] ERROR home1 - GetData2 -288 
 System.NullReferenceException: Object reference not set to an instance of an object.
   at home1.GetData2() in d:\backup_Prachi\CDF-Dashboard(FinalCode)\CDF-Dashboard2017\home1.aspx.cs:line 274 
 
2019-09-06 11:10:03,112 [11] ERROR home1 - chart_bind2 -403 
 System.NullReferenceException: Object reference not set to an instance of an object.
   at home1.chart_bind2() in d:\backup_Prachi\CDF-Dashboard(FinalCode)\CDF-Dashboard2017\home1.aspx.cs:line 377 
 
2019-09-06 11:10:03,129 [11] ERROR home1 - bindgrid -507 
 System.NullReferenceException: Object reference not set to an instance of an object.
   at home1.bindgrid() in d:\backup_Prachi\CDF-Dashboard(FinalCode)\CDF-Dashboard2017\home1.aspx.cs:line 469 
 
2019-09-06 11:10:03,336 [11] ERROR home1 - GetData_both -265 
 System.NullReferenceException: Object reference not set to an instance of an object.
   at home1.GetData_both() in d:\backup_Prachi\CDF-Dashboard(FinalCode)\CDF-Dashboard2017\home1.aspx.cs:line 241 
 
2019-09-06 11:10:03,388 [11] ERROR home1 - chart_bind_both -366 
 System.NullReferenceException: Object reference not set to an instance of an object.
   at home1.chart_bind_both() in d:\backup_Prachi\CDF-Dashboard(FinalCode)\CDF-Dashboard2017\home1.aspx.cs:line 338 
 
2019-09-06 11:10:03,405 [11] ERROR home1 - bindgrid_lead_converted -548 
 System.NullReferenceException: Object reference not set to an instance of an object.
   at home1.bindgrid_lead_converted() in d:\backup_Prachi\CDF-Dashboard(FinalCode)\CDF-Dashboard2017\home1.aspx.cs:line 522 
 
2019-09-06 11:10:03,421 [11] ERROR home1 - bindgrid_lead_created -587 
 System.NullReferenceException: Object reference not set to an instance of an object.
   at home1.bindgrid_lead_created() in d:\backup_Prachi\CDF-Dashboard(FinalCode)\CDF-Dashboard2017\home1.aspx.cs:line 561 
 
2019-09-06 11:10:03,562 [11] ERROR home1 - Page_Load -135 
 System.NullReferenceException: Object reference not set to an instance of an object.
   at home1.Page_Load(Object sender, EventArgs e) in d:\backup_Prachi\CDF-Dashboard(FinalCode)\CDF-Dashboard2017\home1.aspx.cs:line 64 
 
