2019-08-21 17:17:36,236 [11] ERROR home1 - GetData -231 
 System.NullReferenceException: Object reference not set to an instance of an object.
   at home1.GetData() in d:\backup_Prachi\CDF-Dashboard(FinalCode)\CDF-Dashboard2017\home1.aspx.cs:line 217 
 
2019-08-21 17:17:36,272 [11] ERROR home1 - chart_bind -326 
 System.NullReferenceException: Object reference not set to an instance of an object.
   at home1.chart_bind() in d:\backup_Prachi\CDF-Dashboard(FinalCode)\CDF-Dashboard2017\home1.aspx.cs:line 300 
 
2019-08-21 17:17:36,290 [11] ERROR home1 - GetData2 -288 
 System.NullReferenceException: Object reference not set to an instance of an object.
   at home1.GetData2() in d:\backup_Prachi\CDF-Dashboard(FinalCode)\CDF-Dashboard2017\home1.aspx.cs:line 274 
 
2019-08-21 17:17:36,305 [11] ERROR home1 - chart_bind2 -403 
 System.NullReferenceException: Object reference not set to an instance of an object.
   at home1.chart_bind2() in d:\backup_Prachi\CDF-Dashboard(FinalCode)\CDF-Dashboard2017\home1.aspx.cs:line 377 
 
2019-08-21 17:17:36,329 [11] ERROR home1 - bindgrid -507 
 System.NullReferenceException: Object reference not set to an instance of an object.
   at home1.bindgrid() in d:\backup_Prachi\CDF-Dashboard(FinalCode)\CDF-Dashboard2017\home1.aspx.cs:line 469 
 
2019-08-21 17:17:36,610 [11] ERROR home1 - GetData_both -265 
 System.NullReferenceException: Object reference not set to an instance of an object.
   at home1.GetData_both() in d:\backup_Prachi\CDF-Dashboard(FinalCode)\CDF-Dashboard2017\home1.aspx.cs:line 241 
 
2019-08-21 17:17:36,637 [11] ERROR home1 - chart_bind_both -366 
 System.NullReferenceException: Object reference not set to an instance of an object.
   at home1.chart_bind_both() in d:\backup_Prachi\CDF-Dashboard(FinalCode)\CDF-Dashboard2017\home1.aspx.cs:line 338 
 
2019-08-21 17:17:36,655 [11] ERROR home1 - bindgrid_lead_converted -548 
 System.NullReferenceException: Object reference not set to an instance of an object.
   at home1.bindgrid_lead_converted() in d:\backup_Prachi\CDF-Dashboard(FinalCode)\CDF-Dashboard2017\home1.aspx.cs:line 522 
 
2019-08-21 17:17:36,676 [11] ERROR home1 - bindgrid_lead_created -587 
 System.NullReferenceException: Object reference not set to an instance of an object.
   at home1.bindgrid_lead_created() in d:\backup_Prachi\CDF-Dashboard(FinalCode)\CDF-Dashboard2017\home1.aspx.cs:line 561 
 
2019-08-21 17:17:37,006 [11] ERROR home1 - Page_Load -135 
 System.NullReferenceException: Object reference not set to an instance of an object.
   at home1.Page_Load(Object sender, EventArgs e) in d:\backup_Prachi\CDF-Dashboard(FinalCode)\CDF-Dashboard2017\home1.aspx.cs:line 64 
 
2019-08-21 17:54:49,934 [11] ERROR CDF_AdvanceLevelTrainingPayment - Page_Load -97 
 System.Net.WebException: The underlying connection was closed: An unexpected error occurred on a send. ---> System.IO.IOException: Unable to read data from the transport connection: An existing connection was forcibly closed by the remote host. ---> System.Net.Sockets.SocketException: An existing connection was forcibly closed by the remote host
   at System.Net.Sockets.Socket.Receive(Byte[] buffer, Int32 offset, Int32 size, SocketFlags socketFlags)
   at System.Net.Sockets.NetworkStream.Read(Byte[] buffer, Int32 offset, Int32 size)
   --- End of inner exception stack trace ---
   at System.Net.Sockets.NetworkStream.Read(Byte[] buffer, Int32 offset, Int32 size)
   at System.Net.FixedSizeReader.ReadPacket(Byte[] buffer, Int32 offset, Int32 count)
   at System.Net.Security.SslState.StartReceiveBlob(Byte[] buffer, AsyncProtocolRequest asyncRequest)
   at System.Net.Security.SslState.CheckCompletionBeforeNextReceive(ProtocolToken message, AsyncProtocolRequest asyncRequest)
   at System.Net.Security.SslState.StartSendBlob(Byte[] incoming, Int32 count, AsyncProtocolRequest asyncRequest)
   at System.Net.Security.SslState.ForceAuthentication(Boolean receiveFirst, Byte[] buffer, AsyncProtocolRequest asyncRequest)
   at System.Net.Security.SslState.ProcessAuthentication(LazyAsyncResult lazyResult)
   at System.Net.TlsStream.CallProcessAuthentication(Object state)
   at System.Threading.ExecutionContext.RunInternal(ExecutionContext executionContext, ContextCallback callback, Object state, Boolean preserveSyncCtx)
   at System.Threading.ExecutionContext.Run(ExecutionContext executionContext, ContextCallback callback, Object state, Boolean preserveSyncCtx)
   at System.Threading.ExecutionContext.Run(ExecutionContext executionContext, ContextCallback callback, Object state)
   at System.Net.TlsStream.ProcessAuthentication(LazyAsyncResult result)
   at System.Net.TlsStream.Write(Byte[] buffer, Int32 offset, Int32 size)
   at System.Net.PooledStream.Write(Byte[] buffer, Int32 offset, Int32 size)
   at System.Net.ConnectStream.WriteHeaders(Boolean async)
   --- End of inner exception stack trace ---
   at System.Net.HttpWebRequest.GetRequestStream(TransportContext& context)
   at System.Net.HttpWebRequest.GetRequestStream()
   at Razorpay.Api.RestClient.MakeRequest(String relativeUrl, HttpMethod method, String data)
   at Razorpay.Api.Entity.Request(String relativeUrl, HttpMethod verb, Dictionary`2 options)
   at Razorpay.Api.Order.Create(Dictionary`2 data)
   at CDF_AdvanceLevelTrainingPayment.Page_Load(Object sender, EventArgs e) in d:\backup_Prachi\CDF-Dashboard(FinalCode)\CDF-Dashboard2017\CDF\AdvanceLevelTrainingPayment.aspx.cs:line 61 
 
