2019-12-21 10:39:23,203 [12] ERROR login - btn_login_Click -140 
 System.Data.SqlClient.SqlException (0x80131904): The conversion of a varchar data type to a datetime data type resulted in an out-of-range value.
The statement has been terminated.
   at System.Data.SqlClient.SqlConnection.OnError(SqlException exception, Boolean breakConnection, Action`1 wrapCloseInAction)
   at System.Data.SqlClient.SqlInternalConnection.OnError(SqlException exception, Boolean breakConnection, Action`1 wrapCloseInAction)
   at System.Data.SqlClient.TdsParser.ThrowExceptionAndWarning(TdsParserStateObject stateObj, Boolean callerHasConnectionLock, Boolean asyncClose)
   at System.Data.SqlClient.TdsParser.TryRun(RunBehavior runBehavior, SqlCommand cmdHandler, SqlDataReader dataStream, BulkCopySimpleResultSet bulkCopyHandler, TdsParserStateObject stateObj, Boolean& dataReady)
   at System.Data.SqlClient.SqlCommand.RunExecuteNonQueryTds(String methodName, Boolean async, Int32 timeout, Boolean asyncWrite)
   at System.Data.SqlClient.SqlCommand.InternalExecuteNonQuery(TaskCompletionSource`1 completion, String methodName, Boolean sendToPipe, Int32 timeout, Boolean& usedCache, Boolean asyncWrite, Boolean inRetry)
   at System.Data.SqlClient.SqlCommand.ExecuteNonQuery()
   at login.btn_login_Click(Object sender, EventArgs e) in e:\CHETAN\CDFDashboardFinal(Bhagu)\CDF-Dashboard2017\login.aspx.cs:line 134
ClientConnectionId:48d3afca-6c18-4d52-8b00-7bf8b20f9ccd
Error Number:242,State:3,Class:16 
 
2019-12-21 10:41:20,743 [12] ERROR logout - Page_Load -23 
 System.Data.SqlClient.SqlException (0x80131904): The conversion of a varchar data type to a datetime data type resulted in an out-of-range value.
The statement has been terminated.
   at db_context.ExecNonQuery(String s_query) in e:\CHETAN\CDFDashboardFinal(Bhagu)\CDF-Dashboard2017\App_Code\db_context.cs:line 131
   at logout.Page_Load(Object sender, EventArgs e) in e:\CHETAN\CDFDashboardFinal(Bhagu)\CDF-Dashboard2017\logout.aspx.cs:line 18
ClientConnectionId:48d3afca-6c18-4d52-8b00-7bf8b20f9ccd
Error Number:242,State:3,Class:16 
 
2019-12-21 10:41:25,732 [12] ERROR login - btn_login_Click -140 
 System.Data.SqlClient.SqlException (0x80131904): The conversion of a varchar data type to a datetime data type resulted in an out-of-range value.
The statement has been terminated.
   at System.Data.SqlClient.SqlConnection.OnError(SqlException exception, Boolean breakConnection, Action`1 wrapCloseInAction)
   at System.Data.SqlClient.SqlInternalConnection.OnError(SqlException exception, Boolean breakConnection, Action`1 wrapCloseInAction)
   at System.Data.SqlClient.TdsParser.ThrowExceptionAndWarning(TdsParserStateObject stateObj, Boolean callerHasConnectionLock, Boolean asyncClose)
   at System.Data.SqlClient.TdsParser.TryRun(RunBehavior runBehavior, SqlCommand cmdHandler, SqlDataReader dataStream, BulkCopySimpleResultSet bulkCopyHandler, TdsParserStateObject stateObj, Boolean& dataReady)
   at System.Data.SqlClient.SqlCommand.RunExecuteNonQueryTds(String methodName, Boolean async, Int32 timeout, Boolean asyncWrite)
   at System.Data.SqlClient.SqlCommand.InternalExecuteNonQuery(TaskCompletionSource`1 completion, String methodName, Boolean sendToPipe, Int32 timeout, Boolean& usedCache, Boolean asyncWrite, Boolean inRetry)
   at System.Data.SqlClient.SqlCommand.ExecuteNonQuery()
   at login.btn_login_Click(Object sender, EventArgs e) in e:\CHETAN\CDFDashboardFinal(Bhagu)\CDF-Dashboard2017\login.aspx.cs:line 134
ClientConnectionId:48d3afca-6c18-4d52-8b00-7bf8b20f9ccd
Error Number:242,State:3,Class:16 
 
2019-12-21 10:48:16,249 [21] ERROR ESAT_ReportDownload - Page_Load -28 
 System.Threading.ThreadAbortException: Thread was being aborted.
   at System.Threading.Thread.AbortInternal()
   at System.Threading.Thread.Abort(Object stateInfo)
   at System.Web.HttpResponse.AbortCurrentThread()
   at System.Web.HttpResponse.End()
   at System.Web.HttpResponse.Redirect(String url, Boolean endResponse, Boolean permanent)
   at System.Web.HttpResponse.Redirect(String url, Boolean endResponse)
   at ESAT_ReportDownload.Page_Load(Object sender, EventArgs e) in e:\CHETAN\CDFDashboardFinal(Bhagu)\CDF-Dashboard2017\Graph_Report\ReportDownload.aspx.cs:line 24 
 
2019-12-21 10:58:02,936 [19] ERROR logout - Page_Load -23 
 System.Data.SqlClient.SqlException (0x80131904): The conversion of a varchar data type to a datetime data type resulted in an out-of-range value.
The statement has been terminated.
   at db_context.ExecNonQuery(String s_query) in e:\CHETAN\CDFDashboardFinal(Bhagu)\CDF-Dashboard2017\App_Code\db_context.cs:line 131
   at logout.Page_Load(Object sender, EventArgs e) in e:\CHETAN\CDFDashboardFinal(Bhagu)\CDF-Dashboard2017\logout.aspx.cs:line 18
ClientConnectionId:85c0f826-93fb-4640-9eb0-26c689353260
Error Number:242,State:3,Class:16 
 
2019-12-21 10:58:35,935 [19] ERROR login - btn_login_Click -140 
 System.Data.SqlClient.SqlException (0x80131904): The conversion of a varchar data type to a datetime data type resulted in an out-of-range value.
The statement has been terminated.
   at System.Data.SqlClient.SqlConnection.OnError(SqlException exception, Boolean breakConnection, Action`1 wrapCloseInAction)
   at System.Data.SqlClient.SqlInternalConnection.OnError(SqlException exception, Boolean breakConnection, Action`1 wrapCloseInAction)
   at System.Data.SqlClient.TdsParser.ThrowExceptionAndWarning(TdsParserStateObject stateObj, Boolean callerHasConnectionLock, Boolean asyncClose)
   at System.Data.SqlClient.TdsParser.TryRun(RunBehavior runBehavior, SqlCommand cmdHandler, SqlDataReader dataStream, BulkCopySimpleResultSet bulkCopyHandler, TdsParserStateObject stateObj, Boolean& dataReady)
   at System.Data.SqlClient.SqlCommand.RunExecuteNonQueryTds(String methodName, Boolean async, Int32 timeout, Boolean asyncWrite)
   at System.Data.SqlClient.SqlCommand.InternalExecuteNonQuery(TaskCompletionSource`1 completion, String methodName, Boolean sendToPipe, Int32 timeout, Boolean& usedCache, Boolean asyncWrite, Boolean inRetry)
   at System.Data.SqlClient.SqlCommand.ExecuteNonQuery()
   at login.btn_login_Click(Object sender, EventArgs e) in e:\CHETAN\CDFDashboardFinal(Bhagu)\CDF-Dashboard2017\login.aspx.cs:line 134
ClientConnectionId:85c0f826-93fb-4640-9eb0-26c689353260
Error Number:242,State:3,Class:16 
 
2019-12-21 11:00:10,241 [20] ERROR logout - Page_Load -23 
 System.Data.SqlClient.SqlException (0x80131904): The conversion of a varchar data type to a datetime data type resulted in an out-of-range value.
The statement has been terminated.
   at db_context.ExecNonQuery(String s_query) in e:\CHETAN\CDFDashboardFinal(Bhagu)\CDF-Dashboard2017\App_Code\db_context.cs:line 131
   at logout.Page_Load(Object sender, EventArgs e) in e:\CHETAN\CDFDashboardFinal(Bhagu)\CDF-Dashboard2017\logout.aspx.cs:line 18
ClientConnectionId:85c0f826-93fb-4640-9eb0-26c689353260
Error Number:242,State:3,Class:16 
 
2019-12-21 11:00:26,135 [19] ERROR login - btn_login_Click -140 
 System.Data.SqlClient.SqlException (0x80131904): The conversion of a varchar data type to a datetime data type resulted in an out-of-range value.
The statement has been terminated.
   at System.Data.SqlClient.SqlConnection.OnError(SqlException exception, Boolean breakConnection, Action`1 wrapCloseInAction)
   at System.Data.SqlClient.SqlInternalConnection.OnError(SqlException exception, Boolean breakConnection, Action`1 wrapCloseInAction)
   at System.Data.SqlClient.TdsParser.ThrowExceptionAndWarning(TdsParserStateObject stateObj, Boolean callerHasConnectionLock, Boolean asyncClose)
   at System.Data.SqlClient.TdsParser.TryRun(RunBehavior runBehavior, SqlCommand cmdHandler, SqlDataReader dataStream, BulkCopySimpleResultSet bulkCopyHandler, TdsParserStateObject stateObj, Boolean& dataReady)
   at System.Data.SqlClient.SqlCommand.RunExecuteNonQueryTds(String methodName, Boolean async, Int32 timeout, Boolean asyncWrite)
   at System.Data.SqlClient.SqlCommand.InternalExecuteNonQuery(TaskCompletionSource`1 completion, String methodName, Boolean sendToPipe, Int32 timeout, Boolean& usedCache, Boolean asyncWrite, Boolean inRetry)
   at System.Data.SqlClient.SqlCommand.ExecuteNonQuery()
   at login.btn_login_Click(Object sender, EventArgs e) in e:\CHETAN\CDFDashboardFinal(Bhagu)\CDF-Dashboard2017\login.aspx.cs:line 134
ClientConnectionId:85c0f826-93fb-4640-9eb0-26c689353260
Error Number:242,State:3,Class:16 
 
2019-12-21 11:23:13,288 [33] ERROR logout - Page_Load -23 
 System.Data.SqlClient.SqlException (0x80131904): The conversion of a varchar data type to a datetime data type resulted in an out-of-range value.
The statement has been terminated.
   at db_context.ExecNonQuery(String s_query) in e:\CHETAN\CDFDashboardFinal(Bhagu)\CDF-Dashboard2017\App_Code\db_context.cs:line 131
   at logout.Page_Load(Object sender, EventArgs e) in e:\CHETAN\CDFDashboardFinal(Bhagu)\CDF-Dashboard2017\logout.aspx.cs:line 18
ClientConnectionId:decbfc05-ae0e-42ab-8806-35407b78e820
Error Number:242,State:3,Class:16 
 
2019-12-21 11:23:20,482 [32] ERROR login - btn_login_Click -140 
 System.Data.SqlClient.SqlException (0x80131904): The conversion of a varchar data type to a datetime data type resulted in an out-of-range value.
The statement has been terminated.
   at System.Data.SqlClient.SqlConnection.OnError(SqlException exception, Boolean breakConnection, Action`1 wrapCloseInAction)
   at System.Data.SqlClient.SqlInternalConnection.OnError(SqlException exception, Boolean breakConnection, Action`1 wrapCloseInAction)
   at System.Data.SqlClient.TdsParser.ThrowExceptionAndWarning(TdsParserStateObject stateObj, Boolean callerHasConnectionLock, Boolean asyncClose)
   at System.Data.SqlClient.TdsParser.TryRun(RunBehavior runBehavior, SqlCommand cmdHandler, SqlDataReader dataStream, BulkCopySimpleResultSet bulkCopyHandler, TdsParserStateObject stateObj, Boolean& dataReady)
   at System.Data.SqlClient.SqlCommand.RunExecuteNonQueryTds(String methodName, Boolean async, Int32 timeout, Boolean asyncWrite)
   at System.Data.SqlClient.SqlCommand.InternalExecuteNonQuery(TaskCompletionSource`1 completion, String methodName, Boolean sendToPipe, Int32 timeout, Boolean& usedCache, Boolean asyncWrite, Boolean inRetry)
   at System.Data.SqlClient.SqlCommand.ExecuteNonQuery()
   at login.btn_login_Click(Object sender, EventArgs e) in e:\CHETAN\CDFDashboardFinal(Bhagu)\CDF-Dashboard2017\login.aspx.cs:line 134
ClientConnectionId:decbfc05-ae0e-42ab-8806-35407b78e820
Error Number:242,State:3,Class:16 
 
2019-12-21 11:25:11,187 [32] ERROR logout - Page_Load -23 
 System.Data.SqlClient.SqlException (0x80131904): The conversion of a varchar data type to a datetime data type resulted in an out-of-range value.
The statement has been terminated.
   at db_context.ExecNonQuery(String s_query) in e:\CHETAN\CDFDashboardFinal(Bhagu)\CDF-Dashboard2017\App_Code\db_context.cs:line 131
   at logout.Page_Load(Object sender, EventArgs e) in e:\CHETAN\CDFDashboardFinal(Bhagu)\CDF-Dashboard2017\logout.aspx.cs:line 18
ClientConnectionId:decbfc05-ae0e-42ab-8806-35407b78e820
Error Number:242,State:3,Class:16 
 
2019-12-21 11:25:29,970 [32] ERROR login - btn_login_Click -140 
 System.Data.SqlClient.SqlException (0x80131904): The conversion of a varchar data type to a datetime data type resulted in an out-of-range value.
The statement has been terminated.
   at System.Data.SqlClient.SqlConnection.OnError(SqlException exception, Boolean breakConnection, Action`1 wrapCloseInAction)
   at System.Data.SqlClient.SqlInternalConnection.OnError(SqlException exception, Boolean breakConnection, Action`1 wrapCloseInAction)
   at System.Data.SqlClient.TdsParser.ThrowExceptionAndWarning(TdsParserStateObject stateObj, Boolean callerHasConnectionLock, Boolean asyncClose)
   at System.Data.SqlClient.TdsParser.TryRun(RunBehavior runBehavior, SqlCommand cmdHandler, SqlDataReader dataStream, BulkCopySimpleResultSet bulkCopyHandler, TdsParserStateObject stateObj, Boolean& dataReady)
   at System.Data.SqlClient.SqlCommand.RunExecuteNonQueryTds(String methodName, Boolean async, Int32 timeout, Boolean asyncWrite)
   at System.Data.SqlClient.SqlCommand.InternalExecuteNonQuery(TaskCompletionSource`1 completion, String methodName, Boolean sendToPipe, Int32 timeout, Boolean& usedCache, Boolean asyncWrite, Boolean inRetry)
   at System.Data.SqlClient.SqlCommand.ExecuteNonQuery()
   at login.btn_login_Click(Object sender, EventArgs e) in e:\CHETAN\CDFDashboardFinal(Bhagu)\CDF-Dashboard2017\login.aspx.cs:line 134
ClientConnectionId:decbfc05-ae0e-42ab-8806-35407b78e820
Error Number:242,State:3,Class:16 
 
2019-12-21 12:07:41,102 [38] ERROR login - btn_login_Click -140 
 System.Data.SqlClient.SqlException (0x80131904): The conversion of a varchar data type to a datetime data type resulted in an out-of-range value.
The statement has been terminated.
   at System.Data.SqlClient.SqlConnection.OnError(SqlException exception, Boolean breakConnection, Action`1 wrapCloseInAction)
   at System.Data.SqlClient.SqlInternalConnection.OnError(SqlException exception, Boolean breakConnection, Action`1 wrapCloseInAction)
   at System.Data.SqlClient.TdsParser.ThrowExceptionAndWarning(TdsParserStateObject stateObj, Boolean callerHasConnectionLock, Boolean asyncClose)
   at System.Data.SqlClient.TdsParser.TryRun(RunBehavior runBehavior, SqlCommand cmdHandler, SqlDataReader dataStream, BulkCopySimpleResultSet bulkCopyHandler, TdsParserStateObject stateObj, Boolean& dataReady)
   at System.Data.SqlClient.SqlCommand.RunExecuteNonQueryTds(String methodName, Boolean async, Int32 timeout, Boolean asyncWrite)
   at System.Data.SqlClient.SqlCommand.InternalExecuteNonQuery(TaskCompletionSource`1 completion, String methodName, Boolean sendToPipe, Int32 timeout, Boolean& usedCache, Boolean asyncWrite, Boolean inRetry)
   at System.Data.SqlClient.SqlCommand.ExecuteNonQuery()
   at login.btn_login_Click(Object sender, EventArgs e) in e:\CHETAN\CDFDashboardFinal(Bhagu)\CDF-Dashboard2017\login.aspx.cs:line 134
ClientConnectionId:d3875197-a352-45e5-89e7-2bbdb68eaf0e
Error Number:242,State:3,Class:16 
 
2019-12-21 12:10:20,388 [11] ERROR logout - Page_Load -23 
 System.Data.SqlClient.SqlException (0x80131904): The conversion of a varchar data type to a datetime data type resulted in an out-of-range value.
The statement has been terminated.
   at db_context.ExecNonQuery(String s_query) in e:\CHETAN\CDFDashboardFinal(Bhagu)\CDF-Dashboard2017\App_Code\db_context.cs:line 131
   at logout.Page_Load(Object sender, EventArgs e) in e:\CHETAN\CDFDashboardFinal(Bhagu)\CDF-Dashboard2017\logout.aspx.cs:line 18
ClientConnectionId:d3875197-a352-45e5-89e7-2bbdb68eaf0e
Error Number:242,State:3,Class:16 
 
2019-12-21 12:10:26,024 [11] ERROR login - btn_login_Click -140 
 System.Data.SqlClient.SqlException (0x80131904): The conversion of a varchar data type to a datetime data type resulted in an out-of-range value.
The statement has been terminated.
   at System.Data.SqlClient.SqlConnection.OnError(SqlException exception, Boolean breakConnection, Action`1 wrapCloseInAction)
   at System.Data.SqlClient.SqlInternalConnection.OnError(SqlException exception, Boolean breakConnection, Action`1 wrapCloseInAction)
   at System.Data.SqlClient.TdsParser.ThrowExceptionAndWarning(TdsParserStateObject stateObj, Boolean callerHasConnectionLock, Boolean asyncClose)
   at System.Data.SqlClient.TdsParser.TryRun(RunBehavior runBehavior, SqlCommand cmdHandler, SqlDataReader dataStream, BulkCopySimpleResultSet bulkCopyHandler, TdsParserStateObject stateObj, Boolean& dataReady)
   at System.Data.SqlClient.SqlCommand.RunExecuteNonQueryTds(String methodName, Boolean async, Int32 timeout, Boolean asyncWrite)
   at System.Data.SqlClient.SqlCommand.InternalExecuteNonQuery(TaskCompletionSource`1 completion, String methodName, Boolean sendToPipe, Int32 timeout, Boolean& usedCache, Boolean asyncWrite, Boolean inRetry)
   at System.Data.SqlClient.SqlCommand.ExecuteNonQuery()
   at login.btn_login_Click(Object sender, EventArgs e) in e:\CHETAN\CDFDashboardFinal(Bhagu)\CDF-Dashboard2017\login.aspx.cs:line 134
ClientConnectionId:d3875197-a352-45e5-89e7-2bbdb68eaf0e
Error Number:242,State:3,Class:16 
 
2019-12-21 12:26:45,117 [30] ERROR logout - Page_Load -23 
 System.Data.SqlClient.SqlException (0x80131904): The conversion of a varchar data type to a datetime data type resulted in an out-of-range value.
The statement has been terminated.
   at db_context.ExecNonQuery(String s_query) in e:\CHETAN\CDFDashboardFinal(Bhagu)\CDF-Dashboard2017\App_Code\db_context.cs:line 131
   at logout.Page_Load(Object sender, EventArgs e) in e:\CHETAN\CDFDashboardFinal(Bhagu)\CDF-Dashboard2017\logout.aspx.cs:line 18
ClientConnectionId:20757806-601e-4bda-8eed-92e6b636223f
Error Number:242,State:3,Class:16 
 
2019-12-21 12:26:53,631 [30] ERROR login - btn_login_Click -140 
 System.Data.SqlClient.SqlException (0x80131904): The conversion of a varchar data type to a datetime data type resulted in an out-of-range value.
The statement has been terminated.
   at System.Data.SqlClient.SqlConnection.OnError(SqlException exception, Boolean breakConnection, Action`1 wrapCloseInAction)
   at System.Data.SqlClient.SqlInternalConnection.OnError(SqlException exception, Boolean breakConnection, Action`1 wrapCloseInAction)
   at System.Data.SqlClient.TdsParser.ThrowExceptionAndWarning(TdsParserStateObject stateObj, Boolean callerHasConnectionLock, Boolean asyncClose)
   at System.Data.SqlClient.TdsParser.TryRun(RunBehavior runBehavior, SqlCommand cmdHandler, SqlDataReader dataStream, BulkCopySimpleResultSet bulkCopyHandler, TdsParserStateObject stateObj, Boolean& dataReady)
   at System.Data.SqlClient.SqlCommand.RunExecuteNonQueryTds(String methodName, Boolean async, Int32 timeout, Boolean asyncWrite)
   at System.Data.SqlClient.SqlCommand.InternalExecuteNonQuery(TaskCompletionSource`1 completion, String methodName, Boolean sendToPipe, Int32 timeout, Boolean& usedCache, Boolean asyncWrite, Boolean inRetry)
   at System.Data.SqlClient.SqlCommand.ExecuteNonQuery()
   at login.btn_login_Click(Object sender, EventArgs e) in e:\CHETAN\CDFDashboardFinal(Bhagu)\CDF-Dashboard2017\login.aspx.cs:line 134
ClientConnectionId:20757806-601e-4bda-8eed-92e6b636223f
Error Number:242,State:3,Class:16 
 
2019-12-21 13:04:11,536 [17] ERROR login - btn_login_Click -140 
 System.Data.SqlClient.SqlException (0x80131904): The conversion of a varchar data type to a datetime data type resulted in an out-of-range value.
The statement has been terminated.
   at System.Data.SqlClient.SqlConnection.OnError(SqlException exception, Boolean breakConnection, Action`1 wrapCloseInAction)
   at System.Data.SqlClient.SqlInternalConnection.OnError(SqlException exception, Boolean breakConnection, Action`1 wrapCloseInAction)
   at System.Data.SqlClient.TdsParser.ThrowExceptionAndWarning(TdsParserStateObject stateObj, Boolean callerHasConnectionLock, Boolean asyncClose)
   at System.Data.SqlClient.TdsParser.TryRun(RunBehavior runBehavior, SqlCommand cmdHandler, SqlDataReader dataStream, BulkCopySimpleResultSet bulkCopyHandler, TdsParserStateObject stateObj, Boolean& dataReady)
   at System.Data.SqlClient.SqlCommand.RunExecuteNonQueryTds(String methodName, Boolean async, Int32 timeout, Boolean asyncWrite)
   at System.Data.SqlClient.SqlCommand.InternalExecuteNonQuery(TaskCompletionSource`1 completion, String methodName, Boolean sendToPipe, Int32 timeout, Boolean& usedCache, Boolean asyncWrite, Boolean inRetry)
   at System.Data.SqlClient.SqlCommand.ExecuteNonQuery()
   at login.btn_login_Click(Object sender, EventArgs e) in e:\CHETAN\CDFDashboardFinal(Bhagu)\CDF-Dashboard2017\login.aspx.cs:line 134
ClientConnectionId:c16a4c36-45f6-49bc-9131-9aa162291e81
Error Number:242,State:3,Class:16 
 
2019-12-21 13:14:13,916 [22] ERROR ASP.global_asax - Session_End -82 
 System.Data.SqlClient.SqlException (0x80131904): The conversion of a varchar data type to a datetime data type resulted in an out-of-range value.
The statement has been terminated.
   at db_context.ExecNonQuery(String s_query) in e:\CHETAN\CDFDashboardFinal(Bhagu)\CDF-Dashboard2017\App_Code\db_context.cs:line 131
   at ASP.global_asax.Session_End(Object sender, EventArgs e) in e:\CHETAN\CDFDashboardFinal(Bhagu)\CDF-Dashboard2017\Global.asax:line 77
ClientConnectionId:63cd0e88-d388-42a7-bd0e-3d3de24e56ad
Error Number:242,State:3,Class:16 
 
2019-12-21 13:14:14,126 [22] ERROR ASP.global_asax - Session_End -82 
 System.Data.SqlClient.SqlException (0x80131904): The conversion of a varchar data type to a datetime data type resulted in an out-of-range value.
The statement has been terminated.
   at db_context.ExecNonQuery(String s_query) in e:\CHETAN\CDFDashboardFinal(Bhagu)\CDF-Dashboard2017\App_Code\db_context.cs:line 131
   at ASP.global_asax.Session_End(Object sender, EventArgs e) in e:\CHETAN\CDFDashboardFinal(Bhagu)\CDF-Dashboard2017\Global.asax:line 77
ClientConnectionId:63cd0e88-d388-42a7-bd0e-3d3de24e56ad
Error Number:242,State:3,Class:16 
 
2019-12-21 14:36:43,154 [92] ERROR login - btn_login_Click -140 
 System.Data.SqlClient.SqlException (0x80131904): The conversion of a varchar data type to a datetime data type resulted in an out-of-range value.
The statement has been terminated.
   at System.Data.SqlClient.SqlConnection.OnError(SqlException exception, Boolean breakConnection, Action`1 wrapCloseInAction)
   at System.Data.SqlClient.SqlInternalConnection.OnError(SqlException exception, Boolean breakConnection, Action`1 wrapCloseInAction)
   at System.Data.SqlClient.TdsParser.ThrowExceptionAndWarning(TdsParserStateObject stateObj, Boolean callerHasConnectionLock, Boolean asyncClose)
   at System.Data.SqlClient.TdsParser.TryRun(RunBehavior runBehavior, SqlCommand cmdHandler, SqlDataReader dataStream, BulkCopySimpleResultSet bulkCopyHandler, TdsParserStateObject stateObj, Boolean& dataReady)
   at System.Data.SqlClient.SqlCommand.RunExecuteNonQueryTds(String methodName, Boolean async, Int32 timeout, Boolean asyncWrite)
   at System.Data.SqlClient.SqlCommand.InternalExecuteNonQuery(TaskCompletionSource`1 completion, String methodName, Boolean sendToPipe, Int32 timeout, Boolean& usedCache, Boolean asyncWrite, Boolean inRetry)
   at System.Data.SqlClient.SqlCommand.ExecuteNonQuery()
   at login.btn_login_Click(Object sender, EventArgs e) in e:\CHETAN\CDFDashboardFinal(Bhagu)\CDF-Dashboard2017\login.aspx.cs:line 134
ClientConnectionId:b0480e0f-8276-470c-a480-098c24bec27f
Error Number:242,State:3,Class:16 
 
2019-12-21 15:18:24,375 [73] ERROR login - btn_login_Click -140 
 System.Data.SqlClient.SqlException (0x80131904): The conversion of a varchar data type to a datetime data type resulted in an out-of-range value.
The statement has been terminated.
   at System.Data.SqlClient.SqlConnection.OnError(SqlException exception, Boolean breakConnection, Action`1 wrapCloseInAction)
   at System.Data.SqlClient.SqlInternalConnection.OnError(SqlException exception, Boolean breakConnection, Action`1 wrapCloseInAction)
   at System.Data.SqlClient.TdsParser.ThrowExceptionAndWarning(TdsParserStateObject stateObj, Boolean callerHasConnectionLock, Boolean asyncClose)
   at System.Data.SqlClient.TdsParser.TryRun(RunBehavior runBehavior, SqlCommand cmdHandler, SqlDataReader dataStream, BulkCopySimpleResultSet bulkCopyHandler, TdsParserStateObject stateObj, Boolean& dataReady)
   at System.Data.SqlClient.SqlCommand.RunExecuteNonQueryTds(String methodName, Boolean async, Int32 timeout, Boolean asyncWrite)
   at System.Data.SqlClient.SqlCommand.InternalExecuteNonQuery(TaskCompletionSource`1 completion, String methodName, Boolean sendToPipe, Int32 timeout, Boolean& usedCache, Boolean asyncWrite, Boolean inRetry)
   at System.Data.SqlClient.SqlCommand.ExecuteNonQuery()
   at login.btn_login_Click(Object sender, EventArgs e) in e:\CHETAN\CDFDashboardFinal(Bhagu)\CDF-Dashboard2017\login.aspx.cs:line 134
ClientConnectionId:d6c80e3f-a93d-4bae-89f6-e9daa53d0a38
Error Number:242,State:3,Class:16 
 
2019-12-21 15:28:01,714 [73] ERROR login - btn_login_Click -140 
 System.Data.SqlClient.SqlException (0x80131904): The conversion of a varchar data type to a datetime data type resulted in an out-of-range value.
The statement has been terminated.
   at System.Data.SqlClient.SqlConnection.OnError(SqlException exception, Boolean breakConnection, Action`1 wrapCloseInAction)
   at System.Data.SqlClient.SqlInternalConnection.OnError(SqlException exception, Boolean breakConnection, Action`1 wrapCloseInAction)
   at System.Data.SqlClient.TdsParser.ThrowExceptionAndWarning(TdsParserStateObject stateObj, Boolean callerHasConnectionLock, Boolean asyncClose)
   at System.Data.SqlClient.TdsParser.TryRun(RunBehavior runBehavior, SqlCommand cmdHandler, SqlDataReader dataStream, BulkCopySimpleResultSet bulkCopyHandler, TdsParserStateObject stateObj, Boolean& dataReady)
   at System.Data.SqlClient.SqlCommand.RunExecuteNonQueryTds(String methodName, Boolean async, Int32 timeout, Boolean asyncWrite)
   at System.Data.SqlClient.SqlCommand.InternalExecuteNonQuery(TaskCompletionSource`1 completion, String methodName, Boolean sendToPipe, Int32 timeout, Boolean& usedCache, Boolean asyncWrite, Boolean inRetry)
   at System.Data.SqlClient.SqlCommand.ExecuteNonQuery()
   at login.btn_login_Click(Object sender, EventArgs e) in e:\CHETAN\CDFDashboardFinal(Bhagu)\CDF-Dashboard2017\login.aspx.cs:line 134
ClientConnectionId:d6c80e3f-a93d-4bae-89f6-e9daa53d0a38
Error Number:242,State:3,Class:16 
 
2019-12-21 16:03:08,799 [77] ERROR ASP.global_asax - Session_End -82 
 System.Data.SqlClient.SqlException (0x80131904): The conversion of a varchar data type to a datetime data type resulted in an out-of-range value.
The statement has been terminated.
   at db_context.ExecNonQuery(String s_query) in e:\CHETAN\CDFDashboardFinal(Bhagu)\CDF-Dashboard2017\App_Code\db_context.cs:line 131
   at ASP.global_asax.Session_End(Object sender, EventArgs e) in e:\CHETAN\CDFDashboardFinal(Bhagu)\CDF-Dashboard2017\Global.asax:line 77
ClientConnectionId:b66f50ce-680b-4564-9234-32ba0c47ee8e
Error Number:242,State:3,Class:16 
 
2019-12-21 17:25:09,427 [14] ERROR login - btn_login_Click -140 
 System.Data.SqlClient.SqlException (0x80131904): The conversion of a varchar data type to a datetime data type resulted in an out-of-range value.
The statement has been terminated.
   at System.Data.SqlClient.SqlConnection.OnError(SqlException exception, Boolean breakConnection, Action`1 wrapCloseInAction)
   at System.Data.SqlClient.SqlInternalConnection.OnError(SqlException exception, Boolean breakConnection, Action`1 wrapCloseInAction)
   at System.Data.SqlClient.TdsParser.ThrowExceptionAndWarning(TdsParserStateObject stateObj, Boolean callerHasConnectionLock, Boolean asyncClose)
   at System.Data.SqlClient.TdsParser.TryRun(RunBehavior runBehavior, SqlCommand cmdHandler, SqlDataReader dataStream, BulkCopySimpleResultSet bulkCopyHandler, TdsParserStateObject stateObj, Boolean& dataReady)
   at System.Data.SqlClient.SqlCommand.RunExecuteNonQueryTds(String methodName, Boolean async, Int32 timeout, Boolean asyncWrite)
   at System.Data.SqlClient.SqlCommand.InternalExecuteNonQuery(TaskCompletionSource`1 completion, String methodName, Boolean sendToPipe, Int32 timeout, Boolean& usedCache, Boolean asyncWrite, Boolean inRetry)
   at System.Data.SqlClient.SqlCommand.ExecuteNonQuery()
   at login.btn_login_Click(Object sender, EventArgs e) in e:\CHETAN\CDFDashboardFinal(Bhagu)\CDF-Dashboard2017\login.aspx.cs:line 134
ClientConnectionId:8fd3bea2-453b-4d71-b14a-eea5bae273d4
Error Number:242,State:3,Class:16 
 
2019-12-21 17:29:42,842 [76] ERROR login - btn_login_Click -140 
 System.Data.SqlClient.SqlException (0x80131904): The conversion of a varchar data type to a datetime data type resulted in an out-of-range value.
The statement has been terminated.
   at System.Data.SqlClient.SqlConnection.OnError(SqlException exception, Boolean breakConnection, Action`1 wrapCloseInAction)
   at System.Data.SqlClient.SqlInternalConnection.OnError(SqlException exception, Boolean breakConnection, Action`1 wrapCloseInAction)
   at System.Data.SqlClient.TdsParser.ThrowExceptionAndWarning(TdsParserStateObject stateObj, Boolean callerHasConnectionLock, Boolean asyncClose)
   at System.Data.SqlClient.TdsParser.TryRun(RunBehavior runBehavior, SqlCommand cmdHandler, SqlDataReader dataStream, BulkCopySimpleResultSet bulkCopyHandler, TdsParserStateObject stateObj, Boolean& dataReady)
   at System.Data.SqlClient.SqlCommand.RunExecuteNonQueryTds(String methodName, Boolean async, Int32 timeout, Boolean asyncWrite)
   at System.Data.SqlClient.SqlCommand.InternalExecuteNonQuery(TaskCompletionSource`1 completion, String methodName, Boolean sendToPipe, Int32 timeout, Boolean& usedCache, Boolean asyncWrite, Boolean inRetry)
   at System.Data.SqlClient.SqlCommand.ExecuteNonQuery()
   at login.btn_login_Click(Object sender, EventArgs e) in e:\CHETAN\CDFDashboardFinal(Bhagu)\CDF-Dashboard2017\login.aspx.cs:line 134
ClientConnectionId:8fd3bea2-453b-4d71-b14a-eea5bae273d4
Error Number:242,State:3,Class:16 
 
2019-12-21 17:31:39,262 [14] ERROR login - btn_login_Click -140 
 System.Data.SqlClient.SqlException (0x80131904): The conversion of a varchar data type to a datetime data type resulted in an out-of-range value.
The statement has been terminated.
   at System.Data.SqlClient.SqlConnection.OnError(SqlException exception, Boolean breakConnection, Action`1 wrapCloseInAction)
   at System.Data.SqlClient.SqlInternalConnection.OnError(SqlException exception, Boolean breakConnection, Action`1 wrapCloseInAction)
   at System.Data.SqlClient.TdsParser.ThrowExceptionAndWarning(TdsParserStateObject stateObj, Boolean callerHasConnectionLock, Boolean asyncClose)
   at System.Data.SqlClient.TdsParser.TryRun(RunBehavior runBehavior, SqlCommand cmdHandler, SqlDataReader dataStream, BulkCopySimpleResultSet bulkCopyHandler, TdsParserStateObject stateObj, Boolean& dataReady)
   at System.Data.SqlClient.SqlCommand.RunExecuteNonQueryTds(String methodName, Boolean async, Int32 timeout, Boolean asyncWrite)
   at System.Data.SqlClient.SqlCommand.InternalExecuteNonQuery(TaskCompletionSource`1 completion, String methodName, Boolean sendToPipe, Int32 timeout, Boolean& usedCache, Boolean asyncWrite, Boolean inRetry)
   at System.Data.SqlClient.SqlCommand.ExecuteNonQuery()
   at login.btn_login_Click(Object sender, EventArgs e) in e:\CHETAN\CDFDashboardFinal(Bhagu)\CDF-Dashboard2017\login.aspx.cs:line 134
ClientConnectionId:8fd3bea2-453b-4d71-b14a-eea5bae273d4
Error Number:242,State:3,Class:16 
 
