2018-08-30 11:11:31,258 [6] ERROR CDFMaster - Page_Load -72 
 System.NullReferenceException: Object reference not set to an instance of an object.
   at CDFMaster.Page_Load(Object sender, EventArgs e) in c:\Users\Admin\Documents\GitHub\CDF-Dashboard2017\CDFMaster.master.cs:line 54 
 
2018-08-30 11:20:31,681 [15] ERROR CDFMaster - Page_Load -79 
 System.NullReferenceException: Object reference not set to an instance of an object.
   at CDFMaster.Page_Load(Object sender, EventArgs e) in c:\Users\Admin\Documents\GitHub\CDF-Dashboard2017\CDFMaster.master.cs:line 51 
 
2018-08-30 11:24:28,632 [7] ERROR home - GetData -128 
 System.NullReferenceException: Object reference not set to an instance of an object.
   at home.GetData() in c:\Users\Admin\Documents\GitHub\CDF-Dashboard2017\home.aspx.cs:line 114 
 
2018-08-30 11:24:28,655 [7] ERROR home - chart_bind -189 
 System.NullReferenceException: Object reference not set to an instance of an object.
   at home.chart_bind() in c:\Users\Admin\Documents\GitHub\CDF-Dashboard2017\home.aspx.cs:line 163 
 
2018-08-30 11:24:28,674 [7] ERROR home - GetData2 -151 
 System.NullReferenceException: Object reference not set to an instance of an object.
   at home.GetData2() in c:\Users\Admin\Documents\GitHub\CDF-Dashboard2017\home.aspx.cs:line 137 
 
2018-08-30 11:24:28,690 [7] ERROR home - chart_bind2 -226 
 System.NullReferenceException: Object reference not set to an instance of an object.
   at home.chart_bind2() in c:\Users\Admin\Documents\GitHub\CDF-Dashboard2017\home.aspx.cs:line 200 
 
2018-08-30 11:24:28,708 [7] ERROR home - bindgrid -328 
 System.NullReferenceException: Object reference not set to an instance of an object.
   at home.bindgrid() in c:\Users\Admin\Documents\GitHub\CDF-Dashboard2017\home.aspx.cs:line 292 
 
2018-08-30 11:24:28,936 [7] ERROR home - Page_Load -106 
 System.NullReferenceException: Object reference not set to an instance of an object.
   at home.Page_Load(Object sender, EventArgs e) in c:\Users\Admin\Documents\GitHub\CDF-Dashboard2017\home.aspx.cs:line 35 
 
2018-08-30 11:24:30,696 [7] ERROR CDFMaster - Page_Load -79 
 System.NullReferenceException: Object reference not set to an instance of an object.
   at CDFMaster.Page_Load(Object sender, EventArgs e) in c:\Users\Admin\Documents\GitHub\CDF-Dashboard2017\CDFMaster.master.cs:line 51 
 
2018-08-30 11:24:37,050 [5] ERROR home - GetData -128 
 System.NullReferenceException: Object reference not set to an instance of an object.
   at home.GetData() in c:\Users\Admin\Documents\GitHub\CDF-Dashboard2017\home.aspx.cs:line 114 
 
2018-08-30 11:24:37,078 [5] ERROR home - chart_bind -189 
 System.NullReferenceException: Object reference not set to an instance of an object.
   at home.chart_bind() in c:\Users\Admin\Documents\GitHub\CDF-Dashboard2017\home.aspx.cs:line 163 
 
2018-08-30 11:24:37,100 [5] ERROR home - GetData2 -151 
 System.NullReferenceException: Object reference not set to an instance of an object.
   at home.GetData2() in c:\Users\Admin\Documents\GitHub\CDF-Dashboard2017\home.aspx.cs:line 137 
 
2018-08-30 11:24:37,143 [5] ERROR home - chart_bind2 -226 
 System.NullReferenceException: Object reference not set to an instance of an object.
   at home.chart_bind2() in c:\Users\Admin\Documents\GitHub\CDF-Dashboard2017\home.aspx.cs:line 200 
 
2018-08-30 11:24:37,178 [5] ERROR home - bindgrid -328 
 System.NullReferenceException: Object reference not set to an instance of an object.
   at home.bindgrid() in c:\Users\Admin\Documents\GitHub\CDF-Dashboard2017\home.aspx.cs:line 292 
 
2018-08-30 11:24:37,380 [5] ERROR home - Page_Load -106 
 System.NullReferenceException: Object reference not set to an instance of an object.
   at home.Page_Load(Object sender, EventArgs e) in c:\Users\Admin\Documents\GitHub\CDF-Dashboard2017\home.aspx.cs:line 35 
 
2018-08-30 11:24:38,962 [5] ERROR CDFMaster - Page_Load -79 
 System.NullReferenceException: Object reference not set to an instance of an object.
   at CDFMaster.Page_Load(Object sender, EventArgs e) in c:\Users\Admin\Documents\GitHub\CDF-Dashboard2017\CDFMaster.master.cs:line 51 
 
2018-08-30 11:25:39,281 [5] ERROR CDFMaster - Page_Load -79 
 System.NullReferenceException: Object reference not set to an instance of an object.
   at CDFMaster.Page_Load(Object sender, EventArgs e) in c:\Users\Admin\Documents\GitHub\CDF-Dashboard2017\CDFMaster.master.cs:line 51 
 
2018-08-30 11:29:58,430 [10] ERROR CDFMaster - Page_Load -79 
 System.NullReferenceException: Object reference not set to an instance of an object.
   at CDFMaster.Page_Load(Object sender, EventArgs e) in c:\Users\Admin\Documents\GitHub\CDF-Dashboard2017\CDFMaster.master.cs:line 51 
 
2018-08-30 11:31:08,184 [6] ERROR home - GetData -128 
 System.NullReferenceException: Object reference not set to an instance of an object.
   at home.GetData() in c:\Users\Admin\Documents\GitHub\CDF-Dashboard2017\home.aspx.cs:line 114 
 
2018-08-30 11:31:08,214 [6] ERROR home - chart_bind -189 
 System.NullReferenceException: Object reference not set to an instance of an object.
   at home.chart_bind() in c:\Users\Admin\Documents\GitHub\CDF-Dashboard2017\home.aspx.cs:line 163 
 
2018-08-30 11:31:08,233 [6] ERROR home - GetData2 -151 
 System.NullReferenceException: Object reference not set to an instance of an object.
   at home.GetData2() in c:\Users\Admin\Documents\GitHub\CDF-Dashboard2017\home.aspx.cs:line 137 
 
2018-08-30 11:31:08,249 [6] ERROR home - chart_bind2 -226 
 System.NullReferenceException: Object reference not set to an instance of an object.
   at home.chart_bind2() in c:\Users\Admin\Documents\GitHub\CDF-Dashboard2017\home.aspx.cs:line 200 
 
2018-08-30 11:31:08,268 [6] ERROR home - bindgrid -328 
 System.NullReferenceException: Object reference not set to an instance of an object.
   at home.bindgrid() in c:\Users\Admin\Documents\GitHub\CDF-Dashboard2017\home.aspx.cs:line 292 
 
2018-08-30 11:31:08,515 [6] ERROR home - Page_Load -106 
 System.NullReferenceException: Object reference not set to an instance of an object.
   at home.Page_Load(Object sender, EventArgs e) in c:\Users\Admin\Documents\GitHub\CDF-Dashboard2017\home.aspx.cs:line 35 
 
2018-08-30 11:31:23,272 [6] ERROR CDFMaster - Page_Load -81 
 System.NullReferenceException: Object reference not set to an instance of an object.
   at CDFMaster.Page_Load(Object sender, EventArgs e) in c:\Users\Admin\Documents\GitHub\CDF-Dashboard2017\CDFMaster.master.cs:line 51 
 
2018-08-30 11:31:31,495 [6] ERROR home - GetData -128 
 System.NullReferenceException: Object reference not set to an instance of an object.
   at home.GetData() in c:\Users\Admin\Documents\GitHub\CDF-Dashboard2017\home.aspx.cs:line 114 
 
2018-08-30 11:31:31,513 [6] ERROR home - chart_bind -189 
 System.NullReferenceException: Object reference not set to an instance of an object.
   at home.chart_bind() in c:\Users\Admin\Documents\GitHub\CDF-Dashboard2017\home.aspx.cs:line 163 
 
2018-08-30 11:31:31,533 [6] ERROR home - GetData2 -151 
 System.NullReferenceException: Object reference not set to an instance of an object.
   at home.GetData2() in c:\Users\Admin\Documents\GitHub\CDF-Dashboard2017\home.aspx.cs:line 137 
 
2018-08-30 11:31:31,550 [6] ERROR home - chart_bind2 -226 
 System.NullReferenceException: Object reference not set to an instance of an object.
   at home.chart_bind2() in c:\Users\Admin\Documents\GitHub\CDF-Dashboard2017\home.aspx.cs:line 200 
 
2018-08-30 11:31:31,575 [6] ERROR home - bindgrid -328 
 System.NullReferenceException: Object reference not set to an instance of an object.
   at home.bindgrid() in c:\Users\Admin\Documents\GitHub\CDF-Dashboard2017\home.aspx.cs:line 292 
 
2018-08-30 11:31:31,784 [6] ERROR home - Page_Load -106 
 System.NullReferenceException: Object reference not set to an instance of an object.
   at home.Page_Load(Object sender, EventArgs e) in c:\Users\Admin\Documents\GitHub\CDF-Dashboard2017\home.aspx.cs:line 35 
 
2018-08-30 11:33:38,336 [6] ERROR home - GetData -128 
 System.NullReferenceException: Object reference not set to an instance of an object.
   at home.GetData() in c:\Users\Admin\Documents\GitHub\CDF-Dashboard2017\home.aspx.cs:line 114 
 
2018-08-30 11:33:38,355 [6] ERROR home - chart_bind -189 
 System.NullReferenceException: Object reference not set to an instance of an object.
   at home.chart_bind() in c:\Users\Admin\Documents\GitHub\CDF-Dashboard2017\home.aspx.cs:line 163 
 
2018-08-30 11:33:38,375 [6] ERROR home - GetData2 -151 
 System.NullReferenceException: Object reference not set to an instance of an object.
   at home.GetData2() in c:\Users\Admin\Documents\GitHub\CDF-Dashboard2017\home.aspx.cs:line 137 
 
2018-08-30 11:33:38,405 [6] ERROR home - chart_bind2 -226 
 System.NullReferenceException: Object reference not set to an instance of an object.
   at home.chart_bind2() in c:\Users\Admin\Documents\GitHub\CDF-Dashboard2017\home.aspx.cs:line 200 
 
2018-08-30 11:33:38,422 [6] ERROR home - bindgrid -328 
 System.NullReferenceException: Object reference not set to an instance of an object.
   at home.bindgrid() in c:\Users\Admin\Documents\GitHub\CDF-Dashboard2017\home.aspx.cs:line 292 
 
2018-08-30 11:33:38,663 [6] ERROR home - Page_Load -106 
 System.NullReferenceException: Object reference not set to an instance of an object.
   at home.Page_Load(Object sender, EventArgs e) in c:\Users\Admin\Documents\GitHub\CDF-Dashboard2017\home.aspx.cs:line 35 
 
2018-08-30 11:34:41,785 [17] ERROR home - GetData -128 
 System.NullReferenceException: Object reference not set to an instance of an object.
   at home.GetData() in c:\Users\Admin\Documents\GitHub\CDF-Dashboard2017\home.aspx.cs:line 114 
 
2018-08-30 11:34:41,804 [17] ERROR home - chart_bind -189 
 System.NullReferenceException: Object reference not set to an instance of an object.
   at home.chart_bind() in c:\Users\Admin\Documents\GitHub\CDF-Dashboard2017\home.aspx.cs:line 163 
 
2018-08-30 11:34:41,826 [17] ERROR home - GetData2 -151 
 System.NullReferenceException: Object reference not set to an instance of an object.
   at home.GetData2() in c:\Users\Admin\Documents\GitHub\CDF-Dashboard2017\home.aspx.cs:line 137 
 
2018-08-30 11:34:41,844 [17] ERROR home - chart_bind2 -226 
 System.NullReferenceException: Object reference not set to an instance of an object.
   at home.chart_bind2() in c:\Users\Admin\Documents\GitHub\CDF-Dashboard2017\home.aspx.cs:line 200 
 
2018-08-30 11:34:41,873 [17] ERROR home - bindgrid -328 
 System.NullReferenceException: Object reference not set to an instance of an object.
   at home.bindgrid() in c:\Users\Admin\Documents\GitHub\CDF-Dashboard2017\home.aspx.cs:line 292 
 
2018-08-30 11:34:42,086 [17] ERROR home - Page_Load -106 
 System.NullReferenceException: Object reference not set to an instance of an object.
   at home.Page_Load(Object sender, EventArgs e) in c:\Users\Admin\Documents\GitHub\CDF-Dashboard2017\home.aspx.cs:line 35 
 
2018-08-30 11:34:43,807 [18] ERROR home - GetData -128 
 System.NullReferenceException: Object reference not set to an instance of an object.
   at home.GetData() in c:\Users\Admin\Documents\GitHub\CDF-Dashboard2017\home.aspx.cs:line 114 
 
2018-08-30 11:34:43,832 [18] ERROR home - chart_bind -189 
 System.NullReferenceException: Object reference not set to an instance of an object.
   at home.chart_bind() in c:\Users\Admin\Documents\GitHub\CDF-Dashboard2017\home.aspx.cs:line 163 
 
2018-08-30 11:34:43,862 [18] ERROR home - GetData2 -151 
 System.NullReferenceException: Object reference not set to an instance of an object.
   at home.GetData2() in c:\Users\Admin\Documents\GitHub\CDF-Dashboard2017\home.aspx.cs:line 137 
 
2018-08-30 11:34:43,910 [18] ERROR home - chart_bind2 -226 
 System.NullReferenceException: Object reference not set to an instance of an object.
   at home.chart_bind2() in c:\Users\Admin\Documents\GitHub\CDF-Dashboard2017\home.aspx.cs:line 200 
 
2018-08-30 11:34:43,928 [18] ERROR home - bindgrid -328 
 System.NullReferenceException: Object reference not set to an instance of an object.
   at home.bindgrid() in c:\Users\Admin\Documents\GitHub\CDF-Dashboard2017\home.aspx.cs:line 292 
 
2018-08-30 11:34:44,159 [18] ERROR home - Page_Load -106 
 System.NullReferenceException: Object reference not set to an instance of an object.
   at home.Page_Load(Object sender, EventArgs e) in c:\Users\Admin\Documents\GitHub\CDF-Dashboard2017\home.aspx.cs:line 35 
 
2018-08-30 11:35:16,144 [18] ERROR Candidate_Previewleads - bindgrid -91 
 System.NullReferenceException: Object reference not set to an instance of an object.
   at Candidate_Previewleads.bindgrid() in c:\Users\Admin\Documents\GitHub\CDF-Dashboard2017\leads\Previewleads.aspx.cs:line 56 
 
2018-08-30 11:35:20,512 [15] ERROR Ticket_ViewTickets - bindgrid -95 
 System.NullReferenceException: Object reference not set to an instance of an object.
   at Ticket_ViewTickets.bindgrid() in c:\Users\Admin\Documents\GitHub\CDF-Dashboard2017\ticket\ViewTickets.aspx.cs:line 63 
 
2018-08-30 11:35:46,969 [18] ERROR Ticket_ViewTickets - bindgrid -95 
 System.NullReferenceException: Object reference not set to an instance of an object.
   at Ticket_ViewTickets.bindgrid() in c:\Users\Admin\Documents\GitHub\CDF-Dashboard2017\ticket\ViewTickets.aspx.cs:line 63 
 
2018-08-30 11:35:50,127 [19] ERROR Ticket_ViewTickets - bindgrid -95 
 System.NullReferenceException: Object reference not set to an instance of an object.
   at Ticket_ViewTickets.bindgrid() in c:\Users\Admin\Documents\GitHub\CDF-Dashboard2017\ticket\ViewTickets.aspx.cs:line 63 
 
2018-08-30 11:36:32,259 [19] ERROR Ticket_ViewTickets - bindgrid -95 
 System.NullReferenceException: Object reference not set to an instance of an object.
   at Ticket_ViewTickets.bindgrid() in c:\Users\Admin\Documents\GitHub\CDF-Dashboard2017\ticket\ViewTickets.aspx.cs:line 63 
 
2018-08-30 11:37:21,277 [18] ERROR home - GetData -128 
 System.NullReferenceException: Object reference not set to an instance of an object.
   at home.GetData() in c:\Users\Admin\Documents\GitHub\CDF-Dashboard2017\home.aspx.cs:line 114 
 
2018-08-30 11:37:21,299 [18] ERROR home - chart_bind -189 
 System.NullReferenceException: Object reference not set to an instance of an object.
   at home.chart_bind() in c:\Users\Admin\Documents\GitHub\CDF-Dashboard2017\home.aspx.cs:line 163 
 
2018-08-30 11:37:21,328 [18] ERROR home - GetData2 -151 
 System.NullReferenceException: Object reference not set to an instance of an object.
   at home.GetData2() in c:\Users\Admin\Documents\GitHub\CDF-Dashboard2017\home.aspx.cs:line 137 
 
2018-08-30 11:37:21,347 [18] ERROR home - chart_bind2 -226 
 System.NullReferenceException: Object reference not set to an instance of an object.
   at home.chart_bind2() in c:\Users\Admin\Documents\GitHub\CDF-Dashboard2017\home.aspx.cs:line 200 
 
2018-08-30 11:37:21,372 [18] ERROR home - bindgrid -328 
 System.NullReferenceException: Object reference not set to an instance of an object.
   at home.bindgrid() in c:\Users\Admin\Documents\GitHub\CDF-Dashboard2017\home.aspx.cs:line 292 
 
2018-08-30 11:37:21,571 [18] ERROR home - Page_Load -106 
 System.NullReferenceException: Object reference not set to an instance of an object.
   at home.Page_Load(Object sender, EventArgs e) in c:\Users\Admin\Documents\GitHub\CDF-Dashboard2017\home.aspx.cs:line 35 
 
2018-08-30 12:06:27,787 [20] ERROR home - GetData -128 
 System.NullReferenceException: Object reference not set to an instance of an object.
   at home.GetData() in c:\Users\Admin\Documents\GitHub\CDF-Dashboard2017\home.aspx.cs:line 114 
 
2018-08-30 12:06:27,818 [20] ERROR home - chart_bind -189 
 System.NullReferenceException: Object reference not set to an instance of an object.
   at home.chart_bind() in c:\Users\Admin\Documents\GitHub\CDF-Dashboard2017\home.aspx.cs:line 163 
 
2018-08-30 12:06:27,838 [20] ERROR home - GetData2 -151 
 System.NullReferenceException: Object reference not set to an instance of an object.
   at home.GetData2() in c:\Users\Admin\Documents\GitHub\CDF-Dashboard2017\home.aspx.cs:line 137 
 
2018-08-30 12:06:27,854 [20] ERROR home - chart_bind2 -226 
 System.NullReferenceException: Object reference not set to an instance of an object.
   at home.chart_bind2() in c:\Users\Admin\Documents\GitHub\CDF-Dashboard2017\home.aspx.cs:line 200 
 
2018-08-30 12:06:27,880 [20] ERROR home - bindgrid -328 
 System.NullReferenceException: Object reference not set to an instance of an object.
   at home.bindgrid() in c:\Users\Admin\Documents\GitHub\CDF-Dashboard2017\home.aspx.cs:line 292 
 
2018-08-30 12:06:28,099 [20] ERROR home - Page_Load -106 
 System.NullReferenceException: Object reference not set to an instance of an object.
   at home.Page_Load(Object sender, EventArgs e) in c:\Users\Admin\Documents\GitHub\CDF-Dashboard2017\home.aspx.cs:line 35 
 
2018-08-30 12:07:16,257 [16] ERROR home - GetData -128 
 System.NullReferenceException: Object reference not set to an instance of an object.
   at home.GetData() in c:\Users\Admin\Documents\GitHub\CDF-Dashboard2017\home.aspx.cs:line 114 
 
2018-08-30 12:07:16,274 [16] ERROR home - chart_bind -189 
 System.NullReferenceException: Object reference not set to an instance of an object.
   at home.chart_bind() in c:\Users\Admin\Documents\GitHub\CDF-Dashboard2017\home.aspx.cs:line 163 
 
2018-08-30 12:07:16,291 [16] ERROR home - GetData2 -151 
 System.NullReferenceException: Object reference not set to an instance of an object.
   at home.GetData2() in c:\Users\Admin\Documents\GitHub\CDF-Dashboard2017\home.aspx.cs:line 137 
 
2018-08-30 12:07:16,316 [16] ERROR home - chart_bind2 -226 
 System.NullReferenceException: Object reference not set to an instance of an object.
   at home.chart_bind2() in c:\Users\Admin\Documents\GitHub\CDF-Dashboard2017\home.aspx.cs:line 200 
 
2018-08-30 12:07:16,334 [16] ERROR home - bindgrid -328 
 System.NullReferenceException: Object reference not set to an instance of an object.
   at home.bindgrid() in c:\Users\Admin\Documents\GitHub\CDF-Dashboard2017\home.aspx.cs:line 292 
 
2018-08-30 12:07:16,542 [16] ERROR home - Page_Load -106 
 System.NullReferenceException: Object reference not set to an instance of an object.
   at home.Page_Load(Object sender, EventArgs e) in c:\Users\Admin\Documents\GitHub\CDF-Dashboard2017\home.aspx.cs:line 35 
 
2018-08-30 12:09:11,360 [5] ERROR home - GetData -128 
 System.NullReferenceException: Object reference not set to an instance of an object.
   at home.GetData() in c:\Users\Admin\Documents\GitHub\CDF-Dashboard2017\home.aspx.cs:line 114 
 
2018-08-30 12:09:11,380 [5] ERROR home - chart_bind -189 
 System.NullReferenceException: Object reference not set to an instance of an object.
   at home.chart_bind() in c:\Users\Admin\Documents\GitHub\CDF-Dashboard2017\home.aspx.cs:line 163 
 
2018-08-30 12:09:11,398 [5] ERROR home - GetData2 -151 
 System.NullReferenceException: Object reference not set to an instance of an object.
   at home.GetData2() in c:\Users\Admin\Documents\GitHub\CDF-Dashboard2017\home.aspx.cs:line 137 
 
2018-08-30 12:09:11,413 [5] ERROR home - chart_bind2 -226 
 System.NullReferenceException: Object reference not set to an instance of an object.
   at home.chart_bind2() in c:\Users\Admin\Documents\GitHub\CDF-Dashboard2017\home.aspx.cs:line 200 
 
2018-08-30 12:09:11,429 [5] ERROR home - bindgrid -328 
 System.NullReferenceException: Object reference not set to an instance of an object.
   at home.bindgrid() in c:\Users\Admin\Documents\GitHub\CDF-Dashboard2017\home.aspx.cs:line 292 
 
2018-08-30 12:09:11,645 [5] ERROR home - Page_Load -106 
 System.NullReferenceException: Object reference not set to an instance of an object.
   at home.Page_Load(Object sender, EventArgs e) in c:\Users\Admin\Documents\GitHub\CDF-Dashboard2017\home.aspx.cs:line 35 
 
2018-08-30 12:10:05,687 [15] ERROR home - GetData -128 
 System.NullReferenceException: Object reference not set to an instance of an object.
   at home.GetData() in c:\Users\Admin\Documents\GitHub\CDF-Dashboard2017\home.aspx.cs:line 114 
 
2018-08-30 12:10:05,709 [15] ERROR home - chart_bind -189 
 System.NullReferenceException: Object reference not set to an instance of an object.
   at home.chart_bind() in c:\Users\Admin\Documents\GitHub\CDF-Dashboard2017\home.aspx.cs:line 163 
 
2018-08-30 12:10:05,727 [15] ERROR home - GetData2 -151 
 System.NullReferenceException: Object reference not set to an instance of an object.
   at home.GetData2() in c:\Users\Admin\Documents\GitHub\CDF-Dashboard2017\home.aspx.cs:line 137 
 
2018-08-30 12:10:05,742 [15] ERROR home - chart_bind2 -226 
 System.NullReferenceException: Object reference not set to an instance of an object.
   at home.chart_bind2() in c:\Users\Admin\Documents\GitHub\CDF-Dashboard2017\home.aspx.cs:line 200 
 
2018-08-30 12:10:05,759 [15] ERROR home - bindgrid -328 
 System.NullReferenceException: Object reference not set to an instance of an object.
   at home.bindgrid() in c:\Users\Admin\Documents\GitHub\CDF-Dashboard2017\home.aspx.cs:line 292 
 
2018-08-30 12:10:06,283 [15] ERROR home - Page_Load -106 
 System.NullReferenceException: Object reference not set to an instance of an object.
   at home.Page_Load(Object sender, EventArgs e) in c:\Users\Admin\Documents\GitHub\CDF-Dashboard2017\home.aspx.cs:line 35 
 
2018-08-30 12:11:34,537 [17] ERROR home - GetData -128 
 System.NullReferenceException: Object reference not set to an instance of an object.
   at home.GetData() in c:\Users\Admin\Documents\GitHub\CDF-Dashboard2017\home.aspx.cs:line 114 
 
2018-08-30 12:11:34,554 [17] ERROR home - chart_bind -189 
 System.NullReferenceException: Object reference not set to an instance of an object.
   at home.chart_bind() in c:\Users\Admin\Documents\GitHub\CDF-Dashboard2017\home.aspx.cs:line 163 
 
2018-08-30 12:11:34,573 [17] ERROR home - GetData2 -151 
 System.NullReferenceException: Object reference not set to an instance of an object.
   at home.GetData2() in c:\Users\Admin\Documents\GitHub\CDF-Dashboard2017\home.aspx.cs:line 137 
 
2018-08-30 12:11:34,599 [17] ERROR home - chart_bind2 -226 
 System.NullReferenceException: Object reference not set to an instance of an object.
   at home.chart_bind2() in c:\Users\Admin\Documents\GitHub\CDF-Dashboard2017\home.aspx.cs:line 200 
 
2018-08-30 12:11:34,615 [17] ERROR home - bindgrid -328 
 System.NullReferenceException: Object reference not set to an instance of an object.
   at home.bindgrid() in c:\Users\Admin\Documents\GitHub\CDF-Dashboard2017\home.aspx.cs:line 292 
 
2018-08-30 12:11:34,860 [17] ERROR home - Page_Load -106 
 System.NullReferenceException: Object reference not set to an instance of an object.
   at home.Page_Load(Object sender, EventArgs e) in c:\Users\Admin\Documents\GitHub\CDF-Dashboard2017\home.aspx.cs:line 35 
 
2018-08-30 12:14:49,844 [18] ERROR home - GetData -128 
 System.NullReferenceException: Object reference not set to an instance of an object.
   at home.GetData() in c:\Users\Admin\Documents\GitHub\CDF-Dashboard2017\home.aspx.cs:line 114 
 
2018-08-30 12:14:49,862 [18] ERROR home - chart_bind -189 
 System.NullReferenceException: Object reference not set to an instance of an object.
   at home.chart_bind() in c:\Users\Admin\Documents\GitHub\CDF-Dashboard2017\home.aspx.cs:line 163 
 
2018-08-30 12:14:49,882 [18] ERROR home - GetData2 -151 
 System.NullReferenceException: Object reference not set to an instance of an object.
   at home.GetData2() in c:\Users\Admin\Documents\GitHub\CDF-Dashboard2017\home.aspx.cs:line 137 
 
2018-08-30 12:14:49,900 [18] ERROR home - chart_bind2 -226 
 System.NullReferenceException: Object reference not set to an instance of an object.
   at home.chart_bind2() in c:\Users\Admin\Documents\GitHub\CDF-Dashboard2017\home.aspx.cs:line 200 
 
2018-08-30 12:14:49,925 [18] ERROR home - bindgrid -328 
 System.NullReferenceException: Object reference not set to an instance of an object.
   at home.bindgrid() in c:\Users\Admin\Documents\GitHub\CDF-Dashboard2017\home.aspx.cs:line 292 
 
2018-08-30 12:14:50,136 [18] ERROR home - Page_Load -106 
 System.NullReferenceException: Object reference not set to an instance of an object.
   at home.Page_Load(Object sender, EventArgs e) in c:\Users\Admin\Documents\GitHub\CDF-Dashboard2017\home.aspx.cs:line 35 
 
2018-08-30 12:18:03,991 [16] ERROR home - GetData -128 
 System.NullReferenceException: Object reference not set to an instance of an object.
   at home.GetData() in c:\Users\Admin\Documents\GitHub\CDF-Dashboard2017\home.aspx.cs:line 114 
 
2018-08-30 12:18:04,017 [16] ERROR home - chart_bind -189 
 System.NullReferenceException: Object reference not set to an instance of an object.
   at home.chart_bind() in c:\Users\Admin\Documents\GitHub\CDF-Dashboard2017\home.aspx.cs:line 163 
 
2018-08-30 12:18:04,037 [16] ERROR home - GetData2 -151 
 System.NullReferenceException: Object reference not set to an instance of an object.
   at home.GetData2() in c:\Users\Admin\Documents\GitHub\CDF-Dashboard2017\home.aspx.cs:line 137 
 
2018-08-30 12:18:04,056 [16] ERROR home - chart_bind2 -226 
 System.NullReferenceException: Object reference not set to an instance of an object.
   at home.chart_bind2() in c:\Users\Admin\Documents\GitHub\CDF-Dashboard2017\home.aspx.cs:line 200 
 
2018-08-30 12:18:04,073 [16] ERROR home - bindgrid -328 
 System.NullReferenceException: Object reference not set to an instance of an object.
   at home.bindgrid() in c:\Users\Admin\Documents\GitHub\CDF-Dashboard2017\home.aspx.cs:line 292 
 
2018-08-30 12:18:04,295 [16] ERROR home - Page_Load -106 
 System.NullReferenceException: Object reference not set to an instance of an object.
   at home.Page_Load(Object sender, EventArgs e) in c:\Users\Admin\Documents\GitHub\CDF-Dashboard2017\home.aspx.cs:line 35 
 
2018-08-30 12:20:39,672 [19] ERROR home - GetData -128 
 System.NullReferenceException: Object reference not set to an instance of an object.
   at home.GetData() in c:\Users\Admin\Documents\GitHub\CDF-Dashboard2017\home.aspx.cs:line 114 
 
2018-08-30 12:20:39,689 [19] ERROR home - chart_bind -189 
 System.NullReferenceException: Object reference not set to an instance of an object.
   at home.chart_bind() in c:\Users\Admin\Documents\GitHub\CDF-Dashboard2017\home.aspx.cs:line 163 
 
2018-08-30 12:20:39,714 [19] ERROR home - GetData2 -151 
 System.NullReferenceException: Object reference not set to an instance of an object.
   at home.GetData2() in c:\Users\Admin\Documents\GitHub\CDF-Dashboard2017\home.aspx.cs:line 137 
 
2018-08-30 12:20:39,731 [19] ERROR home - chart_bind2 -226 
 System.NullReferenceException: Object reference not set to an instance of an object.
   at home.chart_bind2() in c:\Users\Admin\Documents\GitHub\CDF-Dashboard2017\home.aspx.cs:line 200 
 
2018-08-30 12:20:39,749 [19] ERROR home - bindgrid -328 
 System.NullReferenceException: Object reference not set to an instance of an object.
   at home.bindgrid() in c:\Users\Admin\Documents\GitHub\CDF-Dashboard2017\home.aspx.cs:line 292 
 
2018-08-30 12:20:39,979 [19] ERROR home - Page_Load -106 
 System.NullReferenceException: Object reference not set to an instance of an object.
   at home.Page_Load(Object sender, EventArgs e) in c:\Users\Admin\Documents\GitHub\CDF-Dashboard2017\home.aspx.cs:line 35 
 
2018-08-30 12:22:06,635 [5] ERROR home - GetData -128 
 System.NullReferenceException: Object reference not set to an instance of an object.
   at home.GetData() in c:\Users\Admin\Documents\GitHub\CDF-Dashboard2017\home.aspx.cs:line 114 
 
2018-08-30 12:22:06,654 [5] ERROR home - chart_bind -189 
 System.NullReferenceException: Object reference not set to an instance of an object.
   at home.chart_bind() in c:\Users\Admin\Documents\GitHub\CDF-Dashboard2017\home.aspx.cs:line 163 
 
2018-08-30 12:22:06,683 [5] ERROR home - GetData2 -151 
 System.NullReferenceException: Object reference not set to an instance of an object.
   at home.GetData2() in c:\Users\Admin\Documents\GitHub\CDF-Dashboard2017\home.aspx.cs:line 137 
 
2018-08-30 12:22:06,700 [5] ERROR home - chart_bind2 -226 
 System.NullReferenceException: Object reference not set to an instance of an object.
   at home.chart_bind2() in c:\Users\Admin\Documents\GitHub\CDF-Dashboard2017\home.aspx.cs:line 200 
 
2018-08-30 12:22:06,717 [5] ERROR home - bindgrid -328 
 System.NullReferenceException: Object reference not set to an instance of an object.
   at home.bindgrid() in c:\Users\Admin\Documents\GitHub\CDF-Dashboard2017\home.aspx.cs:line 292 
 
2018-08-30 12:22:06,928 [5] ERROR home - Page_Load -106 
 System.NullReferenceException: Object reference not set to an instance of an object.
   at home.Page_Load(Object sender, EventArgs e) in c:\Users\Admin\Documents\GitHub\CDF-Dashboard2017\home.aspx.cs:line 35 
 
2018-08-30 12:51:04,335 [41] ERROR home - GetData -128 
 System.NullReferenceException: Object reference not set to an instance of an object.
   at home.GetData() in c:\Users\Admin\Documents\GitHub\CDF-Dashboard2017\home.aspx.cs:line 114 
 
2018-08-30 12:51:04,352 [41] ERROR home - chart_bind -189 
 System.NullReferenceException: Object reference not set to an instance of an object.
   at home.chart_bind() in c:\Users\Admin\Documents\GitHub\CDF-Dashboard2017\home.aspx.cs:line 163 
 
2018-08-30 12:51:04,376 [41] ERROR home - GetData2 -151 
 System.NullReferenceException: Object reference not set to an instance of an object.
   at home.GetData2() in c:\Users\Admin\Documents\GitHub\CDF-Dashboard2017\home.aspx.cs:line 137 
 
2018-08-30 12:51:04,392 [41] ERROR home - chart_bind2 -226 
 System.NullReferenceException: Object reference not set to an instance of an object.
   at home.chart_bind2() in c:\Users\Admin\Documents\GitHub\CDF-Dashboard2017\home.aspx.cs:line 200 
 
2018-08-30 12:51:04,408 [41] ERROR home - bindgrid -328 
 System.NullReferenceException: Object reference not set to an instance of an object.
   at home.bindgrid() in c:\Users\Admin\Documents\GitHub\CDF-Dashboard2017\home.aspx.cs:line 292 
 
2018-08-30 12:51:04,641 [41] ERROR home - Page_Load -106 
 System.NullReferenceException: Object reference not set to an instance of an object.
   at home.Page_Load(Object sender, EventArgs e) in c:\Users\Admin\Documents\GitHub\CDF-Dashboard2017\home.aspx.cs:line 35 
 
2018-08-30 12:52:07,320 [17] ERROR home - GetData -128 
 System.NullReferenceException: Object reference not set to an instance of an object.
   at home.GetData() in c:\Users\Admin\Documents\GitHub\CDF-Dashboard2017\home.aspx.cs:line 114 
 
2018-08-30 12:52:07,343 [17] ERROR home - chart_bind -189 
 System.NullReferenceException: Object reference not set to an instance of an object.
   at home.chart_bind() in c:\Users\Admin\Documents\GitHub\CDF-Dashboard2017\home.aspx.cs:line 163 
 
2018-08-30 12:52:07,360 [17] ERROR home - GetData2 -151 
 System.NullReferenceException: Object reference not set to an instance of an object.
   at home.GetData2() in c:\Users\Admin\Documents\GitHub\CDF-Dashboard2017\home.aspx.cs:line 137 
 
2018-08-30 12:52:07,376 [17] ERROR home - chart_bind2 -226 
 System.NullReferenceException: Object reference not set to an instance of an object.
   at home.chart_bind2() in c:\Users\Admin\Documents\GitHub\CDF-Dashboard2017\home.aspx.cs:line 200 
 
2018-08-30 12:52:07,395 [17] ERROR home - bindgrid -328 
 System.NullReferenceException: Object reference not set to an instance of an object.
   at home.bindgrid() in c:\Users\Admin\Documents\GitHub\CDF-Dashboard2017\home.aspx.cs:line 292 
 
2018-08-30 12:52:07,634 [17] ERROR home - Page_Load -106 
 System.NullReferenceException: Object reference not set to an instance of an object.
   at home.Page_Load(Object sender, EventArgs e) in c:\Users\Admin\Documents\GitHub\CDF-Dashboard2017\home.aspx.cs:line 35 
 
2018-08-30 14:30:48,280 [9] ERROR home - GetData -128 
 System.NullReferenceException: Object reference not set to an instance of an object.
   at home.GetData() in c:\Users\Admin\Documents\GitHub\CDF-Dashboard2017\home.aspx.cs:line 114 
 
2018-08-30 14:30:48,336 [9] ERROR home - chart_bind -189 
 System.NullReferenceException: Object reference not set to an instance of an object.
   at home.chart_bind() in c:\Users\Admin\Documents\GitHub\CDF-Dashboard2017\home.aspx.cs:line 163 
 
2018-08-30 14:30:48,356 [9] ERROR home - GetData2 -151 
 System.NullReferenceException: Object reference not set to an instance of an object.
   at home.GetData2() in c:\Users\Admin\Documents\GitHub\CDF-Dashboard2017\home.aspx.cs:line 137 
 
2018-08-30 14:30:48,383 [9] ERROR home - chart_bind2 -226 
 System.NullReferenceException: Object reference not set to an instance of an object.
   at home.chart_bind2() in c:\Users\Admin\Documents\GitHub\CDF-Dashboard2017\home.aspx.cs:line 200 
 
2018-08-30 14:30:48,402 [9] ERROR home - bindgrid -328 
 System.NullReferenceException: Object reference not set to an instance of an object.
   at home.bindgrid() in c:\Users\Admin\Documents\GitHub\CDF-Dashboard2017\home.aspx.cs:line 292 
 
2018-08-30 14:30:49,364 [9] ERROR home - Page_Load -106 
 System.NullReferenceException: Object reference not set to an instance of an object.
   at home.Page_Load(Object sender, EventArgs e) in c:\Users\Admin\Documents\GitHub\CDF-Dashboard2017\home.aspx.cs:line 35 
 
2018-08-30 14:33:55,812 [11] ERROR home - GetData -128 
 System.NullReferenceException: Object reference not set to an instance of an object.
   at home.GetData() in c:\Users\Admin\Documents\GitHub\CDF-Dashboard2017\home.aspx.cs:line 114 
 
2018-08-30 14:33:55,829 [11] ERROR home - chart_bind -189 
 System.NullReferenceException: Object reference not set to an instance of an object.
   at home.chart_bind() in c:\Users\Admin\Documents\GitHub\CDF-Dashboard2017\home.aspx.cs:line 163 
 
2018-08-30 14:33:55,846 [11] ERROR home - GetData2 -151 
 System.NullReferenceException: Object reference not set to an instance of an object.
   at home.GetData2() in c:\Users\Admin\Documents\GitHub\CDF-Dashboard2017\home.aspx.cs:line 137 
 
2018-08-30 14:33:55,862 [11] ERROR home - chart_bind2 -226 
 System.NullReferenceException: Object reference not set to an instance of an object.
   at home.chart_bind2() in c:\Users\Admin\Documents\GitHub\CDF-Dashboard2017\home.aspx.cs:line 200 
 
2018-08-30 14:33:55,879 [11] ERROR home - bindgrid -328 
 System.NullReferenceException: Object reference not set to an instance of an object.
   at home.bindgrid() in c:\Users\Admin\Documents\GitHub\CDF-Dashboard2017\home.aspx.cs:line 292 
 
2018-08-30 14:33:56,229 [11] ERROR home - Page_Load -106 
 System.NullReferenceException: Object reference not set to an instance of an object.
   at home.Page_Load(Object sender, EventArgs e) in c:\Users\Admin\Documents\GitHub\CDF-Dashboard2017\home.aspx.cs:line 35 
 
2018-08-30 14:34:53,803 [5] ERROR home - GetData -128 
 System.NullReferenceException: Object reference not set to an instance of an object.
   at home.GetData() in c:\Users\Admin\Documents\GitHub\CDF-Dashboard2017\home.aspx.cs:line 114 
 
2018-08-30 14:34:53,833 [5] ERROR home - chart_bind -189 
 System.NullReferenceException: Object reference not set to an instance of an object.
   at home.chart_bind() in c:\Users\Admin\Documents\GitHub\CDF-Dashboard2017\home.aspx.cs:line 163 
 
2018-08-30 14:34:53,851 [5] ERROR home - GetData2 -151 
 System.NullReferenceException: Object reference not set to an instance of an object.
   at home.GetData2() in c:\Users\Admin\Documents\GitHub\CDF-Dashboard2017\home.aspx.cs:line 137 
 
2018-08-30 14:34:53,869 [5] ERROR home - chart_bind2 -226 
 System.NullReferenceException: Object reference not set to an instance of an object.
   at home.chart_bind2() in c:\Users\Admin\Documents\GitHub\CDF-Dashboard2017\home.aspx.cs:line 200 
 
2018-08-30 14:34:53,893 [5] ERROR home - bindgrid -328 
 System.NullReferenceException: Object reference not set to an instance of an object.
   at home.bindgrid() in c:\Users\Admin\Documents\GitHub\CDF-Dashboard2017\home.aspx.cs:line 292 
 
2018-08-30 14:34:54,191 [5] ERROR home - Page_Load -106 
 System.NullReferenceException: Object reference not set to an instance of an object.
   at home.Page_Load(Object sender, EventArgs e) in c:\Users\Admin\Documents\GitHub\CDF-Dashboard2017\home.aspx.cs:line 35 
 
2018-08-30 14:37:36,979 [18] ERROR home - GetData -128 
 System.NullReferenceException: Object reference not set to an instance of an object.
   at home.GetData() in c:\Users\Admin\Documents\GitHub\CDF-Dashboard2017\home.aspx.cs:line 114 
 
2018-08-30 14:37:36,998 [18] ERROR home - chart_bind -189 
 System.NullReferenceException: Object reference not set to an instance of an object.
   at home.chart_bind() in c:\Users\Admin\Documents\GitHub\CDF-Dashboard2017\home.aspx.cs:line 163 
 
2018-08-30 14:37:37,015 [18] ERROR home - GetData2 -151 
 System.NullReferenceException: Object reference not set to an instance of an object.
   at home.GetData2() in c:\Users\Admin\Documents\GitHub\CDF-Dashboard2017\home.aspx.cs:line 137 
 
2018-08-30 14:37:37,031 [18] ERROR home - chart_bind2 -226 
 System.NullReferenceException: Object reference not set to an instance of an object.
   at home.chart_bind2() in c:\Users\Admin\Documents\GitHub\CDF-Dashboard2017\home.aspx.cs:line 200 
 
2018-08-30 14:37:37,054 [18] ERROR home - bindgrid -328 
 System.NullReferenceException: Object reference not set to an instance of an object.
   at home.bindgrid() in c:\Users\Admin\Documents\GitHub\CDF-Dashboard2017\home.aspx.cs:line 292 
 
2018-08-30 14:37:37,445 [18] ERROR home - Page_Load -106 
 System.NullReferenceException: Object reference not set to an instance of an object.
   at home.Page_Load(Object sender, EventArgs e) in c:\Users\Admin\Documents\GitHub\CDF-Dashboard2017\home.aspx.cs:line 35 
 
2018-08-30 14:39:32,783 [21] ERROR home - GetData -128 
 System.NullReferenceException: Object reference not set to an instance of an object.
   at home.GetData() in c:\Users\Admin\Documents\GitHub\CDF-Dashboard2017\home.aspx.cs:line 114 
 
2018-08-30 14:39:32,802 [21] ERROR home - chart_bind -189 
 System.NullReferenceException: Object reference not set to an instance of an object.
   at home.chart_bind() in c:\Users\Admin\Documents\GitHub\CDF-Dashboard2017\home.aspx.cs:line 163 
 
2018-08-30 14:39:32,822 [21] ERROR home - GetData2 -151 
 System.NullReferenceException: Object reference not set to an instance of an object.
   at home.GetData2() in c:\Users\Admin\Documents\GitHub\CDF-Dashboard2017\home.aspx.cs:line 137 
 
2018-08-30 14:39:32,839 [21] ERROR home - chart_bind2 -226 
 System.NullReferenceException: Object reference not set to an instance of an object.
   at home.chart_bind2() in c:\Users\Admin\Documents\GitHub\CDF-Dashboard2017\home.aspx.cs:line 200 
 
2018-08-30 14:39:32,866 [21] ERROR home - bindgrid -328 
 System.NullReferenceException: Object reference not set to an instance of an object.
   at home.bindgrid() in c:\Users\Admin\Documents\GitHub\CDF-Dashboard2017\home.aspx.cs:line 292 
 
2018-08-30 14:39:33,306 [21] ERROR home - Page_Load -106 
 System.NullReferenceException: Object reference not set to an instance of an object.
   at home.Page_Load(Object sender, EventArgs e) in c:\Users\Admin\Documents\GitHub\CDF-Dashboard2017\home.aspx.cs:line 35 
 
2018-08-30 14:50:26,898 [23] ERROR home - GetData -128 
 System.NullReferenceException: Object reference not set to an instance of an object.
   at home.GetData() in c:\Users\Admin\Documents\GitHub\CDF-Dashboard2017\home.aspx.cs:line 114 
 
2018-08-30 14:50:26,921 [23] ERROR home - chart_bind -189 
 System.NullReferenceException: Object reference not set to an instance of an object.
   at home.chart_bind() in c:\Users\Admin\Documents\GitHub\CDF-Dashboard2017\home.aspx.cs:line 163 
 
2018-08-30 14:50:26,939 [23] ERROR home - GetData2 -151 
 System.NullReferenceException: Object reference not set to an instance of an object.
   at home.GetData2() in c:\Users\Admin\Documents\GitHub\CDF-Dashboard2017\home.aspx.cs:line 137 
 
2018-08-30 14:50:26,954 [23] ERROR home - chart_bind2 -226 
 System.NullReferenceException: Object reference not set to an instance of an object.
   at home.chart_bind2() in c:\Users\Admin\Documents\GitHub\CDF-Dashboard2017\home.aspx.cs:line 200 
 
2018-08-30 14:50:26,972 [23] ERROR home - bindgrid -328 
 System.NullReferenceException: Object reference not set to an instance of an object.
   at home.bindgrid() in c:\Users\Admin\Documents\GitHub\CDF-Dashboard2017\home.aspx.cs:line 292 
 
2018-08-30 14:50:27,338 [23] ERROR home - Page_Load -106 
 System.NullReferenceException: Object reference not set to an instance of an object.
   at home.Page_Load(Object sender, EventArgs e) in c:\Users\Admin\Documents\GitHub\CDF-Dashboard2017\home.aspx.cs:line 35 
 
2018-08-30 14:55:13,130 [18] ERROR home - GetData -128 
 System.NullReferenceException: Object reference not set to an instance of an object.
   at home.GetData() in c:\Users\Admin\Documents\GitHub\CDF-Dashboard2017\home.aspx.cs:line 114 
 
2018-08-30 14:55:13,183 [18] ERROR home - chart_bind -189 
 System.NullReferenceException: Object reference not set to an instance of an object.
   at home.chart_bind() in c:\Users\Admin\Documents\GitHub\CDF-Dashboard2017\home.aspx.cs:line 163 
 
2018-08-30 14:55:13,208 [18] ERROR home - GetData2 -151 
 System.NullReferenceException: Object reference not set to an instance of an object.
   at home.GetData2() in c:\Users\Admin\Documents\GitHub\CDF-Dashboard2017\home.aspx.cs:line 137 
 
2018-08-30 14:55:13,223 [18] ERROR home - chart_bind2 -226 
 System.NullReferenceException: Object reference not set to an instance of an object.
   at home.chart_bind2() in c:\Users\Admin\Documents\GitHub\CDF-Dashboard2017\home.aspx.cs:line 200 
 
2018-08-30 14:55:13,240 [18] ERROR home - bindgrid -328 
 System.NullReferenceException: Object reference not set to an instance of an object.
   at home.bindgrid() in c:\Users\Admin\Documents\GitHub\CDF-Dashboard2017\home.aspx.cs:line 292 
 
2018-08-30 14:55:13,532 [18] ERROR home - Page_Load -106 
 System.NullReferenceException: Object reference not set to an instance of an object.
   at home.Page_Load(Object sender, EventArgs e) in c:\Users\Admin\Documents\GitHub\CDF-Dashboard2017\home.aspx.cs:line 35 
 
2018-08-30 14:56:27,288 [5] ERROR home - GetData -128 
 System.NullReferenceException: Object reference not set to an instance of an object.
   at home.GetData() in c:\Users\Admin\Documents\GitHub\CDF-Dashboard2017\home.aspx.cs:line 114 
 
2018-08-30 14:56:27,305 [5] ERROR home - chart_bind -189 
 System.NullReferenceException: Object reference not set to an instance of an object.
   at home.chart_bind() in c:\Users\Admin\Documents\GitHub\CDF-Dashboard2017\home.aspx.cs:line 163 
 
2018-08-30 14:56:27,329 [5] ERROR home - GetData2 -151 
 System.NullReferenceException: Object reference not set to an instance of an object.
   at home.GetData2() in c:\Users\Admin\Documents\GitHub\CDF-Dashboard2017\home.aspx.cs:line 137 
 
2018-08-30 14:56:27,345 [5] ERROR home - chart_bind2 -226 
 System.NullReferenceException: Object reference not set to an instance of an object.
   at home.chart_bind2() in c:\Users\Admin\Documents\GitHub\CDF-Dashboard2017\home.aspx.cs:line 200 
 
2018-08-30 14:56:27,362 [5] ERROR home - bindgrid -328 
 System.NullReferenceException: Object reference not set to an instance of an object.
   at home.bindgrid() in c:\Users\Admin\Documents\GitHub\CDF-Dashboard2017\home.aspx.cs:line 292 
 
2018-08-30 14:56:27,685 [5] ERROR home - Page_Load -106 
 System.NullReferenceException: Object reference not set to an instance of an object.
   at home.Page_Load(Object sender, EventArgs e) in c:\Users\Admin\Documents\GitHub\CDF-Dashboard2017\home.aspx.cs:line 35 
 
2018-08-30 14:58:47,190 [5] ERROR CDFMaster - Page_Load -36 
 System.NullReferenceException: Object reference not set to an instance of an object.
   at CDFMaster.Page_Load(Object sender, EventArgs e) in c:\Users\Admin\Documents\GitHub\CDF-Dashboard2017\Admin\admin-master.master.cs:line 12 
 
2018-08-30 15:00:52,874 [5] ERROR home - GetData -128 
 System.NullReferenceException: Object reference not set to an instance of an object.
   at home.GetData() in c:\Users\Admin\Documents\GitHub\CDF-Dashboard2017\home.aspx.cs:line 114 
 
2018-08-30 15:00:52,892 [5] ERROR home - chart_bind -189 
 System.NullReferenceException: Object reference not set to an instance of an object.
   at home.chart_bind() in c:\Users\Admin\Documents\GitHub\CDF-Dashboard2017\home.aspx.cs:line 163 
 
2018-08-30 15:00:52,927 [5] ERROR home - GetData2 -151 
 System.NullReferenceException: Object reference not set to an instance of an object.
   at home.GetData2() in c:\Users\Admin\Documents\GitHub\CDF-Dashboard2017\home.aspx.cs:line 137 
 
2018-08-30 15:00:52,943 [5] ERROR home - chart_bind2 -226 
 System.NullReferenceException: Object reference not set to an instance of an object.
   at home.chart_bind2() in c:\Users\Admin\Documents\GitHub\CDF-Dashboard2017\home.aspx.cs:line 200 
 
2018-08-30 15:00:52,959 [5] ERROR home - bindgrid -328 
 System.NullReferenceException: Object reference not set to an instance of an object.
   at home.bindgrid() in c:\Users\Admin\Documents\GitHub\CDF-Dashboard2017\home.aspx.cs:line 292 
 
2018-08-30 15:00:53,251 [5] ERROR home - Page_Load -106 
 System.NullReferenceException: Object reference not set to an instance of an object.
   at home.Page_Load(Object sender, EventArgs e) in c:\Users\Admin\Documents\GitHub\CDF-Dashboard2017\home.aspx.cs:line 35 
 
2018-08-30 15:04:54,728 [9] ERROR home - GetData -128 
 System.NullReferenceException: Object reference not set to an instance of an object.
   at home.GetData() in c:\Users\Admin\Documents\GitHub\CDF-Dashboard2017\home.aspx.cs:line 114 
 
2018-08-30 15:04:54,747 [9] ERROR home - chart_bind -189 
 System.NullReferenceException: Object reference not set to an instance of an object.
   at home.chart_bind() in c:\Users\Admin\Documents\GitHub\CDF-Dashboard2017\home.aspx.cs:line 163 
 
2018-08-30 15:04:54,772 [9] ERROR home - GetData2 -151 
 System.NullReferenceException: Object reference not set to an instance of an object.
   at home.GetData2() in c:\Users\Admin\Documents\GitHub\CDF-Dashboard2017\home.aspx.cs:line 137 
 
2018-08-30 15:04:54,788 [9] ERROR home - chart_bind2 -226 
 System.NullReferenceException: Object reference not set to an instance of an object.
   at home.chart_bind2() in c:\Users\Admin\Documents\GitHub\CDF-Dashboard2017\home.aspx.cs:line 200 
 
2018-08-30 15:04:54,804 [9] ERROR home - bindgrid -328 
 System.NullReferenceException: Object reference not set to an instance of an object.
   at home.bindgrid() in c:\Users\Admin\Documents\GitHub\CDF-Dashboard2017\home.aspx.cs:line 292 
 
2018-08-30 15:04:55,094 [9] ERROR home - Page_Load -106 
 System.NullReferenceException: Object reference not set to an instance of an object.
   at home.Page_Load(Object sender, EventArgs e) in c:\Users\Admin\Documents\GitHub\CDF-Dashboard2017\home.aspx.cs:line 35 
 
2018-08-30 15:08:42,989 [11] ERROR home - GetData -128 
 System.NullReferenceException: Object reference not set to an instance of an object.
   at home.GetData() in c:\Users\Admin\Documents\GitHub\CDF-Dashboard2017\home.aspx.cs:line 114 
 
2018-08-30 15:08:43,016 [11] ERROR home - chart_bind -189 
 System.NullReferenceException: Object reference not set to an instance of an object.
   at home.chart_bind() in c:\Users\Admin\Documents\GitHub\CDF-Dashboard2017\home.aspx.cs:line 163 
 
2018-08-30 15:08:43,032 [11] ERROR home - GetData2 -151 
 System.NullReferenceException: Object reference not set to an instance of an object.
   at home.GetData2() in c:\Users\Admin\Documents\GitHub\CDF-Dashboard2017\home.aspx.cs:line 137 
 
2018-08-30 15:08:43,047 [11] ERROR home - chart_bind2 -226 
 System.NullReferenceException: Object reference not set to an instance of an object.
   at home.chart_bind2() in c:\Users\Admin\Documents\GitHub\CDF-Dashboard2017\home.aspx.cs:line 200 
 
2018-08-30 15:08:43,065 [11] ERROR home - bindgrid -328 
 System.NullReferenceException: Object reference not set to an instance of an object.
   at home.bindgrid() in c:\Users\Admin\Documents\GitHub\CDF-Dashboard2017\home.aspx.cs:line 292 
 
2018-08-30 15:08:43,434 [11] ERROR home - Page_Load -106 
 System.NullReferenceException: Object reference not set to an instance of an object.
   at home.Page_Load(Object sender, EventArgs e) in c:\Users\Admin\Documents\GitHub\CDF-Dashboard2017\home.aspx.cs:line 35 
 
2018-08-30 15:29:53,378 [8] ERROR home - GetData -128 
 System.NullReferenceException: Object reference not set to an instance of an object.
   at home.GetData() in c:\Users\Admin\Documents\GitHub\CDF-Dashboard2017\home.aspx.cs:line 114 
 
2018-08-30 15:29:53,485 [8] ERROR home - chart_bind -189 
 System.NullReferenceException: Object reference not set to an instance of an object.
   at home.chart_bind() in c:\Users\Admin\Documents\GitHub\CDF-Dashboard2017\home.aspx.cs:line 163 
 
2018-08-30 15:29:53,505 [8] ERROR home - GetData2 -151 
 System.NullReferenceException: Object reference not set to an instance of an object.
   at home.GetData2() in c:\Users\Admin\Documents\GitHub\CDF-Dashboard2017\home.aspx.cs:line 137 
 
2018-08-30 15:29:53,521 [8] ERROR home - chart_bind2 -226 
 System.NullReferenceException: Object reference not set to an instance of an object.
   at home.chart_bind2() in c:\Users\Admin\Documents\GitHub\CDF-Dashboard2017\home.aspx.cs:line 200 
 
2018-08-30 15:29:53,544 [8] ERROR home - bindgrid -328 
 System.NullReferenceException: Object reference not set to an instance of an object.
   at home.bindgrid() in c:\Users\Admin\Documents\GitHub\CDF-Dashboard2017\home.aspx.cs:line 292 
 
2018-08-30 15:29:57,036 [8] ERROR home - Page_Load -106 
 System.NullReferenceException: Object reference not set to an instance of an object.
   at home.Page_Load(Object sender, EventArgs e) in c:\Users\Admin\Documents\GitHub\CDF-Dashboard2017\home.aspx.cs:line 35 
 
2018-08-30 15:30:38,442 [10] ERROR home - GetData -128 
 System.NullReferenceException: Object reference not set to an instance of an object.
   at home.GetData() in c:\Users\Admin\Documents\GitHub\CDF-Dashboard2017\home.aspx.cs:line 114 
 
2018-08-30 15:30:38,471 [10] ERROR home - chart_bind -189 
 System.NullReferenceException: Object reference not set to an instance of an object.
   at home.chart_bind() in c:\Users\Admin\Documents\GitHub\CDF-Dashboard2017\home.aspx.cs:line 163 
 
2018-08-30 15:30:38,489 [10] ERROR home - GetData2 -151 
 System.NullReferenceException: Object reference not set to an instance of an object.
   at home.GetData2() in c:\Users\Admin\Documents\GitHub\CDF-Dashboard2017\home.aspx.cs:line 137 
 
2018-08-30 15:30:38,505 [10] ERROR home - chart_bind2 -226 
 System.NullReferenceException: Object reference not set to an instance of an object.
   at home.chart_bind2() in c:\Users\Admin\Documents\GitHub\CDF-Dashboard2017\home.aspx.cs:line 200 
 
2018-08-30 15:30:38,522 [10] ERROR home - bindgrid -328 
 System.NullReferenceException: Object reference not set to an instance of an object.
   at home.bindgrid() in c:\Users\Admin\Documents\GitHub\CDF-Dashboard2017\home.aspx.cs:line 292 
 
2018-08-30 15:30:39,166 [10] ERROR home - Page_Load -106 
 System.NullReferenceException: Object reference not set to an instance of an object.
   at home.Page_Load(Object sender, EventArgs e) in c:\Users\Admin\Documents\GitHub\CDF-Dashboard2017\home.aspx.cs:line 35 
 
2018-08-30 15:32:41,229 [11] ERROR home - GetData -128 
 System.NullReferenceException: Object reference not set to an instance of an object.
   at home.GetData() in c:\Users\Admin\Documents\GitHub\CDF-Dashboard2017\home.aspx.cs:line 114 
 
2018-08-30 15:32:41,249 [11] ERROR home - chart_bind -189 
 System.NullReferenceException: Object reference not set to an instance of an object.
   at home.chart_bind() in c:\Users\Admin\Documents\GitHub\CDF-Dashboard2017\home.aspx.cs:line 163 
 
2018-08-30 15:32:41,276 [11] ERROR home - GetData2 -151 
 System.NullReferenceException: Object reference not set to an instance of an object.
   at home.GetData2() in c:\Users\Admin\Documents\GitHub\CDF-Dashboard2017\home.aspx.cs:line 137 
 
2018-08-30 15:32:41,297 [11] ERROR home - chart_bind2 -226 
 System.NullReferenceException: Object reference not set to an instance of an object.
   at home.chart_bind2() in c:\Users\Admin\Documents\GitHub\CDF-Dashboard2017\home.aspx.cs:line 200 
 
2018-08-30 15:32:41,317 [11] ERROR home - bindgrid -328 
 System.NullReferenceException: Object reference not set to an instance of an object.
   at home.bindgrid() in c:\Users\Admin\Documents\GitHub\CDF-Dashboard2017\home.aspx.cs:line 292 
 
2018-08-30 15:32:42,325 [11] ERROR home - Page_Load -106 
 System.NullReferenceException: Object reference not set to an instance of an object.
   at home.Page_Load(Object sender, EventArgs e) in c:\Users\Admin\Documents\GitHub\CDF-Dashboard2017\home.aspx.cs:line 35 
 
2018-08-30 15:36:59,088 [7] ERROR home - GetData -128 
 System.NullReferenceException: Object reference not set to an instance of an object.
   at home.GetData() in c:\Users\Admin\Documents\GitHub\CDF-Dashboard2017\home.aspx.cs:line 114 
 
2018-08-30 15:36:59,108 [7] ERROR home - chart_bind -189 
 System.NullReferenceException: Object reference not set to an instance of an object.
   at home.chart_bind() in c:\Users\Admin\Documents\GitHub\CDF-Dashboard2017\home.aspx.cs:line 163 
 
2018-08-30 15:36:59,133 [7] ERROR home - GetData2 -151 
 System.NullReferenceException: Object reference not set to an instance of an object.
   at home.GetData2() in c:\Users\Admin\Documents\GitHub\CDF-Dashboard2017\home.aspx.cs:line 137 
 
2018-08-30 15:36:59,157 [7] ERROR home - chart_bind2 -226 
 System.NullReferenceException: Object reference not set to an instance of an object.
   at home.chart_bind2() in c:\Users\Admin\Documents\GitHub\CDF-Dashboard2017\home.aspx.cs:line 200 
 
2018-08-30 15:36:59,175 [7] ERROR home - bindgrid -328 
 System.NullReferenceException: Object reference not set to an instance of an object.
   at home.bindgrid() in c:\Users\Admin\Documents\GitHub\CDF-Dashboard2017\home.aspx.cs:line 292 
 
2018-08-30 15:37:02,411 [7] ERROR home - Page_Load -106 
 System.NullReferenceException: Object reference not set to an instance of an object.
   at home.Page_Load(Object sender, EventArgs e) in c:\Users\Admin\Documents\GitHub\CDF-Dashboard2017\home.aspx.cs:line 35 
 
2018-08-30 15:38:08,752 [8] ERROR home - GetData -128 
 System.NullReferenceException: Object reference not set to an instance of an object.
   at home.GetData() in c:\Users\Admin\Documents\GitHub\CDF-Dashboard2017\home.aspx.cs:line 114 
 
2018-08-30 15:38:08,769 [8] ERROR home - chart_bind -189 
 System.NullReferenceException: Object reference not set to an instance of an object.
   at home.chart_bind() in c:\Users\Admin\Documents\GitHub\CDF-Dashboard2017\home.aspx.cs:line 163 
 
2018-08-30 15:38:08,788 [8] ERROR home - GetData2 -151 
 System.NullReferenceException: Object reference not set to an instance of an object.
   at home.GetData2() in c:\Users\Admin\Documents\GitHub\CDF-Dashboard2017\home.aspx.cs:line 137 
 
2018-08-30 15:38:08,810 [8] ERROR home - chart_bind2 -226 
 System.NullReferenceException: Object reference not set to an instance of an object.
   at home.chart_bind2() in c:\Users\Admin\Documents\GitHub\CDF-Dashboard2017\home.aspx.cs:line 200 
 
2018-08-30 15:38:08,835 [8] ERROR home - bindgrid -328 
 System.NullReferenceException: Object reference not set to an instance of an object.
   at home.bindgrid() in c:\Users\Admin\Documents\GitHub\CDF-Dashboard2017\home.aspx.cs:line 292 
 
2018-08-30 15:38:09,535 [8] ERROR home - Page_Load -106 
 System.NullReferenceException: Object reference not set to an instance of an object.
   at home.Page_Load(Object sender, EventArgs e) in c:\Users\Admin\Documents\GitHub\CDF-Dashboard2017\home.aspx.cs:line 35 
 
2018-08-30 15:42:41,143 [14] ERROR Search_SearchSubco_Institute - select_subcourse -233 
 System.ArgumentOutOfRangeException: 'ddl_subconame' has a SelectedValue which is invalid because it does not exist in the list of items.
Parameter name: value
   at System.Web.UI.WebControls.ListControl.set_SelectedValue(String value)
   at Search_SearchSubco_Institute.select_subcourse(String strcmd) in c:\Users\Admin\Documents\GitHub\CDF-Dashboard2017\Search\SearchSubco_Institute.aspx.cs:line 227 
 
2018-08-30 15:52:10,837 [11] ERROR Admin_news_feed - btn_save_Click -69 
 System.Data.SqlClient.SqlException (0x80131904): Conversion failed when converting the varchar value 'admin' to data type int.
   at db_context.ExecNonQuery(String s_query) in c:\Users\Admin\Documents\GitHub\CDF-Dashboard2017\App_Code\db_context.cs:line 107
   at Admin_news_feed.btn_save_Click(Object sender, EventArgs e) in c:\Users\Admin\Documents\GitHub\CDF-Dashboard2017\Admin\news-feed.aspx.cs:line 63
ClientConnectionId:95bc2a53-c9a6-4748-a660-5ef09fa4a0ac
Error Number:245,State:1,Class:16 
 
2018-08-30 15:53:27,586 [13] ERROR Admin_news_feed - btn_save_Click -69 
 System.Data.SqlClient.SqlException (0x80131904): Conversion failed when converting the varchar value 'admin' to data type int.
   at db_context.ExecNonQuery(String s_query) in c:\Users\Admin\Documents\GitHub\CDF-Dashboard2017\App_Code\db_context.cs:line 107
   at Admin_news_feed.btn_save_Click(Object sender, EventArgs e) in c:\Users\Admin\Documents\GitHub\CDF-Dashboard2017\Admin\news-feed.aspx.cs:line 63
ClientConnectionId:95bc2a53-c9a6-4748-a660-5ef09fa4a0ac
Error Number:245,State:1,Class:16 
 
2018-08-30 15:55:00,752 [13] ERROR Admin_news_feed - btn_save_Click -69 
 System.Data.SqlClient.SqlException (0x80131904): Conversion failed when converting the varchar value 'admin' to data type int.
   at db_context.ExecNonQuery(String s_query) in c:\Users\Admin\Documents\GitHub\CDF-Dashboard2017\App_Code\db_context.cs:line 107
   at Admin_news_feed.btn_save_Click(Object sender, EventArgs e) in c:\Users\Admin\Documents\GitHub\CDF-Dashboard2017\Admin\news-feed.aspx.cs:line 63
ClientConnectionId:95bc2a53-c9a6-4748-a660-5ef09fa4a0ac
Error Number:245,State:1,Class:16 
 
2018-08-30 15:55:33,445 [5] ERROR Admin_news_feed - btn_save_Click -69 
 System.Data.SqlClient.SqlException (0x80131904): Conversion failed when converting the varchar value 'admin' to data type int.
   at db_context.ExecNonQuery(String s_query) in c:\Users\Admin\Documents\GitHub\CDF-Dashboard2017\App_Code\db_context.cs:line 107
   at Admin_news_feed.btn_save_Click(Object sender, EventArgs e) in c:\Users\Admin\Documents\GitHub\CDF-Dashboard2017\Admin\news-feed.aspx.cs:line 63
ClientConnectionId:2ef45323-7068-46ea-bc75-1bc02813dd47
Error Number:245,State:1,Class:16 
 
2018-08-30 15:56:14,440 [18] ERROR Admin_news_feed - btn_save_Click -69 
 System.Data.SqlClient.SqlException (0x80131904): Conversion failed when converting the varchar value 'admin' to data type int.
   at db_context.ExecNonQuery(String s_query) in c:\Users\Admin\Documents\GitHub\CDF-Dashboard2017\App_Code\db_context.cs:line 107
   at Admin_news_feed.btn_save_Click(Object sender, EventArgs e) in c:\Users\Admin\Documents\GitHub\CDF-Dashboard2017\Admin\news-feed.aspx.cs:line 63
ClientConnectionId:2ef45323-7068-46ea-bc75-1bc02813dd47
Error Number:245,State:1,Class:16 
 
2018-08-30 16:00:18,115 [5] ERROR home - GetData -128 
 System.NullReferenceException: Object reference not set to an instance of an object.
   at home.GetData() in c:\Users\Admin\Documents\GitHub\CDF-Dashboard2017\home.aspx.cs:line 114 
 
2018-08-30 16:00:18,161 [5] ERROR home - chart_bind -189 
 System.NullReferenceException: Object reference not set to an instance of an object.
   at home.chart_bind() in c:\Users\Admin\Documents\GitHub\CDF-Dashboard2017\home.aspx.cs:line 163 
 
2018-08-30 16:00:18,183 [5] ERROR home - GetData2 -151 
 System.NullReferenceException: Object reference not set to an instance of an object.
   at home.GetData2() in c:\Users\Admin\Documents\GitHub\CDF-Dashboard2017\home.aspx.cs:line 137 
 
2018-08-30 16:00:18,199 [5] ERROR home - chart_bind2 -226 
 System.NullReferenceException: Object reference not set to an instance of an object.
   at home.chart_bind2() in c:\Users\Admin\Documents\GitHub\CDF-Dashboard2017\home.aspx.cs:line 200 
 
2018-08-30 16:00:18,216 [5] ERROR home - bindgrid -328 
 System.NullReferenceException: Object reference not set to an instance of an object.
   at home.bindgrid() in c:\Users\Admin\Documents\GitHub\CDF-Dashboard2017\home.aspx.cs:line 292 
 
2018-08-30 16:00:18,651 [5] ERROR home - Page_Load -106 
 System.NullReferenceException: Object reference not set to an instance of an object.
   at home.Page_Load(Object sender, EventArgs e) in c:\Users\Admin\Documents\GitHub\CDF-Dashboard2017\home.aspx.cs:line 35 
 
2018-08-30 16:01:35,814 [5] ERROR Candidate_Previewleads - bindgrid -91 
 System.NullReferenceException: Object reference not set to an instance of an object.
   at Candidate_Previewleads.bindgrid() in c:\Users\Admin\Documents\GitHub\CDF-Dashboard2017\leads\Previewleads.aspx.cs:line 56 
 
2018-08-30 16:01:39,882 [16] ERROR Ticket_ViewTickets - bindgrid -95 
 System.NullReferenceException: Object reference not set to an instance of an object.
   at Ticket_ViewTickets.bindgrid() in c:\Users\Admin\Documents\GitHub\CDF-Dashboard2017\ticket\ViewTickets.aspx.cs:line 63 
 
