2018-08-31 15:31:21,517 [6] ERROR home - GetData -128 
 System.NullReferenceException: Object reference not set to an instance of an object.
   at home.GetData() in c:\Users\Admin\Documents\GitHub\CDF-Dashboard2017\home.aspx.cs:line 114 
 
2018-08-31 15:31:21,629 [6] ERROR home - chart_bind -189 
 System.NullReferenceException: Object reference not set to an instance of an object.
   at home.chart_bind() in c:\Users\Admin\Documents\GitHub\CDF-Dashboard2017\home.aspx.cs:line 163 
 
2018-08-31 15:31:21,651 [6] ERROR home - GetData2 -151 
 System.NullReferenceException: Object reference not set to an instance of an object.
   at home.GetData2() in c:\Users\Admin\Documents\GitHub\CDF-Dashboard2017\home.aspx.cs:line 137 
 
2018-08-31 15:31:21,681 [6] ERROR home - chart_bind2 -226 
 System.NullReferenceException: Object reference not set to an instance of an object.
   at home.chart_bind2() in c:\Users\Admin\Documents\GitHub\CDF-Dashboard2017\home.aspx.cs:line 200 
 
2018-08-31 15:31:21,704 [6] ERROR home - bindgrid -328 
 System.NullReferenceException: Object reference not set to an instance of an object.
   at home.bindgrid() in c:\Users\Admin\Documents\GitHub\CDF-Dashboard2017\home.aspx.cs:line 292 
 
2018-08-31 15:31:21,933 [6] ERROR home - Page_Load -106 
 System.NullReferenceException: Object reference not set to an instance of an object.
   at home.Page_Load(Object sender, EventArgs e) in c:\Users\Admin\Documents\GitHub\CDF-Dashboard2017\home.aspx.cs:line 35 
 
2018-08-31 15:37:11,909 [18] ERROR home - GetData -128 
 System.NullReferenceException: Object reference not set to an instance of an object.
   at home.GetData() in c:\Users\Admin\Documents\GitHub\CDF-Dashboard2017\home.aspx.cs:line 114 
 
2018-08-31 15:37:11,939 [18] ERROR home - chart_bind -189 
 System.NullReferenceException: Object reference not set to an instance of an object.
   at home.chart_bind() in c:\Users\Admin\Documents\GitHub\CDF-Dashboard2017\home.aspx.cs:line 163 
 
2018-08-31 15:37:11,959 [18] ERROR home - GetData2 -151 
 System.NullReferenceException: Object reference not set to an instance of an object.
   at home.GetData2() in c:\Users\Admin\Documents\GitHub\CDF-Dashboard2017\home.aspx.cs:line 137 
 
2018-08-31 15:37:11,989 [18] ERROR home - chart_bind2 -226 
 System.NullReferenceException: Object reference not set to an instance of an object.
   at home.chart_bind2() in c:\Users\Admin\Documents\GitHub\CDF-Dashboard2017\home.aspx.cs:line 200 
 
2018-08-31 15:37:12,018 [18] ERROR home - bindgrid -328 
 System.NullReferenceException: Object reference not set to an instance of an object.
   at home.bindgrid() in c:\Users\Admin\Documents\GitHub\CDF-Dashboard2017\home.aspx.cs:line 292 
 
2018-08-31 15:37:12,232 [18] ERROR home - Page_Load -106 
 System.NullReferenceException: Object reference not set to an instance of an object.
   at home.Page_Load(Object sender, EventArgs e) in c:\Users\Admin\Documents\GitHub\CDF-Dashboard2017\home.aspx.cs:line 35 
 
2018-08-31 17:40:33,799 [6] ERROR home - GetData -128 
 System.NullReferenceException: Object reference not set to an instance of an object.
   at home.GetData() in c:\Users\Admin\Documents\GitHub\CDF-Dashboard2017\home.aspx.cs:line 114 
 
2018-08-31 17:40:33,895 [6] ERROR home - chart_bind -189 
 System.NullReferenceException: Object reference not set to an instance of an object.
   at home.chart_bind() in c:\Users\Admin\Documents\GitHub\CDF-Dashboard2017\home.aspx.cs:line 163 
 
2018-08-31 17:40:33,918 [6] ERROR home - GetData2 -151 
 System.NullReferenceException: Object reference not set to an instance of an object.
   at home.GetData2() in c:\Users\Admin\Documents\GitHub\CDF-Dashboard2017\home.aspx.cs:line 137 
 
2018-08-31 17:40:33,936 [6] ERROR home - chart_bind2 -226 
 System.NullReferenceException: Object reference not set to an instance of an object.
   at home.chart_bind2() in c:\Users\Admin\Documents\GitHub\CDF-Dashboard2017\home.aspx.cs:line 200 
 
2018-08-31 17:40:33,954 [6] ERROR home - bindgrid -328 
 System.NullReferenceException: Object reference not set to an instance of an object.
   at home.bindgrid() in c:\Users\Admin\Documents\GitHub\CDF-Dashboard2017\home.aspx.cs:line 292 
 
2018-08-31 17:40:34,163 [6] ERROR home - Page_Load -106 
 System.NullReferenceException: Object reference not set to an instance of an object.
   at home.Page_Load(Object sender, EventArgs e) in c:\Users\Admin\Documents\GitHub\CDF-Dashboard2017\home.aspx.cs:line 35 
 
2018-08-31 18:11:18,342 [21] ERROR home - GetData -128 
 System.NullReferenceException: Object reference not set to an instance of an object.
   at home.GetData() in c:\Users\Admin\Documents\GitHub\CDF-Dashboard2017\home.aspx.cs:line 114 
 
2018-08-31 18:11:18,372 [21] ERROR home - chart_bind -189 
 System.NullReferenceException: Object reference not set to an instance of an object.
   at home.chart_bind() in c:\Users\Admin\Documents\GitHub\CDF-Dashboard2017\home.aspx.cs:line 163 
 
2018-08-31 18:11:18,393 [21] ERROR home - GetData2 -151 
 System.NullReferenceException: Object reference not set to an instance of an object.
   at home.GetData2() in c:\Users\Admin\Documents\GitHub\CDF-Dashboard2017\home.aspx.cs:line 137 
 
2018-08-31 18:11:18,409 [21] ERROR home - chart_bind2 -226 
 System.NullReferenceException: Object reference not set to an instance of an object.
   at home.chart_bind2() in c:\Users\Admin\Documents\GitHub\CDF-Dashboard2017\home.aspx.cs:line 200 
 
2018-08-31 18:11:18,426 [21] ERROR home - bindgrid -328 
 System.NullReferenceException: Object reference not set to an instance of an object.
   at home.bindgrid() in c:\Users\Admin\Documents\GitHub\CDF-Dashboard2017\home.aspx.cs:line 292 
 
2018-08-31 18:11:18,645 [21] ERROR home - Page_Load -106 
 System.NullReferenceException: Object reference not set to an instance of an object.
   at home.Page_Load(Object sender, EventArgs e) in c:\Users\Admin\Documents\GitHub\CDF-Dashboard2017\home.aspx.cs:line 35 
 
2018-08-31 18:20:41,222 [11] ERROR home - GetData -128 
 System.NullReferenceException: Object reference not set to an instance of an object.
   at home.GetData() in c:\Users\Admin\Documents\GitHub\CDF-Dashboard2017\home.aspx.cs:line 114 
 
2018-08-31 18:20:41,255 [11] ERROR home - chart_bind -189 
 System.NullReferenceException: Object reference not set to an instance of an object.
   at home.chart_bind() in c:\Users\Admin\Documents\GitHub\CDF-Dashboard2017\home.aspx.cs:line 163 
 
2018-08-31 18:20:41,274 [11] ERROR home - GetData2 -151 
 System.NullReferenceException: Object reference not set to an instance of an object.
   at home.GetData2() in c:\Users\Admin\Documents\GitHub\CDF-Dashboard2017\home.aspx.cs:line 137 
 
2018-08-31 18:20:41,303 [11] ERROR home - chart_bind2 -226 
 System.NullReferenceException: Object reference not set to an instance of an object.
   at home.chart_bind2() in c:\Users\Admin\Documents\GitHub\CDF-Dashboard2017\home.aspx.cs:line 200 
 
2018-08-31 18:20:41,325 [11] ERROR home - bindgrid -328 
 System.NullReferenceException: Object reference not set to an instance of an object.
   at home.bindgrid() in c:\Users\Admin\Documents\GitHub\CDF-Dashboard2017\home.aspx.cs:line 292 
 
2018-08-31 18:20:41,561 [11] ERROR home - Page_Load -106 
 System.NullReferenceException: Object reference not set to an instance of an object.
   at home.Page_Load(Object sender, EventArgs e) in c:\Users\Admin\Documents\GitHub\CDF-Dashboard2017\home.aspx.cs:line 35 
 
2018-08-31 18:39:10,503 [14] ERROR home - GetData -128 
 System.NullReferenceException: Object reference not set to an instance of an object.
   at home.GetData() in c:\Users\Admin\Documents\GitHub\CDF-Dashboard2017\home.aspx.cs:line 114 
 
2018-08-31 18:39:10,521 [14] ERROR home - chart_bind -189 
 System.NullReferenceException: Object reference not set to an instance of an object.
   at home.chart_bind() in c:\Users\Admin\Documents\GitHub\CDF-Dashboard2017\home.aspx.cs:line 163 
 
2018-08-31 18:39:10,547 [14] ERROR home - GetData2 -151 
 System.NullReferenceException: Object reference not set to an instance of an object.
   at home.GetData2() in c:\Users\Admin\Documents\GitHub\CDF-Dashboard2017\home.aspx.cs:line 137 
 
2018-08-31 18:39:10,565 [14] ERROR home - chart_bind2 -226 
 System.NullReferenceException: Object reference not set to an instance of an object.
   at home.chart_bind2() in c:\Users\Admin\Documents\GitHub\CDF-Dashboard2017\home.aspx.cs:line 200 
 
2018-08-31 18:39:10,582 [14] ERROR home - bindgrid -328 
 System.NullReferenceException: Object reference not set to an instance of an object.
   at home.bindgrid() in c:\Users\Admin\Documents\GitHub\CDF-Dashboard2017\home.aspx.cs:line 292 
 
2018-08-31 18:39:10,809 [14] ERROR home - Page_Load -106 
 System.NullReferenceException: Object reference not set to an instance of an object.
   at home.Page_Load(Object sender, EventArgs e) in c:\Users\Admin\Documents\GitHub\CDF-Dashboard2017\home.aspx.cs:line 35 
 
