2019-01-08 11:23:48,799 [42] ERROR Admin_Sell_sell_details - BindGridView1 -76 
 System.NullReferenceException: Object reference not set to an instance of an object.
   at Admin_Sell_sell_details.BindGridView1() in c:\Users\Admin\Documents\GitHub\CDF-Dashboard2017\Admin\Sell\sell-details.aspx.cs:line 60 
 
2019-01-08 11:24:19,570 [41] ERROR Admin_Sell_sell_details - BindGridView1 -76 
 System.NullReferenceException: Object reference not set to an instance of an object.
   at Admin_Sell_sell_details.BindGridView1() in c:\Users\Admin\Documents\GitHub\CDF-Dashboard2017\Admin\Sell\sell-details.aspx.cs:line 60 
 
2019-01-08 11:25:27,559 [41] ERROR Admin_Sell_sell_details - BindGridView1 -76 
 System.NullReferenceException: Object reference not set to an instance of an object.
   at Admin_Sell_sell_details.BindGridView1() in c:\Users\Admin\Documents\GitHub\CDF-Dashboard2017\Admin\Sell\sell-details.aspx.cs:line 60 
 
2019-01-08 14:03:49,707 [15] ERROR Login1 - btn_login_Click -87 
 System.OverflowException: Arithmetic operation resulted in an overflow.
   at System.Data.ProviderBase.TimeoutTimer.StartMillisecondsTimeout(Int64 milliseconds)
   at System.Data.SqlClient.SqlInternalConnectionTds.LoginNoFailover(ServerInfo serverInfo, String newPassword, SecureString newSecurePassword, Boolean redirectedUserInstance, SqlConnectionString connectionOptions, SqlCredential credential, TimeoutTimer timeout)
   at System.Data.SqlClient.SqlInternalConnectionTds.OpenLoginEnlist(TimeoutTimer timeout, SqlConnectionString connectionOptions, SqlCredential credential, String newPassword, SecureString newSecurePassword, Boolean redirectedUserInstance)
   at System.Data.SqlClient.SqlInternalConnectionTds..ctor(DbConnectionPoolIdentity identity, SqlConnectionString connectionOptions, SqlCredential credential, Object providerInfo, String newPassword, SecureString newSecurePassword, Boolean redirectedUserInstance, SqlConnectionString userConnectionOptions, SessionData reconnectSessionData, DbConnectionPool pool, String accessToken, Boolean applyTransientFaultHandling)
   at System.Data.SqlClient.SqlConnectionFactory.CreateConnection(DbConnectionOptions options, DbConnectionPoolKey poolKey, Object poolGroupProviderInfo, DbConnectionPool pool, DbConnection owningConnection, DbConnectionOptions userOptions)
   at System.Data.ProviderBase.DbConnectionFactory.CreatePooledConnection(DbConnectionPool pool, DbConnection owningObject, DbConnectionOptions options, DbConnectionPoolKey poolKey, DbConnectionOptions userOptions)
   at System.Data.ProviderBase.DbConnectionPool.CreateObject(DbConnection owningObject, DbConnectionOptions userOptions, DbConnectionInternal oldConnection)
   at System.Data.ProviderBase.DbConnectionPool.UserCreateRequest(DbConnection owningObject, DbConnectionOptions userOptions, DbConnectionInternal oldConnection)
   at System.Data.ProviderBase.DbConnectionPool.TryGetConnection(DbConnection owningObject, UInt32 waitForMultipleObjectsTimeout, Boolean allowCreate, Boolean onlyOneCheckConnection, DbConnectionOptions userOptions, DbConnectionInternal& connection)
   at System.Data.ProviderBase.DbConnectionPool.TryGetConnection(DbConnection owningObject, TaskCompletionSource`1 retry, DbConnectionOptions userOptions, DbConnectionInternal& connection)
   at System.Data.ProviderBase.DbConnectionFactory.TryGetConnection(DbConnection owningConnection, TaskCompletionSource`1 retry, DbConnectionOptions userOptions, DbConnectionInternal oldConnection, DbConnectionInternal& connection)
   at System.Data.ProviderBase.DbConnectionInternal.TryOpenConnectionInternal(DbConnection outerConnection, DbConnectionFactory connectionFactory, TaskCompletionSource`1 retry, DbConnectionOptions userOptions)
   at System.Data.ProviderBase.DbConnectionClosed.TryOpenConnection(DbConnection outerConnection, DbConnectionFactory connectionFactory, TaskCompletionSource`1 retry, DbConnectionOptions userOptions)
   at System.Data.SqlClient.SqlConnection.TryOpenInner(TaskCompletionSource`1 retry)
   at System.Data.SqlClient.SqlConnection.TryOpen(TaskCompletionSource`1 retry)
   at System.Data.SqlClient.SqlConnection.Open()
   at Login1.btn_login_Click(Object sender, EventArgs e) in c:\Users\Admin\Documents\GitHub\CDF-Dashboard2017\Admin\Login.aspx.cs:line 31 
 
2019-01-08 15:06:24,090 [31] ERROR home - GetData -128 
 System.NullReferenceException: Object reference not set to an instance of an object.
   at home.GetData() in c:\Users\Admin\Documents\GitHub\CDF-Dashboard2017\home.aspx.cs:line 114 
 
2019-01-08 15:06:24,122 [31] ERROR home - chart_bind -189 
 System.NullReferenceException: Object reference not set to an instance of an object.
   at home.chart_bind() in c:\Users\Admin\Documents\GitHub\CDF-Dashboard2017\home.aspx.cs:line 163 
 
2019-01-08 15:06:24,141 [31] ERROR home - GetData2 -151 
 System.NullReferenceException: Object reference not set to an instance of an object.
   at home.GetData2() in c:\Users\Admin\Documents\GitHub\CDF-Dashboard2017\home.aspx.cs:line 137 
 
2019-01-08 15:06:24,156 [31] ERROR home - chart_bind2 -226 
 System.NullReferenceException: Object reference not set to an instance of an object.
   at home.chart_bind2() in c:\Users\Admin\Documents\GitHub\CDF-Dashboard2017\home.aspx.cs:line 200 
 
2019-01-08 15:06:24,178 [31] ERROR home - bindgrid -328 
 System.NullReferenceException: Object reference not set to an instance of an object.
   at home.bindgrid() in c:\Users\Admin\Documents\GitHub\CDF-Dashboard2017\home.aspx.cs:line 292 
 
2019-01-08 15:06:24,540 [31] ERROR home - Page_Load -106 
 System.NullReferenceException: Object reference not set to an instance of an object.
   at home.Page_Load(Object sender, EventArgs e) in c:\Users\Admin\Documents\GitHub\CDF-Dashboard2017\home.aspx.cs:line 35 
 
2019-01-08 15:08:19,730 [31] ERROR home - GetData -128 
 System.NullReferenceException: Object reference not set to an instance of an object.
   at home.GetData() in c:\Users\Admin\Documents\GitHub\CDF-Dashboard2017\home.aspx.cs:line 114 
 
2019-01-08 15:08:19,746 [31] ERROR home - chart_bind -189 
 System.NullReferenceException: Object reference not set to an instance of an object.
   at home.chart_bind() in c:\Users\Admin\Documents\GitHub\CDF-Dashboard2017\home.aspx.cs:line 163 
 
2019-01-08 15:08:19,769 [31] ERROR home - GetData2 -151 
 System.NullReferenceException: Object reference not set to an instance of an object.
   at home.GetData2() in c:\Users\Admin\Documents\GitHub\CDF-Dashboard2017\home.aspx.cs:line 137 
 
2019-01-08 15:08:19,784 [31] ERROR home - chart_bind2 -226 
 System.NullReferenceException: Object reference not set to an instance of an object.
   at home.chart_bind2() in c:\Users\Admin\Documents\GitHub\CDF-Dashboard2017\home.aspx.cs:line 200 
 
2019-01-08 15:08:19,799 [31] ERROR home - bindgrid -328 
 System.NullReferenceException: Object reference not set to an instance of an object.
   at home.bindgrid() in c:\Users\Admin\Documents\GitHub\CDF-Dashboard2017\home.aspx.cs:line 292 
 
2019-01-08 15:08:20,054 [31] ERROR home - Page_Load -106 
 System.NullReferenceException: Object reference not set to an instance of an object.
   at home.Page_Load(Object sender, EventArgs e) in c:\Users\Admin\Documents\GitHub\CDF-Dashboard2017\home.aspx.cs:line 35 
 
2019-01-08 15:48:51,816 [43] ERROR home - GetData -128 
 System.NullReferenceException: Object reference not set to an instance of an object.
   at home.GetData() in c:\Users\Admin\Documents\GitHub\CDF-Dashboard2017\home.aspx.cs:line 114 
 
2019-01-08 15:48:51,841 [43] ERROR home - chart_bind -189 
 System.NullReferenceException: Object reference not set to an instance of an object.
   at home.chart_bind() in c:\Users\Admin\Documents\GitHub\CDF-Dashboard2017\home.aspx.cs:line 163 
 
2019-01-08 15:48:51,860 [43] ERROR home - GetData2 -151 
 System.NullReferenceException: Object reference not set to an instance of an object.
   at home.GetData2() in c:\Users\Admin\Documents\GitHub\CDF-Dashboard2017\home.aspx.cs:line 137 
 
2019-01-08 15:48:51,880 [43] ERROR home - chart_bind2 -226 
 System.NullReferenceException: Object reference not set to an instance of an object.
   at home.chart_bind2() in c:\Users\Admin\Documents\GitHub\CDF-Dashboard2017\home.aspx.cs:line 200 
 
2019-01-08 15:48:51,897 [43] ERROR home - bindgrid -328 
 System.NullReferenceException: Object reference not set to an instance of an object.
   at home.bindgrid() in c:\Users\Admin\Documents\GitHub\CDF-Dashboard2017\home.aspx.cs:line 292 
 
2019-01-08 15:48:52,100 [43] ERROR home - Page_Load -106 
 System.NullReferenceException: Object reference not set to an instance of an object.
   at home.Page_Load(Object sender, EventArgs e) in c:\Users\Admin\Documents\GitHub\CDF-Dashboard2017\home.aspx.cs:line 35 
 
2019-01-08 16:05:10,289 [38] ERROR login - btn_login_Click -136 
 System.Data.SqlClient.SqlException (0x80131904): A network-related or instance-specific error occurred while establishing a connection to SQL Server. The server was not found or was not accessible. Verify that the instance name is correct and that SQL Server is configured to allow remote connections. (provider: Named Pipes Provider, error: 40 - Could not open a connection to SQL Server) ---> System.ComponentModel.Win32Exception (0x80004005): The system cannot find the file specified
   at System.Data.SqlClient.SqlInternalConnectionTds..ctor(DbConnectionPoolIdentity identity, SqlConnectionString connectionOptions, SqlCredential credential, Object providerInfo, String newPassword, SecureString newSecurePassword, Boolean redirectedUserInstance, SqlConnectionString userConnectionOptions, SessionData reconnectSessionData, DbConnectionPool pool, String accessToken, Boolean applyTransientFaultHandling)
   at System.Data.SqlClient.SqlConnectionFactory.CreateConnection(DbConnectionOptions options, DbConnectionPoolKey poolKey, Object poolGroupProviderInfo, DbConnectionPool pool, DbConnection owningConnection, DbConnectionOptions userOptions)
   at System.Data.ProviderBase.DbConnectionFactory.CreatePooledConnection(DbConnectionPool pool, DbConnection owningObject, DbConnectionOptions options, DbConnectionPoolKey poolKey, DbConnectionOptions userOptions)
   at System.Data.ProviderBase.DbConnectionPool.CreateObject(DbConnection owningObject, DbConnectionOptions userOptions, DbConnectionInternal oldConnection)
   at System.Data.ProviderBase.DbConnectionPool.UserCreateRequest(DbConnection owningObject, DbConnectionOptions userOptions, DbConnectionInternal oldConnection)
   at System.Data.ProviderBase.DbConnectionPool.TryGetConnection(DbConnection owningObject, UInt32 waitForMultipleObjectsTimeout, Boolean allowCreate, Boolean onlyOneCheckConnection, DbConnectionOptions userOptions, DbConnectionInternal& connection)
   at System.Data.ProviderBase.DbConnectionPool.TryGetConnection(DbConnection owningObject, TaskCompletionSource`1 retry, DbConnectionOptions userOptions, DbConnectionInternal& connection)
   at System.Data.ProviderBase.DbConnectionFactory.TryGetConnection(DbConnection owningConnection, TaskCompletionSource`1 retry, DbConnectionOptions userOptions, DbConnectionInternal oldConnection, DbConnectionInternal& connection)
   at System.Data.ProviderBase.DbConnectionInternal.TryOpenConnectionInternal(DbConnection outerConnection, DbConnectionFactory connectionFactory, TaskCompletionSource`1 retry, DbConnectionOptions userOptions)
   at System.Data.ProviderBase.DbConnectionClosed.TryOpenConnection(DbConnection outerConnection, DbConnectionFactory connectionFactory, TaskCompletionSource`1 retry, DbConnectionOptions userOptions)
   at System.Data.SqlClient.SqlConnection.TryOpenInner(TaskCompletionSource`1 retry)
   at System.Data.SqlClient.SqlConnection.TryOpen(TaskCompletionSource`1 retry)
   at System.Data.SqlClient.SqlConnection.Open()
   at login.btn_login_Click(Object sender, EventArgs e) in c:\Users\Admin\Documents\GitHub\CDF-Dashboard2017\login.aspx.cs:line 41
ClientConnectionId:00000000-0000-0000-0000-000000000000
Error Number:2,State:0,Class:20 
 
2019-01-08 16:05:47,151 [40] ERROR login - btn_login_Click -136 
 System.Data.SqlClient.SqlException (0x80131904): A network-related or instance-specific error occurred while establishing a connection to SQL Server. The server was not found or was not accessible. Verify that the instance name is correct and that SQL Server is configured to allow remote connections. (provider: Named Pipes Provider, error: 40 - Could not open a connection to SQL Server) ---> System.ComponentModel.Win32Exception (0x80004005): The system cannot find the file specified
   at System.Data.SqlClient.SqlInternalConnectionTds..ctor(DbConnectionPoolIdentity identity, SqlConnectionString connectionOptions, SqlCredential credential, Object providerInfo, String newPassword, SecureString newSecurePassword, Boolean redirectedUserInstance, SqlConnectionString userConnectionOptions, SessionData reconnectSessionData, DbConnectionPool pool, String accessToken, Boolean applyTransientFaultHandling)
   at System.Data.SqlClient.SqlConnectionFactory.CreateConnection(DbConnectionOptions options, DbConnectionPoolKey poolKey, Object poolGroupProviderInfo, DbConnectionPool pool, DbConnection owningConnection, DbConnectionOptions userOptions)
   at System.Data.ProviderBase.DbConnectionFactory.CreatePooledConnection(DbConnectionPool pool, DbConnection owningObject, DbConnectionOptions options, DbConnectionPoolKey poolKey, DbConnectionOptions userOptions)
   at System.Data.ProviderBase.DbConnectionPool.CreateObject(DbConnection owningObject, DbConnectionOptions userOptions, DbConnectionInternal oldConnection)
   at System.Data.ProviderBase.DbConnectionPool.UserCreateRequest(DbConnection owningObject, DbConnectionOptions userOptions, DbConnectionInternal oldConnection)
   at System.Data.ProviderBase.DbConnectionPool.TryGetConnection(DbConnection owningObject, UInt32 waitForMultipleObjectsTimeout, Boolean allowCreate, Boolean onlyOneCheckConnection, DbConnectionOptions userOptions, DbConnectionInternal& connection)
   at System.Data.ProviderBase.DbConnectionPool.TryGetConnection(DbConnection owningObject, TaskCompletionSource`1 retry, DbConnectionOptions userOptions, DbConnectionInternal& connection)
   at System.Data.ProviderBase.DbConnectionFactory.TryGetConnection(DbConnection owningConnection, TaskCompletionSource`1 retry, DbConnectionOptions userOptions, DbConnectionInternal oldConnection, DbConnectionInternal& connection)
   at System.Data.ProviderBase.DbConnectionInternal.TryOpenConnectionInternal(DbConnection outerConnection, DbConnectionFactory connectionFactory, TaskCompletionSource`1 retry, DbConnectionOptions userOptions)
   at System.Data.ProviderBase.DbConnectionClosed.TryOpenConnection(DbConnection outerConnection, DbConnectionFactory connectionFactory, TaskCompletionSource`1 retry, DbConnectionOptions userOptions)
   at System.Data.SqlClient.SqlConnection.TryOpenInner(TaskCompletionSource`1 retry)
   at System.Data.SqlClient.SqlConnection.TryOpen(TaskCompletionSource`1 retry)
   at System.Data.SqlClient.SqlConnection.Open()
   at login.btn_login_Click(Object sender, EventArgs e) in c:\Users\Admin\Documents\GitHub\CDF-Dashboard2017\login.aspx.cs:line 41
ClientConnectionId:00000000-0000-0000-0000-000000000000
Error Number:2,State:0,Class:20 
 
2019-01-08 16:09:09,288 [14] ERROR home - GetData -128 
 System.NullReferenceException: Object reference not set to an instance of an object.
   at home.GetData() in c:\Users\Admin\Documents\GitHub\CDF-Dashboard2017\home.aspx.cs:line 114 
 
2019-01-08 16:09:09,293 [14] ERROR home - chart_bind -189 
 System.NullReferenceException: Object reference not set to an instance of an object.
   at home.chart_bind() in c:\Users\Admin\Documents\GitHub\CDF-Dashboard2017\home.aspx.cs:line 163 
 
2019-01-08 16:09:09,296 [14] ERROR home - GetData2 -151 
 System.NullReferenceException: Object reference not set to an instance of an object.
   at home.GetData2() in c:\Users\Admin\Documents\GitHub\CDF-Dashboard2017\home.aspx.cs:line 137 
 
2019-01-08 16:09:09,319 [14] ERROR home - chart_bind2 -226 
 System.NullReferenceException: Object reference not set to an instance of an object.
   at home.chart_bind2() in c:\Users\Admin\Documents\GitHub\CDF-Dashboard2017\home.aspx.cs:line 200 
 
2019-01-08 16:09:09,320 [14] ERROR home - bindgrid -328 
 System.NullReferenceException: Object reference not set to an instance of an object.
   at home.bindgrid() in c:\Users\Admin\Documents\GitHub\CDF-Dashboard2017\home.aspx.cs:line 292 
 
2019-01-08 16:09:09,465 [14] ERROR home - dheyaUpdates -412 
 System.Data.SqlClient.SqlException (0x80131904): Invalid column name 'dheyaUpdates'.
   at System.Data.SqlClient.SqlConnection.OnError(SqlException exception, Boolean breakConnection, Action`1 wrapCloseInAction)
   at System.Data.SqlClient.SqlInternalConnection.OnError(SqlException exception, Boolean breakConnection, Action`1 wrapCloseInAction)
   at System.Data.SqlClient.TdsParser.ThrowExceptionAndWarning(TdsParserStateObject stateObj, Boolean callerHasConnectionLock, Boolean asyncClose)
   at System.Data.SqlClient.TdsParser.TryRun(RunBehavior runBehavior, SqlCommand cmdHandler, SqlDataReader dataStream, BulkCopySimpleResultSet bulkCopyHandler, TdsParserStateObject stateObj, Boolean& dataReady)
   at System.Data.SqlClient.SqlDataReader.TryConsumeMetaData()
   at System.Data.SqlClient.SqlDataReader.get_MetaData()
   at System.Data.SqlClient.SqlCommand.FinishExecuteReader(SqlDataReader ds, RunBehavior runBehavior, String resetOptionsString, Boolean isInternal, Boolean forDescribeParameterEncryption)
   at System.Data.SqlClient.SqlCommand.RunExecuteReaderTds(CommandBehavior cmdBehavior, RunBehavior runBehavior, Boolean returnStream, Boolean async, Int32 timeout, Task& task, Boolean asyncWrite, Boolean inRetry, SqlDataReader ds, Boolean describeParameterEncryptionRequest)
   at System.Data.SqlClient.SqlCommand.RunExecuteReader(CommandBehavior cmdBehavior, RunBehavior runBehavior, Boolean returnStream, String method, TaskCompletionSource`1 completion, Int32 timeout, Task& task, Boolean& usedCache, Boolean asyncWrite, Boolean inRetry)
   at System.Data.SqlClient.SqlCommand.RunExecuteReader(CommandBehavior cmdBehavior, RunBehavior runBehavior, Boolean returnStream, String method)
   at System.Data.SqlClient.SqlCommand.ExecuteReader(CommandBehavior behavior, String method)
   at System.Data.SqlClient.SqlCommand.ExecuteReader()
   at home.dheyaUpdates() in c:\Users\Admin\Documents\GitHub\CDF-Dashboard2017\home.aspx.cs:line 394
ClientConnectionId:e8981f3c-a7e9-4f03-98ab-7711da23165f
Error Number:207,State:1,Class:16 
 
2019-01-08 16:09:09,482 [14] ERROR home - Page_Load -106 
 System.NullReferenceException: Object reference not set to an instance of an object.
   at home.Page_Load(Object sender, EventArgs e) in c:\Users\Admin\Documents\GitHub\CDF-Dashboard2017\home.aspx.cs:line 35 
 
2019-01-08 16:09:26,991 [14] ERROR home - GetData -128 
 System.NullReferenceException: Object reference not set to an instance of an object.
   at home.GetData() in c:\Users\Admin\Documents\GitHub\CDF-Dashboard2017\home.aspx.cs:line 114 
 
2019-01-08 16:09:27,007 [14] ERROR home - chart_bind -189 
 System.NullReferenceException: Object reference not set to an instance of an object.
   at home.chart_bind() in c:\Users\Admin\Documents\GitHub\CDF-Dashboard2017\home.aspx.cs:line 163 
 
2019-01-08 16:09:27,024 [14] ERROR home - GetData2 -151 
 System.NullReferenceException: Object reference not set to an instance of an object.
   at home.GetData2() in c:\Users\Admin\Documents\GitHub\CDF-Dashboard2017\home.aspx.cs:line 137 
 
2019-01-08 16:09:27,044 [14] ERROR home - chart_bind2 -226 
 System.NullReferenceException: Object reference not set to an instance of an object.
   at home.chart_bind2() in c:\Users\Admin\Documents\GitHub\CDF-Dashboard2017\home.aspx.cs:line 200 
 
2019-01-08 16:09:27,060 [14] ERROR home - bindgrid -328 
 System.NullReferenceException: Object reference not set to an instance of an object.
   at home.bindgrid() in c:\Users\Admin\Documents\GitHub\CDF-Dashboard2017\home.aspx.cs:line 292 
 
2019-01-08 16:09:27,091 [14] ERROR home - dheyaUpdates -412 
 System.Data.SqlClient.SqlException (0x80131904): Invalid column name 'dheyaUpdates'.
   at System.Data.SqlClient.SqlConnection.OnError(SqlException exception, Boolean breakConnection, Action`1 wrapCloseInAction)
   at System.Data.SqlClient.SqlInternalConnection.OnError(SqlException exception, Boolean breakConnection, Action`1 wrapCloseInAction)
   at System.Data.SqlClient.TdsParser.ThrowExceptionAndWarning(TdsParserStateObject stateObj, Boolean callerHasConnectionLock, Boolean asyncClose)
   at System.Data.SqlClient.TdsParser.TryRun(RunBehavior runBehavior, SqlCommand cmdHandler, SqlDataReader dataStream, BulkCopySimpleResultSet bulkCopyHandler, TdsParserStateObject stateObj, Boolean& dataReady)
   at System.Data.SqlClient.SqlDataReader.TryConsumeMetaData()
   at System.Data.SqlClient.SqlDataReader.get_MetaData()
   at System.Data.SqlClient.SqlCommand.FinishExecuteReader(SqlDataReader ds, RunBehavior runBehavior, String resetOptionsString, Boolean isInternal, Boolean forDescribeParameterEncryption)
   at System.Data.SqlClient.SqlCommand.RunExecuteReaderTds(CommandBehavior cmdBehavior, RunBehavior runBehavior, Boolean returnStream, Boolean async, Int32 timeout, Task& task, Boolean asyncWrite, Boolean inRetry, SqlDataReader ds, Boolean describeParameterEncryptionRequest)
   at System.Data.SqlClient.SqlCommand.RunExecuteReader(CommandBehavior cmdBehavior, RunBehavior runBehavior, Boolean returnStream, String method, TaskCompletionSource`1 completion, Int32 timeout, Task& task, Boolean& usedCache, Boolean asyncWrite, Boolean inRetry)
   at System.Data.SqlClient.SqlCommand.RunExecuteReader(CommandBehavior cmdBehavior, RunBehavior runBehavior, Boolean returnStream, String method)
   at System.Data.SqlClient.SqlCommand.ExecuteReader(CommandBehavior behavior, String method)
   at System.Data.SqlClient.SqlCommand.ExecuteReader()
   at home.dheyaUpdates() in c:\Users\Admin\Documents\GitHub\CDF-Dashboard2017\home.aspx.cs:line 394
ClientConnectionId:e8981f3c-a7e9-4f03-98ab-7711da23165f
Error Number:207,State:1,Class:16 
 
2019-01-08 16:09:27,114 [14] ERROR home - Page_Load -106 
 System.NullReferenceException: Object reference not set to an instance of an object.
   at home.Page_Load(Object sender, EventArgs e) in c:\Users\Admin\Documents\GitHub\CDF-Dashboard2017\home.aspx.cs:line 35 
 
2019-01-08 16:34:36,237 [8] ERROR home - GetData -128 
 System.NullReferenceException: Object reference not set to an instance of an object.
   at home.GetData() in c:\Users\Admin\Documents\GitHub\CDF-Dashboard2017\home.aspx.cs:line 114 
 
2019-01-08 16:34:36,276 [8] ERROR home - chart_bind -189 
 System.NullReferenceException: Object reference not set to an instance of an object.
   at home.chart_bind() in c:\Users\Admin\Documents\GitHub\CDF-Dashboard2017\home.aspx.cs:line 163 
 
2019-01-08 16:34:36,306 [8] ERROR home - GetData2 -151 
 System.NullReferenceException: Object reference not set to an instance of an object.
   at home.GetData2() in c:\Users\Admin\Documents\GitHub\CDF-Dashboard2017\home.aspx.cs:line 137 
 
2019-01-08 16:34:36,324 [8] ERROR home - chart_bind2 -226 
 System.NullReferenceException: Object reference not set to an instance of an object.
   at home.chart_bind2() in c:\Users\Admin\Documents\GitHub\CDF-Dashboard2017\home.aspx.cs:line 200 
 
2019-01-08 16:34:36,349 [8] ERROR home - bindgrid -328 
 System.NullReferenceException: Object reference not set to an instance of an object.
   at home.bindgrid() in c:\Users\Admin\Documents\GitHub\CDF-Dashboard2017\home.aspx.cs:line 292 
 
2019-01-08 16:34:36,384 [8] ERROR home - dheyaUpdates -412 
 System.Data.SqlClient.SqlException (0x80131904): Invalid column name 'dheyaUpdates'.
   at System.Data.SqlClient.SqlConnection.OnError(SqlException exception, Boolean breakConnection, Action`1 wrapCloseInAction)
   at System.Data.SqlClient.SqlInternalConnection.OnError(SqlException exception, Boolean breakConnection, Action`1 wrapCloseInAction)
   at System.Data.SqlClient.TdsParser.ThrowExceptionAndWarning(TdsParserStateObject stateObj, Boolean callerHasConnectionLock, Boolean asyncClose)
   at System.Data.SqlClient.TdsParser.TryRun(RunBehavior runBehavior, SqlCommand cmdHandler, SqlDataReader dataStream, BulkCopySimpleResultSet bulkCopyHandler, TdsParserStateObject stateObj, Boolean& dataReady)
   at System.Data.SqlClient.SqlDataReader.TryConsumeMetaData()
   at System.Data.SqlClient.SqlDataReader.get_MetaData()
   at System.Data.SqlClient.SqlCommand.FinishExecuteReader(SqlDataReader ds, RunBehavior runBehavior, String resetOptionsString, Boolean isInternal, Boolean forDescribeParameterEncryption)
   at System.Data.SqlClient.SqlCommand.RunExecuteReaderTds(CommandBehavior cmdBehavior, RunBehavior runBehavior, Boolean returnStream, Boolean async, Int32 timeout, Task& task, Boolean asyncWrite, Boolean inRetry, SqlDataReader ds, Boolean describeParameterEncryptionRequest)
   at System.Data.SqlClient.SqlCommand.RunExecuteReader(CommandBehavior cmdBehavior, RunBehavior runBehavior, Boolean returnStream, String method, TaskCompletionSource`1 completion, Int32 timeout, Task& task, Boolean& usedCache, Boolean asyncWrite, Boolean inRetry)
   at System.Data.SqlClient.SqlCommand.RunExecuteReader(CommandBehavior cmdBehavior, RunBehavior runBehavior, Boolean returnStream, String method)
   at System.Data.SqlClient.SqlCommand.ExecuteReader(CommandBehavior behavior, String method)
   at System.Data.SqlClient.SqlCommand.ExecuteReader()
   at home.dheyaUpdates() in c:\Users\Admin\Documents\GitHub\CDF-Dashboard2017\home.aspx.cs:line 394
ClientConnectionId:c1ba9e94-2f95-47db-b96d-1df18eef0a2b
Error Number:207,State:1,Class:16 
 
2019-01-08 16:34:36,399 [8] ERROR home - Page_Load -106 
 System.NullReferenceException: Object reference not set to an instance of an object.
   at home.Page_Load(Object sender, EventArgs e) in c:\Users\Admin\Documents\GitHub\CDF-Dashboard2017\home.aspx.cs:line 35 
 
2019-01-08 17:44:28,450 [17] ERROR home - GetData -128 
 System.NullReferenceException: Object reference not set to an instance of an object.
   at home.GetData() in c:\Users\Admin\Documents\GitHub\CDF-Dashboard2017\home.aspx.cs:line 114 
 
2019-01-08 17:44:28,479 [17] ERROR home - chart_bind -189 
 System.NullReferenceException: Object reference not set to an instance of an object.
   at home.chart_bind() in c:\Users\Admin\Documents\GitHub\CDF-Dashboard2017\home.aspx.cs:line 163 
 
2019-01-08 17:44:28,496 [17] ERROR home - GetData2 -151 
 System.NullReferenceException: Object reference not set to an instance of an object.
   at home.GetData2() in c:\Users\Admin\Documents\GitHub\CDF-Dashboard2017\home.aspx.cs:line 137 
 
2019-01-08 17:44:28,522 [17] ERROR home - chart_bind2 -226 
 System.NullReferenceException: Object reference not set to an instance of an object.
   at home.chart_bind2() in c:\Users\Admin\Documents\GitHub\CDF-Dashboard2017\home.aspx.cs:line 200 
 
2019-01-08 17:44:28,538 [17] ERROR home - bindgrid -328 
 System.NullReferenceException: Object reference not set to an instance of an object.
   at home.bindgrid() in c:\Users\Admin\Documents\GitHub\CDF-Dashboard2017\home.aspx.cs:line 292 
 
2019-01-08 17:44:28,619 [17] ERROR home - dheyaUpdates -412 
 System.Data.SqlClient.SqlException (0x80131904): Invalid column name 'dheyaUpdates'.
   at System.Data.SqlClient.SqlConnection.OnError(SqlException exception, Boolean breakConnection, Action`1 wrapCloseInAction)
   at System.Data.SqlClient.SqlInternalConnection.OnError(SqlException exception, Boolean breakConnection, Action`1 wrapCloseInAction)
   at System.Data.SqlClient.TdsParser.ThrowExceptionAndWarning(TdsParserStateObject stateObj, Boolean callerHasConnectionLock, Boolean asyncClose)
   at System.Data.SqlClient.TdsParser.TryRun(RunBehavior runBehavior, SqlCommand cmdHandler, SqlDataReader dataStream, BulkCopySimpleResultSet bulkCopyHandler, TdsParserStateObject stateObj, Boolean& dataReady)
   at System.Data.SqlClient.SqlDataReader.TryConsumeMetaData()
   at System.Data.SqlClient.SqlDataReader.get_MetaData()
   at System.Data.SqlClient.SqlCommand.FinishExecuteReader(SqlDataReader ds, RunBehavior runBehavior, String resetOptionsString, Boolean isInternal, Boolean forDescribeParameterEncryption)
   at System.Data.SqlClient.SqlCommand.RunExecuteReaderTds(CommandBehavior cmdBehavior, RunBehavior runBehavior, Boolean returnStream, Boolean async, Int32 timeout, Task& task, Boolean asyncWrite, Boolean inRetry, SqlDataReader ds, Boolean describeParameterEncryptionRequest)
   at System.Data.SqlClient.SqlCommand.RunExecuteReader(CommandBehavior cmdBehavior, RunBehavior runBehavior, Boolean returnStream, String method, TaskCompletionSource`1 completion, Int32 timeout, Task& task, Boolean& usedCache, Boolean asyncWrite, Boolean inRetry)
   at System.Data.SqlClient.SqlCommand.RunExecuteReader(CommandBehavior cmdBehavior, RunBehavior runBehavior, Boolean returnStream, String method)
   at System.Data.SqlClient.SqlCommand.ExecuteReader(CommandBehavior behavior, String method)
   at System.Data.SqlClient.SqlCommand.ExecuteReader()
   at home.dheyaUpdates() in c:\Users\Admin\Documents\GitHub\CDF-Dashboard2017\home.aspx.cs:line 394
ClientConnectionId:66797580-2242-41e1-a831-ba592e42aa10
Error Number:207,State:1,Class:16 
 
2019-01-08 17:44:28,636 [17] ERROR home - Page_Load -106 
 System.NullReferenceException: Object reference not set to an instance of an object.
   at home.Page_Load(Object sender, EventArgs e) in c:\Users\Admin\Documents\GitHub\CDF-Dashboard2017\home.aspx.cs:line 35 
 
2019-01-08 17:45:33,771 [6] ERROR home - GetData -128 
 System.NullReferenceException: Object reference not set to an instance of an object.
   at home.GetData() in c:\Users\Admin\Documents\GitHub\CDF-Dashboard2017\home.aspx.cs:line 114 
 
2019-01-08 17:45:33,804 [6] ERROR home - chart_bind -189 
 System.NullReferenceException: Object reference not set to an instance of an object.
   at home.chart_bind() in c:\Users\Admin\Documents\GitHub\CDF-Dashboard2017\home.aspx.cs:line 163 
 
2019-01-08 17:45:33,831 [6] ERROR home - GetData2 -151 
 System.NullReferenceException: Object reference not set to an instance of an object.
   at home.GetData2() in c:\Users\Admin\Documents\GitHub\CDF-Dashboard2017\home.aspx.cs:line 137 
 
2019-01-08 17:45:33,845 [6] ERROR home - chart_bind2 -226 
 System.NullReferenceException: Object reference not set to an instance of an object.
   at home.chart_bind2() in c:\Users\Admin\Documents\GitHub\CDF-Dashboard2017\home.aspx.cs:line 200 
 
2019-01-08 17:45:33,873 [6] ERROR home - bindgrid -328 
 System.NullReferenceException: Object reference not set to an instance of an object.
   at home.bindgrid() in c:\Users\Admin\Documents\GitHub\CDF-Dashboard2017\home.aspx.cs:line 292 
 
2019-01-08 17:45:33,906 [6] ERROR home - dheyaUpdates -412 
 System.Data.SqlClient.SqlException (0x80131904): Invalid column name 'dheyaUpdates'.
   at System.Data.SqlClient.SqlConnection.OnError(SqlException exception, Boolean breakConnection, Action`1 wrapCloseInAction)
   at System.Data.SqlClient.SqlInternalConnection.OnError(SqlException exception, Boolean breakConnection, Action`1 wrapCloseInAction)
   at System.Data.SqlClient.TdsParser.ThrowExceptionAndWarning(TdsParserStateObject stateObj, Boolean callerHasConnectionLock, Boolean asyncClose)
   at System.Data.SqlClient.TdsParser.TryRun(RunBehavior runBehavior, SqlCommand cmdHandler, SqlDataReader dataStream, BulkCopySimpleResultSet bulkCopyHandler, TdsParserStateObject stateObj, Boolean& dataReady)
   at System.Data.SqlClient.SqlDataReader.TryConsumeMetaData()
   at System.Data.SqlClient.SqlDataReader.get_MetaData()
   at System.Data.SqlClient.SqlCommand.FinishExecuteReader(SqlDataReader ds, RunBehavior runBehavior, String resetOptionsString, Boolean isInternal, Boolean forDescribeParameterEncryption)
   at System.Data.SqlClient.SqlCommand.RunExecuteReaderTds(CommandBehavior cmdBehavior, RunBehavior runBehavior, Boolean returnStream, Boolean async, Int32 timeout, Task& task, Boolean asyncWrite, Boolean inRetry, SqlDataReader ds, Boolean describeParameterEncryptionRequest)
   at System.Data.SqlClient.SqlCommand.RunExecuteReader(CommandBehavior cmdBehavior, RunBehavior runBehavior, Boolean returnStream, String method, TaskCompletionSource`1 completion, Int32 timeout, Task& task, Boolean& usedCache, Boolean asyncWrite, Boolean inRetry)
   at System.Data.SqlClient.SqlCommand.RunExecuteReader(CommandBehavior cmdBehavior, RunBehavior runBehavior, Boolean returnStream, String method)
   at System.Data.SqlClient.SqlCommand.ExecuteReader(CommandBehavior behavior, String method)
   at System.Data.SqlClient.SqlCommand.ExecuteReader()
   at home.dheyaUpdates() in c:\Users\Admin\Documents\GitHub\CDF-Dashboard2017\home.aspx.cs:line 394
ClientConnectionId:140c47fb-7adb-4d73-980c-1f5ccdd0a2aa
Error Number:207,State:1,Class:16 
 
2019-01-08 17:45:33,932 [6] ERROR home - Page_Load -106 
 System.NullReferenceException: Object reference not set to an instance of an object.
   at home.Page_Load(Object sender, EventArgs e) in c:\Users\Admin\Documents\GitHub\CDF-Dashboard2017\home.aspx.cs:line 35 
 
2019-01-08 17:54:35,302 [15] ERROR home - GetData -128 
 System.NullReferenceException: Object reference not set to an instance of an object.
   at home.GetData() in c:\Users\Admin\Documents\GitHub\CDF-Dashboard2017\home.aspx.cs:line 114 
 
2019-01-08 17:54:35,316 [15] ERROR home - chart_bind -189 
 System.NullReferenceException: Object reference not set to an instance of an object.
   at home.chart_bind() in c:\Users\Admin\Documents\GitHub\CDF-Dashboard2017\home.aspx.cs:line 163 
 
2019-01-08 17:54:35,334 [15] ERROR home - GetData2 -151 
 System.NullReferenceException: Object reference not set to an instance of an object.
   at home.GetData2() in c:\Users\Admin\Documents\GitHub\CDF-Dashboard2017\home.aspx.cs:line 137 
 
2019-01-08 17:54:35,351 [15] ERROR home - chart_bind2 -226 
 System.NullReferenceException: Object reference not set to an instance of an object.
   at home.chart_bind2() in c:\Users\Admin\Documents\GitHub\CDF-Dashboard2017\home.aspx.cs:line 200 
 
2019-01-08 17:54:35,379 [15] ERROR home - bindgrid -328 
 System.NullReferenceException: Object reference not set to an instance of an object.
   at home.bindgrid() in c:\Users\Admin\Documents\GitHub\CDF-Dashboard2017\home.aspx.cs:line 292 
 
2019-01-08 17:54:35,414 [15] ERROR home - dheyaUpdates -412 
 System.Data.SqlClient.SqlException (0x80131904): Invalid column name 'dheyaUpdates'.
   at System.Data.SqlClient.SqlConnection.OnError(SqlException exception, Boolean breakConnection, Action`1 wrapCloseInAction)
   at System.Data.SqlClient.SqlInternalConnection.OnError(SqlException exception, Boolean breakConnection, Action`1 wrapCloseInAction)
   at System.Data.SqlClient.TdsParser.ThrowExceptionAndWarning(TdsParserStateObject stateObj, Boolean callerHasConnectionLock, Boolean asyncClose)
   at System.Data.SqlClient.TdsParser.TryRun(RunBehavior runBehavior, SqlCommand cmdHandler, SqlDataReader dataStream, BulkCopySimpleResultSet bulkCopyHandler, TdsParserStateObject stateObj, Boolean& dataReady)
   at System.Data.SqlClient.SqlDataReader.TryConsumeMetaData()
   at System.Data.SqlClient.SqlDataReader.get_MetaData()
   at System.Data.SqlClient.SqlCommand.FinishExecuteReader(SqlDataReader ds, RunBehavior runBehavior, String resetOptionsString, Boolean isInternal, Boolean forDescribeParameterEncryption)
   at System.Data.SqlClient.SqlCommand.RunExecuteReaderTds(CommandBehavior cmdBehavior, RunBehavior runBehavior, Boolean returnStream, Boolean async, Int32 timeout, Task& task, Boolean asyncWrite, Boolean inRetry, SqlDataReader ds, Boolean describeParameterEncryptionRequest)
   at System.Data.SqlClient.SqlCommand.RunExecuteReader(CommandBehavior cmdBehavior, RunBehavior runBehavior, Boolean returnStream, String method, TaskCompletionSource`1 completion, Int32 timeout, Task& task, Boolean& usedCache, Boolean asyncWrite, Boolean inRetry)
   at System.Data.SqlClient.SqlCommand.RunExecuteReader(CommandBehavior cmdBehavior, RunBehavior runBehavior, Boolean returnStream, String method)
   at System.Data.SqlClient.SqlCommand.ExecuteReader(CommandBehavior behavior, String method)
   at System.Data.SqlClient.SqlCommand.ExecuteReader()
   at home.dheyaUpdates() in c:\Users\Admin\Documents\GitHub\CDF-Dashboard2017\home.aspx.cs:line 394
ClientConnectionId:140c47fb-7adb-4d73-980c-1f5ccdd0a2aa
Error Number:207,State:1,Class:16 
 
2019-01-08 17:54:35,430 [15] ERROR home - Page_Load -106 
 System.NullReferenceException: Object reference not set to an instance of an object.
   at home.Page_Load(Object sender, EventArgs e) in c:\Users\Admin\Documents\GitHub\CDF-Dashboard2017\home.aspx.cs:line 35 
 
2019-01-08 18:00:05,255 [6] ERROR home - GetData -128 
 System.NullReferenceException: Object reference not set to an instance of an object.
   at home.GetData() in c:\Users\Admin\Documents\GitHub\CDF-Dashboard2017\home.aspx.cs:line 114 
 
2019-01-08 18:00:05,271 [6] ERROR home - chart_bind -189 
 System.NullReferenceException: Object reference not set to an instance of an object.
   at home.chart_bind() in c:\Users\Admin\Documents\GitHub\CDF-Dashboard2017\home.aspx.cs:line 163 
 
2019-01-08 18:00:05,289 [6] ERROR home - GetData2 -151 
 System.NullReferenceException: Object reference not set to an instance of an object.
   at home.GetData2() in c:\Users\Admin\Documents\GitHub\CDF-Dashboard2017\home.aspx.cs:line 137 
 
2019-01-08 18:00:05,318 [6] ERROR home - chart_bind2 -226 
 System.NullReferenceException: Object reference not set to an instance of an object.
   at home.chart_bind2() in c:\Users\Admin\Documents\GitHub\CDF-Dashboard2017\home.aspx.cs:line 200 
 
2019-01-08 18:00:05,333 [6] ERROR home - bindgrid -328 
 System.NullReferenceException: Object reference not set to an instance of an object.
   at home.bindgrid() in c:\Users\Admin\Documents\GitHub\CDF-Dashboard2017\home.aspx.cs:line 292 
 
2019-01-08 18:00:05,376 [6] ERROR home - dheyaUpdates -412 
 System.Data.SqlClient.SqlException (0x80131904): Invalid column name 'dheyaUpdates'.
   at System.Data.SqlClient.SqlConnection.OnError(SqlException exception, Boolean breakConnection, Action`1 wrapCloseInAction)
   at System.Data.SqlClient.SqlInternalConnection.OnError(SqlException exception, Boolean breakConnection, Action`1 wrapCloseInAction)
   at System.Data.SqlClient.TdsParser.ThrowExceptionAndWarning(TdsParserStateObject stateObj, Boolean callerHasConnectionLock, Boolean asyncClose)
   at System.Data.SqlClient.TdsParser.TryRun(RunBehavior runBehavior, SqlCommand cmdHandler, SqlDataReader dataStream, BulkCopySimpleResultSet bulkCopyHandler, TdsParserStateObject stateObj, Boolean& dataReady)
   at System.Data.SqlClient.SqlDataReader.TryConsumeMetaData()
   at System.Data.SqlClient.SqlDataReader.get_MetaData()
   at System.Data.SqlClient.SqlCommand.FinishExecuteReader(SqlDataReader ds, RunBehavior runBehavior, String resetOptionsString, Boolean isInternal, Boolean forDescribeParameterEncryption)
   at System.Data.SqlClient.SqlCommand.RunExecuteReaderTds(CommandBehavior cmdBehavior, RunBehavior runBehavior, Boolean returnStream, Boolean async, Int32 timeout, Task& task, Boolean asyncWrite, Boolean inRetry, SqlDataReader ds, Boolean describeParameterEncryptionRequest)
   at System.Data.SqlClient.SqlCommand.RunExecuteReader(CommandBehavior cmdBehavior, RunBehavior runBehavior, Boolean returnStream, String method, TaskCompletionSource`1 completion, Int32 timeout, Task& task, Boolean& usedCache, Boolean asyncWrite, Boolean inRetry)
   at System.Data.SqlClient.SqlCommand.RunExecuteReader(CommandBehavior cmdBehavior, RunBehavior runBehavior, Boolean returnStream, String method)
   at System.Data.SqlClient.SqlCommand.ExecuteReader(CommandBehavior behavior, String method)
   at System.Data.SqlClient.SqlCommand.ExecuteReader()
   at home.dheyaUpdates() in c:\Users\Admin\Documents\GitHub\CDF-Dashboard2017\home.aspx.cs:line 394
ClientConnectionId:140c47fb-7adb-4d73-980c-1f5ccdd0a2aa
Error Number:207,State:1,Class:16 
 
2019-01-08 18:00:05,398 [6] ERROR home - Page_Load -106 
 System.NullReferenceException: Object reference not set to an instance of an object.
   at home.Page_Load(Object sender, EventArgs e) in c:\Users\Admin\Documents\GitHub\CDF-Dashboard2017\home.aspx.cs:line 35 
 
2019-01-08 18:10:25,912 [24] ERROR home - GetData -128 
 System.NullReferenceException: Object reference not set to an instance of an object.
   at home.GetData() in c:\Users\Admin\Documents\GitHub\CDF-Dashboard2017\home.aspx.cs:line 114 
 
2019-01-08 18:10:25,927 [24] ERROR home - chart_bind -189 
 System.NullReferenceException: Object reference not set to an instance of an object.
   at home.chart_bind() in c:\Users\Admin\Documents\GitHub\CDF-Dashboard2017\home.aspx.cs:line 163 
 
2019-01-08 18:10:25,953 [24] ERROR home - GetData2 -151 
 System.NullReferenceException: Object reference not set to an instance of an object.
   at home.GetData2() in c:\Users\Admin\Documents\GitHub\CDF-Dashboard2017\home.aspx.cs:line 137 
 
2019-01-08 18:10:25,969 [24] ERROR home - chart_bind2 -226 
 System.NullReferenceException: Object reference not set to an instance of an object.
   at home.chart_bind2() in c:\Users\Admin\Documents\GitHub\CDF-Dashboard2017\home.aspx.cs:line 200 
 
2019-01-08 18:10:25,984 [24] ERROR home - bindgrid -328 
 System.NullReferenceException: Object reference not set to an instance of an object.
   at home.bindgrid() in c:\Users\Admin\Documents\GitHub\CDF-Dashboard2017\home.aspx.cs:line 292 
 
2019-01-08 18:10:26,030 [24] ERROR home - dheyaUpdates -412 
 System.Data.SqlClient.SqlException (0x80131904): Invalid column name 'dheyaUpdates'.
   at System.Data.SqlClient.SqlConnection.OnError(SqlException exception, Boolean breakConnection, Action`1 wrapCloseInAction)
   at System.Data.SqlClient.SqlInternalConnection.OnError(SqlException exception, Boolean breakConnection, Action`1 wrapCloseInAction)
   at System.Data.SqlClient.TdsParser.ThrowExceptionAndWarning(TdsParserStateObject stateObj, Boolean callerHasConnectionLock, Boolean asyncClose)
   at System.Data.SqlClient.TdsParser.TryRun(RunBehavior runBehavior, SqlCommand cmdHandler, SqlDataReader dataStream, BulkCopySimpleResultSet bulkCopyHandler, TdsParserStateObject stateObj, Boolean& dataReady)
   at System.Data.SqlClient.SqlDataReader.TryConsumeMetaData()
   at System.Data.SqlClient.SqlDataReader.get_MetaData()
   at System.Data.SqlClient.SqlCommand.FinishExecuteReader(SqlDataReader ds, RunBehavior runBehavior, String resetOptionsString, Boolean isInternal, Boolean forDescribeParameterEncryption)
   at System.Data.SqlClient.SqlCommand.RunExecuteReaderTds(CommandBehavior cmdBehavior, RunBehavior runBehavior, Boolean returnStream, Boolean async, Int32 timeout, Task& task, Boolean asyncWrite, Boolean inRetry, SqlDataReader ds, Boolean describeParameterEncryptionRequest)
   at System.Data.SqlClient.SqlCommand.RunExecuteReader(CommandBehavior cmdBehavior, RunBehavior runBehavior, Boolean returnStream, String method, TaskCompletionSource`1 completion, Int32 timeout, Task& task, Boolean& usedCache, Boolean asyncWrite, Boolean inRetry)
   at System.Data.SqlClient.SqlCommand.RunExecuteReader(CommandBehavior cmdBehavior, RunBehavior runBehavior, Boolean returnStream, String method)
   at System.Data.SqlClient.SqlCommand.ExecuteReader(CommandBehavior behavior, String method)
   at System.Data.SqlClient.SqlCommand.ExecuteReader()
   at home.dheyaUpdates() in c:\Users\Admin\Documents\GitHub\CDF-Dashboard2017\home.aspx.cs:line 394
ClientConnectionId:4c48fdf2-1a43-43c6-9766-e467eff9926a
Error Number:207,State:1,Class:16 
 
2019-01-08 18:10:26,045 [24] ERROR home - Page_Load -106 
 System.NullReferenceException: Object reference not set to an instance of an object.
   at home.Page_Load(Object sender, EventArgs e) in c:\Users\Admin\Documents\GitHub\CDF-Dashboard2017\home.aspx.cs:line 35 
 
