2018-11-23 10:08:45,965 [15] ERROR CDFMaster - Page_Load -36 
 System.NullReferenceException: Object reference not set to an instance of an object.
   at CDFMaster.Page_Load(Object sender, EventArgs e) in c:\Users\Admin\Documents\GitHub\CDF-Dashboard2017\Admin\admin-master.master.cs:line 16 
 
2018-11-23 10:08:50,851 [15] ERROR CDFMaster - Page_Load -36 
 System.NullReferenceException: Object reference not set to an instance of an object.
   at CDFMaster.Page_Load(Object sender, EventArgs e) in c:\Users\Admin\Documents\GitHub\CDF-Dashboard2017\Admin\admin-master.master.cs:line 16 
 
2018-11-23 10:08:56,693 [15] ERROR CDFMaster - Page_Load -36 
 System.NullReferenceException: Object reference not set to an instance of an object.
   at CDFMaster.Page_Load(Object sender, EventArgs e) in c:\Users\Admin\Documents\GitHub\CDF-Dashboard2017\Admin\admin-master.master.cs:line 16 
 
2018-11-23 10:09:06,395 [15] ERROR candidatedetails - Page_Load -58 
 System.NullReferenceException: Object reference not set to an instance of an object.
   at candidatedetails.Page_Load(Object sender, EventArgs e) in c:\Users\Admin\Documents\GitHub\CDF-Dashboard2017\Admin\candidate-details.aspx.cs:line 46 
 
2018-11-23 10:09:06,791 [15] ERROR CDFMaster - Page_Load -36 
 System.NullReferenceException: Object reference not set to an instance of an object.
   at CDFMaster.Page_Load(Object sender, EventArgs e) in c:\Users\Admin\Documents\GitHub\CDF-Dashboard2017\Admin\admin-master.master.cs:line 16 
 
2018-11-23 10:18:22,463 [11] ERROR CDFMaster - Page_Load -36 
 System.NullReferenceException: Object reference not set to an instance of an object.
   at CDFMaster.Page_Load(Object sender, EventArgs e) in c:\Users\Admin\Documents\GitHub\CDF-Dashboard2017\Admin\admin-master.master.cs:line 16 
 
2018-11-23 10:18:31,337 [12] ERROR candidatedetails - Page_Load -58 
 System.NullReferenceException: Object reference not set to an instance of an object.
   at candidatedetails.Page_Load(Object sender, EventArgs e) in c:\Users\Admin\Documents\GitHub\CDF-Dashboard2017\Admin\candidate-details.aspx.cs:line 46 
 
2018-11-23 10:18:31,745 [12] ERROR CDFMaster - Page_Load -36 
 System.NullReferenceException: Object reference not set to an instance of an object.
   at CDFMaster.Page_Load(Object sender, EventArgs e) in c:\Users\Admin\Documents\GitHub\CDF-Dashboard2017\Admin\admin-master.master.cs:line 16 
 
2018-11-23 10:18:46,554 [14] ERROR CDFMaster - Page_Load -36 
 System.NullReferenceException: Object reference not set to an instance of an object.
   at CDFMaster.Page_Load(Object sender, EventArgs e) in c:\Users\Admin\Documents\GitHub\CDF-Dashboard2017\Admin\admin-master.master.cs:line 16 
 
2018-11-23 10:18:51,230 [14] ERROR candidatedetails - Page_Load -58 
 System.NullReferenceException: Object reference not set to an instance of an object.
   at candidatedetails.Page_Load(Object sender, EventArgs e) in c:\Users\Admin\Documents\GitHub\CDF-Dashboard2017\Admin\candidate-details.aspx.cs:line 46 
 
2018-11-23 10:18:51,593 [14] ERROR CDFMaster - Page_Load -36 
 System.NullReferenceException: Object reference not set to an instance of an object.
   at CDFMaster.Page_Load(Object sender, EventArgs e) in c:\Users\Admin\Documents\GitHub\CDF-Dashboard2017\Admin\admin-master.master.cs:line 16 
 
2018-11-23 17:13:11,892 [10] ERROR Filter_PersonalityFilter - btn_preview_Click -611 
 System.Data.SqlClient.SqlException (0x80131904): Incorrect syntax near ')'.
Incorrect syntax near the keyword 'AND'.
Incorrect syntax near the keyword 'AND'.
   at db_context_career.ExecDataSet(String s_query) in c:\Users\Admin\Documents\GitHub\CDF-Dashboard2017\App_Code\db_context_career.cs:line 147
   at Filter_PersonalityFilter.btn_preview_Click(Object sender, EventArgs e) in c:\Users\Admin\Documents\GitHub\CDF-Dashboard2017\career-tool\personality-filter.aspx.cs:line 102
ClientConnectionId:277a293a-729d-4cfb-80de-829d2935f1b7
Error Number:102,State:1,Class:15 
 
2018-11-23 17:17:31,077 [6] ERROR Filter_PersonalityFilter - btn_preview_Click -611 
 System.Data.SqlClient.SqlException (0x80131904): Incorrect syntax near ')'.
Incorrect syntax near the keyword 'AND'.
Incorrect syntax near the keyword 'AND'.
   at db_context_career.ExecDataSet(String s_query) in c:\Users\Admin\Documents\GitHub\CDF-Dashboard2017\App_Code\db_context_career.cs:line 147
   at Filter_PersonalityFilter.btn_preview_Click(Object sender, EventArgs e) in c:\Users\Admin\Documents\GitHub\CDF-Dashboard2017\career-tool\personality-filter.aspx.cs:line 205
ClientConnectionId:277a293a-729d-4cfb-80de-829d2935f1b7
Error Number:102,State:1,Class:15 
 
2018-11-23 17:22:43,187 [16] ERROR Filter_PersonalityFilter - btn_preview_Click -611 
 System.Data.SqlClient.SqlException (0x80131904): Incorrect syntax near ')'.
Incorrect syntax near the keyword 'AND'.
Incorrect syntax near the keyword 'AND'.
   at db_context_career.ExecDataSet(String s_query) in c:\Users\Admin\Documents\GitHub\CDF-Dashboard2017\App_Code\db_context_career.cs:line 147
   at Filter_PersonalityFilter.btn_preview_Click(Object sender, EventArgs e) in c:\Users\Admin\Documents\GitHub\CDF-Dashboard2017\career-tool\personality-filter.aspx.cs:line 102
ClientConnectionId:2fe89373-0899-4217-bd05-815bdcb2c91a
Error Number:102,State:1,Class:15 
 
2018-11-23 17:23:17,980 [16] ERROR Filter_PersonalityFilter - btn_preview_Click -611 
 System.Data.SqlClient.SqlException (0x80131904): Incorrect syntax near ')'.
Incorrect syntax near the keyword 'AND'.
Incorrect syntax near the keyword 'AND'.
   at db_context_career.ExecDataSet(String s_query) in c:\Users\Admin\Documents\GitHub\CDF-Dashboard2017\App_Code\db_context_career.cs:line 147
   at Filter_PersonalityFilter.btn_preview_Click(Object sender, EventArgs e) in c:\Users\Admin\Documents\GitHub\CDF-Dashboard2017\career-tool\personality-filter.aspx.cs:line 102
ClientConnectionId:2fe89373-0899-4217-bd05-815bdcb2c91a
Error Number:102,State:1,Class:15 
 
2018-11-23 17:24:56,051 [11] ERROR Filter_PersonalityFilter - btn_preview_Click -611 
 System.Data.SqlClient.SqlException (0x80131904): Incorrect syntax near ')'.
Incorrect syntax near the keyword 'AND'.
Incorrect syntax near the keyword 'AND'.
   at db_context_career.ExecDataSet(String s_query) in c:\Users\Admin\Documents\GitHub\CDF-Dashboard2017\App_Code\db_context_career.cs:line 147
   at Filter_PersonalityFilter.btn_preview_Click(Object sender, EventArgs e) in c:\Users\Admin\Documents\GitHub\CDF-Dashboard2017\career-tool\personality-filter.aspx.cs:line 102
ClientConnectionId:2fe89373-0899-4217-bd05-815bdcb2c91a
Error Number:102,State:1,Class:15 
 
2018-11-23 17:25:19,573 [13] ERROR Filter_PersonalityFilter - btn_preview_Click -611 
 System.Data.SqlClient.SqlException (0x80131904): Incorrect syntax near ')'.
Incorrect syntax near the keyword 'AND'.
Incorrect syntax near the keyword 'AND'.
   at db_context_career.ExecDataSet(String s_query) in c:\Users\Admin\Documents\GitHub\CDF-Dashboard2017\App_Code\db_context_career.cs:line 147
   at Filter_PersonalityFilter.btn_preview_Click(Object sender, EventArgs e) in c:\Users\Admin\Documents\GitHub\CDF-Dashboard2017\career-tool\personality-filter.aspx.cs:line 102
ClientConnectionId:2fe89373-0899-4217-bd05-815bdcb2c91a
Error Number:102,State:1,Class:15 
 
2018-11-23 17:26:35,735 [13] ERROR Filter_PersonalityFilter - btn_preview_Click -611 
 System.Data.SqlClient.SqlException (0x80131904): Incorrect syntax near ')'.
Incorrect syntax near the keyword 'AND'.
Incorrect syntax near the keyword 'AND'.
   at db_context_career.ExecDataSet(String s_query) in c:\Users\Admin\Documents\GitHub\CDF-Dashboard2017\App_Code\db_context_career.cs:line 147
   at Filter_PersonalityFilter.btn_preview_Click(Object sender, EventArgs e) in c:\Users\Admin\Documents\GitHub\CDF-Dashboard2017\career-tool\personality-filter.aspx.cs:line 102
ClientConnectionId:2fe89373-0899-4217-bd05-815bdcb2c91a
Error Number:102,State:1,Class:15 
 
2018-11-23 17:27:48,334 [12] ERROR Filter_PersonalityFilter - btn_preview_Click -611 
 System.Data.SqlClient.SqlException (0x80131904): Incorrect syntax near ')'.
Incorrect syntax near the keyword 'AND'.
Incorrect syntax near the keyword 'AND'.
   at db_context_career.ExecDataSet(String s_query) in c:\Users\Admin\Documents\GitHub\CDF-Dashboard2017\App_Code\db_context_career.cs:line 147
   at Filter_PersonalityFilter.btn_preview_Click(Object sender, EventArgs e) in c:\Users\Admin\Documents\GitHub\CDF-Dashboard2017\career-tool\personality-filter.aspx.cs:line 102
ClientConnectionId:2fe89373-0899-4217-bd05-815bdcb2c91a
Error Number:102,State:1,Class:15 
 
2018-11-23 17:28:38,966 [12] ERROR Filter_PersonalityFilter - btn_preview_Click -611 
 System.Data.SqlClient.SqlException (0x80131904): Incorrect syntax near ')'.
Incorrect syntax near the keyword 'AND'.
Incorrect syntax near the keyword 'AND'.
   at db_context_career.ExecDataSet(String s_query) in c:\Users\Admin\Documents\GitHub\CDF-Dashboard2017\App_Code\db_context_career.cs:line 147
   at Filter_PersonalityFilter.btn_preview_Click(Object sender, EventArgs e) in c:\Users\Admin\Documents\GitHub\CDF-Dashboard2017\career-tool\personality-filter.aspx.cs:line 102
ClientConnectionId:2fe89373-0899-4217-bd05-815bdcb2c91a
Error Number:102,State:1,Class:15 
 
2018-11-23 17:30:36,215 [8] ERROR Filter_PersonalityFilter - btn_preview_Click -611 
 System.Data.SqlClient.SqlException (0x80131904): Incorrect syntax near ')'.
Incorrect syntax near the keyword 'AND'.
Incorrect syntax near the keyword 'AND'.
   at db_context_career.ExecDataSet(String s_query) in c:\Users\Admin\Documents\GitHub\CDF-Dashboard2017\App_Code\db_context_career.cs:line 147
   at Filter_PersonalityFilter.btn_preview_Click(Object sender, EventArgs e) in c:\Users\Admin\Documents\GitHub\CDF-Dashboard2017\career-tool\personality-filter.aspx.cs:line 102
ClientConnectionId:2fe89373-0899-4217-bd05-815bdcb2c91a
Error Number:102,State:1,Class:15 
 
2018-11-23 17:31:49,449 [8] ERROR Filter_PersonalityFilter - btn_preview_Click -611 
 System.Data.SqlClient.SqlException (0x80131904): Incorrect syntax near ')'.
Incorrect syntax near the keyword 'AND'.
Incorrect syntax near the keyword 'AND'.
   at db_context_career.ExecDataSet(String s_query) in c:\Users\Admin\Documents\GitHub\CDF-Dashboard2017\App_Code\db_context_career.cs:line 147
   at Filter_PersonalityFilter.btn_preview_Click(Object sender, EventArgs e) in c:\Users\Admin\Documents\GitHub\CDF-Dashboard2017\career-tool\personality-filter.aspx.cs:line 102
ClientConnectionId:2fe89373-0899-4217-bd05-815bdcb2c91a
Error Number:102,State:1,Class:15 
 
2018-11-23 17:51:27,864 [12] ERROR Filter_PersonalityFilter - btn_preview_Click -611 
 System.Data.SqlClient.SqlException (0x80131904): Incorrect syntax near ')'.
Incorrect syntax near the keyword 'AND'.
Incorrect syntax near the keyword 'AND'.
   at db_context_career.ExecDataSet(String s_query) in c:\Users\Admin\Documents\GitHub\CDF-Dashboard2017\App_Code\db_context_career.cs:line 147
   at Filter_PersonalityFilter.btn_preview_Click(Object sender, EventArgs e) in c:\Users\Admin\Documents\GitHub\CDF-Dashboard2017\career-tool\personality-filter.aspx.cs:line 102
ClientConnectionId:2fe89373-0899-4217-bd05-815bdcb2c91a
Error Number:102,State:1,Class:15 
 
