2018-11-17 16:01:11,823 [20] ERROR candidatedetails - Page_Load -363 
 System.Data.SqlClient.SqlException (0x80131904): Invalid column name 'dheyaUpdates'.
   at db_context.ExecDataSet(String s_query) in c:\Users\Admin\Documents\GitHub\CDF-Dashboard2017\App_Code\db_context.cs:line 141
   at candidatedetails.Page_Load(Object sender, EventArgs e) in c:\Users\Admin\Documents\GitHub\CDF-Dashboard2017\Admin\candidate-details.aspx.cs:line 129
ClientConnectionId:8d11afcd-cd3d-42e3-b56f-8b291f94ecd8
Error Number:207,State:1,Class:16 
 
2018-11-17 16:01:22,364 [19] ERROR candidatedetails - Page_Load -363 
 System.Data.SqlClient.SqlException (0x80131904): Invalid column name 'dheyaUpdates'.
   at db_context.ExecDataSet(String s_query) in c:\Users\Admin\Documents\GitHub\CDF-Dashboard2017\App_Code\db_context.cs:line 141
   at candidatedetails.Page_Load(Object sender, EventArgs e) in c:\Users\Admin\Documents\GitHub\CDF-Dashboard2017\Admin\candidate-details.aspx.cs:line 129
ClientConnectionId:8d11afcd-cd3d-42e3-b56f-8b291f94ecd8
Error Number:207,State:1,Class:16 
 
2018-11-17 16:02:27,727 [25] ERROR candidatedetails - Page_Load -363 
 System.Data.SqlClient.SqlException (0x80131904): Invalid column name 'dheyaUpdates'.
   at db_context.ExecDataSet(String s_query) in c:\Users\Admin\Documents\GitHub\CDF-Dashboard2017\App_Code\db_context.cs:line 141
   at candidatedetails.Page_Load(Object sender, EventArgs e) in c:\Users\Admin\Documents\GitHub\CDF-Dashboard2017\Admin\candidate-details.aspx.cs:line 129
ClientConnectionId:8d11afcd-cd3d-42e3-b56f-8b291f94ecd8
Error Number:207,State:1,Class:16 
 
2018-11-17 16:02:27,743 [25] ERROR CDFMaster - Page_Load -36 
 System.NullReferenceException: Object reference not set to an instance of an object.
   at CDFMaster.Page_Load(Object sender, EventArgs e) in c:\Users\Admin\Documents\GitHub\CDF-Dashboard2017\Admin\admin-master.master.cs:line 16 
 
2018-11-17 16:02:44,834 [25] ERROR CDFMaster - Page_Load -36 
 System.NullReferenceException: Object reference not set to an instance of an object.
   at CDFMaster.Page_Load(Object sender, EventArgs e) in c:\Users\Admin\Documents\GitHub\CDF-Dashboard2017\Admin\admin-master.master.cs:line 16 
 
2018-11-17 16:02:44,943 [24] ERROR candidatedetails - Page_Load -363 
 System.Data.SqlClient.SqlException (0x80131904): Invalid column name 'dheyaUpdates'.
   at db_context.ExecDataSet(String s_query) in c:\Users\Admin\Documents\GitHub\CDF-Dashboard2017\App_Code\db_context.cs:line 141
   at candidatedetails.Page_Load(Object sender, EventArgs e) in c:\Users\Admin\Documents\GitHub\CDF-Dashboard2017\Admin\candidate-details.aspx.cs:line 129
ClientConnectionId:8d11afcd-cd3d-42e3-b56f-8b291f94ecd8
Error Number:207,State:1,Class:16 
 
2018-11-17 16:02:44,943 [24] ERROR CDFMaster - Page_Load -36 
 System.NullReferenceException: Object reference not set to an instance of an object.
   at CDFMaster.Page_Load(Object sender, EventArgs e) in c:\Users\Admin\Documents\GitHub\CDF-Dashboard2017\Admin\admin-master.master.cs:line 16 
 
2018-11-17 16:02:56,731 [24] ERROR candidatedetails - Page_Load -363 
 System.Data.SqlClient.SqlException (0x80131904): Invalid column name 'dheyaUpdates'.
   at db_context.ExecDataSet(String s_query) in c:\Users\Admin\Documents\GitHub\CDF-Dashboard2017\App_Code\db_context.cs:line 141
   at candidatedetails.Page_Load(Object sender, EventArgs e) in c:\Users\Admin\Documents\GitHub\CDF-Dashboard2017\Admin\candidate-details.aspx.cs:line 129
ClientConnectionId:8d11afcd-cd3d-42e3-b56f-8b291f94ecd8
Error Number:207,State:1,Class:16 
 
2018-11-17 16:02:56,751 [24] ERROR CDFMaster - Page_Load -36 
 System.NullReferenceException: Object reference not set to an instance of an object.
   at CDFMaster.Page_Load(Object sender, EventArgs e) in c:\Users\Admin\Documents\GitHub\CDF-Dashboard2017\Admin\admin-master.master.cs:line 16 
 
