2019-10-23 10:29:42,864 [5] ERROR login - btn_login_Click -138 
 System.Data.SqlClient.SqlException (0x80131904): The conversion of a varchar data type to a datetime data type resulted in an out-of-range value.
The statement has been terminated.
   at System.Data.SqlClient.SqlConnection.OnError(SqlException exception, Boolean breakConnection, Action`1 wrapCloseInAction)
   at System.Data.SqlClient.SqlInternalConnection.OnError(SqlException exception, Boolean breakConnection, Action`1 wrapCloseInAction)
   at System.Data.SqlClient.TdsParser.ThrowExceptionAndWarning(TdsParserStateObject stateObj, Boolean callerHasConnectionLock, Boolean asyncClose)
   at System.Data.SqlClient.TdsParser.TryRun(RunBehavior runBehavior, SqlCommand cmdHandler, SqlDataReader dataStream, BulkCopySimpleResultSet bulkCopyHandler, TdsParserStateObject stateObj, Boolean& dataReady)
   at System.Data.SqlClient.SqlCommand.RunExecuteNonQueryTds(String methodName, Boolean async, Int32 timeout, Boolean asyncWrite)
   at System.Data.SqlClient.SqlCommand.InternalExecuteNonQuery(TaskCompletionSource`1 completion, String methodName, Boolean sendToPipe, Int32 timeout, Boolean& usedCache, Boolean asyncWrite, Boolean inRetry)
   at System.Data.SqlClient.SqlCommand.ExecuteNonQuery()
   at login.btn_login_Click(Object sender, EventArgs e) in e:\CHETAN\CDFDashboardFinal(Bhagu)\CDF-Dashboard2017\login.aspx.cs:line 132
ClientConnectionId:e9f850de-0d6c-49c7-b512-9eb2aaebcf12
Error Number:242,State:3,Class:16 
 
2019-10-23 10:29:46,749 [14] ERROR home1 - GetData -310 
 System.NullReferenceException: Object reference not set to an instance of an object.
   at home1.GetData() in e:\CHETAN\CDFDashboardFinal(Bhagu)\CDF-Dashboard2017\home1.aspx.cs:line 296 
 
2019-10-23 10:29:46,922 [14] ERROR home1 - chart_bind -405 
 System.NullReferenceException: Object reference not set to an instance of an object.
   at home1.chart_bind() in e:\CHETAN\CDFDashboardFinal(Bhagu)\CDF-Dashboard2017\home1.aspx.cs:line 379 
 
2019-10-23 10:29:46,991 [14] ERROR home1 - GetData2 -367 
 System.NullReferenceException: Object reference not set to an instance of an object.
   at home1.GetData2() in e:\CHETAN\CDFDashboardFinal(Bhagu)\CDF-Dashboard2017\home1.aspx.cs:line 353 
 
2019-10-23 10:29:47,076 [14] ERROR home1 - chart_bind2 -482 
 System.NullReferenceException: Object reference not set to an instance of an object.
   at home1.chart_bind2() in e:\CHETAN\CDFDashboardFinal(Bhagu)\CDF-Dashboard2017\home1.aspx.cs:line 456 
 
2019-10-23 10:29:47,148 [14] ERROR home1 - bindgrid -586 
 System.NullReferenceException: Object reference not set to an instance of an object.
   at home1.bindgrid() in e:\CHETAN\CDFDashboardFinal(Bhagu)\CDF-Dashboard2017\home1.aspx.cs:line 548 
 
2019-10-23 10:29:47,510 [14] ERROR home1 - GetData_both -344 
 System.NullReferenceException: Object reference not set to an instance of an object.
   at home1.GetData_both() in e:\CHETAN\CDFDashboardFinal(Bhagu)\CDF-Dashboard2017\home1.aspx.cs:line 320 
 
2019-10-23 10:29:47,562 [14] ERROR home1 - chart_bind_both -445 
 System.NullReferenceException: Object reference not set to an instance of an object.
   at home1.chart_bind_both() in e:\CHETAN\CDFDashboardFinal(Bhagu)\CDF-Dashboard2017\home1.aspx.cs:line 417 
 
2019-10-23 10:29:47,657 [14] ERROR home1 - bindgrid_lead_converted -627 
 System.NullReferenceException: Object reference not set to an instance of an object.
   at home1.bindgrid_lead_converted() in e:\CHETAN\CDFDashboardFinal(Bhagu)\CDF-Dashboard2017\home1.aspx.cs:line 601 
 
2019-10-23 10:29:47,756 [14] ERROR home1 - bindgrid_lead_created -666 
 System.NullReferenceException: Object reference not set to an instance of an object.
   at home1.bindgrid_lead_created() in e:\CHETAN\CDFDashboardFinal(Bhagu)\CDF-Dashboard2017\home1.aspx.cs:line 640 
 
2019-10-23 10:29:47,997 [14] ERROR home1 - Page_Load -139 
 System.NullReferenceException: Object reference not set to an instance of an object.
   at home1.Page_Load(Object sender, EventArgs e) in e:\CHETAN\CDFDashboardFinal(Bhagu)\CDF-Dashboard2017\home1.aspx.cs:line 68 
 
2019-10-23 10:30:25,981 [5] ERROR home1 - GetData -310 
 System.NullReferenceException: Object reference not set to an instance of an object.
   at home1.GetData() in e:\CHETAN\CDFDashboardFinal(Bhagu)\CDF-Dashboard2017\home1.aspx.cs:line 296 
 
2019-10-23 10:30:26,036 [5] ERROR home1 - chart_bind -405 
 System.NullReferenceException: Object reference not set to an instance of an object.
   at home1.chart_bind() in e:\CHETAN\CDFDashboardFinal(Bhagu)\CDF-Dashboard2017\home1.aspx.cs:line 379 
 
2019-10-23 10:30:26,091 [5] ERROR home1 - GetData2 -367 
 System.NullReferenceException: Object reference not set to an instance of an object.
   at home1.GetData2() in e:\CHETAN\CDFDashboardFinal(Bhagu)\CDF-Dashboard2017\home1.aspx.cs:line 353 
 
2019-10-23 10:30:26,173 [5] ERROR home1 - chart_bind2 -482 
 System.NullReferenceException: Object reference not set to an instance of an object.
   at home1.chart_bind2() in e:\CHETAN\CDFDashboardFinal(Bhagu)\CDF-Dashboard2017\home1.aspx.cs:line 456 
 
2019-10-23 10:30:26,244 [5] ERROR home1 - bindgrid -586 
 System.NullReferenceException: Object reference not set to an instance of an object.
   at home1.bindgrid() in e:\CHETAN\CDFDashboardFinal(Bhagu)\CDF-Dashboard2017\home1.aspx.cs:line 548 
 
2019-10-23 10:30:26,545 [5] ERROR home1 - GetData_both -344 
 System.NullReferenceException: Object reference not set to an instance of an object.
   at home1.GetData_both() in e:\CHETAN\CDFDashboardFinal(Bhagu)\CDF-Dashboard2017\home1.aspx.cs:line 320 
 
2019-10-23 10:30:26,600 [5] ERROR home1 - chart_bind_both -445 
 System.NullReferenceException: Object reference not set to an instance of an object.
   at home1.chart_bind_both() in e:\CHETAN\CDFDashboardFinal(Bhagu)\CDF-Dashboard2017\home1.aspx.cs:line 417 
 
2019-10-23 10:30:26,663 [5] ERROR home1 - bindgrid_lead_converted -627 
 System.NullReferenceException: Object reference not set to an instance of an object.
   at home1.bindgrid_lead_converted() in e:\CHETAN\CDFDashboardFinal(Bhagu)\CDF-Dashboard2017\home1.aspx.cs:line 601 
 
2019-10-23 10:30:26,819 [5] ERROR home1 - bindgrid_lead_created -666 
 System.NullReferenceException: Object reference not set to an instance of an object.
   at home1.bindgrid_lead_created() in e:\CHETAN\CDFDashboardFinal(Bhagu)\CDF-Dashboard2017\home1.aspx.cs:line 640 
 
2019-10-23 10:30:26,962 [5] ERROR home1 - Page_Load -139 
 System.NullReferenceException: Object reference not set to an instance of an object.
   at home1.Page_Load(Object sender, EventArgs e) in e:\CHETAN\CDFDashboardFinal(Bhagu)\CDF-Dashboard2017\home1.aspx.cs:line 68 
 
2019-10-23 10:51:59,713 [7] ERROR ASP.global_asax - Session_End -82 
 System.Data.SqlClient.SqlException (0x80131904): The conversion of a varchar data type to a datetime data type resulted in an out-of-range value.
The statement has been terminated.
   at db_context.ExecNonQuery(String s_query) in e:\CHETAN\CDFDashboardFinal(Bhagu)\CDF-Dashboard2017\App_Code\db_context.cs:line 130
   at ASP.global_asax.Session_End(Object sender, EventArgs e) in e:\CHETAN\CDFDashboardFinal(Bhagu)\CDF-Dashboard2017\Global.asax:line 77
ClientConnectionId:f9beb8c6-14f6-4c2c-bc01-45973af6c79a
Error Number:242,State:3,Class:16 
 
2019-10-23 10:57:58,746 [7] ERROR login - btn_login_Click -138 
 System.Data.SqlClient.SqlException (0x80131904): The conversion of a varchar data type to a datetime data type resulted in an out-of-range value.
The statement has been terminated.
   at System.Data.SqlClient.SqlConnection.OnError(SqlException exception, Boolean breakConnection, Action`1 wrapCloseInAction)
   at System.Data.SqlClient.SqlInternalConnection.OnError(SqlException exception, Boolean breakConnection, Action`1 wrapCloseInAction)
   at System.Data.SqlClient.TdsParser.ThrowExceptionAndWarning(TdsParserStateObject stateObj, Boolean callerHasConnectionLock, Boolean asyncClose)
   at System.Data.SqlClient.TdsParser.TryRun(RunBehavior runBehavior, SqlCommand cmdHandler, SqlDataReader dataStream, BulkCopySimpleResultSet bulkCopyHandler, TdsParserStateObject stateObj, Boolean& dataReady)
   at System.Data.SqlClient.SqlCommand.RunExecuteNonQueryTds(String methodName, Boolean async, Int32 timeout, Boolean asyncWrite)
   at System.Data.SqlClient.SqlCommand.InternalExecuteNonQuery(TaskCompletionSource`1 completion, String methodName, Boolean sendToPipe, Int32 timeout, Boolean& usedCache, Boolean asyncWrite, Boolean inRetry)
   at System.Data.SqlClient.SqlCommand.ExecuteNonQuery()
   at login.btn_login_Click(Object sender, EventArgs e) in e:\CHETAN\CDFDashboardFinal(Bhagu)\CDF-Dashboard2017\login.aspx.cs:line 132
ClientConnectionId:ed28cf9f-aa85-4108-a3d6-c4a06cd8fc0f
Error Number:242,State:3,Class:16 
 
2019-10-23 10:58:00,959 [23] ERROR home1 - GetData -310 
 System.NullReferenceException: Object reference not set to an instance of an object.
   at home1.GetData() in e:\CHETAN\CDFDashboardFinal(Bhagu)\CDF-Dashboard2017\home1.aspx.cs:line 296 
 
2019-10-23 10:58:01,027 [23] ERROR home1 - chart_bind -405 
 System.NullReferenceException: Object reference not set to an instance of an object.
   at home1.chart_bind() in e:\CHETAN\CDFDashboardFinal(Bhagu)\CDF-Dashboard2017\home1.aspx.cs:line 379 
 
2019-10-23 10:58:01,103 [23] ERROR home1 - GetData2 -367 
 System.NullReferenceException: Object reference not set to an instance of an object.
   at home1.GetData2() in e:\CHETAN\CDFDashboardFinal(Bhagu)\CDF-Dashboard2017\home1.aspx.cs:line 353 
 
2019-10-23 10:58:01,163 [23] ERROR home1 - chart_bind2 -482 
 System.NullReferenceException: Object reference not set to an instance of an object.
   at home1.chart_bind2() in e:\CHETAN\CDFDashboardFinal(Bhagu)\CDF-Dashboard2017\home1.aspx.cs:line 456 
 
2019-10-23 10:58:01,256 [23] ERROR home1 - bindgrid -586 
 System.NullReferenceException: Object reference not set to an instance of an object.
   at home1.bindgrid() in e:\CHETAN\CDFDashboardFinal(Bhagu)\CDF-Dashboard2017\home1.aspx.cs:line 548 
 
2019-10-23 10:58:01,509 [23] ERROR home1 - GetData_both -344 
 System.NullReferenceException: Object reference not set to an instance of an object.
   at home1.GetData_both() in e:\CHETAN\CDFDashboardFinal(Bhagu)\CDF-Dashboard2017\home1.aspx.cs:line 320 
 
2019-10-23 10:58:01,611 [23] ERROR home1 - chart_bind_both -445 
 System.NullReferenceException: Object reference not set to an instance of an object.
   at home1.chart_bind_both() in e:\CHETAN\CDFDashboardFinal(Bhagu)\CDF-Dashboard2017\home1.aspx.cs:line 417 
 
2019-10-23 10:58:01,669 [23] ERROR home1 - bindgrid_lead_converted -627 
 System.NullReferenceException: Object reference not set to an instance of an object.
   at home1.bindgrid_lead_converted() in e:\CHETAN\CDFDashboardFinal(Bhagu)\CDF-Dashboard2017\home1.aspx.cs:line 601 
 
2019-10-23 10:58:01,721 [23] ERROR home1 - bindgrid_lead_created -666 
 System.NullReferenceException: Object reference not set to an instance of an object.
   at home1.bindgrid_lead_created() in e:\CHETAN\CDFDashboardFinal(Bhagu)\CDF-Dashboard2017\home1.aspx.cs:line 640 
 
2019-10-23 10:58:01,852 [23] ERROR home1 - Page_Load -139 
 System.NullReferenceException: Object reference not set to an instance of an object.
   at home1.Page_Load(Object sender, EventArgs e) in e:\CHETAN\CDFDashboardFinal(Bhagu)\CDF-Dashboard2017\home1.aspx.cs:line 68 
 
2019-10-23 11:09:04,708 [13] ERROR home1 - GetData -310 
 System.NullReferenceException: Object reference not set to an instance of an object.
   at home1.GetData() in e:\CHETAN\CDFDashboardFinal(Bhagu)\CDF-Dashboard2017\home1.aspx.cs:line 296 
 
2019-10-23 11:09:04,750 [13] ERROR home1 - chart_bind -405 
 System.NullReferenceException: Object reference not set to an instance of an object.
   at home1.chart_bind() in e:\CHETAN\CDFDashboardFinal(Bhagu)\CDF-Dashboard2017\home1.aspx.cs:line 379 
 
2019-10-23 11:09:04,827 [13] ERROR home1 - GetData2 -367 
 System.NullReferenceException: Object reference not set to an instance of an object.
   at home1.GetData2() in e:\CHETAN\CDFDashboardFinal(Bhagu)\CDF-Dashboard2017\home1.aspx.cs:line 353 
 
2019-10-23 11:09:04,864 [13] ERROR home1 - chart_bind2 -482 
 System.NullReferenceException: Object reference not set to an instance of an object.
   at home1.chart_bind2() in e:\CHETAN\CDFDashboardFinal(Bhagu)\CDF-Dashboard2017\home1.aspx.cs:line 456 
 
2019-10-23 11:09:04,906 [13] ERROR home1 - bindgrid -586 
 System.NullReferenceException: Object reference not set to an instance of an object.
   at home1.bindgrid() in e:\CHETAN\CDFDashboardFinal(Bhagu)\CDF-Dashboard2017\home1.aspx.cs:line 548 
 
2019-10-23 11:09:05,147 [13] ERROR home1 - GetData_both -344 
 System.NullReferenceException: Object reference not set to an instance of an object.
   at home1.GetData_both() in e:\CHETAN\CDFDashboardFinal(Bhagu)\CDF-Dashboard2017\home1.aspx.cs:line 320 
 
2019-10-23 11:09:05,188 [13] ERROR home1 - chart_bind_both -445 
 System.NullReferenceException: Object reference not set to an instance of an object.
   at home1.chart_bind_both() in e:\CHETAN\CDFDashboardFinal(Bhagu)\CDF-Dashboard2017\home1.aspx.cs:line 417 
 
2019-10-23 11:09:05,224 [13] ERROR home1 - bindgrid_lead_converted -627 
 System.NullReferenceException: Object reference not set to an instance of an object.
   at home1.bindgrid_lead_converted() in e:\CHETAN\CDFDashboardFinal(Bhagu)\CDF-Dashboard2017\home1.aspx.cs:line 601 
 
2019-10-23 11:09:05,268 [13] ERROR home1 - bindgrid_lead_created -666 
 System.NullReferenceException: Object reference not set to an instance of an object.
   at home1.bindgrid_lead_created() in e:\CHETAN\CDFDashboardFinal(Bhagu)\CDF-Dashboard2017\home1.aspx.cs:line 640 
 
2019-10-23 11:09:05,432 [13] ERROR home1 - Page_Load -139 
 System.NullReferenceException: Object reference not set to an instance of an object.
   at home1.Page_Load(Object sender, EventArgs e) in e:\CHETAN\CDFDashboardFinal(Bhagu)\CDF-Dashboard2017\home1.aspx.cs:line 68 
 
2019-10-23 14:28:09,753 [52] ERROR home1 - GetData -310 
 System.NullReferenceException: Object reference not set to an instance of an object.
   at home1.GetData() in e:\CHETAN\CDFDashboardFinal(Bhagu)\CDF-Dashboard2017\home1.aspx.cs:line 296 
 
2019-10-23 14:28:09,825 [52] ERROR home1 - chart_bind -405 
 System.NullReferenceException: Object reference not set to an instance of an object.
   at home1.chart_bind() in e:\CHETAN\CDFDashboardFinal(Bhagu)\CDF-Dashboard2017\home1.aspx.cs:line 379 
 
2019-10-23 14:28:09,910 [52] ERROR home1 - GetData2 -367 
 System.NullReferenceException: Object reference not set to an instance of an object.
   at home1.GetData2() in e:\CHETAN\CDFDashboardFinal(Bhagu)\CDF-Dashboard2017\home1.aspx.cs:line 353 
 
2019-10-23 14:28:09,994 [52] ERROR home1 - chart_bind2 -482 
 System.NullReferenceException: Object reference not set to an instance of an object.
   at home1.chart_bind2() in e:\CHETAN\CDFDashboardFinal(Bhagu)\CDF-Dashboard2017\home1.aspx.cs:line 456 
 
2019-10-23 14:28:10,073 [52] ERROR home1 - bindgrid -586 
 System.NullReferenceException: Object reference not set to an instance of an object.
   at home1.bindgrid() in e:\CHETAN\CDFDashboardFinal(Bhagu)\CDF-Dashboard2017\home1.aspx.cs:line 548 
 
2019-10-23 14:28:10,456 [52] ERROR home1 - GetData_both -344 
 System.NullReferenceException: Object reference not set to an instance of an object.
   at home1.GetData_both() in e:\CHETAN\CDFDashboardFinal(Bhagu)\CDF-Dashboard2017\home1.aspx.cs:line 320 
 
2019-10-23 14:28:10,526 [52] ERROR home1 - chart_bind_both -445 
 System.NullReferenceException: Object reference not set to an instance of an object.
   at home1.chart_bind_both() in e:\CHETAN\CDFDashboardFinal(Bhagu)\CDF-Dashboard2017\home1.aspx.cs:line 417 
 
2019-10-23 14:28:10,613 [52] ERROR home1 - bindgrid_lead_converted -627 
 System.NullReferenceException: Object reference not set to an instance of an object.
   at home1.bindgrid_lead_converted() in e:\CHETAN\CDFDashboardFinal(Bhagu)\CDF-Dashboard2017\home1.aspx.cs:line 601 
 
2019-10-23 14:28:10,697 [52] ERROR home1 - bindgrid_lead_created -666 
 System.NullReferenceException: Object reference not set to an instance of an object.
   at home1.bindgrid_lead_created() in e:\CHETAN\CDFDashboardFinal(Bhagu)\CDF-Dashboard2017\home1.aspx.cs:line 640 
 
2019-10-23 14:28:10,957 [52] ERROR home1 - Page_Load -139 
 System.NullReferenceException: Object reference not set to an instance of an object.
   at home1.Page_Load(Object sender, EventArgs e) in e:\CHETAN\CDFDashboardFinal(Bhagu)\CDF-Dashboard2017\home1.aspx.cs:line 68 
 
2019-10-23 14:28:19,382 [52] ERROR home1 - GetData -310 
 System.NullReferenceException: Object reference not set to an instance of an object.
   at home1.GetData() in e:\CHETAN\CDFDashboardFinal(Bhagu)\CDF-Dashboard2017\home1.aspx.cs:line 296 
 
2019-10-23 14:28:19,443 [52] ERROR home1 - chart_bind -405 
 System.NullReferenceException: Object reference not set to an instance of an object.
   at home1.chart_bind() in e:\CHETAN\CDFDashboardFinal(Bhagu)\CDF-Dashboard2017\home1.aspx.cs:line 379 
 
2019-10-23 14:28:19,557 [52] ERROR home1 - GetData2 -367 
 System.NullReferenceException: Object reference not set to an instance of an object.
   at home1.GetData2() in e:\CHETAN\CDFDashboardFinal(Bhagu)\CDF-Dashboard2017\home1.aspx.cs:line 353 
 
2019-10-23 14:28:19,638 [52] ERROR home1 - chart_bind2 -482 
 System.NullReferenceException: Object reference not set to an instance of an object.
   at home1.chart_bind2() in e:\CHETAN\CDFDashboardFinal(Bhagu)\CDF-Dashboard2017\home1.aspx.cs:line 456 
 
2019-10-23 14:28:19,710 [52] ERROR home1 - bindgrid -586 
 System.NullReferenceException: Object reference not set to an instance of an object.
   at home1.bindgrid() in e:\CHETAN\CDFDashboardFinal(Bhagu)\CDF-Dashboard2017\home1.aspx.cs:line 548 
 
2019-10-23 14:28:19,969 [52] ERROR home1 - GetData_both -344 
 System.NullReferenceException: Object reference not set to an instance of an object.
   at home1.GetData_both() in e:\CHETAN\CDFDashboardFinal(Bhagu)\CDF-Dashboard2017\home1.aspx.cs:line 320 
 
2019-10-23 14:28:20,043 [52] ERROR home1 - chart_bind_both -445 
 System.NullReferenceException: Object reference not set to an instance of an object.
   at home1.chart_bind_both() in e:\CHETAN\CDFDashboardFinal(Bhagu)\CDF-Dashboard2017\home1.aspx.cs:line 417 
 
2019-10-23 14:28:20,111 [52] ERROR home1 - bindgrid_lead_converted -627 
 System.NullReferenceException: Object reference not set to an instance of an object.
   at home1.bindgrid_lead_converted() in e:\CHETAN\CDFDashboardFinal(Bhagu)\CDF-Dashboard2017\home1.aspx.cs:line 601 
 
2019-10-23 14:28:20,187 [52] ERROR home1 - bindgrid_lead_created -666 
 System.NullReferenceException: Object reference not set to an instance of an object.
   at home1.bindgrid_lead_created() in e:\CHETAN\CDFDashboardFinal(Bhagu)\CDF-Dashboard2017\home1.aspx.cs:line 640 
 
2019-10-23 14:28:20,401 [52] ERROR home1 - Page_Load -139 
 System.NullReferenceException: Object reference not set to an instance of an object.
   at home1.Page_Load(Object sender, EventArgs e) in e:\CHETAN\CDFDashboardFinal(Bhagu)\CDF-Dashboard2017\home1.aspx.cs:line 68 
 
2019-10-23 14:28:25,617 [52] ERROR home1 - GetData -310 
 System.NullReferenceException: Object reference not set to an instance of an object.
   at home1.GetData() in e:\CHETAN\CDFDashboardFinal(Bhagu)\CDF-Dashboard2017\home1.aspx.cs:line 296 
 
2019-10-23 14:28:25,682 [52] ERROR home1 - chart_bind -405 
 System.NullReferenceException: Object reference not set to an instance of an object.
   at home1.chart_bind() in e:\CHETAN\CDFDashboardFinal(Bhagu)\CDF-Dashboard2017\home1.aspx.cs:line 379 
 
2019-10-23 14:28:25,769 [52] ERROR home1 - GetData2 -367 
 System.NullReferenceException: Object reference not set to an instance of an object.
   at home1.GetData2() in e:\CHETAN\CDFDashboardFinal(Bhagu)\CDF-Dashboard2017\home1.aspx.cs:line 353 
 
2019-10-23 14:28:25,829 [52] ERROR home1 - chart_bind2 -482 
 System.NullReferenceException: Object reference not set to an instance of an object.
   at home1.chart_bind2() in e:\CHETAN\CDFDashboardFinal(Bhagu)\CDF-Dashboard2017\home1.aspx.cs:line 456 
 
2019-10-23 14:28:25,892 [52] ERROR home1 - bindgrid -586 
 System.NullReferenceException: Object reference not set to an instance of an object.
   at home1.bindgrid() in e:\CHETAN\CDFDashboardFinal(Bhagu)\CDF-Dashboard2017\home1.aspx.cs:line 548 
 
2019-10-23 14:28:26,195 [52] ERROR home1 - GetData_both -344 
 System.NullReferenceException: Object reference not set to an instance of an object.
   at home1.GetData_both() in e:\CHETAN\CDFDashboardFinal(Bhagu)\CDF-Dashboard2017\home1.aspx.cs:line 320 
 
2019-10-23 14:28:26,302 [52] ERROR home1 - chart_bind_both -445 
 System.NullReferenceException: Object reference not set to an instance of an object.
   at home1.chart_bind_both() in e:\CHETAN\CDFDashboardFinal(Bhagu)\CDF-Dashboard2017\home1.aspx.cs:line 417 
 
2019-10-23 14:28:26,360 [52] ERROR home1 - bindgrid_lead_converted -627 
 System.NullReferenceException: Object reference not set to an instance of an object.
   at home1.bindgrid_lead_converted() in e:\CHETAN\CDFDashboardFinal(Bhagu)\CDF-Dashboard2017\home1.aspx.cs:line 601 
 
2019-10-23 14:28:26,420 [52] ERROR home1 - bindgrid_lead_created -666 
 System.NullReferenceException: Object reference not set to an instance of an object.
   at home1.bindgrid_lead_created() in e:\CHETAN\CDFDashboardFinal(Bhagu)\CDF-Dashboard2017\home1.aspx.cs:line 640 
 
2019-10-23 14:28:26,586 [52] ERROR home1 - Page_Load -139 
 System.NullReferenceException: Object reference not set to an instance of an object.
   at home1.Page_Load(Object sender, EventArgs e) in e:\CHETAN\CDFDashboardFinal(Bhagu)\CDF-Dashboard2017\home1.aspx.cs:line 68 
 
2019-10-23 17:51:31,722 [60] ERROR home1 - GetData -310 
 System.NullReferenceException: Object reference not set to an instance of an object.
   at home1.GetData() in e:\CHETAN\CDFDashboardFinal(Bhagu)\CDF-Dashboard2017\home1.aspx.cs:line 296 
 
2019-10-23 17:51:31,769 [60] ERROR home1 - chart_bind -405 
 System.NullReferenceException: Object reference not set to an instance of an object.
   at home1.chart_bind() in e:\CHETAN\CDFDashboardFinal(Bhagu)\CDF-Dashboard2017\home1.aspx.cs:line 379 
 
2019-10-23 17:51:31,827 [60] ERROR home1 - GetData2 -367 
 System.NullReferenceException: Object reference not set to an instance of an object.
   at home1.GetData2() in e:\CHETAN\CDFDashboardFinal(Bhagu)\CDF-Dashboard2017\home1.aspx.cs:line 353 
 
2019-10-23 17:51:31,901 [60] ERROR home1 - chart_bind2 -482 
 System.NullReferenceException: Object reference not set to an instance of an object.
   at home1.chart_bind2() in e:\CHETAN\CDFDashboardFinal(Bhagu)\CDF-Dashboard2017\home1.aspx.cs:line 456 
 
2019-10-23 17:51:31,948 [60] ERROR home1 - bindgrid -586 
 System.NullReferenceException: Object reference not set to an instance of an object.
   at home1.bindgrid() in e:\CHETAN\CDFDashboardFinal(Bhagu)\CDF-Dashboard2017\home1.aspx.cs:line 548 
 
2019-10-23 17:51:32,220 [60] ERROR home1 - GetData_both -344 
 System.NullReferenceException: Object reference not set to an instance of an object.
   at home1.GetData_both() in e:\CHETAN\CDFDashboardFinal(Bhagu)\CDF-Dashboard2017\home1.aspx.cs:line 320 
 
2019-10-23 17:51:32,267 [60] ERROR home1 - chart_bind_both -445 
 System.NullReferenceException: Object reference not set to an instance of an object.
   at home1.chart_bind_both() in e:\CHETAN\CDFDashboardFinal(Bhagu)\CDF-Dashboard2017\home1.aspx.cs:line 417 
 
2019-10-23 17:51:32,341 [60] ERROR home1 - bindgrid_lead_converted -627 
 System.NullReferenceException: Object reference not set to an instance of an object.
   at home1.bindgrid_lead_converted() in e:\CHETAN\CDFDashboardFinal(Bhagu)\CDF-Dashboard2017\home1.aspx.cs:line 601 
 
2019-10-23 17:51:32,407 [60] ERROR home1 - bindgrid_lead_created -666 
 System.NullReferenceException: Object reference not set to an instance of an object.
   at home1.bindgrid_lead_created() in e:\CHETAN\CDFDashboardFinal(Bhagu)\CDF-Dashboard2017\home1.aspx.cs:line 640 
 
2019-10-23 17:51:32,575 [60] ERROR home1 - Page_Load -139 
 System.NullReferenceException: Object reference not set to an instance of an object.
   at home1.Page_Load(Object sender, EventArgs e) in e:\CHETAN\CDFDashboardFinal(Bhagu)\CDF-Dashboard2017\home1.aspx.cs:line 68 
 
2019-10-23 18:12:07,587 [69] ERROR home1 - GetData -310 
 System.NullReferenceException: Object reference not set to an instance of an object.
   at home1.GetData() in e:\CHETAN\CDFDashboardFinal(Bhagu)\CDF-Dashboard2017\home1.aspx.cs:line 296 
 
2019-10-23 18:12:07,623 [69] ERROR home1 - chart_bind -405 
 System.NullReferenceException: Object reference not set to an instance of an object.
   at home1.chart_bind() in e:\CHETAN\CDFDashboardFinal(Bhagu)\CDF-Dashboard2017\home1.aspx.cs:line 379 
 
2019-10-23 18:12:07,660 [69] ERROR home1 - GetData2 -367 
 System.NullReferenceException: Object reference not set to an instance of an object.
   at home1.GetData2() in e:\CHETAN\CDFDashboardFinal(Bhagu)\CDF-Dashboard2017\home1.aspx.cs:line 353 
 
2019-10-23 18:12:07,705 [69] ERROR home1 - chart_bind2 -482 
 System.NullReferenceException: Object reference not set to an instance of an object.
   at home1.chart_bind2() in e:\CHETAN\CDFDashboardFinal(Bhagu)\CDF-Dashboard2017\home1.aspx.cs:line 456 
 
2019-10-23 18:12:07,761 [69] ERROR home1 - bindgrid -586 
 System.NullReferenceException: Object reference not set to an instance of an object.
   at home1.bindgrid() in e:\CHETAN\CDFDashboardFinal(Bhagu)\CDF-Dashboard2017\home1.aspx.cs:line 548 
 
2019-10-23 18:12:08,000 [69] ERROR home1 - GetData_both -344 
 System.NullReferenceException: Object reference not set to an instance of an object.
   at home1.GetData_both() in e:\CHETAN\CDFDashboardFinal(Bhagu)\CDF-Dashboard2017\home1.aspx.cs:line 320 
 
2019-10-23 18:12:08,043 [69] ERROR home1 - chart_bind_both -445 
 System.NullReferenceException: Object reference not set to an instance of an object.
   at home1.chart_bind_both() in e:\CHETAN\CDFDashboardFinal(Bhagu)\CDF-Dashboard2017\home1.aspx.cs:line 417 
 
2019-10-23 18:12:08,082 [69] ERROR home1 - bindgrid_lead_converted -627 
 System.NullReferenceException: Object reference not set to an instance of an object.
   at home1.bindgrid_lead_converted() in e:\CHETAN\CDFDashboardFinal(Bhagu)\CDF-Dashboard2017\home1.aspx.cs:line 601 
 
2019-10-23 18:12:08,119 [69] ERROR home1 - bindgrid_lead_created -666 
 System.NullReferenceException: Object reference not set to an instance of an object.
   at home1.bindgrid_lead_created() in e:\CHETAN\CDFDashboardFinal(Bhagu)\CDF-Dashboard2017\home1.aspx.cs:line 640 
 
2019-10-23 18:12:08,251 [69] ERROR home1 - Page_Load -139 
 System.NullReferenceException: Object reference not set to an instance of an object.
   at home1.Page_Load(Object sender, EventArgs e) in e:\CHETAN\CDFDashboardFinal(Bhagu)\CDF-Dashboard2017\home1.aspx.cs:line 68 
 
2019-10-23 18:26:52,823 [60] ERROR home1 - GetData -310 
 System.NullReferenceException: Object reference not set to an instance of an object.
   at home1.GetData() in e:\CHETAN\CDFDashboardFinal(Bhagu)\CDF-Dashboard2017\home1.aspx.cs:line 296 
 
2019-10-23 18:26:52,826 [60] ERROR home1 - chart_bind -405 
 System.NullReferenceException: Object reference not set to an instance of an object.
   at home1.chart_bind() in e:\CHETAN\CDFDashboardFinal(Bhagu)\CDF-Dashboard2017\home1.aspx.cs:line 379 
 
2019-10-23 18:26:52,827 [60] ERROR home1 - GetData2 -367 
 System.NullReferenceException: Object reference not set to an instance of an object.
   at home1.GetData2() in e:\CHETAN\CDFDashboardFinal(Bhagu)\CDF-Dashboard2017\home1.aspx.cs:line 353 
 
2019-10-23 18:26:52,829 [60] ERROR home1 - chart_bind2 -482 
 System.NullReferenceException: Object reference not set to an instance of an object.
   at home1.chart_bind2() in e:\CHETAN\CDFDashboardFinal(Bhagu)\CDF-Dashboard2017\home1.aspx.cs:line 456 
 
2019-10-23 18:26:52,831 [60] ERROR home1 - bindgrid -586 
 System.NullReferenceException: Object reference not set to an instance of an object.
   at home1.bindgrid() in e:\CHETAN\CDFDashboardFinal(Bhagu)\CDF-Dashboard2017\home1.aspx.cs:line 548 
 
2019-10-23 18:26:52,959 [60] ERROR home1 - GetData_both -344 
 System.NullReferenceException: Object reference not set to an instance of an object.
   at home1.GetData_both() in e:\CHETAN\CDFDashboardFinal(Bhagu)\CDF-Dashboard2017\home1.aspx.cs:line 320 
 
2019-10-23 18:26:52,960 [60] ERROR home1 - chart_bind_both -445 
 System.NullReferenceException: Object reference not set to an instance of an object.
   at home1.chart_bind_both() in e:\CHETAN\CDFDashboardFinal(Bhagu)\CDF-Dashboard2017\home1.aspx.cs:line 417 
 
2019-10-23 18:26:52,961 [60] ERROR home1 - bindgrid_lead_converted -627 
 System.NullReferenceException: Object reference not set to an instance of an object.
   at home1.bindgrid_lead_converted() in e:\CHETAN\CDFDashboardFinal(Bhagu)\CDF-Dashboard2017\home1.aspx.cs:line 601 
 
2019-10-23 18:26:52,962 [60] ERROR home1 - bindgrid_lead_created -666 
 System.NullReferenceException: Object reference not set to an instance of an object.
   at home1.bindgrid_lead_created() in e:\CHETAN\CDFDashboardFinal(Bhagu)\CDF-Dashboard2017\home1.aspx.cs:line 640 
 
2019-10-23 18:26:53,026 [60] ERROR home1 - Page_Load -139 
 System.NullReferenceException: Object reference not set to an instance of an object.
   at home1.Page_Load(Object sender, EventArgs e) in e:\CHETAN\CDFDashboardFinal(Bhagu)\CDF-Dashboard2017\home1.aspx.cs:line 68 
 
2019-10-23 18:33:15,409 [60] ERROR home1 - GetData -310 
 System.NullReferenceException: Object reference not set to an instance of an object.
   at home1.GetData() in e:\CHETAN\CDFDashboardFinal(Bhagu)\CDF-Dashboard2017\home1.aspx.cs:line 296 
 
2019-10-23 18:33:15,465 [60] ERROR home1 - chart_bind -405 
 System.NullReferenceException: Object reference not set to an instance of an object.
   at home1.chart_bind() in e:\CHETAN\CDFDashboardFinal(Bhagu)\CDF-Dashboard2017\home1.aspx.cs:line 379 
 
2019-10-23 18:33:15,520 [60] ERROR home1 - GetData2 -367 
 System.NullReferenceException: Object reference not set to an instance of an object.
   at home1.GetData2() in e:\CHETAN\CDFDashboardFinal(Bhagu)\CDF-Dashboard2017\home1.aspx.cs:line 353 
 
2019-10-23 18:33:15,628 [60] ERROR home1 - chart_bind2 -482 
 System.NullReferenceException: Object reference not set to an instance of an object.
   at home1.chart_bind2() in e:\CHETAN\CDFDashboardFinal(Bhagu)\CDF-Dashboard2017\home1.aspx.cs:line 456 
 
2019-10-23 18:33:15,707 [60] ERROR home1 - bindgrid -586 
 System.NullReferenceException: Object reference not set to an instance of an object.
   at home1.bindgrid() in e:\CHETAN\CDFDashboardFinal(Bhagu)\CDF-Dashboard2017\home1.aspx.cs:line 548 
 
2019-10-23 18:33:15,977 [60] ERROR home1 - GetData_both -344 
 System.NullReferenceException: Object reference not set to an instance of an object.
   at home1.GetData_both() in e:\CHETAN\CDFDashboardFinal(Bhagu)\CDF-Dashboard2017\home1.aspx.cs:line 320 
 
2019-10-23 18:33:16,048 [60] ERROR home1 - chart_bind_both -445 
 System.NullReferenceException: Object reference not set to an instance of an object.
   at home1.chart_bind_both() in e:\CHETAN\CDFDashboardFinal(Bhagu)\CDF-Dashboard2017\home1.aspx.cs:line 417 
 
2019-10-23 18:33:16,124 [60] ERROR home1 - bindgrid_lead_converted -627 
 System.NullReferenceException: Object reference not set to an instance of an object.
   at home1.bindgrid_lead_converted() in e:\CHETAN\CDFDashboardFinal(Bhagu)\CDF-Dashboard2017\home1.aspx.cs:line 601 
 
2019-10-23 18:33:16,204 [60] ERROR home1 - bindgrid_lead_created -666 
 System.NullReferenceException: Object reference not set to an instance of an object.
   at home1.bindgrid_lead_created() in e:\CHETAN\CDFDashboardFinal(Bhagu)\CDF-Dashboard2017\home1.aspx.cs:line 640 
 
2019-10-23 18:33:16,340 [60] ERROR home1 - Page_Load -139 
 System.NullReferenceException: Object reference not set to an instance of an object.
   at home1.Page_Load(Object sender, EventArgs e) in e:\CHETAN\CDFDashboardFinal(Bhagu)\CDF-Dashboard2017\home1.aspx.cs:line 68 
 
2019-10-23 18:34:34,665 [62] ERROR home1 - GetData -310 
 System.NullReferenceException: Object reference not set to an instance of an object.
   at home1.GetData() in e:\CHETAN\CDFDashboardFinal(Bhagu)\CDF-Dashboard2017\home1.aspx.cs:line 296 
 
2019-10-23 18:34:34,734 [62] ERROR home1 - chart_bind -405 
 System.NullReferenceException: Object reference not set to an instance of an object.
   at home1.chart_bind() in e:\CHETAN\CDFDashboardFinal(Bhagu)\CDF-Dashboard2017\home1.aspx.cs:line 379 
 
2019-10-23 18:34:34,794 [62] ERROR home1 - GetData2 -367 
 System.NullReferenceException: Object reference not set to an instance of an object.
   at home1.GetData2() in e:\CHETAN\CDFDashboardFinal(Bhagu)\CDF-Dashboard2017\home1.aspx.cs:line 353 
 
2019-10-23 18:34:34,860 [62] ERROR home1 - chart_bind2 -482 
 System.NullReferenceException: Object reference not set to an instance of an object.
   at home1.chart_bind2() in e:\CHETAN\CDFDashboardFinal(Bhagu)\CDF-Dashboard2017\home1.aspx.cs:line 456 
 
2019-10-23 18:34:34,990 [62] ERROR home1 - bindgrid -586 
 System.NullReferenceException: Object reference not set to an instance of an object.
   at home1.bindgrid() in e:\CHETAN\CDFDashboardFinal(Bhagu)\CDF-Dashboard2017\home1.aspx.cs:line 548 
 
2019-10-23 18:34:35,287 [62] ERROR home1 - GetData_both -344 
 System.NullReferenceException: Object reference not set to an instance of an object.
   at home1.GetData_both() in e:\CHETAN\CDFDashboardFinal(Bhagu)\CDF-Dashboard2017\home1.aspx.cs:line 320 
 
2019-10-23 18:34:35,362 [62] ERROR home1 - chart_bind_both -445 
 System.NullReferenceException: Object reference not set to an instance of an object.
   at home1.chart_bind_both() in e:\CHETAN\CDFDashboardFinal(Bhagu)\CDF-Dashboard2017\home1.aspx.cs:line 417 
 
2019-10-23 18:34:35,451 [62] ERROR home1 - bindgrid_lead_converted -627 
 System.NullReferenceException: Object reference not set to an instance of an object.
   at home1.bindgrid_lead_converted() in e:\CHETAN\CDFDashboardFinal(Bhagu)\CDF-Dashboard2017\home1.aspx.cs:line 601 
 
2019-10-23 18:34:35,558 [62] ERROR home1 - bindgrid_lead_created -666 
 System.NullReferenceException: Object reference not set to an instance of an object.
   at home1.bindgrid_lead_created() in e:\CHETAN\CDFDashboardFinal(Bhagu)\CDF-Dashboard2017\home1.aspx.cs:line 640 
 
2019-10-23 18:34:35,734 [62] ERROR home1 - Page_Load -139 
 System.NullReferenceException: Object reference not set to an instance of an object.
   at home1.Page_Load(Object sender, EventArgs e) in e:\CHETAN\CDFDashboardFinal(Bhagu)\CDF-Dashboard2017\home1.aspx.cs:line 68 
 
