2019-01-21 12:07:20,581 [6] ERROR home - GetData -128 
 System.NullReferenceException: Object reference not set to an instance of an object.
   at home.GetData() in c:\Users\Admin\Documents\GitHub\CDF-Dashboard2017\home.aspx.cs:line 114 
 
2019-01-21 12:07:20,639 [6] ERROR home - chart_bind -189 
 System.NullReferenceException: Object reference not set to an instance of an object.
   at home.chart_bind() in c:\Users\Admin\Documents\GitHub\CDF-Dashboard2017\home.aspx.cs:line 163 
 
2019-01-21 12:07:20,746 [6] ERROR home - GetData2 -151 
 System.NullReferenceException: Object reference not set to an instance of an object.
   at home.GetData2() in c:\Users\Admin\Documents\GitHub\CDF-Dashboard2017\home.aspx.cs:line 137 
 
2019-01-21 12:07:20,806 [6] ERROR home - chart_bind2 -226 
 System.NullReferenceException: Object reference not set to an instance of an object.
   at home.chart_bind2() in c:\Users\Admin\Documents\GitHub\CDF-Dashboard2017\home.aspx.cs:line 200 
 
2019-01-21 12:07:20,827 [6] ERROR home - bindgrid -328 
 System.NullReferenceException: Object reference not set to an instance of an object.
   at home.bindgrid() in c:\Users\Admin\Documents\GitHub\CDF-Dashboard2017\home.aspx.cs:line 292 
 
2019-01-21 12:07:21,649 [6] ERROR home - Page_Load -106 
 System.NullReferenceException: Object reference not set to an instance of an object.
   at home.Page_Load(Object sender, EventArgs e) in c:\Users\Admin\Documents\GitHub\CDF-Dashboard2017\home.aspx.cs:line 35 
 
2019-01-21 12:12:34,030 [5] ERROR home - GetData -128 
 System.NullReferenceException: Object reference not set to an instance of an object.
   at home.GetData() in c:\Users\Admin\Documents\GitHub\CDF-Dashboard2017\home.aspx.cs:line 114 
 
2019-01-21 12:12:34,049 [5] ERROR home - chart_bind -189 
 System.NullReferenceException: Object reference not set to an instance of an object.
   at home.chart_bind() in c:\Users\Admin\Documents\GitHub\CDF-Dashboard2017\home.aspx.cs:line 163 
 
2019-01-21 12:12:34,077 [5] ERROR home - GetData2 -151 
 System.NullReferenceException: Object reference not set to an instance of an object.
   at home.GetData2() in c:\Users\Admin\Documents\GitHub\CDF-Dashboard2017\home.aspx.cs:line 137 
 
2019-01-21 12:12:34,091 [5] ERROR home - chart_bind2 -226 
 System.NullReferenceException: Object reference not set to an instance of an object.
   at home.chart_bind2() in c:\Users\Admin\Documents\GitHub\CDF-Dashboard2017\home.aspx.cs:line 200 
 
2019-01-21 12:12:34,121 [5] ERROR home - bindgrid -328 
 System.NullReferenceException: Object reference not set to an instance of an object.
   at home.bindgrid() in c:\Users\Admin\Documents\GitHub\CDF-Dashboard2017\home.aspx.cs:line 292 
 
2019-01-21 12:12:34,806 [5] ERROR home - Page_Load -106 
 System.NullReferenceException: Object reference not set to an instance of an object.
   at home.Page_Load(Object sender, EventArgs e) in c:\Users\Admin\Documents\GitHub\CDF-Dashboard2017\home.aspx.cs:line 35 
 
2019-01-21 12:13:02,206 [7] ERROR home - GetData -128 
 System.NullReferenceException: Object reference not set to an instance of an object.
   at home.GetData() in c:\Users\Admin\Documents\GitHub\CDF-Dashboard2017\home.aspx.cs:line 114 
 
2019-01-21 12:13:02,207 [7] ERROR home - chart_bind -189 
 System.NullReferenceException: Object reference not set to an instance of an object.
   at home.chart_bind() in c:\Users\Admin\Documents\GitHub\CDF-Dashboard2017\home.aspx.cs:line 163 
 
2019-01-21 12:13:02,208 [7] ERROR home - GetData2 -151 
 System.NullReferenceException: Object reference not set to an instance of an object.
   at home.GetData2() in c:\Users\Admin\Documents\GitHub\CDF-Dashboard2017\home.aspx.cs:line 137 
 
2019-01-21 12:13:02,208 [7] ERROR home - chart_bind2 -226 
 System.NullReferenceException: Object reference not set to an instance of an object.
   at home.chart_bind2() in c:\Users\Admin\Documents\GitHub\CDF-Dashboard2017\home.aspx.cs:line 200 
 
2019-01-21 12:13:02,209 [7] ERROR home - bindgrid -328 
 System.NullReferenceException: Object reference not set to an instance of an object.
   at home.bindgrid() in c:\Users\Admin\Documents\GitHub\CDF-Dashboard2017\home.aspx.cs:line 292 
 
2019-01-21 12:13:03,066 [7] ERROR home - Page_Load -106 
 System.NullReferenceException: Object reference not set to an instance of an object.
   at home.Page_Load(Object sender, EventArgs e) in c:\Users\Admin\Documents\GitHub\CDF-Dashboard2017\home.aspx.cs:line 35 
 
2019-01-21 12:13:26,282 [7] ERROR home - GetData -128 
 System.NullReferenceException: Object reference not set to an instance of an object.
   at home.GetData() in c:\Users\Admin\Documents\GitHub\CDF-Dashboard2017\home.aspx.cs:line 114 
 
2019-01-21 12:13:26,296 [7] ERROR home - chart_bind -189 
 System.NullReferenceException: Object reference not set to an instance of an object.
   at home.chart_bind() in c:\Users\Admin\Documents\GitHub\CDF-Dashboard2017\home.aspx.cs:line 163 
 
2019-01-21 12:13:26,314 [7] ERROR home - GetData2 -151 
 System.NullReferenceException: Object reference not set to an instance of an object.
   at home.GetData2() in c:\Users\Admin\Documents\GitHub\CDF-Dashboard2017\home.aspx.cs:line 137 
 
2019-01-21 12:13:26,338 [7] ERROR home - chart_bind2 -226 
 System.NullReferenceException: Object reference not set to an instance of an object.
   at home.chart_bind2() in c:\Users\Admin\Documents\GitHub\CDF-Dashboard2017\home.aspx.cs:line 200 
 
2019-01-21 12:13:26,352 [7] ERROR home - bindgrid -328 
 System.NullReferenceException: Object reference not set to an instance of an object.
   at home.bindgrid() in c:\Users\Admin\Documents\GitHub\CDF-Dashboard2017\home.aspx.cs:line 292 
 
2019-01-21 12:13:26,782 [7] ERROR home - Page_Load -106 
 System.NullReferenceException: Object reference not set to an instance of an object.
   at home.Page_Load(Object sender, EventArgs e) in c:\Users\Admin\Documents\GitHub\CDF-Dashboard2017\home.aspx.cs:line 35 
 
2019-01-21 12:27:33,471 [18] ERROR home - GetData -128 
 System.NullReferenceException: Object reference not set to an instance of an object.
   at home.GetData() in c:\Users\Admin\Documents\GitHub\CDF-Dashboard2017\home.aspx.cs:line 114 
 
2019-01-21 12:27:33,487 [18] ERROR home - chart_bind -189 
 System.NullReferenceException: Object reference not set to an instance of an object.
   at home.chart_bind() in c:\Users\Admin\Documents\GitHub\CDF-Dashboard2017\home.aspx.cs:line 163 
 
2019-01-21 12:27:33,505 [18] ERROR home - GetData2 -151 
 System.NullReferenceException: Object reference not set to an instance of an object.
   at home.GetData2() in c:\Users\Admin\Documents\GitHub\CDF-Dashboard2017\home.aspx.cs:line 137 
 
2019-01-21 12:27:33,520 [18] ERROR home - chart_bind2 -226 
 System.NullReferenceException: Object reference not set to an instance of an object.
   at home.chart_bind2() in c:\Users\Admin\Documents\GitHub\CDF-Dashboard2017\home.aspx.cs:line 200 
 
2019-01-21 12:27:33,536 [18] ERROR home - bindgrid -328 
 System.NullReferenceException: Object reference not set to an instance of an object.
   at home.bindgrid() in c:\Users\Admin\Documents\GitHub\CDF-Dashboard2017\home.aspx.cs:line 292 
 
2019-01-21 12:27:41,225 [18] ERROR home - Page_Load -106 
 System.NullReferenceException: Object reference not set to an instance of an object.
   at home.Page_Load(Object sender, EventArgs e) in c:\Users\Admin\Documents\GitHub\CDF-Dashboard2017\home.aspx.cs:line 35 
 
2019-01-21 12:29:29,140 [20] ERROR career_tool_RAPD_Filter - Page_Load -56 
 System.Data.SqlClient.SqlException (0x80131904): Execution Timeout Expired.  The timeout period elapsed prior to completion of the operation or the server is not responding. ---> System.ComponentModel.Win32Exception (0x80004005): The wait operation timed out
   at db_context_career.ExecDataSet(String s_query) in c:\Users\Admin\Documents\GitHub\CDF-Dashboard2017\App_Code\db_context_career.cs:line 147
   at career_tool_RAPD_Filter.Page_Load(Object sender, EventArgs e) in c:\Users\Admin\Documents\GitHub\CDF-Dashboard2017\career-tool\RAPD-Filter.aspx.cs:line 36
ClientConnectionId:a7b8c657-5fe9-4d60-9327-db3c67a99e48
Error Number:-2,State:0,Class:11 
 
2019-01-21 14:13:10,971 [74] ERROR home - GetData -128 
 System.NullReferenceException: Object reference not set to an instance of an object.
   at home.GetData() in c:\Users\Admin\Documents\GitHub\CDF-Dashboard2017\home.aspx.cs:line 114 
 
2019-01-21 14:13:10,989 [74] ERROR home - chart_bind -189 
 System.NullReferenceException: Object reference not set to an instance of an object.
   at home.chart_bind() in c:\Users\Admin\Documents\GitHub\CDF-Dashboard2017\home.aspx.cs:line 163 
 
2019-01-21 14:13:11,006 [74] ERROR home - GetData2 -151 
 System.NullReferenceException: Object reference not set to an instance of an object.
   at home.GetData2() in c:\Users\Admin\Documents\GitHub\CDF-Dashboard2017\home.aspx.cs:line 137 
 
2019-01-21 14:13:11,021 [74] ERROR home - chart_bind2 -226 
 System.NullReferenceException: Object reference not set to an instance of an object.
   at home.chart_bind2() in c:\Users\Admin\Documents\GitHub\CDF-Dashboard2017\home.aspx.cs:line 200 
 
2019-01-21 14:13:11,046 [74] ERROR home - bindgrid -328 
 System.NullReferenceException: Object reference not set to an instance of an object.
   at home.bindgrid() in c:\Users\Admin\Documents\GitHub\CDF-Dashboard2017\home.aspx.cs:line 292 
 
2019-01-21 14:13:11,342 [74] ERROR home - Page_Load -106 
 System.NullReferenceException: Object reference not set to an instance of an object.
   at home.Page_Load(Object sender, EventArgs e) in c:\Users\Admin\Documents\GitHub\CDF-Dashboard2017\home.aspx.cs:line 35 
 
2019-01-21 14:13:55,453 [76] ERROR career_tool_ability_interest_rapd_filter - btn_preview_Click -1471 
 System.Data.SqlClient.SqlException (0x80131904): All queries combined using a UNION, INTERSECT or EXCEPT operator must have an equal number of expressions in their target lists.
   at db_context_career.ExecDataSet(String s_query) in c:\Users\Admin\Documents\GitHub\CDF-Dashboard2017\App_Code\db_context_career.cs:line 147
   at career_tool_ability_interest_rapd_filter.btn_preview_Click(Object sender, EventArgs e) in c:\Users\Admin\Documents\GitHub\CDF-Dashboard2017\career-tool\ability-interest-rapd-filter.aspx.cs:line 122
ClientConnectionId:b568db7f-0f94-4feb-a5ef-95ce526a765b
Error Number:205,State:1,Class:16 
 
2019-01-21 14:20:55,240 [74] ERROR career_tool_ability_interest_rapd_filter - btn_preview_Click -1471 
 System.Data.SqlClient.SqlException (0x80131904): All queries combined using a UNION, INTERSECT or EXCEPT operator must have an equal number of expressions in their target lists.
   at db_context_career.ExecDataSet(String s_query) in c:\Users\Admin\Documents\GitHub\CDF-Dashboard2017\App_Code\db_context_career.cs:line 147
   at career_tool_ability_interest_rapd_filter.btn_preview_Click(Object sender, EventArgs e) in c:\Users\Admin\Documents\GitHub\CDF-Dashboard2017\career-tool\ability-interest-rapd-filter.aspx.cs:line 122
ClientConnectionId:955f9d43-023b-4003-a036-d8bb317db715
Error Number:205,State:1,Class:16 
 
2019-01-21 14:21:01,502 [74] ERROR career_tool_ability_interest_rapd_filter - btn_preview_Click -1471 
 System.Data.SqlClient.SqlException (0x80131904): All queries combined using a UNION, INTERSECT or EXCEPT operator must have an equal number of expressions in their target lists.
   at db_context_career.ExecDataSet(String s_query) in c:\Users\Admin\Documents\GitHub\CDF-Dashboard2017\App_Code\db_context_career.cs:line 147
   at career_tool_ability_interest_rapd_filter.btn_preview_Click(Object sender, EventArgs e) in c:\Users\Admin\Documents\GitHub\CDF-Dashboard2017\career-tool\ability-interest-rapd-filter.aspx.cs:line 122
ClientConnectionId:955f9d43-023b-4003-a036-d8bb317db715
Error Number:205,State:1,Class:16 
 
2019-01-21 15:12:59,053 [18] ERROR career_tool_ability_interest_rapd_filter - btn_preview_Click -1471 
 System.Data.SqlClient.SqlException (0x80131904): All queries combined using a UNION, INTERSECT or EXCEPT operator must have an equal number of expressions in their target lists.
   at db_context_career.ExecDataSet(String s_query) in c:\Users\Admin\Documents\GitHub\CDF-Dashboard2017\App_Code\db_context_career.cs:line 147
   at career_tool_ability_interest_rapd_filter.btn_preview_Click(Object sender, EventArgs e) in c:\Users\Admin\Documents\GitHub\CDF-Dashboard2017\career-tool\ability-interest-rapd-filter.aspx.cs:line 122
ClientConnectionId:b01c9a81-479a-42ec-aaee-3cb32d02c057
Error Number:205,State:1,Class:16 
 
2019-01-21 16:32:23,020 [65] ERROR home - GetData -128 
 System.NullReferenceException: Object reference not set to an instance of an object.
   at home.GetData() in c:\Users\Admin\Documents\GitHub\CDF-Dashboard2017\home.aspx.cs:line 114 
 
2019-01-21 16:32:23,035 [65] ERROR home - chart_bind -189 
 System.NullReferenceException: Object reference not set to an instance of an object.
   at home.chart_bind() in c:\Users\Admin\Documents\GitHub\CDF-Dashboard2017\home.aspx.cs:line 163 
 
2019-01-21 16:32:23,065 [65] ERROR home - GetData2 -151 
 System.NullReferenceException: Object reference not set to an instance of an object.
   at home.GetData2() in c:\Users\Admin\Documents\GitHub\CDF-Dashboard2017\home.aspx.cs:line 137 
 
2019-01-21 16:32:23,080 [65] ERROR home - chart_bind2 -226 
 System.NullReferenceException: Object reference not set to an instance of an object.
   at home.chart_bind2() in c:\Users\Admin\Documents\GitHub\CDF-Dashboard2017\home.aspx.cs:line 200 
 
2019-01-21 16:32:23,095 [65] ERROR home - bindgrid -328 
 System.NullReferenceException: Object reference not set to an instance of an object.
   at home.bindgrid() in c:\Users\Admin\Documents\GitHub\CDF-Dashboard2017\home.aspx.cs:line 292 
 
2019-01-21 16:32:23,912 [65] ERROR home - Page_Load -106 
 System.NullReferenceException: Object reference not set to an instance of an object.
   at home.Page_Load(Object sender, EventArgs e) in c:\Users\Admin\Documents\GitHub\CDF-Dashboard2017\home.aspx.cs:line 35 
 
2019-01-21 16:39:25,067 [67] ERROR career_tool_ability_interest_rapd_filter - btn_preview_Click -1593 
 System.ArgumentException: Column with name 'Compatibility' was not found.
   at System.Web.UI.DataVisualization.Charting.DataPointCollection.GetValueType(IEnumerator enumerator, String field)
   at System.Web.UI.DataVisualization.Charting.DataPointCollection.AutoDetectValuesType(Series series, IEnumerator xEnumerator, String xField, IEnumerator yEnumerator, String yField)
   at System.Web.UI.DataVisualization.Charting.ChartImage.DataBind(IEnumerable dataSource, ArrayList seriesList)
   at System.Web.UI.DataVisualization.Charting.Chart.PerformDataBinding(IEnumerable data)
   at System.Web.UI.WebControls.DataBoundControl.OnDataSourceViewSelectCallback(IEnumerable data)
   at System.Web.UI.DataSourceView.Select(DataSourceSelectArguments arguments, DataSourceViewSelectCallback callback)
   at System.Web.UI.WebControls.DataBoundControl.PerformSelect()
   at System.Web.UI.WebControls.BaseDataBoundControl.DataBind()
   at career_tool_ability_interest_rapd_filter.btn_preview_Click(Object sender, EventArgs e) in c:\Users\Admin\Documents\GitHub\CDF-Dashboard2017\career-tool\ability-interest-rapd-filter.aspx.cs:line 605 
 
2019-01-21 17:12:52,857 [16] ERROR home - GetData -128 
 System.NullReferenceException: Object reference not set to an instance of an object.
   at home.GetData() in c:\Users\Admin\Documents\GitHub\CDF-Dashboard2017\home.aspx.cs:line 114 
 
2019-01-21 17:12:52,894 [16] ERROR home - chart_bind -189 
 System.NullReferenceException: Object reference not set to an instance of an object.
   at home.chart_bind() in c:\Users\Admin\Documents\GitHub\CDF-Dashboard2017\home.aspx.cs:line 163 
 
2019-01-21 17:12:52,912 [16] ERROR home - GetData2 -151 
 System.NullReferenceException: Object reference not set to an instance of an object.
   at home.GetData2() in c:\Users\Admin\Documents\GitHub\CDF-Dashboard2017\home.aspx.cs:line 137 
 
2019-01-21 17:12:52,927 [16] ERROR home - chart_bind2 -226 
 System.NullReferenceException: Object reference not set to an instance of an object.
   at home.chart_bind2() in c:\Users\Admin\Documents\GitHub\CDF-Dashboard2017\home.aspx.cs:line 200 
 
2019-01-21 17:12:52,943 [16] ERROR home - bindgrid -328 
 System.NullReferenceException: Object reference not set to an instance of an object.
   at home.bindgrid() in c:\Users\Admin\Documents\GitHub\CDF-Dashboard2017\home.aspx.cs:line 292 
 
2019-01-21 17:12:53,772 [16] ERROR home - Page_Load -106 
 System.NullReferenceException: Object reference not set to an instance of an object.
   at home.Page_Load(Object sender, EventArgs e) in c:\Users\Admin\Documents\GitHub\CDF-Dashboard2017\home.aspx.cs:line 35 
 
2019-01-21 17:13:39,539 [51] ERROR career_tool_ability_interest_rapd_filter - btn_preview_Click -1610 
 System.ArgumentException: Column with name 'Compatibility' was not found.
   at System.Web.UI.DataVisualization.Charting.DataPointCollection.GetValueType(IEnumerator enumerator, String field)
   at System.Web.UI.DataVisualization.Charting.DataPointCollection.AutoDetectValuesType(Series series, IEnumerator xEnumerator, String xField, IEnumerator yEnumerator, String yField)
   at System.Web.UI.DataVisualization.Charting.ChartImage.DataBind(IEnumerable dataSource, ArrayList seriesList)
   at System.Web.UI.DataVisualization.Charting.Chart.PerformDataBinding(IEnumerable data)
   at System.Web.UI.WebControls.DataBoundControl.OnDataSourceViewSelectCallback(IEnumerable data)
   at System.Web.UI.DataSourceView.Select(DataSourceSelectArguments arguments, DataSourceViewSelectCallback callback)
   at System.Web.UI.WebControls.DataBoundControl.PerformSelect()
   at System.Web.UI.WebControls.BaseDataBoundControl.DataBind()
   at career_tool_ability_interest_rapd_filter.btn_preview_Click(Object sender, EventArgs e) in c:\Users\Admin\Documents\GitHub\CDF-Dashboard2017\career-tool\ability-interest-rapd-filter.aspx.cs:line 605 
 
2019-01-21 17:14:01,505 [71] ERROR career_tool_ability_interest_rapd_filter - btn_preview_Click -1610 
 System.ArgumentException: Column with name 'Compatibility' was not found.
   at System.Web.UI.DataVisualization.Charting.DataPointCollection.GetValueType(IEnumerator enumerator, String field)
   at System.Web.UI.DataVisualization.Charting.DataPointCollection.AutoDetectValuesType(Series series, IEnumerator xEnumerator, String xField, IEnumerator yEnumerator, String yField)
   at System.Web.UI.DataVisualization.Charting.ChartImage.DataBind(IEnumerable dataSource, ArrayList seriesList)
   at System.Web.UI.DataVisualization.Charting.Chart.PerformDataBinding(IEnumerable data)
   at System.Web.UI.WebControls.DataBoundControl.OnDataSourceViewSelectCallback(IEnumerable data)
   at System.Web.UI.DataSourceView.Select(DataSourceSelectArguments arguments, DataSourceViewSelectCallback callback)
   at System.Web.UI.WebControls.DataBoundControl.PerformSelect()
   at System.Web.UI.WebControls.BaseDataBoundControl.DataBind()
   at career_tool_ability_interest_rapd_filter.btn_preview_Click(Object sender, EventArgs e) in c:\Users\Admin\Documents\GitHub\CDF-Dashboard2017\career-tool\ability-interest-rapd-filter.aspx.cs:line 605 
 
2019-01-21 17:14:47,105 [69] ERROR home - GetData -128 
 System.NullReferenceException: Object reference not set to an instance of an object.
   at home.GetData() in c:\Users\Admin\Documents\GitHub\CDF-Dashboard2017\home.aspx.cs:line 114 
 
2019-01-21 17:14:47,121 [69] ERROR home - chart_bind -189 
 System.NullReferenceException: Object reference not set to an instance of an object.
   at home.chart_bind() in c:\Users\Admin\Documents\GitHub\CDF-Dashboard2017\home.aspx.cs:line 163 
 
2019-01-21 17:14:47,147 [69] ERROR home - GetData2 -151 
 System.NullReferenceException: Object reference not set to an instance of an object.
   at home.GetData2() in c:\Users\Admin\Documents\GitHub\CDF-Dashboard2017\home.aspx.cs:line 137 
 
2019-01-21 17:14:47,161 [69] ERROR home - chart_bind2 -226 
 System.NullReferenceException: Object reference not set to an instance of an object.
   at home.chart_bind2() in c:\Users\Admin\Documents\GitHub\CDF-Dashboard2017\home.aspx.cs:line 200 
 
2019-01-21 17:14:47,175 [69] ERROR home - bindgrid -328 
 System.NullReferenceException: Object reference not set to an instance of an object.
   at home.bindgrid() in c:\Users\Admin\Documents\GitHub\CDF-Dashboard2017\home.aspx.cs:line 292 
 
2019-01-21 17:14:47,723 [69] ERROR home - Page_Load -106 
 System.NullReferenceException: Object reference not set to an instance of an object.
   at home.Page_Load(Object sender, EventArgs e) in c:\Users\Admin\Documents\GitHub\CDF-Dashboard2017\home.aspx.cs:line 35 
 
2019-01-21 17:17:41,885 [71] ERROR career_tool_ability_interest_rapd_filter - btn_preview_Click -1610 
 System.ArgumentException: Column with name 'Compatibility' was not found.
   at System.Web.UI.DataVisualization.Charting.DataPointCollection.GetValueType(IEnumerator enumerator, String field)
   at System.Web.UI.DataVisualization.Charting.DataPointCollection.AutoDetectValuesType(Series series, IEnumerator xEnumerator, String xField, IEnumerator yEnumerator, String yField)
   at System.Web.UI.DataVisualization.Charting.ChartImage.DataBind(IEnumerable dataSource, ArrayList seriesList)
   at System.Web.UI.DataVisualization.Charting.Chart.PerformDataBinding(IEnumerable data)
   at System.Web.UI.WebControls.DataBoundControl.OnDataSourceViewSelectCallback(IEnumerable data)
   at System.Web.UI.DataSourceView.Select(DataSourceSelectArguments arguments, DataSourceViewSelectCallback callback)
   at System.Web.UI.WebControls.DataBoundControl.PerformSelect()
   at System.Web.UI.WebControls.BaseDataBoundControl.DataBind()
   at career_tool_ability_interest_rapd_filter.btn_preview_Click(Object sender, EventArgs e) in c:\Users\Admin\Documents\GitHub\CDF-Dashboard2017\career-tool\ability-interest-rapd-filter.aspx.cs:line 605 
 
2019-01-21 17:17:57,971 [64] ERROR home - GetData -128 
 System.NullReferenceException: Object reference not set to an instance of an object.
   at home.GetData() in c:\Users\Admin\Documents\GitHub\CDF-Dashboard2017\home.aspx.cs:line 114 
 
2019-01-21 17:17:57,988 [64] ERROR home - chart_bind -189 
 System.NullReferenceException: Object reference not set to an instance of an object.
   at home.chart_bind() in c:\Users\Admin\Documents\GitHub\CDF-Dashboard2017\home.aspx.cs:line 163 
 
2019-01-21 17:17:58,006 [64] ERROR home - GetData2 -151 
 System.NullReferenceException: Object reference not set to an instance of an object.
   at home.GetData2() in c:\Users\Admin\Documents\GitHub\CDF-Dashboard2017\home.aspx.cs:line 137 
 
2019-01-21 17:17:58,027 [64] ERROR home - chart_bind2 -226 
 System.NullReferenceException: Object reference not set to an instance of an object.
   at home.chart_bind2() in c:\Users\Admin\Documents\GitHub\CDF-Dashboard2017\home.aspx.cs:line 200 
 
2019-01-21 17:17:58,042 [64] ERROR home - bindgrid -328 
 System.NullReferenceException: Object reference not set to an instance of an object.
   at home.bindgrid() in c:\Users\Admin\Documents\GitHub\CDF-Dashboard2017\home.aspx.cs:line 292 
 
2019-01-21 17:17:58,567 [64] ERROR home - Page_Load -106 
 System.NullReferenceException: Object reference not set to an instance of an object.
   at home.Page_Load(Object sender, EventArgs e) in c:\Users\Admin\Documents\GitHub\CDF-Dashboard2017\home.aspx.cs:line 35 
 
2019-01-21 17:18:23,731 [65] ERROR career_tool_ability_interest_rapd_filter - btn_preview_Click -1610 
 System.Data.SqlClient.SqlException (0x80131904): Incorrect syntax near '1'.
   at db_context_career.ExecDataSet(String s_query) in c:\Users\Admin\Documents\GitHub\CDF-Dashboard2017\App_Code\db_context_career.cs:line 147
   at career_tool_ability_interest_rapd_filter.btn_preview_Click(Object sender, EventArgs e) in c:\Users\Admin\Documents\GitHub\CDF-Dashboard2017\career-tool\ability-interest-rapd-filter.aspx.cs:line 908
ClientConnectionId:1d19f5b1-160e-4d7f-89f5-9408cf903e4c
Error Number:102,State:1,Class:15 
 
2019-01-21 17:18:49,953 [18] ERROR home - GetData -128 
 System.NullReferenceException: Object reference not set to an instance of an object.
   at home.GetData() in c:\Users\Admin\Documents\GitHub\CDF-Dashboard2017\home.aspx.cs:line 114 
 
2019-01-21 17:18:49,982 [18] ERROR home - chart_bind -189 
 System.NullReferenceException: Object reference not set to an instance of an object.
   at home.chart_bind() in c:\Users\Admin\Documents\GitHub\CDF-Dashboard2017\home.aspx.cs:line 163 
 
2019-01-21 17:18:49,999 [18] ERROR home - GetData2 -151 
 System.NullReferenceException: Object reference not set to an instance of an object.
   at home.GetData2() in c:\Users\Admin\Documents\GitHub\CDF-Dashboard2017\home.aspx.cs:line 137 
 
2019-01-21 17:18:50,013 [18] ERROR home - chart_bind2 -226 
 System.NullReferenceException: Object reference not set to an instance of an object.
   at home.chart_bind2() in c:\Users\Admin\Documents\GitHub\CDF-Dashboard2017\home.aspx.cs:line 200 
 
2019-01-21 17:18:50,027 [18] ERROR home - bindgrid -328 
 System.NullReferenceException: Object reference not set to an instance of an object.
   at home.bindgrid() in c:\Users\Admin\Documents\GitHub\CDF-Dashboard2017\home.aspx.cs:line 292 
 
2019-01-21 17:18:50,666 [18] ERROR home - Page_Load -106 
 System.NullReferenceException: Object reference not set to an instance of an object.
   at home.Page_Load(Object sender, EventArgs e) in c:\Users\Admin\Documents\GitHub\CDF-Dashboard2017\home.aspx.cs:line 35 
 
2019-01-21 17:26:32,675 [64] ERROR career_tool_ability_interest_rapd_filter - btn_preview_Click -1610 
 System.ArgumentException: Column with name 'Compatibility' was not found.
   at System.Web.UI.DataVisualization.Charting.DataPointCollection.GetValueType(IEnumerator enumerator, String field)
   at System.Web.UI.DataVisualization.Charting.DataPointCollection.AutoDetectValuesType(Series series, IEnumerator xEnumerator, String xField, IEnumerator yEnumerator, String yField)
   at System.Web.UI.DataVisualization.Charting.ChartImage.DataBind(IEnumerable dataSource, ArrayList seriesList)
   at System.Web.UI.DataVisualization.Charting.Chart.PerformDataBinding(IEnumerable data)
   at System.Web.UI.WebControls.DataBoundControl.OnDataSourceViewSelectCallback(IEnumerable data)
   at System.Web.UI.DataSourceView.Select(DataSourceSelectArguments arguments, DataSourceViewSelectCallback callback)
   at System.Web.UI.WebControls.DataBoundControl.PerformSelect()
   at System.Web.UI.WebControls.BaseDataBoundControl.DataBind()
   at career_tool_ability_interest_rapd_filter.btn_preview_Click(Object sender, EventArgs e) in c:\Users\Admin\Documents\GitHub\CDF-Dashboard2017\career-tool\ability-interest-rapd-filter.aspx.cs:line 605 
 
2019-01-21 17:26:47,203 [18] ERROR home - GetData -128 
 System.NullReferenceException: Object reference not set to an instance of an object.
   at home.GetData() in c:\Users\Admin\Documents\GitHub\CDF-Dashboard2017\home.aspx.cs:line 114 
 
2019-01-21 17:26:47,219 [18] ERROR home - chart_bind -189 
 System.NullReferenceException: Object reference not set to an instance of an object.
   at home.chart_bind() in c:\Users\Admin\Documents\GitHub\CDF-Dashboard2017\home.aspx.cs:line 163 
 
2019-01-21 17:26:47,251 [18] ERROR home - GetData2 -151 
 System.NullReferenceException: Object reference not set to an instance of an object.
   at home.GetData2() in c:\Users\Admin\Documents\GitHub\CDF-Dashboard2017\home.aspx.cs:line 137 
 
2019-01-21 17:26:47,266 [18] ERROR home - chart_bind2 -226 
 System.NullReferenceException: Object reference not set to an instance of an object.
   at home.chart_bind2() in c:\Users\Admin\Documents\GitHub\CDF-Dashboard2017\home.aspx.cs:line 200 
 
2019-01-21 17:26:47,281 [18] ERROR home - bindgrid -328 
 System.NullReferenceException: Object reference not set to an instance of an object.
   at home.bindgrid() in c:\Users\Admin\Documents\GitHub\CDF-Dashboard2017\home.aspx.cs:line 292 
 
2019-01-21 17:26:47,899 [18] ERROR home - Page_Load -106 
 System.NullReferenceException: Object reference not set to an instance of an object.
   at home.Page_Load(Object sender, EventArgs e) in c:\Users\Admin\Documents\GitHub\CDF-Dashboard2017\home.aspx.cs:line 35 
 
2019-01-21 17:40:53,828 [66] ERROR career_tool_ability_interest_rapd_filter - btn_preview_Click -1611 
 System.Data.SqlClient.SqlException (0x80131904): Invalid column name 'Career_category'.
Invalid column name 'Career_category'.
Invalid column name 'Career_category'.
   at db_context_career.ExecDataSet(String s_query) in c:\Users\Admin\Documents\GitHub\CDF-Dashboard2017\App_Code\db_context_career.cs:line 147
   at career_tool_ability_interest_rapd_filter.btn_preview_Click(Object sender, EventArgs e) in c:\Users\Admin\Documents\GitHub\CDF-Dashboard2017\career-tool\ability-interest-rapd-filter.aspx.cs:line 540
ClientConnectionId:1d19f5b1-160e-4d7f-89f5-9408cf903e4c
Error Number:207,State:1,Class:16 
 
2019-01-21 18:01:51,681 [57] ERROR home - GetData -128 
 System.NullReferenceException: Object reference not set to an instance of an object.
   at home.GetData() in c:\Users\Admin\Documents\GitHub\CDF-Dashboard2017\home.aspx.cs:line 114 
 
2019-01-21 18:01:51,701 [57] ERROR home - chart_bind -189 
 System.NullReferenceException: Object reference not set to an instance of an object.
   at home.chart_bind() in c:\Users\Admin\Documents\GitHub\CDF-Dashboard2017\home.aspx.cs:line 163 
 
2019-01-21 18:01:51,725 [57] ERROR home - GetData2 -151 
 System.NullReferenceException: Object reference not set to an instance of an object.
   at home.GetData2() in c:\Users\Admin\Documents\GitHub\CDF-Dashboard2017\home.aspx.cs:line 137 
 
2019-01-21 18:01:51,738 [57] ERROR home - chart_bind2 -226 
 System.NullReferenceException: Object reference not set to an instance of an object.
   at home.chart_bind2() in c:\Users\Admin\Documents\GitHub\CDF-Dashboard2017\home.aspx.cs:line 200 
 
2019-01-21 18:01:51,753 [57] ERROR home - bindgrid -328 
 System.NullReferenceException: Object reference not set to an instance of an object.
   at home.bindgrid() in c:\Users\Admin\Documents\GitHub\CDF-Dashboard2017\home.aspx.cs:line 292 
 
2019-01-21 18:01:52,466 [57] ERROR home - Page_Load -106 
 System.NullReferenceException: Object reference not set to an instance of an object.
   at home.Page_Load(Object sender, EventArgs e) in c:\Users\Admin\Documents\GitHub\CDF-Dashboard2017\home.aspx.cs:line 35 
 
2019-01-21 18:02:34,112 [56] ERROR career_tool_ability_interest_rapd_filter - btn_preview_Click -1614 
 System.Data.SqlClient.SqlException (0x80131904): Invalid column name 'Career_category'.
Invalid column name 'Career_category'.
Invalid column name 'Career_category'.
   at db_context_career.ExecDataSet(String s_query) in c:\Users\Admin\Documents\GitHub\CDF-Dashboard2017\App_Code\db_context_career.cs:line 147
   at career_tool_ability_interest_rapd_filter.btn_preview_Click(Object sender, EventArgs e) in c:\Users\Admin\Documents\GitHub\CDF-Dashboard2017\career-tool\ability-interest-rapd-filter.aspx.cs:line 540
ClientConnectionId:c4a2ce1b-acf0-407f-8860-a90a61013056
Error Number:207,State:1,Class:16 
 
2019-01-21 18:02:50,487 [57] ERROR career_tool_ability_interest_rapd_filter - btn_preview_Click -1614 
 System.Data.SqlClient.SqlException (0x80131904): Invalid column name 'Career_category'.
Invalid column name 'Career_category'.
Invalid column name 'Career_category'.
   at db_context_career.ExecDataSet(String s_query) in c:\Users\Admin\Documents\GitHub\CDF-Dashboard2017\App_Code\db_context_career.cs:line 147
   at career_tool_ability_interest_rapd_filter.btn_preview_Click(Object sender, EventArgs e) in c:\Users\Admin\Documents\GitHub\CDF-Dashboard2017\career-tool\ability-interest-rapd-filter.aspx.cs:line 540
ClientConnectionId:c4a2ce1b-acf0-407f-8860-a90a61013056
Error Number:207,State:1,Class:16 
 
2019-01-21 18:09:40,370 [56] ERROR career_tool_ability_interest_rapd_filter - btn_preview_Click -1614 
 System.Data.SqlClient.SqlException (0x80131904): Invalid column name 'Career_category'.
Invalid column name 'Career_category'.
Invalid column name 'Career_category'.
   at db_context_career.ExecDataSet(String s_query) in c:\Users\Admin\Documents\GitHub\CDF-Dashboard2017\App_Code\db_context_career.cs:line 147
   at career_tool_ability_interest_rapd_filter.btn_preview_Click(Object sender, EventArgs e) in c:\Users\Admin\Documents\GitHub\CDF-Dashboard2017\career-tool\ability-interest-rapd-filter.aspx.cs:line 540
ClientConnectionId:c4a2ce1b-acf0-407f-8860-a90a61013056
Error Number:207,State:1,Class:16 
 
2019-01-21 18:15:43,192 [69] ERROR home - GetData -128 
 System.NullReferenceException: Object reference not set to an instance of an object.
   at home.GetData() in c:\Users\Admin\Documents\GitHub\CDF-Dashboard2017\home.aspx.cs:line 114 
 
2019-01-21 18:15:43,207 [69] ERROR home - chart_bind -189 
 System.NullReferenceException: Object reference not set to an instance of an object.
   at home.chart_bind() in c:\Users\Admin\Documents\GitHub\CDF-Dashboard2017\home.aspx.cs:line 163 
 
2019-01-21 18:15:43,226 [69] ERROR home - GetData2 -151 
 System.NullReferenceException: Object reference not set to an instance of an object.
   at home.GetData2() in c:\Users\Admin\Documents\GitHub\CDF-Dashboard2017\home.aspx.cs:line 137 
 
2019-01-21 18:15:43,245 [69] ERROR home - chart_bind2 -226 
 System.NullReferenceException: Object reference not set to an instance of an object.
   at home.chart_bind2() in c:\Users\Admin\Documents\GitHub\CDF-Dashboard2017\home.aspx.cs:line 200 
 
2019-01-21 18:15:43,271 [69] ERROR home - bindgrid -328 
 System.NullReferenceException: Object reference not set to an instance of an object.
   at home.bindgrid() in c:\Users\Admin\Documents\GitHub\CDF-Dashboard2017\home.aspx.cs:line 292 
 
2019-01-21 18:15:43,617 [69] ERROR home - Page_Load -106 
 System.NullReferenceException: Object reference not set to an instance of an object.
   at home.Page_Load(Object sender, EventArgs e) in c:\Users\Admin\Documents\GitHub\CDF-Dashboard2017\home.aspx.cs:line 35 
 
2019-01-21 18:16:59,489 [16] ERROR career_tool_ability_interest_rapd_filter - btn_preview_Click -1614 
 System.Data.SqlClient.SqlException (0x80131904): Incorrect syntax near ')'.
   at db_context_career.ExecDataSet(String s_query) in c:\Users\Admin\Documents\GitHub\CDF-Dashboard2017\App_Code\db_context_career.cs:line 147
   at career_tool_ability_interest_rapd_filter.btn_preview_Click(Object sender, EventArgs e) in c:\Users\Admin\Documents\GitHub\CDF-Dashboard2017\career-tool\ability-interest-rapd-filter.aspx.cs:line 910
ClientConnectionId:e374933d-29d3-4b0c-9973-930e4d743767
Error Number:102,State:1,Class:15 
 
2019-01-21 18:17:53,873 [69] ERROR career_tool_ability_interest_rapd_filter - btn_preview_Click -1614 
 System.Data.SqlClient.SqlException (0x80131904): Incorrect syntax near ')'.
   at db_context_career.ExecDataSet(String s_query) in c:\Users\Admin\Documents\GitHub\CDF-Dashboard2017\App_Code\db_context_career.cs:line 147
   at career_tool_ability_interest_rapd_filter.btn_preview_Click(Object sender, EventArgs e) in c:\Users\Admin\Documents\GitHub\CDF-Dashboard2017\career-tool\ability-interest-rapd-filter.aspx.cs:line 910
ClientConnectionId:e374933d-29d3-4b0c-9973-930e4d743767
Error Number:102,State:1,Class:15 
 
2019-01-21 18:39:34,212 [16] ERROR career_tool_ability_interest_rapd_filter - btn_preview_Click -1614 
 System.Data.SqlClient.SqlException (0x80131904): Incorrect syntax near ')'.
   at db_context_career.ExecDataSet(String s_query) in c:\Users\Admin\Documents\GitHub\CDF-Dashboard2017\App_Code\db_context_career.cs:line 147
   at career_tool_ability_interest_rapd_filter.btn_preview_Click(Object sender, EventArgs e) in c:\Users\Admin\Documents\GitHub\CDF-Dashboard2017\career-tool\ability-interest-rapd-filter.aspx.cs:line 910
ClientConnectionId:e374933d-29d3-4b0c-9973-930e4d743767
Error Number:102,State:1,Class:15 
 
