2019-12-20 10:33:34,457 [10] ERROR login - btn_login_Click -140 
 System.Data.SqlClient.SqlException (0x80131904): The conversion of a varchar data type to a datetime data type resulted in an out-of-range value.
The statement has been terminated.
   at System.Data.SqlClient.SqlConnection.OnError(SqlException exception, Boolean breakConnection, Action`1 wrapCloseInAction)
   at System.Data.SqlClient.SqlInternalConnection.OnError(SqlException exception, Boolean breakConnection, Action`1 wrapCloseInAction)
   at System.Data.SqlClient.TdsParser.ThrowExceptionAndWarning(TdsParserStateObject stateObj, Boolean callerHasConnectionLock, Boolean asyncClose)
   at System.Data.SqlClient.TdsParser.TryRun(RunBehavior runBehavior, SqlCommand cmdHandler, SqlDataReader dataStream, BulkCopySimpleResultSet bulkCopyHandler, TdsParserStateObject stateObj, Boolean& dataReady)
   at System.Data.SqlClient.SqlCommand.RunExecuteNonQueryTds(String methodName, Boolean async, Int32 timeout, Boolean asyncWrite)
   at System.Data.SqlClient.SqlCommand.InternalExecuteNonQuery(TaskCompletionSource`1 completion, String methodName, Boolean sendToPipe, Int32 timeout, Boolean& usedCache, Boolean asyncWrite, Boolean inRetry)
   at System.Data.SqlClient.SqlCommand.ExecuteNonQuery()
   at login.btn_login_Click(Object sender, EventArgs e) in e:\CHETAN\CDFDashboardFinal(Bhagu)\CDF-Dashboard2017\login.aspx.cs:line 134
ClientConnectionId:91b9d3e5-7bb7-4cc5-a617-5a659049324f
Error Number:242,State:3,Class:16 
 
2019-12-20 10:47:05,284 [18] ERROR login - btn_login_Click -140 
 System.Data.SqlClient.SqlException (0x80131904): The conversion of a varchar data type to a datetime data type resulted in an out-of-range value.
The statement has been terminated.
   at System.Data.SqlClient.SqlConnection.OnError(SqlException exception, Boolean breakConnection, Action`1 wrapCloseInAction)
   at System.Data.SqlClient.SqlInternalConnection.OnError(SqlException exception, Boolean breakConnection, Action`1 wrapCloseInAction)
   at System.Data.SqlClient.TdsParser.ThrowExceptionAndWarning(TdsParserStateObject stateObj, Boolean callerHasConnectionLock, Boolean asyncClose)
   at System.Data.SqlClient.TdsParser.TryRun(RunBehavior runBehavior, SqlCommand cmdHandler, SqlDataReader dataStream, BulkCopySimpleResultSet bulkCopyHandler, TdsParserStateObject stateObj, Boolean& dataReady)
   at System.Data.SqlClient.SqlCommand.RunExecuteNonQueryTds(String methodName, Boolean async, Int32 timeout, Boolean asyncWrite)
   at System.Data.SqlClient.SqlCommand.InternalExecuteNonQuery(TaskCompletionSource`1 completion, String methodName, Boolean sendToPipe, Int32 timeout, Boolean& usedCache, Boolean asyncWrite, Boolean inRetry)
   at System.Data.SqlClient.SqlCommand.ExecuteNonQuery()
   at login.btn_login_Click(Object sender, EventArgs e) in e:\CHETAN\CDFDashboardFinal(Bhagu)\CDF-Dashboard2017\login.aspx.cs:line 134
ClientConnectionId:83fa35bd-ccae-4540-952d-31dc1c2c0cd0
Error Number:242,State:3,Class:16 
 
2019-12-20 11:02:44,063 [54] ERROR login - btn_login_Click -140 
 System.Data.SqlClient.SqlException (0x80131904): The conversion of a varchar data type to a datetime data type resulted in an out-of-range value.
The statement has been terminated.
   at System.Data.SqlClient.SqlConnection.OnError(SqlException exception, Boolean breakConnection, Action`1 wrapCloseInAction)
   at System.Data.SqlClient.SqlInternalConnection.OnError(SqlException exception, Boolean breakConnection, Action`1 wrapCloseInAction)
   at System.Data.SqlClient.TdsParser.ThrowExceptionAndWarning(TdsParserStateObject stateObj, Boolean callerHasConnectionLock, Boolean asyncClose)
   at System.Data.SqlClient.TdsParser.TryRun(RunBehavior runBehavior, SqlCommand cmdHandler, SqlDataReader dataStream, BulkCopySimpleResultSet bulkCopyHandler, TdsParserStateObject stateObj, Boolean& dataReady)
   at System.Data.SqlClient.SqlCommand.RunExecuteNonQueryTds(String methodName, Boolean async, Int32 timeout, Boolean asyncWrite)
   at System.Data.SqlClient.SqlCommand.InternalExecuteNonQuery(TaskCompletionSource`1 completion, String methodName, Boolean sendToPipe, Int32 timeout, Boolean& usedCache, Boolean asyncWrite, Boolean inRetry)
   at System.Data.SqlClient.SqlCommand.ExecuteNonQuery()
   at login.btn_login_Click(Object sender, EventArgs e) in e:\CHETAN\CDFDashboardFinal(Bhagu)\CDF-Dashboard2017\login.aspx.cs:line 134
ClientConnectionId:45fe1936-c9ed-4de8-988d-36bace7d8bd4
Error Number:242,State:3,Class:16 
 
2019-12-20 11:09:43,500 [54] ERROR ASP.global_asax - Session_End -82 
 System.Data.SqlClient.SqlException (0x80131904): The conversion of a varchar data type to a datetime data type resulted in an out-of-range value.
The statement has been terminated.
   at db_context.ExecNonQuery(String s_query) in e:\CHETAN\CDFDashboardFinal(Bhagu)\CDF-Dashboard2017\App_Code\db_context.cs:line 131
   at ASP.global_asax.Session_End(Object sender, EventArgs e) in e:\CHETAN\CDFDashboardFinal(Bhagu)\CDF-Dashboard2017\Global.asax:line 77
ClientConnectionId:b3e11326-1634-470c-88f8-5a572c62c427
Error Number:242,State:3,Class:16 
 
2019-12-20 11:09:43,669 [54] ERROR ASP.global_asax - Session_End -82 
 System.Data.SqlClient.SqlException (0x80131904): The conversion of a varchar data type to a datetime data type resulted in an out-of-range value.
The statement has been terminated.
   at db_context.ExecNonQuery(String s_query) in e:\CHETAN\CDFDashboardFinal(Bhagu)\CDF-Dashboard2017\App_Code\db_context.cs:line 131
   at ASP.global_asax.Session_End(Object sender, EventArgs e) in e:\CHETAN\CDFDashboardFinal(Bhagu)\CDF-Dashboard2017\Global.asax:line 77
ClientConnectionId:b3e11326-1634-470c-88f8-5a572c62c427
Error Number:242,State:3,Class:16 
 
2019-12-20 11:26:38,237 [26] ERROR login - btn_login_Click -140 
 System.Data.SqlClient.SqlException (0x80131904): The conversion of a varchar data type to a datetime data type resulted in an out-of-range value.
The statement has been terminated.
   at System.Data.SqlClient.SqlConnection.OnError(SqlException exception, Boolean breakConnection, Action`1 wrapCloseInAction)
   at System.Data.SqlClient.SqlInternalConnection.OnError(SqlException exception, Boolean breakConnection, Action`1 wrapCloseInAction)
   at System.Data.SqlClient.TdsParser.ThrowExceptionAndWarning(TdsParserStateObject stateObj, Boolean callerHasConnectionLock, Boolean asyncClose)
   at System.Data.SqlClient.TdsParser.TryRun(RunBehavior runBehavior, SqlCommand cmdHandler, SqlDataReader dataStream, BulkCopySimpleResultSet bulkCopyHandler, TdsParserStateObject stateObj, Boolean& dataReady)
   at System.Data.SqlClient.SqlCommand.RunExecuteNonQueryTds(String methodName, Boolean async, Int32 timeout, Boolean asyncWrite)
   at System.Data.SqlClient.SqlCommand.InternalExecuteNonQuery(TaskCompletionSource`1 completion, String methodName, Boolean sendToPipe, Int32 timeout, Boolean& usedCache, Boolean asyncWrite, Boolean inRetry)
   at System.Data.SqlClient.SqlCommand.ExecuteNonQuery()
   at login.btn_login_Click(Object sender, EventArgs e) in e:\CHETAN\CDFDashboardFinal(Bhagu)\CDF-Dashboard2017\login.aspx.cs:line 134
ClientConnectionId:aa867cae-0b17-4b50-b091-1c688e922fb3
Error Number:242,State:3,Class:16 
 
2019-12-20 11:44:04,849 [29] ERROR ASP.global_asax - Session_End -82 
 System.Data.SqlClient.SqlException (0x80131904): The conversion of a varchar data type to a datetime data type resulted in an out-of-range value.
The statement has been terminated.
   at db_context.ExecNonQuery(String s_query) in e:\CHETAN\CDFDashboardFinal(Bhagu)\CDF-Dashboard2017\App_Code\db_context.cs:line 131
   at ASP.global_asax.Session_End(Object sender, EventArgs e) in e:\CHETAN\CDFDashboardFinal(Bhagu)\CDF-Dashboard2017\Global.asax:line 77
ClientConnectionId:ca8a4545-c32a-4caf-914b-d983dc29bee9
Error Number:242,State:3,Class:16 
 
2019-12-20 11:57:02,526 [17] ERROR login - btn_login_Click -140 
 System.Data.SqlClient.SqlException (0x80131904): The conversion of a varchar data type to a datetime data type resulted in an out-of-range value.
The statement has been terminated.
   at System.Data.SqlClient.SqlConnection.OnError(SqlException exception, Boolean breakConnection, Action`1 wrapCloseInAction)
   at System.Data.SqlClient.SqlInternalConnection.OnError(SqlException exception, Boolean breakConnection, Action`1 wrapCloseInAction)
   at System.Data.SqlClient.TdsParser.ThrowExceptionAndWarning(TdsParserStateObject stateObj, Boolean callerHasConnectionLock, Boolean asyncClose)
   at System.Data.SqlClient.TdsParser.TryRun(RunBehavior runBehavior, SqlCommand cmdHandler, SqlDataReader dataStream, BulkCopySimpleResultSet bulkCopyHandler, TdsParserStateObject stateObj, Boolean& dataReady)
   at System.Data.SqlClient.SqlCommand.RunExecuteNonQueryTds(String methodName, Boolean async, Int32 timeout, Boolean asyncWrite)
   at System.Data.SqlClient.SqlCommand.InternalExecuteNonQuery(TaskCompletionSource`1 completion, String methodName, Boolean sendToPipe, Int32 timeout, Boolean& usedCache, Boolean asyncWrite, Boolean inRetry)
   at System.Data.SqlClient.SqlCommand.ExecuteNonQuery()
   at login.btn_login_Click(Object sender, EventArgs e) in e:\CHETAN\CDFDashboardFinal(Bhagu)\CDF-Dashboard2017\login.aspx.cs:line 134
ClientConnectionId:9958c164-c748-4170-9a79-a19c71850ca6
Error Number:242,State:3,Class:16 
 
2019-12-20 12:05:18,728 [55] ERROR logout - Page_Load -23 
 System.Data.SqlClient.SqlException (0x80131904): The conversion of a varchar data type to a datetime data type resulted in an out-of-range value.
The statement has been terminated.
   at db_context.ExecNonQuery(String s_query) in e:\CHETAN\CDFDashboardFinal(Bhagu)\CDF-Dashboard2017\App_Code\db_context.cs:line 131
   at logout.Page_Load(Object sender, EventArgs e) in e:\CHETAN\CDFDashboardFinal(Bhagu)\CDF-Dashboard2017\logout.aspx.cs:line 18
ClientConnectionId:9958c164-c748-4170-9a79-a19c71850ca6
Error Number:242,State:3,Class:16 
 
2019-12-20 12:05:27,742 [55] ERROR login - btn_login_Click -140 
 System.Data.SqlClient.SqlException (0x80131904): The conversion of a varchar data type to a datetime data type resulted in an out-of-range value.
The statement has been terminated.
   at System.Data.SqlClient.SqlConnection.OnError(SqlException exception, Boolean breakConnection, Action`1 wrapCloseInAction)
   at System.Data.SqlClient.SqlInternalConnection.OnError(SqlException exception, Boolean breakConnection, Action`1 wrapCloseInAction)
   at System.Data.SqlClient.TdsParser.ThrowExceptionAndWarning(TdsParserStateObject stateObj, Boolean callerHasConnectionLock, Boolean asyncClose)
   at System.Data.SqlClient.TdsParser.TryRun(RunBehavior runBehavior, SqlCommand cmdHandler, SqlDataReader dataStream, BulkCopySimpleResultSet bulkCopyHandler, TdsParserStateObject stateObj, Boolean& dataReady)
   at System.Data.SqlClient.SqlCommand.RunExecuteNonQueryTds(String methodName, Boolean async, Int32 timeout, Boolean asyncWrite)
   at System.Data.SqlClient.SqlCommand.InternalExecuteNonQuery(TaskCompletionSource`1 completion, String methodName, Boolean sendToPipe, Int32 timeout, Boolean& usedCache, Boolean asyncWrite, Boolean inRetry)
   at System.Data.SqlClient.SqlCommand.ExecuteNonQuery()
   at login.btn_login_Click(Object sender, EventArgs e) in e:\CHETAN\CDFDashboardFinal(Bhagu)\CDF-Dashboard2017\login.aspx.cs:line 134
ClientConnectionId:9958c164-c748-4170-9a79-a19c71850ca6
Error Number:242,State:3,Class:16 
 
2019-12-20 12:11:06,245 [66] ERROR logout - Page_Load -23 
 System.Data.SqlClient.SqlException (0x80131904): The conversion of a varchar data type to a datetime data type resulted in an out-of-range value.
The statement has been terminated.
   at db_context.ExecNonQuery(String s_query) in e:\CHETAN\CDFDashboardFinal(Bhagu)\CDF-Dashboard2017\App_Code\db_context.cs:line 131
   at logout.Page_Load(Object sender, EventArgs e) in e:\CHETAN\CDFDashboardFinal(Bhagu)\CDF-Dashboard2017\logout.aspx.cs:line 18
ClientConnectionId:49ed0bb9-7714-4128-843c-8b8b9f05f629
Error Number:242,State:3,Class:16 
 
2019-12-20 12:11:21,096 [66] ERROR login - btn_login_Click -140 
 System.Data.SqlClient.SqlException (0x80131904): The conversion of a varchar data type to a datetime data type resulted in an out-of-range value.
The statement has been terminated.
   at System.Data.SqlClient.SqlConnection.OnError(SqlException exception, Boolean breakConnection, Action`1 wrapCloseInAction)
   at System.Data.SqlClient.SqlInternalConnection.OnError(SqlException exception, Boolean breakConnection, Action`1 wrapCloseInAction)
   at System.Data.SqlClient.TdsParser.ThrowExceptionAndWarning(TdsParserStateObject stateObj, Boolean callerHasConnectionLock, Boolean asyncClose)
   at System.Data.SqlClient.TdsParser.TryRun(RunBehavior runBehavior, SqlCommand cmdHandler, SqlDataReader dataStream, BulkCopySimpleResultSet bulkCopyHandler, TdsParserStateObject stateObj, Boolean& dataReady)
   at System.Data.SqlClient.SqlCommand.RunExecuteNonQueryTds(String methodName, Boolean async, Int32 timeout, Boolean asyncWrite)
   at System.Data.SqlClient.SqlCommand.InternalExecuteNonQuery(TaskCompletionSource`1 completion, String methodName, Boolean sendToPipe, Int32 timeout, Boolean& usedCache, Boolean asyncWrite, Boolean inRetry)
   at System.Data.SqlClient.SqlCommand.ExecuteNonQuery()
   at login.btn_login_Click(Object sender, EventArgs e) in e:\CHETAN\CDFDashboardFinal(Bhagu)\CDF-Dashboard2017\login.aspx.cs:line 134
ClientConnectionId:49ed0bb9-7714-4128-843c-8b8b9f05f629
Error Number:242,State:3,Class:16 
 
2019-12-20 12:15:23,696 [42] ERROR logout - Page_Load -23 
 System.Data.SqlClient.SqlException (0x80131904): The conversion of a varchar data type to a datetime data type resulted in an out-of-range value.
The statement has been terminated.
   at db_context.ExecNonQuery(String s_query) in e:\CHETAN\CDFDashboardFinal(Bhagu)\CDF-Dashboard2017\App_Code\db_context.cs:line 131
   at logout.Page_Load(Object sender, EventArgs e) in e:\CHETAN\CDFDashboardFinal(Bhagu)\CDF-Dashboard2017\logout.aspx.cs:line 18
ClientConnectionId:49ed0bb9-7714-4128-843c-8b8b9f05f629
Error Number:242,State:3,Class:16 
 
2019-12-20 12:15:53,322 [42] ERROR login - btn_login_Click -140 
 System.Data.SqlClient.SqlException (0x80131904): The conversion of a varchar data type to a datetime data type resulted in an out-of-range value.
The statement has been terminated.
   at System.Data.SqlClient.SqlConnection.OnError(SqlException exception, Boolean breakConnection, Action`1 wrapCloseInAction)
   at System.Data.SqlClient.SqlInternalConnection.OnError(SqlException exception, Boolean breakConnection, Action`1 wrapCloseInAction)
   at System.Data.SqlClient.TdsParser.ThrowExceptionAndWarning(TdsParserStateObject stateObj, Boolean callerHasConnectionLock, Boolean asyncClose)
   at System.Data.SqlClient.TdsParser.TryRun(RunBehavior runBehavior, SqlCommand cmdHandler, SqlDataReader dataStream, BulkCopySimpleResultSet bulkCopyHandler, TdsParserStateObject stateObj, Boolean& dataReady)
   at System.Data.SqlClient.SqlCommand.RunExecuteNonQueryTds(String methodName, Boolean async, Int32 timeout, Boolean asyncWrite)
   at System.Data.SqlClient.SqlCommand.InternalExecuteNonQuery(TaskCompletionSource`1 completion, String methodName, Boolean sendToPipe, Int32 timeout, Boolean& usedCache, Boolean asyncWrite, Boolean inRetry)
   at System.Data.SqlClient.SqlCommand.ExecuteNonQuery()
   at login.btn_login_Click(Object sender, EventArgs e) in e:\CHETAN\CDFDashboardFinal(Bhagu)\CDF-Dashboard2017\login.aspx.cs:line 134
ClientConnectionId:49ed0bb9-7714-4128-843c-8b8b9f05f629
Error Number:242,State:3,Class:16 
 
2019-12-20 15:57:22,799 [14] ERROR login - btn_login_Click -140 
 System.Data.SqlClient.SqlException (0x80131904): The conversion of a varchar data type to a datetime data type resulted in an out-of-range value.
The statement has been terminated.
   at System.Data.SqlClient.SqlConnection.OnError(SqlException exception, Boolean breakConnection, Action`1 wrapCloseInAction)
   at System.Data.SqlClient.SqlInternalConnection.OnError(SqlException exception, Boolean breakConnection, Action`1 wrapCloseInAction)
   at System.Data.SqlClient.TdsParser.ThrowExceptionAndWarning(TdsParserStateObject stateObj, Boolean callerHasConnectionLock, Boolean asyncClose)
   at System.Data.SqlClient.TdsParser.TryRun(RunBehavior runBehavior, SqlCommand cmdHandler, SqlDataReader dataStream, BulkCopySimpleResultSet bulkCopyHandler, TdsParserStateObject stateObj, Boolean& dataReady)
   at System.Data.SqlClient.SqlCommand.RunExecuteNonQueryTds(String methodName, Boolean async, Int32 timeout, Boolean asyncWrite)
   at System.Data.SqlClient.SqlCommand.InternalExecuteNonQuery(TaskCompletionSource`1 completion, String methodName, Boolean sendToPipe, Int32 timeout, Boolean& usedCache, Boolean asyncWrite, Boolean inRetry)
   at System.Data.SqlClient.SqlCommand.ExecuteNonQuery()
   at login.btn_login_Click(Object sender, EventArgs e) in e:\CHETAN\CDFDashboardFinal(Bhagu)\CDF-Dashboard2017\login.aspx.cs:line 134
ClientConnectionId:7e577be8-e632-45de-b05b-f4b61a3273c2
Error Number:242,State:3,Class:16 
 
2019-12-20 16:24:27,809 [12] ERROR login - btn_login_Click -140 
 System.Data.SqlClient.SqlException (0x80131904): The conversion of a varchar data type to a datetime data type resulted in an out-of-range value.
The statement has been terminated.
   at System.Data.SqlClient.SqlConnection.OnError(SqlException exception, Boolean breakConnection, Action`1 wrapCloseInAction)
   at System.Data.SqlClient.SqlInternalConnection.OnError(SqlException exception, Boolean breakConnection, Action`1 wrapCloseInAction)
   at System.Data.SqlClient.TdsParser.ThrowExceptionAndWarning(TdsParserStateObject stateObj, Boolean callerHasConnectionLock, Boolean asyncClose)
   at System.Data.SqlClient.TdsParser.TryRun(RunBehavior runBehavior, SqlCommand cmdHandler, SqlDataReader dataStream, BulkCopySimpleResultSet bulkCopyHandler, TdsParserStateObject stateObj, Boolean& dataReady)
   at System.Data.SqlClient.SqlCommand.RunExecuteNonQueryTds(String methodName, Boolean async, Int32 timeout, Boolean asyncWrite)
   at System.Data.SqlClient.SqlCommand.InternalExecuteNonQuery(TaskCompletionSource`1 completion, String methodName, Boolean sendToPipe, Int32 timeout, Boolean& usedCache, Boolean asyncWrite, Boolean inRetry)
   at System.Data.SqlClient.SqlCommand.ExecuteNonQuery()
   at login.btn_login_Click(Object sender, EventArgs e) in e:\CHETAN\CDFDashboardFinal(Bhagu)\CDF-Dashboard2017\login.aspx.cs:line 134
ClientConnectionId:dcc0aae5-8cf2-446b-ad0a-5ddac48a90bd
Error Number:242,State:3,Class:16 
 
2019-12-20 17:24:47,069 [54] ERROR logout - Page_Load -23 
 System.Data.SqlClient.SqlException (0x80131904): The conversion of a varchar data type to a datetime data type resulted in an out-of-range value.
The statement has been terminated.
   at db_context.ExecNonQuery(String s_query) in e:\CHETAN\CDFDashboardFinal(Bhagu)\CDF-Dashboard2017\App_Code\db_context.cs:line 131
   at logout.Page_Load(Object sender, EventArgs e) in e:\CHETAN\CDFDashboardFinal(Bhagu)\CDF-Dashboard2017\logout.aspx.cs:line 18
ClientConnectionId:095c6f1a-ad2d-4275-a6f3-a933b3e333a1
Error Number:242,State:3,Class:16 
 
2019-12-20 17:24:56,046 [54] ERROR login - btn_login_Click -140 
 System.Data.SqlClient.SqlException (0x80131904): The conversion of a varchar data type to a datetime data type resulted in an out-of-range value.
The statement has been terminated.
   at System.Data.SqlClient.SqlConnection.OnError(SqlException exception, Boolean breakConnection, Action`1 wrapCloseInAction)
   at System.Data.SqlClient.SqlInternalConnection.OnError(SqlException exception, Boolean breakConnection, Action`1 wrapCloseInAction)
   at System.Data.SqlClient.TdsParser.ThrowExceptionAndWarning(TdsParserStateObject stateObj, Boolean callerHasConnectionLock, Boolean asyncClose)
   at System.Data.SqlClient.TdsParser.TryRun(RunBehavior runBehavior, SqlCommand cmdHandler, SqlDataReader dataStream, BulkCopySimpleResultSet bulkCopyHandler, TdsParserStateObject stateObj, Boolean& dataReady)
   at System.Data.SqlClient.SqlCommand.RunExecuteNonQueryTds(String methodName, Boolean async, Int32 timeout, Boolean asyncWrite)
   at System.Data.SqlClient.SqlCommand.InternalExecuteNonQuery(TaskCompletionSource`1 completion, String methodName, Boolean sendToPipe, Int32 timeout, Boolean& usedCache, Boolean asyncWrite, Boolean inRetry)
   at System.Data.SqlClient.SqlCommand.ExecuteNonQuery()
   at login.btn_login_Click(Object sender, EventArgs e) in e:\CHETAN\CDFDashboardFinal(Bhagu)\CDF-Dashboard2017\login.aspx.cs:line 134
ClientConnectionId:095c6f1a-ad2d-4275-a6f3-a933b3e333a1
Error Number:242,State:3,Class:16 
 
2019-12-20 17:37:12,796 [54] ERROR ASP.global_asax - Session_End -82 
 System.Data.SqlClient.SqlException (0x80131904): The conversion of a varchar data type to a datetime data type resulted in an out-of-range value.
The statement has been terminated.
   at db_context.ExecNonQuery(String s_query) in e:\CHETAN\CDFDashboardFinal(Bhagu)\CDF-Dashboard2017\App_Code\db_context.cs:line 131
   at ASP.global_asax.Session_End(Object sender, EventArgs e) in e:\CHETAN\CDFDashboardFinal(Bhagu)\CDF-Dashboard2017\Global.asax:line 77
ClientConnectionId:095c6f1a-ad2d-4275-a6f3-a933b3e333a1
Error Number:242,State:3,Class:16 
 
2019-12-20 17:37:47,886 [54] ERROR login - btn_login_Click -140 
 System.Data.SqlClient.SqlException (0x80131904): The conversion of a varchar data type to a datetime data type resulted in an out-of-range value.
The statement has been terminated.
   at System.Data.SqlClient.SqlConnection.OnError(SqlException exception, Boolean breakConnection, Action`1 wrapCloseInAction)
   at System.Data.SqlClient.SqlInternalConnection.OnError(SqlException exception, Boolean breakConnection, Action`1 wrapCloseInAction)
   at System.Data.SqlClient.TdsParser.ThrowExceptionAndWarning(TdsParserStateObject stateObj, Boolean callerHasConnectionLock, Boolean asyncClose)
   at System.Data.SqlClient.TdsParser.TryRun(RunBehavior runBehavior, SqlCommand cmdHandler, SqlDataReader dataStream, BulkCopySimpleResultSet bulkCopyHandler, TdsParserStateObject stateObj, Boolean& dataReady)
   at System.Data.SqlClient.SqlCommand.RunExecuteNonQueryTds(String methodName, Boolean async, Int32 timeout, Boolean asyncWrite)
   at System.Data.SqlClient.SqlCommand.InternalExecuteNonQuery(TaskCompletionSource`1 completion, String methodName, Boolean sendToPipe, Int32 timeout, Boolean& usedCache, Boolean asyncWrite, Boolean inRetry)
   at System.Data.SqlClient.SqlCommand.ExecuteNonQuery()
   at login.btn_login_Click(Object sender, EventArgs e) in e:\CHETAN\CDFDashboardFinal(Bhagu)\CDF-Dashboard2017\login.aspx.cs:line 134
ClientConnectionId:09372ffe-2f78-4dc5-9f96-2141970baf15
Error Number:242,State:3,Class:16 
 
2019-12-20 17:38:13,861 [39] ERROR ASP.global_asax - Session_End -82 
 System.Data.SqlClient.SqlException (0x80131904): The conversion of a varchar data type to a datetime data type resulted in an out-of-range value.
The statement has been terminated.
   at db_context.ExecNonQuery(String s_query) in e:\CHETAN\CDFDashboardFinal(Bhagu)\CDF-Dashboard2017\App_Code\db_context.cs:line 131
   at ASP.global_asax.Session_End(Object sender, EventArgs e) in e:\CHETAN\CDFDashboardFinal(Bhagu)\CDF-Dashboard2017\Global.asax:line 77
ClientConnectionId:09372ffe-2f78-4dc5-9f96-2141970baf15
Error Number:242,State:3,Class:16 
 
