2019-01-24 10:22:46,059 [6] ERROR home - GetData -128 
 System.NullReferenceException: Object reference not set to an instance of an object.
   at home.GetData() in c:\Users\Admin\Documents\GitHub\CDF-Dashboard2017\home.aspx.cs:line 114 
 
2019-01-24 10:22:46,116 [6] ERROR home - chart_bind -189 
 System.NullReferenceException: Object reference not set to an instance of an object.
   at home.chart_bind() in c:\Users\Admin\Documents\GitHub\CDF-Dashboard2017\home.aspx.cs:line 163 
 
2019-01-24 10:22:46,136 [6] ERROR home - GetData2 -151 
 System.NullReferenceException: Object reference not set to an instance of an object.
   at home.GetData2() in c:\Users\Admin\Documents\GitHub\CDF-Dashboard2017\home.aspx.cs:line 137 
 
2019-01-24 10:22:46,161 [6] ERROR home - chart_bind2 -226 
 System.NullReferenceException: Object reference not set to an instance of an object.
   at home.chart_bind2() in c:\Users\Admin\Documents\GitHub\CDF-Dashboard2017\home.aspx.cs:line 200 
 
2019-01-24 10:22:46,178 [6] ERROR home - bindgrid -328 
 System.NullReferenceException: Object reference not set to an instance of an object.
   at home.bindgrid() in c:\Users\Admin\Documents\GitHub\CDF-Dashboard2017\home.aspx.cs:line 292 
 
2019-01-24 10:22:46,425 [6] ERROR home - Page_Load -106 
 System.NullReferenceException: Object reference not set to an instance of an object.
   at home.Page_Load(Object sender, EventArgs e) in c:\Users\Admin\Documents\GitHub\CDF-Dashboard2017\home.aspx.cs:line 35 
 
2019-01-24 10:47:40,467 [24] ERROR home - GetData -128 
 System.NullReferenceException: Object reference not set to an instance of an object.
   at home.GetData() in c:\Users\Admin\Documents\GitHub\CDF-Dashboard2017\home.aspx.cs:line 114 
 
2019-01-24 10:47:40,480 [24] ERROR home - chart_bind -189 
 System.NullReferenceException: Object reference not set to an instance of an object.
   at home.chart_bind() in c:\Users\Admin\Documents\GitHub\CDF-Dashboard2017\home.aspx.cs:line 163 
 
2019-01-24 10:47:40,502 [24] ERROR home - GetData2 -151 
 System.NullReferenceException: Object reference not set to an instance of an object.
   at home.GetData2() in c:\Users\Admin\Documents\GitHub\CDF-Dashboard2017\home.aspx.cs:line 137 
 
2019-01-24 10:47:40,532 [24] ERROR home - chart_bind2 -226 
 System.NullReferenceException: Object reference not set to an instance of an object.
   at home.chart_bind2() in c:\Users\Admin\Documents\GitHub\CDF-Dashboard2017\home.aspx.cs:line 200 
 
2019-01-24 10:47:40,547 [24] ERROR home - bindgrid -328 
 System.NullReferenceException: Object reference not set to an instance of an object.
   at home.bindgrid() in c:\Users\Admin\Documents\GitHub\CDF-Dashboard2017\home.aspx.cs:line 292 
 
2019-01-24 10:47:40,877 [24] ERROR home - Page_Load -106 
 System.NullReferenceException: Object reference not set to an instance of an object.
   at home.Page_Load(Object sender, EventArgs e) in c:\Users\Admin\Documents\GitHub\CDF-Dashboard2017\home.aspx.cs:line 35 
 
2019-01-24 15:07:53,510 [6] ERROR home - GetData -128 
 System.NullReferenceException: Object reference not set to an instance of an object.
   at home.GetData() in c:\Users\Admin\Documents\GitHub\CDF-Dashboard2017\home.aspx.cs:line 114 
 
2019-01-24 15:07:53,545 [6] ERROR home - chart_bind -189 
 System.NullReferenceException: Object reference not set to an instance of an object.
   at home.chart_bind() in c:\Users\Admin\Documents\GitHub\CDF-Dashboard2017\home.aspx.cs:line 163 
 
2019-01-24 15:07:53,568 [6] ERROR home - GetData2 -151 
 System.NullReferenceException: Object reference not set to an instance of an object.
   at home.GetData2() in c:\Users\Admin\Documents\GitHub\CDF-Dashboard2017\home.aspx.cs:line 137 
 
2019-01-24 15:07:53,582 [6] ERROR home - chart_bind2 -226 
 System.NullReferenceException: Object reference not set to an instance of an object.
   at home.chart_bind2() in c:\Users\Admin\Documents\GitHub\CDF-Dashboard2017\home.aspx.cs:line 200 
 
2019-01-24 15:07:53,607 [6] ERROR home - bindgrid -328 
 System.NullReferenceException: Object reference not set to an instance of an object.
   at home.bindgrid() in c:\Users\Admin\Documents\GitHub\CDF-Dashboard2017\home.aspx.cs:line 292 
 
2019-01-24 15:07:53,954 [6] ERROR home - Page_Load -106 
 System.NullReferenceException: Object reference not set to an instance of an object.
   at home.Page_Load(Object sender, EventArgs e) in c:\Users\Admin\Documents\GitHub\CDF-Dashboard2017\home.aspx.cs:line 35 
 
2019-01-24 15:08:28,746 [6] ERROR Candidate_Previewleads - bindgrid -91 
 System.NullReferenceException: Object reference not set to an instance of an object.
   at Candidate_Previewleads.bindgrid() in c:\Users\Admin\Documents\GitHub\CDF-Dashboard2017\leads\Previewleads.aspx.cs:line 56 
 
2019-01-24 17:46:59,790 [36] ERROR CDFMaster - Page_Load -49 
 System.NullReferenceException: Object reference not set to an instance of an object.
   at CDFMaster.Page_Load(Object sender, EventArgs e) in c:\Users\Admin\Documents\GitHub\CDF-Dashboard2017\Admin\admin-master.master.cs:line 16 
 
2019-01-24 17:47:08,131 [28] ERROR CDFMaster - Page_Load -49 
 System.NullReferenceException: Object reference not set to an instance of an object.
   at CDFMaster.Page_Load(Object sender, EventArgs e) in c:\Users\Admin\Documents\GitHub\CDF-Dashboard2017\Admin\admin-master.master.cs:line 16 
 
2019-01-24 17:47:10,304 [38] ERROR candidatedetails - Page_Load -65 
 System.NullReferenceException: Object reference not set to an instance of an object.
   at candidatedetails.Page_Load(Object sender, EventArgs e) in c:\Users\Admin\Documents\GitHub\CDF-Dashboard2017\Admin\candidate-details.aspx.cs:line 47 
 
2019-01-24 17:47:10,810 [38] ERROR CDFMaster - Page_Load -49 
 System.NullReferenceException: Object reference not set to an instance of an object.
   at CDFMaster.Page_Load(Object sender, EventArgs e) in c:\Users\Admin\Documents\GitHub\CDF-Dashboard2017\Admin\admin-master.master.cs:line 16 
 
2019-01-24 17:51:57,033 [30] ERROR candidatedetails - Page_Load -65 
 System.NullReferenceException: Object reference not set to an instance of an object.
   at candidatedetails.Page_Load(Object sender, EventArgs e) in c:\Users\Admin\Documents\GitHub\CDF-Dashboard2017\Admin\candidate-details.aspx.cs:line 47 
 
2019-01-24 17:51:57,163 [30] ERROR CDFMaster - Page_Load -49 
 System.NullReferenceException: Object reference not set to an instance of an object.
   at CDFMaster.Page_Load(Object sender, EventArgs e) in c:\Users\Admin\Documents\GitHub\CDF-Dashboard2017\Admin\admin-master.master.cs:line 16 
 
2019-01-24 17:55:18,802 [34] ERROR candidatedetails - Page_Load -65 
 System.NullReferenceException: Object reference not set to an instance of an object.
   at candidatedetails.Page_Load(Object sender, EventArgs e) in c:\Users\Admin\Documents\GitHub\CDF-Dashboard2017\Admin\candidate-details.aspx.cs:line 47 
 
2019-01-24 17:55:18,919 [34] ERROR CDFMaster - Page_Load -49 
 System.NullReferenceException: Object reference not set to an instance of an object.
   at CDFMaster.Page_Load(Object sender, EventArgs e) in c:\Users\Admin\Documents\GitHub\CDF-Dashboard2017\Admin\admin-master.master.cs:line 16 
 
2019-01-24 17:55:41,756 [34] ERROR candidatedetails - Page_Load -65 
 System.NullReferenceException: Object reference not set to an instance of an object.
   at candidatedetails.Page_Load(Object sender, EventArgs e) in c:\Users\Admin\Documents\GitHub\CDF-Dashboard2017\Admin\candidate-details.aspx.cs:line 47 
 
2019-01-24 17:55:42,225 [34] ERROR CDFMaster - Page_Load -49 
 System.NullReferenceException: Object reference not set to an instance of an object.
   at CDFMaster.Page_Load(Object sender, EventArgs e) in c:\Users\Admin\Documents\GitHub\CDF-Dashboard2017\Admin\admin-master.master.cs:line 16 
 
