2019-12-10 11:07:57,951 [12] ERROR home1 - GetData -655 
 System.NullReferenceException: Object reference not set to an instance of an object.
   at home1.GetData() in e:\CHETAN\CDFDashboardFinal(Bhagu)\CDF-Dashboard2017\home1.aspx.cs:line 641 
 
2019-12-10 11:07:58,209 [12] ERROR home1 - chart_bind -750 
 System.NullReferenceException: Object reference not set to an instance of an object.
   at home1.chart_bind() in e:\CHETAN\CDFDashboardFinal(Bhagu)\CDF-Dashboard2017\home1.aspx.cs:line 724 
 
2019-12-10 11:07:58,320 [12] ERROR home1 - GetData2 -712 
 System.NullReferenceException: Object reference not set to an instance of an object.
   at home1.GetData2() in e:\CHETAN\CDFDashboardFinal(Bhagu)\CDF-Dashboard2017\home1.aspx.cs:line 698 
 
2019-12-10 11:07:58,415 [12] ERROR home1 - chart_bind2 -827 
 System.NullReferenceException: Object reference not set to an instance of an object.
   at home1.chart_bind2() in e:\CHETAN\CDFDashboardFinal(Bhagu)\CDF-Dashboard2017\home1.aspx.cs:line 801 
 
2019-12-10 11:07:58,501 [12] ERROR home1 - bindgrid -931 
 System.NullReferenceException: Object reference not set to an instance of an object.
   at home1.bindgrid() in e:\CHETAN\CDFDashboardFinal(Bhagu)\CDF-Dashboard2017\home1.aspx.cs:line 893 
 
2019-12-10 11:07:58,759 [12] ERROR home1 - GetData_both -689 
 System.NullReferenceException: Object reference not set to an instance of an object.
   at home1.GetData_both() in e:\CHETAN\CDFDashboardFinal(Bhagu)\CDF-Dashboard2017\home1.aspx.cs:line 665 
 
2019-12-10 11:07:58,811 [12] ERROR home1 - chart_bind_both -790 
 System.NullReferenceException: Object reference not set to an instance of an object.
   at home1.chart_bind_both() in e:\CHETAN\CDFDashboardFinal(Bhagu)\CDF-Dashboard2017\home1.aspx.cs:line 762 
 
2019-12-10 11:07:58,898 [12] ERROR home1 - bindgrid_lead_converted -972 
 System.NullReferenceException: Object reference not set to an instance of an object.
   at home1.bindgrid_lead_converted() in e:\CHETAN\CDFDashboardFinal(Bhagu)\CDF-Dashboard2017\home1.aspx.cs:line 946 
 
2019-12-10 11:07:58,973 [12] ERROR home1 - bindgrid_lead_created -1011 
 System.NullReferenceException: Object reference not set to an instance of an object.
   at home1.bindgrid_lead_created() in e:\CHETAN\CDFDashboardFinal(Bhagu)\CDF-Dashboard2017\home1.aspx.cs:line 985 
 
2019-12-10 11:07:59,139 [12] ERROR home1 - Page_Load -150 
 System.NullReferenceException: Object reference not set to an instance of an object.
   at home1.Page_Load(Object sender, EventArgs e) in e:\CHETAN\CDFDashboardFinal(Bhagu)\CDF-Dashboard2017\home1.aspx.cs:line 79 
 
2019-12-10 11:09:10,081 [11] ERROR home1 - GetData -655 
 System.NullReferenceException: Object reference not set to an instance of an object.
   at home1.GetData() in e:\CHETAN\CDFDashboardFinal(Bhagu)\CDF-Dashboard2017\home1.aspx.cs:line 641 
 
2019-12-10 11:09:10,188 [11] ERROR home1 - chart_bind -750 
 System.NullReferenceException: Object reference not set to an instance of an object.
   at home1.chart_bind() in e:\CHETAN\CDFDashboardFinal(Bhagu)\CDF-Dashboard2017\home1.aspx.cs:line 724 
 
2019-12-10 11:09:10,274 [11] ERROR home1 - GetData2 -712 
 System.NullReferenceException: Object reference not set to an instance of an object.
   at home1.GetData2() in e:\CHETAN\CDFDashboardFinal(Bhagu)\CDF-Dashboard2017\home1.aspx.cs:line 698 
 
2019-12-10 11:09:10,347 [11] ERROR home1 - chart_bind2 -827 
 System.NullReferenceException: Object reference not set to an instance of an object.
   at home1.chart_bind2() in e:\CHETAN\CDFDashboardFinal(Bhagu)\CDF-Dashboard2017\home1.aspx.cs:line 801 
 
2019-12-10 11:09:10,454 [11] ERROR home1 - bindgrid -931 
 System.NullReferenceException: Object reference not set to an instance of an object.
   at home1.bindgrid() in e:\CHETAN\CDFDashboardFinal(Bhagu)\CDF-Dashboard2017\home1.aspx.cs:line 893 
 
2019-12-10 11:09:10,681 [11] ERROR home1 - GetData_both -689 
 System.NullReferenceException: Object reference not set to an instance of an object.
   at home1.GetData_both() in e:\CHETAN\CDFDashboardFinal(Bhagu)\CDF-Dashboard2017\home1.aspx.cs:line 665 
 
2019-12-10 11:09:10,738 [11] ERROR home1 - chart_bind_both -790 
 System.NullReferenceException: Object reference not set to an instance of an object.
   at home1.chart_bind_both() in e:\CHETAN\CDFDashboardFinal(Bhagu)\CDF-Dashboard2017\home1.aspx.cs:line 762 
 
2019-12-10 11:09:10,820 [11] ERROR home1 - bindgrid_lead_converted -972 
 System.NullReferenceException: Object reference not set to an instance of an object.
   at home1.bindgrid_lead_converted() in e:\CHETAN\CDFDashboardFinal(Bhagu)\CDF-Dashboard2017\home1.aspx.cs:line 946 
 
2019-12-10 11:09:10,890 [11] ERROR home1 - bindgrid_lead_created -1011 
 System.NullReferenceException: Object reference not set to an instance of an object.
   at home1.bindgrid_lead_created() in e:\CHETAN\CDFDashboardFinal(Bhagu)\CDF-Dashboard2017\home1.aspx.cs:line 985 
 
2019-12-10 11:09:11,025 [11] ERROR home1 - Page_Load -150 
 System.NullReferenceException: Object reference not set to an instance of an object.
   at home1.Page_Load(Object sender, EventArgs e) in e:\CHETAN\CDFDashboardFinal(Bhagu)\CDF-Dashboard2017\home1.aspx.cs:line 79 
 
2019-12-10 11:13:27,315 [9] ERROR home1 - GetData -655 
 System.NullReferenceException: Object reference not set to an instance of an object.
   at home1.GetData() in e:\CHETAN\CDFDashboardFinal(Bhagu)\CDF-Dashboard2017\home1.aspx.cs:line 641 
 
2019-12-10 11:13:27,366 [9] ERROR home1 - chart_bind -750 
 System.NullReferenceException: Object reference not set to an instance of an object.
   at home1.chart_bind() in e:\CHETAN\CDFDashboardFinal(Bhagu)\CDF-Dashboard2017\home1.aspx.cs:line 724 
 
2019-12-10 11:13:27,444 [9] ERROR home1 - GetData2 -712 
 System.NullReferenceException: Object reference not set to an instance of an object.
   at home1.GetData2() in e:\CHETAN\CDFDashboardFinal(Bhagu)\CDF-Dashboard2017\home1.aspx.cs:line 698 
 
2019-12-10 11:13:27,529 [9] ERROR home1 - chart_bind2 -827 
 System.NullReferenceException: Object reference not set to an instance of an object.
   at home1.chart_bind2() in e:\CHETAN\CDFDashboardFinal(Bhagu)\CDF-Dashboard2017\home1.aspx.cs:line 801 
 
2019-12-10 11:13:27,588 [9] ERROR home1 - bindgrid -931 
 System.NullReferenceException: Object reference not set to an instance of an object.
   at home1.bindgrid() in e:\CHETAN\CDFDashboardFinal(Bhagu)\CDF-Dashboard2017\home1.aspx.cs:line 893 
 
2019-12-10 11:13:27,831 [9] ERROR home1 - GetData_both -689 
 System.NullReferenceException: Object reference not set to an instance of an object.
   at home1.GetData_both() in e:\CHETAN\CDFDashboardFinal(Bhagu)\CDF-Dashboard2017\home1.aspx.cs:line 665 
 
2019-12-10 11:13:27,912 [9] ERROR home1 - chart_bind_both -790 
 System.NullReferenceException: Object reference not set to an instance of an object.
   at home1.chart_bind_both() in e:\CHETAN\CDFDashboardFinal(Bhagu)\CDF-Dashboard2017\home1.aspx.cs:line 762 
 
2019-12-10 11:13:27,964 [9] ERROR home1 - bindgrid_lead_converted -972 
 System.NullReferenceException: Object reference not set to an instance of an object.
   at home1.bindgrid_lead_converted() in e:\CHETAN\CDFDashboardFinal(Bhagu)\CDF-Dashboard2017\home1.aspx.cs:line 946 
 
2019-12-10 11:13:28,029 [9] ERROR home1 - bindgrid_lead_created -1011 
 System.NullReferenceException: Object reference not set to an instance of an object.
   at home1.bindgrid_lead_created() in e:\CHETAN\CDFDashboardFinal(Bhagu)\CDF-Dashboard2017\home1.aspx.cs:line 985 
 
2019-12-10 11:13:28,181 [9] ERROR home1 - Page_Load -150 
 System.NullReferenceException: Object reference not set to an instance of an object.
   at home1.Page_Load(Object sender, EventArgs e) in e:\CHETAN\CDFDashboardFinal(Bhagu)\CDF-Dashboard2017\home1.aspx.cs:line 79 
 
2019-12-10 11:13:42,678 [9] ERROR home1 - GetData -655 
 System.NullReferenceException: Object reference not set to an instance of an object.
   at home1.GetData() in e:\CHETAN\CDFDashboardFinal(Bhagu)\CDF-Dashboard2017\home1.aspx.cs:line 641 
 
2019-12-10 11:13:42,736 [9] ERROR home1 - chart_bind -750 
 System.NullReferenceException: Object reference not set to an instance of an object.
   at home1.chart_bind() in e:\CHETAN\CDFDashboardFinal(Bhagu)\CDF-Dashboard2017\home1.aspx.cs:line 724 
 
2019-12-10 11:13:42,815 [9] ERROR home1 - GetData2 -712 
 System.NullReferenceException: Object reference not set to an instance of an object.
   at home1.GetData2() in e:\CHETAN\CDFDashboardFinal(Bhagu)\CDF-Dashboard2017\home1.aspx.cs:line 698 
 
2019-12-10 11:13:42,899 [9] ERROR home1 - chart_bind2 -827 
 System.NullReferenceException: Object reference not set to an instance of an object.
   at home1.chart_bind2() in e:\CHETAN\CDFDashboardFinal(Bhagu)\CDF-Dashboard2017\home1.aspx.cs:line 801 
 
2019-12-10 11:13:42,958 [9] ERROR home1 - bindgrid -931 
 System.NullReferenceException: Object reference not set to an instance of an object.
   at home1.bindgrid() in e:\CHETAN\CDFDashboardFinal(Bhagu)\CDF-Dashboard2017\home1.aspx.cs:line 893 
 
2019-12-10 11:13:43,236 [9] ERROR home1 - GetData_both -689 
 System.NullReferenceException: Object reference not set to an instance of an object.
   at home1.GetData_both() in e:\CHETAN\CDFDashboardFinal(Bhagu)\CDF-Dashboard2017\home1.aspx.cs:line 665 
 
2019-12-10 11:13:43,296 [9] ERROR home1 - chart_bind_both -790 
 System.NullReferenceException: Object reference not set to an instance of an object.
   at home1.chart_bind_both() in e:\CHETAN\CDFDashboardFinal(Bhagu)\CDF-Dashboard2017\home1.aspx.cs:line 762 
 
2019-12-10 11:13:43,385 [9] ERROR home1 - bindgrid_lead_converted -972 
 System.NullReferenceException: Object reference not set to an instance of an object.
   at home1.bindgrid_lead_converted() in e:\CHETAN\CDFDashboardFinal(Bhagu)\CDF-Dashboard2017\home1.aspx.cs:line 946 
 
2019-12-10 11:13:43,480 [9] ERROR home1 - bindgrid_lead_created -1011 
 System.NullReferenceException: Object reference not set to an instance of an object.
   at home1.bindgrid_lead_created() in e:\CHETAN\CDFDashboardFinal(Bhagu)\CDF-Dashboard2017\home1.aspx.cs:line 985 
 
2019-12-10 11:13:43,625 [9] ERROR home1 - Page_Load -150 
 System.NullReferenceException: Object reference not set to an instance of an object.
   at home1.Page_Load(Object sender, EventArgs e) in e:\CHETAN\CDFDashboardFinal(Bhagu)\CDF-Dashboard2017\home1.aspx.cs:line 79 
 
2019-12-10 11:14:46,708 [9] ERROR home1 - GetData -655 
 System.NullReferenceException: Object reference not set to an instance of an object.
   at home1.GetData() in e:\CHETAN\CDFDashboardFinal(Bhagu)\CDF-Dashboard2017\home1.aspx.cs:line 641 
 
2019-12-10 11:14:46,776 [9] ERROR home1 - chart_bind -750 
 System.NullReferenceException: Object reference not set to an instance of an object.
   at home1.chart_bind() in e:\CHETAN\CDFDashboardFinal(Bhagu)\CDF-Dashboard2017\home1.aspx.cs:line 724 
 
2019-12-10 11:14:46,880 [9] ERROR home1 - GetData2 -712 
 System.NullReferenceException: Object reference not set to an instance of an object.
   at home1.GetData2() in e:\CHETAN\CDFDashboardFinal(Bhagu)\CDF-Dashboard2017\home1.aspx.cs:line 698 
 
2019-12-10 11:14:46,973 [9] ERROR home1 - chart_bind2 -827 
 System.NullReferenceException: Object reference not set to an instance of an object.
   at home1.chart_bind2() in e:\CHETAN\CDFDashboardFinal(Bhagu)\CDF-Dashboard2017\home1.aspx.cs:line 801 
 
2019-12-10 11:14:47,040 [9] ERROR home1 - bindgrid -931 
 System.NullReferenceException: Object reference not set to an instance of an object.
   at home1.bindgrid() in e:\CHETAN\CDFDashboardFinal(Bhagu)\CDF-Dashboard2017\home1.aspx.cs:line 893 
 
2019-12-10 11:14:47,315 [9] ERROR home1 - GetData_both -689 
 System.NullReferenceException: Object reference not set to an instance of an object.
   at home1.GetData_both() in e:\CHETAN\CDFDashboardFinal(Bhagu)\CDF-Dashboard2017\home1.aspx.cs:line 665 
 
2019-12-10 11:14:47,372 [9] ERROR home1 - chart_bind_both -790 
 System.NullReferenceException: Object reference not set to an instance of an object.
   at home1.chart_bind_both() in e:\CHETAN\CDFDashboardFinal(Bhagu)\CDF-Dashboard2017\home1.aspx.cs:line 762 
 
2019-12-10 11:14:47,473 [9] ERROR home1 - bindgrid_lead_converted -972 
 System.NullReferenceException: Object reference not set to an instance of an object.
   at home1.bindgrid_lead_converted() in e:\CHETAN\CDFDashboardFinal(Bhagu)\CDF-Dashboard2017\home1.aspx.cs:line 946 
 
2019-12-10 11:14:47,529 [9] ERROR home1 - bindgrid_lead_created -1011 
 System.NullReferenceException: Object reference not set to an instance of an object.
   at home1.bindgrid_lead_created() in e:\CHETAN\CDFDashboardFinal(Bhagu)\CDF-Dashboard2017\home1.aspx.cs:line 985 
 
2019-12-10 11:14:47,669 [9] ERROR home1 - Page_Load -150 
 System.NullReferenceException: Object reference not set to an instance of an object.
   at home1.Page_Load(Object sender, EventArgs e) in e:\CHETAN\CDFDashboardFinal(Bhagu)\CDF-Dashboard2017\home1.aspx.cs:line 79 
 
2019-12-10 11:14:54,007 [9] ERROR Search_InstituteSearch - load_course -104 
 System.Data.SqlClient.SqlException (0x80131904): Invalid object name 'tbl_newcourse_master'.
   at System.Data.SqlClient.SqlConnection.OnError(SqlException exception, Boolean breakConnection, Action`1 wrapCloseInAction)
   at System.Data.SqlClient.SqlInternalConnection.OnError(SqlException exception, Boolean breakConnection, Action`1 wrapCloseInAction)
   at System.Data.SqlClient.TdsParser.ThrowExceptionAndWarning(TdsParserStateObject stateObj, Boolean callerHasConnectionLock, Boolean asyncClose)
   at System.Data.SqlClient.TdsParser.TryRun(RunBehavior runBehavior, SqlCommand cmdHandler, SqlDataReader dataStream, BulkCopySimpleResultSet bulkCopyHandler, TdsParserStateObject stateObj, Boolean& dataReady)
   at System.Data.SqlClient.SqlDataReader.TryConsumeMetaData()
   at System.Data.SqlClient.SqlDataReader.get_MetaData()
   at System.Data.SqlClient.SqlCommand.FinishExecuteReader(SqlDataReader ds, RunBehavior runBehavior, String resetOptionsString, Boolean isInternal, Boolean forDescribeParameterEncryption, Boolean shouldCacheForAlwaysEncrypted)
   at System.Data.SqlClient.SqlCommand.RunExecuteReaderTds(CommandBehavior cmdBehavior, RunBehavior runBehavior, Boolean returnStream, Boolean async, Int32 timeout, Task& task, Boolean asyncWrite, Boolean inRetry, SqlDataReader ds, Boolean describeParameterEncryptionRequest)
   at System.Data.SqlClient.SqlCommand.RunExecuteReader(CommandBehavior cmdBehavior, RunBehavior runBehavior, Boolean returnStream, String method, TaskCompletionSource`1 completion, Int32 timeout, Task& task, Boolean& usedCache, Boolean asyncWrite, Boolean inRetry)
   at System.Data.SqlClient.SqlCommand.RunExecuteReader(CommandBehavior cmdBehavior, RunBehavior runBehavior, Boolean returnStream, String method)
   at System.Data.SqlClient.SqlCommand.ExecuteReader(CommandBehavior behavior, String method)
   at System.Data.SqlClient.SqlCommand.ExecuteDbDataReader(CommandBehavior behavior)
   at System.Data.Common.DbCommand.System.Data.IDbCommand.ExecuteReader(CommandBehavior behavior)
   at System.Data.Common.DbDataAdapter.FillInternal(DataSet dataset, DataTable[] datatables, Int32 startRecord, Int32 maxRecords, String srcTable, IDbCommand command, CommandBehavior behavior)
   at System.Data.Common.DbDataAdapter.Fill(DataSet dataSet, Int32 startRecord, Int32 maxRecords, String srcTable, IDbCommand command, CommandBehavior behavior)
   at System.Data.Common.DbDataAdapter.Fill(DataSet dataSet)
   at dal.ExecDataSet(String s_query) in e:\CHETAN\CDFDashboardFinal(Bhagu)\CDF-Dashboard2017\App_Code\Proto\dal.cs:line 232
   at Search_InstituteSearch.load_course() in e:\CHETAN\CDFDashboardFinal(Bhagu)\CDF-Dashboard2017\Search\InstituteSearch.aspx.cs:line 96
ClientConnectionId:b2c02c43-4342-4cc8-9076-a65bb6509228
Error Number:208,State:1,Class:16 
 
2019-12-10 11:21:00,863 [9] ERROR Search_InstituteSearch - load_subcourse -129 
 System.Data.SqlClient.SqlException (0x80131904): Invalid object name 'tbl_subcourse_master'.
   at System.Data.SqlClient.SqlConnection.OnError(SqlException exception, Boolean breakConnection, Action`1 wrapCloseInAction)
   at System.Data.SqlClient.SqlInternalConnection.OnError(SqlException exception, Boolean breakConnection, Action`1 wrapCloseInAction)
   at System.Data.SqlClient.TdsParser.ThrowExceptionAndWarning(TdsParserStateObject stateObj, Boolean callerHasConnectionLock, Boolean asyncClose)
   at System.Data.SqlClient.TdsParser.TryRun(RunBehavior runBehavior, SqlCommand cmdHandler, SqlDataReader dataStream, BulkCopySimpleResultSet bulkCopyHandler, TdsParserStateObject stateObj, Boolean& dataReady)
   at System.Data.SqlClient.SqlDataReader.TryConsumeMetaData()
   at System.Data.SqlClient.SqlDataReader.get_MetaData()
   at System.Data.SqlClient.SqlCommand.FinishExecuteReader(SqlDataReader ds, RunBehavior runBehavior, String resetOptionsString, Boolean isInternal, Boolean forDescribeParameterEncryption, Boolean shouldCacheForAlwaysEncrypted)
   at System.Data.SqlClient.SqlCommand.RunExecuteReaderTds(CommandBehavior cmdBehavior, RunBehavior runBehavior, Boolean returnStream, Boolean async, Int32 timeout, Task& task, Boolean asyncWrite, Boolean inRetry, SqlDataReader ds, Boolean describeParameterEncryptionRequest)
   at System.Data.SqlClient.SqlCommand.RunExecuteReader(CommandBehavior cmdBehavior, RunBehavior runBehavior, Boolean returnStream, String method, TaskCompletionSource`1 completion, Int32 timeout, Task& task, Boolean& usedCache, Boolean asyncWrite, Boolean inRetry)
   at System.Data.SqlClient.SqlCommand.RunExecuteReader(CommandBehavior cmdBehavior, RunBehavior runBehavior, Boolean returnStream, String method)
   at System.Data.SqlClient.SqlCommand.ExecuteReader(CommandBehavior behavior, String method)
   at System.Data.SqlClient.SqlCommand.ExecuteDbDataReader(CommandBehavior behavior)
   at System.Data.Common.DbCommand.System.Data.IDbCommand.ExecuteReader(CommandBehavior behavior)
   at System.Data.Common.DbDataAdapter.FillInternal(DataSet dataset, DataTable[] datatables, Int32 startRecord, Int32 maxRecords, String srcTable, IDbCommand command, CommandBehavior behavior)
   at System.Data.Common.DbDataAdapter.Fill(DataSet dataSet, Int32 startRecord, Int32 maxRecords, String srcTable, IDbCommand command, CommandBehavior behavior)
   at System.Data.Common.DbDataAdapter.Fill(DataSet dataSet)
   at dal.ExecDataSet(String s_query) in e:\CHETAN\CDFDashboardFinal(Bhagu)\CDF-Dashboard2017\App_Code\Proto\dal.cs:line 232
   at Search_InstituteSearch.load_subcourse() in e:\CHETAN\CDFDashboardFinal(Bhagu)\CDF-Dashboard2017\Search\InstituteSearch.aspx.cs:line 120
ClientConnectionId:32719a3a-2cb5-419d-8e3d-5389b70b0d2f
Error Number:208,State:1,Class:16 
 
2019-12-10 11:21:05,883 [10] ERROR Search_InstituteSearch - load_course -104 
 System.Data.SqlClient.SqlException (0x80131904): Invalid object name 'tbl_newcourse_master'.
   at System.Data.SqlClient.SqlConnection.OnError(SqlException exception, Boolean breakConnection, Action`1 wrapCloseInAction)
   at System.Data.SqlClient.SqlInternalConnection.OnError(SqlException exception, Boolean breakConnection, Action`1 wrapCloseInAction)
   at System.Data.SqlClient.TdsParser.ThrowExceptionAndWarning(TdsParserStateObject stateObj, Boolean callerHasConnectionLock, Boolean asyncClose)
   at System.Data.SqlClient.TdsParser.TryRun(RunBehavior runBehavior, SqlCommand cmdHandler, SqlDataReader dataStream, BulkCopySimpleResultSet bulkCopyHandler, TdsParserStateObject stateObj, Boolean& dataReady)
   at System.Data.SqlClient.SqlDataReader.TryConsumeMetaData()
   at System.Data.SqlClient.SqlDataReader.get_MetaData()
   at System.Data.SqlClient.SqlCommand.FinishExecuteReader(SqlDataReader ds, RunBehavior runBehavior, String resetOptionsString, Boolean isInternal, Boolean forDescribeParameterEncryption, Boolean shouldCacheForAlwaysEncrypted)
   at System.Data.SqlClient.SqlCommand.RunExecuteReaderTds(CommandBehavior cmdBehavior, RunBehavior runBehavior, Boolean returnStream, Boolean async, Int32 timeout, Task& task, Boolean asyncWrite, Boolean inRetry, SqlDataReader ds, Boolean describeParameterEncryptionRequest)
   at System.Data.SqlClient.SqlCommand.RunExecuteReader(CommandBehavior cmdBehavior, RunBehavior runBehavior, Boolean returnStream, String method, TaskCompletionSource`1 completion, Int32 timeout, Task& task, Boolean& usedCache, Boolean asyncWrite, Boolean inRetry)
   at System.Data.SqlClient.SqlCommand.RunExecuteReader(CommandBehavior cmdBehavior, RunBehavior runBehavior, Boolean returnStream, String method)
   at System.Data.SqlClient.SqlCommand.ExecuteReader(CommandBehavior behavior, String method)
   at System.Data.SqlClient.SqlCommand.ExecuteDbDataReader(CommandBehavior behavior)
   at System.Data.Common.DbCommand.System.Data.IDbCommand.ExecuteReader(CommandBehavior behavior)
   at System.Data.Common.DbDataAdapter.FillInternal(DataSet dataset, DataTable[] datatables, Int32 startRecord, Int32 maxRecords, String srcTable, IDbCommand command, CommandBehavior behavior)
   at System.Data.Common.DbDataAdapter.Fill(DataSet dataSet, Int32 startRecord, Int32 maxRecords, String srcTable, IDbCommand command, CommandBehavior behavior)
   at System.Data.Common.DbDataAdapter.Fill(DataSet dataSet)
   at dal.ExecDataSet(String s_query) in e:\CHETAN\CDFDashboardFinal(Bhagu)\CDF-Dashboard2017\App_Code\Proto\dal.cs:line 232
   at Search_InstituteSearch.load_course() in e:\CHETAN\CDFDashboardFinal(Bhagu)\CDF-Dashboard2017\Search\InstituteSearch.aspx.cs:line 96
ClientConnectionId:e41de396-b505-44c9-89e3-ebb149b6d980
Error Number:208,State:1,Class:16 
 
2019-12-10 11:32:11,944 [10] ERROR Search_InstituteSearch - load_subcourse -129 
 System.Data.SqlClient.SqlException (0x80131904): Invalid object name 'tbl_subcourse_master'.
   at System.Data.SqlClient.SqlConnection.OnError(SqlException exception, Boolean breakConnection, Action`1 wrapCloseInAction)
   at System.Data.SqlClient.SqlInternalConnection.OnError(SqlException exception, Boolean breakConnection, Action`1 wrapCloseInAction)
   at System.Data.SqlClient.TdsParser.ThrowExceptionAndWarning(TdsParserStateObject stateObj, Boolean callerHasConnectionLock, Boolean asyncClose)
   at System.Data.SqlClient.TdsParser.TryRun(RunBehavior runBehavior, SqlCommand cmdHandler, SqlDataReader dataStream, BulkCopySimpleResultSet bulkCopyHandler, TdsParserStateObject stateObj, Boolean& dataReady)
   at System.Data.SqlClient.SqlDataReader.TryConsumeMetaData()
   at System.Data.SqlClient.SqlDataReader.get_MetaData()
   at System.Data.SqlClient.SqlCommand.FinishExecuteReader(SqlDataReader ds, RunBehavior runBehavior, String resetOptionsString, Boolean isInternal, Boolean forDescribeParameterEncryption, Boolean shouldCacheForAlwaysEncrypted)
   at System.Data.SqlClient.SqlCommand.RunExecuteReaderTds(CommandBehavior cmdBehavior, RunBehavior runBehavior, Boolean returnStream, Boolean async, Int32 timeout, Task& task, Boolean asyncWrite, Boolean inRetry, SqlDataReader ds, Boolean describeParameterEncryptionRequest)
   at System.Data.SqlClient.SqlCommand.RunExecuteReader(CommandBehavior cmdBehavior, RunBehavior runBehavior, Boolean returnStream, String method, TaskCompletionSource`1 completion, Int32 timeout, Task& task, Boolean& usedCache, Boolean asyncWrite, Boolean inRetry)
   at System.Data.SqlClient.SqlCommand.RunExecuteReader(CommandBehavior cmdBehavior, RunBehavior runBehavior, Boolean returnStream, String method)
   at System.Data.SqlClient.SqlCommand.ExecuteReader(CommandBehavior behavior, String method)
   at System.Data.SqlClient.SqlCommand.ExecuteDbDataReader(CommandBehavior behavior)
   at System.Data.Common.DbCommand.System.Data.IDbCommand.ExecuteReader(CommandBehavior behavior)
   at System.Data.Common.DbDataAdapter.FillInternal(DataSet dataset, DataTable[] datatables, Int32 startRecord, Int32 maxRecords, String srcTable, IDbCommand command, CommandBehavior behavior)
   at System.Data.Common.DbDataAdapter.Fill(DataSet dataSet, Int32 startRecord, Int32 maxRecords, String srcTable, IDbCommand command, CommandBehavior behavior)
   at System.Data.Common.DbDataAdapter.Fill(DataSet dataSet)
   at dal.ExecDataSet(String s_query) in e:\CHETAN\CDFDashboardFinal(Bhagu)\CDF-Dashboard2017\App_Code\Proto\dal.cs:line 232
   at Search_InstituteSearch.load_subcourse() in e:\CHETAN\CDFDashboardFinal(Bhagu)\CDF-Dashboard2017\Search\InstituteSearch.aspx.cs:line 120
ClientConnectionId:08f95699-c623-4cd5-8b80-d0ebc639bdb6
Error Number:208,State:1,Class:16 
 
2019-12-10 11:37:23,715 [16] ERROR home1 - GetData -655 
 System.NullReferenceException: Object reference not set to an instance of an object.
   at home1.GetData() in e:\CHETAN\CDFDashboardFinal(Bhagu)\CDF-Dashboard2017\home1.aspx.cs:line 641 
 
2019-12-10 11:37:24,002 [16] ERROR home1 - chart_bind -750 
 System.NullReferenceException: Object reference not set to an instance of an object.
   at home1.chart_bind() in e:\CHETAN\CDFDashboardFinal(Bhagu)\CDF-Dashboard2017\home1.aspx.cs:line 724 
 
2019-12-10 11:37:24,121 [16] ERROR home1 - GetData2 -712 
 System.NullReferenceException: Object reference not set to an instance of an object.
   at home1.GetData2() in e:\CHETAN\CDFDashboardFinal(Bhagu)\CDF-Dashboard2017\home1.aspx.cs:line 698 
 
2019-12-10 11:37:24,291 [16] ERROR home1 - chart_bind2 -827 
 System.NullReferenceException: Object reference not set to an instance of an object.
   at home1.chart_bind2() in e:\CHETAN\CDFDashboardFinal(Bhagu)\CDF-Dashboard2017\home1.aspx.cs:line 801 
 
2019-12-10 11:37:24,452 [16] ERROR home1 - bindgrid -931 
 System.NullReferenceException: Object reference not set to an instance of an object.
   at home1.bindgrid() in e:\CHETAN\CDFDashboardFinal(Bhagu)\CDF-Dashboard2017\home1.aspx.cs:line 893 
 
2019-12-10 11:37:24,864 [16] ERROR home1 - GetData_both -689 
 System.NullReferenceException: Object reference not set to an instance of an object.
   at home1.GetData_both() in e:\CHETAN\CDFDashboardFinal(Bhagu)\CDF-Dashboard2017\home1.aspx.cs:line 665 
 
2019-12-10 11:37:24,972 [16] ERROR home1 - chart_bind_both -790 
 System.NullReferenceException: Object reference not set to an instance of an object.
   at home1.chart_bind_both() in e:\CHETAN\CDFDashboardFinal(Bhagu)\CDF-Dashboard2017\home1.aspx.cs:line 762 
 
2019-12-10 11:37:25,230 [16] ERROR home1 - bindgrid_lead_converted -972 
 System.NullReferenceException: Object reference not set to an instance of an object.
   at home1.bindgrid_lead_converted() in e:\CHETAN\CDFDashboardFinal(Bhagu)\CDF-Dashboard2017\home1.aspx.cs:line 946 
 
2019-12-10 11:37:25,397 [16] ERROR home1 - bindgrid_lead_created -1011 
 System.NullReferenceException: Object reference not set to an instance of an object.
   at home1.bindgrid_lead_created() in e:\CHETAN\CDFDashboardFinal(Bhagu)\CDF-Dashboard2017\home1.aspx.cs:line 985 
 
2019-12-10 11:37:25,760 [16] ERROR home1 - Page_Load -150 
 System.NullReferenceException: Object reference not set to an instance of an object.
   at home1.Page_Load(Object sender, EventArgs e) in e:\CHETAN\CDFDashboardFinal(Bhagu)\CDF-Dashboard2017\home1.aspx.cs:line 79 
 
2019-12-10 11:42:31,563 [12] ERROR home1 - GetData -655 
 System.NullReferenceException: Object reference not set to an instance of an object.
   at home1.GetData() in e:\CHETAN\CDFDashboardFinal(Bhagu)\CDF-Dashboard2017\home1.aspx.cs:line 641 
 
2019-12-10 11:42:31,813 [12] ERROR home1 - chart_bind -750 
 System.NullReferenceException: Object reference not set to an instance of an object.
   at home1.chart_bind() in e:\CHETAN\CDFDashboardFinal(Bhagu)\CDF-Dashboard2017\home1.aspx.cs:line 724 
 
2019-12-10 11:42:31,993 [12] ERROR home1 - GetData2 -712 
 System.NullReferenceException: Object reference not set to an instance of an object.
   at home1.GetData2() in e:\CHETAN\CDFDashboardFinal(Bhagu)\CDF-Dashboard2017\home1.aspx.cs:line 698 
 
2019-12-10 11:42:32,163 [12] ERROR home1 - chart_bind2 -827 
 System.NullReferenceException: Object reference not set to an instance of an object.
   at home1.chart_bind2() in e:\CHETAN\CDFDashboardFinal(Bhagu)\CDF-Dashboard2017\home1.aspx.cs:line 801 
 
2019-12-10 11:42:32,409 [12] ERROR home1 - bindgrid -931 
 System.NullReferenceException: Object reference not set to an instance of an object.
   at home1.bindgrid() in e:\CHETAN\CDFDashboardFinal(Bhagu)\CDF-Dashboard2017\home1.aspx.cs:line 893 
 
2019-12-10 11:42:32,790 [12] ERROR home1 - GetData_both -689 
 System.NullReferenceException: Object reference not set to an instance of an object.
   at home1.GetData_both() in e:\CHETAN\CDFDashboardFinal(Bhagu)\CDF-Dashboard2017\home1.aspx.cs:line 665 
 
2019-12-10 11:42:33,054 [12] ERROR home1 - chart_bind_both -790 
 System.NullReferenceException: Object reference not set to an instance of an object.
   at home1.chart_bind_both() in e:\CHETAN\CDFDashboardFinal(Bhagu)\CDF-Dashboard2017\home1.aspx.cs:line 762 
 
2019-12-10 11:42:33,313 [12] ERROR home1 - bindgrid_lead_converted -972 
 System.NullReferenceException: Object reference not set to an instance of an object.
   at home1.bindgrid_lead_converted() in e:\CHETAN\CDFDashboardFinal(Bhagu)\CDF-Dashboard2017\home1.aspx.cs:line 946 
 
2019-12-10 11:42:33,501 [12] ERROR home1 - bindgrid_lead_created -1011 
 System.NullReferenceException: Object reference not set to an instance of an object.
   at home1.bindgrid_lead_created() in e:\CHETAN\CDFDashboardFinal(Bhagu)\CDF-Dashboard2017\home1.aspx.cs:line 985 
 
2019-12-10 11:42:33,760 [12] ERROR home1 - Page_Load -150 
 System.NullReferenceException: Object reference not set to an instance of an object.
   at home1.Page_Load(Object sender, EventArgs e) in e:\CHETAN\CDFDashboardFinal(Bhagu)\CDF-Dashboard2017\home1.aspx.cs:line 79 
 
2019-12-10 14:30:47,596 [61] ERROR home1 - GetData -655 
 System.NullReferenceException: Object reference not set to an instance of an object.
   at home1.GetData() in e:\CHETAN\CDFDashboardFinal(Bhagu)\CDF-Dashboard2017\home1.aspx.cs:line 641 
 
2019-12-10 14:30:47,721 [61] ERROR home1 - chart_bind -750 
 System.NullReferenceException: Object reference not set to an instance of an object.
   at home1.chart_bind() in e:\CHETAN\CDFDashboardFinal(Bhagu)\CDF-Dashboard2017\home1.aspx.cs:line 724 
 
2019-12-10 14:30:47,810 [61] ERROR home1 - GetData2 -712 
 System.NullReferenceException: Object reference not set to an instance of an object.
   at home1.GetData2() in e:\CHETAN\CDFDashboardFinal(Bhagu)\CDF-Dashboard2017\home1.aspx.cs:line 698 
 
2019-12-10 14:30:47,908 [61] ERROR home1 - chart_bind2 -827 
 System.NullReferenceException: Object reference not set to an instance of an object.
   at home1.chart_bind2() in e:\CHETAN\CDFDashboardFinal(Bhagu)\CDF-Dashboard2017\home1.aspx.cs:line 801 
 
2019-12-10 14:30:47,996 [61] ERROR home1 - bindgrid -931 
 System.NullReferenceException: Object reference not set to an instance of an object.
   at home1.bindgrid() in e:\CHETAN\CDFDashboardFinal(Bhagu)\CDF-Dashboard2017\home1.aspx.cs:line 893 
 
2019-12-10 14:30:48,744 [61] ERROR home1 - GetData_both -689 
 System.NullReferenceException: Object reference not set to an instance of an object.
   at home1.GetData_both() in e:\CHETAN\CDFDashboardFinal(Bhagu)\CDF-Dashboard2017\home1.aspx.cs:line 665 
 
2019-12-10 14:30:48,817 [61] ERROR home1 - chart_bind_both -790 
 System.NullReferenceException: Object reference not set to an instance of an object.
   at home1.chart_bind_both() in e:\CHETAN\CDFDashboardFinal(Bhagu)\CDF-Dashboard2017\home1.aspx.cs:line 762 
 
2019-12-10 14:30:48,930 [61] ERROR home1 - bindgrid_lead_converted -972 
 System.NullReferenceException: Object reference not set to an instance of an object.
   at home1.bindgrid_lead_converted() in e:\CHETAN\CDFDashboardFinal(Bhagu)\CDF-Dashboard2017\home1.aspx.cs:line 946 
 
2019-12-10 14:30:49,032 [61] ERROR home1 - bindgrid_lead_created -1011 
 System.NullReferenceException: Object reference not set to an instance of an object.
   at home1.bindgrid_lead_created() in e:\CHETAN\CDFDashboardFinal(Bhagu)\CDF-Dashboard2017\home1.aspx.cs:line 985 
 
2019-12-10 14:30:49,413 [61] ERROR home1 - Page_Load -150 
 System.NullReferenceException: Object reference not set to an instance of an object.
   at home1.Page_Load(Object sender, EventArgs e) in e:\CHETAN\CDFDashboardFinal(Bhagu)\CDF-Dashboard2017\home1.aspx.cs:line 79 
 
2019-12-10 14:31:05,533 [60] ERROR home1 - GetData -655 
 System.NullReferenceException: Object reference not set to an instance of an object.
   at home1.GetData() in e:\CHETAN\CDFDashboardFinal(Bhagu)\CDF-Dashboard2017\home1.aspx.cs:line 641 
 
2019-12-10 14:31:05,631 [60] ERROR home1 - chart_bind -750 
 System.NullReferenceException: Object reference not set to an instance of an object.
   at home1.chart_bind() in e:\CHETAN\CDFDashboardFinal(Bhagu)\CDF-Dashboard2017\home1.aspx.cs:line 724 
 
2019-12-10 14:31:05,718 [60] ERROR home1 - GetData2 -712 
 System.NullReferenceException: Object reference not set to an instance of an object.
   at home1.GetData2() in e:\CHETAN\CDFDashboardFinal(Bhagu)\CDF-Dashboard2017\home1.aspx.cs:line 698 
 
2019-12-10 14:31:05,799 [60] ERROR home1 - chart_bind2 -827 
 System.NullReferenceException: Object reference not set to an instance of an object.
   at home1.chart_bind2() in e:\CHETAN\CDFDashboardFinal(Bhagu)\CDF-Dashboard2017\home1.aspx.cs:line 801 
 
2019-12-10 14:31:05,888 [60] ERROR home1 - bindgrid -931 
 System.NullReferenceException: Object reference not set to an instance of an object.
   at home1.bindgrid() in e:\CHETAN\CDFDashboardFinal(Bhagu)\CDF-Dashboard2017\home1.aspx.cs:line 893 
 
2019-12-10 14:31:06,684 [60] ERROR home1 - GetData_both -689 
 System.NullReferenceException: Object reference not set to an instance of an object.
   at home1.GetData_both() in e:\CHETAN\CDFDashboardFinal(Bhagu)\CDF-Dashboard2017\home1.aspx.cs:line 665 
 
2019-12-10 14:31:06,810 [60] ERROR home1 - chart_bind_both -790 
 System.NullReferenceException: Object reference not set to an instance of an object.
   at home1.chart_bind_both() in e:\CHETAN\CDFDashboardFinal(Bhagu)\CDF-Dashboard2017\home1.aspx.cs:line 762 
 
2019-12-10 14:31:06,895 [60] ERROR home1 - bindgrid_lead_converted -972 
 System.NullReferenceException: Object reference not set to an instance of an object.
   at home1.bindgrid_lead_converted() in e:\CHETAN\CDFDashboardFinal(Bhagu)\CDF-Dashboard2017\home1.aspx.cs:line 946 
 
2019-12-10 14:31:06,998 [60] ERROR home1 - bindgrid_lead_created -1011 
 System.NullReferenceException: Object reference not set to an instance of an object.
   at home1.bindgrid_lead_created() in e:\CHETAN\CDFDashboardFinal(Bhagu)\CDF-Dashboard2017\home1.aspx.cs:line 985 
 
2019-12-10 14:31:07,448 [60] ERROR home1 - Page_Load -150 
 System.NullReferenceException: Object reference not set to an instance of an object.
   at home1.Page_Load(Object sender, EventArgs e) in e:\CHETAN\CDFDashboardFinal(Bhagu)\CDF-Dashboard2017\home1.aspx.cs:line 79 
 
2019-12-10 14:31:55,950 [61] ERROR ESAT_ReportDownload - Page_Load -28 
 System.Threading.ThreadAbortException: Thread was being aborted.
   at System.Threading.Thread.AbortInternal()
   at System.Threading.Thread.Abort(Object stateInfo)
   at System.Web.HttpResponse.AbortCurrentThread()
   at System.Web.HttpResponse.End()
   at System.Web.HttpResponse.Redirect(String url, Boolean endResponse, Boolean permanent)
   at System.Web.HttpResponse.Redirect(String url)
   at ESAT_ReportDownload.Page_Load(Object sender, EventArgs e) in e:\CHETAN\CDFDashboardFinal(Bhagu)\CDF-Dashboard2017\Graph_Report\ReportDownload.aspx.cs:line 24 
 
2019-12-10 14:37:25,946 [39] ERROR home1 - GetData -655 
 System.NullReferenceException: Object reference not set to an instance of an object.
   at home1.GetData() in e:\CHETAN\CDFDashboardFinal(Bhagu)\CDF-Dashboard2017\home1.aspx.cs:line 641 
 
2019-12-10 14:37:26,099 [39] ERROR home1 - chart_bind -750 
 System.NullReferenceException: Object reference not set to an instance of an object.
   at home1.chart_bind() in e:\CHETAN\CDFDashboardFinal(Bhagu)\CDF-Dashboard2017\home1.aspx.cs:line 724 
 
2019-12-10 14:37:26,179 [39] ERROR home1 - GetData2 -712 
 System.NullReferenceException: Object reference not set to an instance of an object.
   at home1.GetData2() in e:\CHETAN\CDFDashboardFinal(Bhagu)\CDF-Dashboard2017\home1.aspx.cs:line 698 
 
2019-12-10 14:37:26,345 [39] ERROR home1 - chart_bind2 -827 
 System.NullReferenceException: Object reference not set to an instance of an object.
   at home1.chart_bind2() in e:\CHETAN\CDFDashboardFinal(Bhagu)\CDF-Dashboard2017\home1.aspx.cs:line 801 
 
2019-12-10 14:37:26,437 [39] ERROR home1 - bindgrid -931 
 System.NullReferenceException: Object reference not set to an instance of an object.
   at home1.bindgrid() in e:\CHETAN\CDFDashboardFinal(Bhagu)\CDF-Dashboard2017\home1.aspx.cs:line 893 
 
2019-12-10 14:37:26,911 [39] ERROR home1 - GetData_both -689 
 System.NullReferenceException: Object reference not set to an instance of an object.
   at home1.GetData_both() in e:\CHETAN\CDFDashboardFinal(Bhagu)\CDF-Dashboard2017\home1.aspx.cs:line 665 
 
2019-12-10 14:37:26,968 [39] ERROR home1 - chart_bind_both -790 
 System.NullReferenceException: Object reference not set to an instance of an object.
   at home1.chart_bind_both() in e:\CHETAN\CDFDashboardFinal(Bhagu)\CDF-Dashboard2017\home1.aspx.cs:line 762 
 
2019-12-10 14:37:27,036 [39] ERROR home1 - bindgrid_lead_converted -972 
 System.NullReferenceException: Object reference not set to an instance of an object.
   at home1.bindgrid_lead_converted() in e:\CHETAN\CDFDashboardFinal(Bhagu)\CDF-Dashboard2017\home1.aspx.cs:line 946 
 
2019-12-10 14:37:27,087 [39] ERROR home1 - bindgrid_lead_created -1011 
 System.NullReferenceException: Object reference not set to an instance of an object.
   at home1.bindgrid_lead_created() in e:\CHETAN\CDFDashboardFinal(Bhagu)\CDF-Dashboard2017\home1.aspx.cs:line 985 
 
2019-12-10 14:37:27,323 [39] ERROR home1 - Page_Load -150 
 System.NullReferenceException: Object reference not set to an instance of an object.
   at home1.Page_Load(Object sender, EventArgs e) in e:\CHETAN\CDFDashboardFinal(Bhagu)\CDF-Dashboard2017\home1.aspx.cs:line 79 
 
2019-12-10 15:50:21,744 [57] ERROR home1 - GetData -655 
 System.NullReferenceException: Object reference not set to an instance of an object.
   at home1.GetData() in e:\CHETAN\CDFDashboardFinal(Bhagu)\CDF-Dashboard2017\home1.aspx.cs:line 641 
 
2019-12-10 15:50:21,897 [57] ERROR home1 - chart_bind -750 
 System.NullReferenceException: Object reference not set to an instance of an object.
   at home1.chart_bind() in e:\CHETAN\CDFDashboardFinal(Bhagu)\CDF-Dashboard2017\home1.aspx.cs:line 724 
 
2019-12-10 15:50:22,037 [57] ERROR home1 - GetData2 -712 
 System.NullReferenceException: Object reference not set to an instance of an object.
   at home1.GetData2() in e:\CHETAN\CDFDashboardFinal(Bhagu)\CDF-Dashboard2017\home1.aspx.cs:line 698 
 
2019-12-10 15:50:22,149 [57] ERROR home1 - chart_bind2 -827 
 System.NullReferenceException: Object reference not set to an instance of an object.
   at home1.chart_bind2() in e:\CHETAN\CDFDashboardFinal(Bhagu)\CDF-Dashboard2017\home1.aspx.cs:line 801 
 
2019-12-10 15:50:22,255 [57] ERROR home1 - bindgrid -931 
 System.NullReferenceException: Object reference not set to an instance of an object.
   at home1.bindgrid() in e:\CHETAN\CDFDashboardFinal(Bhagu)\CDF-Dashboard2017\home1.aspx.cs:line 893 
 
2019-12-10 15:50:22,839 [57] ERROR home1 - GetData_both -689 
 System.NullReferenceException: Object reference not set to an instance of an object.
   at home1.GetData_both() in e:\CHETAN\CDFDashboardFinal(Bhagu)\CDF-Dashboard2017\home1.aspx.cs:line 665 
 
2019-12-10 15:50:22,977 [57] ERROR home1 - chart_bind_both -790 
 System.NullReferenceException: Object reference not set to an instance of an object.
   at home1.chart_bind_both() in e:\CHETAN\CDFDashboardFinal(Bhagu)\CDF-Dashboard2017\home1.aspx.cs:line 762 
 
2019-12-10 15:50:23,118 [57] ERROR home1 - bindgrid_lead_converted -972 
 System.NullReferenceException: Object reference not set to an instance of an object.
   at home1.bindgrid_lead_converted() in e:\CHETAN\CDFDashboardFinal(Bhagu)\CDF-Dashboard2017\home1.aspx.cs:line 946 
 
2019-12-10 15:50:23,259 [57] ERROR home1 - bindgrid_lead_created -1011 
 System.NullReferenceException: Object reference not set to an instance of an object.
   at home1.bindgrid_lead_created() in e:\CHETAN\CDFDashboardFinal(Bhagu)\CDF-Dashboard2017\home1.aspx.cs:line 985 
 
2019-12-10 15:50:23,597 [57] ERROR home1 - Page_Load -150 
 System.NullReferenceException: Object reference not set to an instance of an object.
   at home1.Page_Load(Object sender, EventArgs e) in e:\CHETAN\CDFDashboardFinal(Bhagu)\CDF-Dashboard2017\home1.aspx.cs:line 79 
 
2019-12-10 15:53:53,452 [58] ERROR home1 - GetData -655 
 System.NullReferenceException: Object reference not set to an instance of an object.
   at home1.GetData() in e:\CHETAN\CDFDashboardFinal(Bhagu)\CDF-Dashboard2017\home1.aspx.cs:line 641 
 
2019-12-10 15:53:53,666 [58] ERROR home1 - chart_bind -750 
 System.NullReferenceException: Object reference not set to an instance of an object.
   at home1.chart_bind() in e:\CHETAN\CDFDashboardFinal(Bhagu)\CDF-Dashboard2017\home1.aspx.cs:line 724 
 
2019-12-10 15:53:54,044 [58] ERROR home1 - GetData2 -712 
 System.NullReferenceException: Object reference not set to an instance of an object.
   at home1.GetData2() in e:\CHETAN\CDFDashboardFinal(Bhagu)\CDF-Dashboard2017\home1.aspx.cs:line 698 
 
2019-12-10 15:53:54,191 [58] ERROR home1 - chart_bind2 -827 
 System.NullReferenceException: Object reference not set to an instance of an object.
   at home1.chart_bind2() in e:\CHETAN\CDFDashboardFinal(Bhagu)\CDF-Dashboard2017\home1.aspx.cs:line 801 
 
2019-12-10 15:53:54,311 [58] ERROR home1 - bindgrid -931 
 System.NullReferenceException: Object reference not set to an instance of an object.
   at home1.bindgrid() in e:\CHETAN\CDFDashboardFinal(Bhagu)\CDF-Dashboard2017\home1.aspx.cs:line 893 
 
2019-12-10 15:53:54,808 [58] ERROR home1 - GetData_both -689 
 System.NullReferenceException: Object reference not set to an instance of an object.
   at home1.GetData_both() in e:\CHETAN\CDFDashboardFinal(Bhagu)\CDF-Dashboard2017\home1.aspx.cs:line 665 
 
2019-12-10 15:53:54,959 [58] ERROR home1 - chart_bind_both -790 
 System.NullReferenceException: Object reference not set to an instance of an object.
   at home1.chart_bind_both() in e:\CHETAN\CDFDashboardFinal(Bhagu)\CDF-Dashboard2017\home1.aspx.cs:line 762 
 
2019-12-10 15:53:55,127 [58] ERROR home1 - bindgrid_lead_converted -972 
 System.NullReferenceException: Object reference not set to an instance of an object.
   at home1.bindgrid_lead_converted() in e:\CHETAN\CDFDashboardFinal(Bhagu)\CDF-Dashboard2017\home1.aspx.cs:line 946 
 
2019-12-10 15:53:55,294 [58] ERROR home1 - bindgrid_lead_created -1011 
 System.NullReferenceException: Object reference not set to an instance of an object.
   at home1.bindgrid_lead_created() in e:\CHETAN\CDFDashboardFinal(Bhagu)\CDF-Dashboard2017\home1.aspx.cs:line 985 
 
2019-12-10 15:53:55,631 [58] ERROR home1 - Page_Load -150 
 System.NullReferenceException: Object reference not set to an instance of an object.
   at home1.Page_Load(Object sender, EventArgs e) in e:\CHETAN\CDFDashboardFinal(Bhagu)\CDF-Dashboard2017\home1.aspx.cs:line 79 
 
2019-12-10 16:14:25,909 [6] ERROR home1 - GetData -655 
 System.NullReferenceException: Object reference not set to an instance of an object.
   at home1.GetData() in e:\CHETAN\CDFDashboardFinal(Bhagu)\CDF-Dashboard2017\home1.aspx.cs:line 641 
 
2019-12-10 16:14:26,026 [6] ERROR home1 - chart_bind -750 
 System.NullReferenceException: Object reference not set to an instance of an object.
   at home1.chart_bind() in e:\CHETAN\CDFDashboardFinal(Bhagu)\CDF-Dashboard2017\home1.aspx.cs:line 724 
 
2019-12-10 16:14:26,118 [6] ERROR home1 - GetData2 -712 
 System.NullReferenceException: Object reference not set to an instance of an object.
   at home1.GetData2() in e:\CHETAN\CDFDashboardFinal(Bhagu)\CDF-Dashboard2017\home1.aspx.cs:line 698 
 
2019-12-10 16:14:26,230 [6] ERROR home1 - chart_bind2 -827 
 System.NullReferenceException: Object reference not set to an instance of an object.
   at home1.chart_bind2() in e:\CHETAN\CDFDashboardFinal(Bhagu)\CDF-Dashboard2017\home1.aspx.cs:line 801 
 
2019-12-10 16:14:26,320 [6] ERROR home1 - bindgrid -931 
 System.NullReferenceException: Object reference not set to an instance of an object.
   at home1.bindgrid() in e:\CHETAN\CDFDashboardFinal(Bhagu)\CDF-Dashboard2017\home1.aspx.cs:line 893 
 
2019-12-10 16:14:26,860 [6] ERROR home1 - GetData_both -689 
 System.NullReferenceException: Object reference not set to an instance of an object.
   at home1.GetData_both() in e:\CHETAN\CDFDashboardFinal(Bhagu)\CDF-Dashboard2017\home1.aspx.cs:line 665 
 
2019-12-10 16:14:27,038 [6] ERROR home1 - chart_bind_both -790 
 System.NullReferenceException: Object reference not set to an instance of an object.
   at home1.chart_bind_both() in e:\CHETAN\CDFDashboardFinal(Bhagu)\CDF-Dashboard2017\home1.aspx.cs:line 762 
 
2019-12-10 16:14:27,116 [6] ERROR home1 - bindgrid_lead_converted -972 
 System.NullReferenceException: Object reference not set to an instance of an object.
   at home1.bindgrid_lead_converted() in e:\CHETAN\CDFDashboardFinal(Bhagu)\CDF-Dashboard2017\home1.aspx.cs:line 946 
 
2019-12-10 16:14:27,225 [6] ERROR home1 - bindgrid_lead_created -1011 
 System.NullReferenceException: Object reference not set to an instance of an object.
   at home1.bindgrid_lead_created() in e:\CHETAN\CDFDashboardFinal(Bhagu)\CDF-Dashboard2017\home1.aspx.cs:line 985 
 
2019-12-10 16:14:27,488 [6] ERROR home1 - Page_Load -150 
 System.NullReferenceException: Object reference not set to an instance of an object.
   at home1.Page_Load(Object sender, EventArgs e) in e:\CHETAN\CDFDashboardFinal(Bhagu)\CDF-Dashboard2017\home1.aspx.cs:line 79 
 
2019-12-10 16:14:36,114 [39] ERROR home1 - GetData -655 
 System.NullReferenceException: Object reference not set to an instance of an object.
   at home1.GetData() in e:\CHETAN\CDFDashboardFinal(Bhagu)\CDF-Dashboard2017\home1.aspx.cs:line 641 
 
2019-12-10 16:14:36,176 [39] ERROR home1 - chart_bind -750 
 System.NullReferenceException: Object reference not set to an instance of an object.
   at home1.chart_bind() in e:\CHETAN\CDFDashboardFinal(Bhagu)\CDF-Dashboard2017\home1.aspx.cs:line 724 
 
2019-12-10 16:14:36,264 [39] ERROR home1 - GetData2 -712 
 System.NullReferenceException: Object reference not set to an instance of an object.
   at home1.GetData2() in e:\CHETAN\CDFDashboardFinal(Bhagu)\CDF-Dashboard2017\home1.aspx.cs:line 698 
 
2019-12-10 16:14:36,328 [39] ERROR home1 - chart_bind2 -827 
 System.NullReferenceException: Object reference not set to an instance of an object.
   at home1.chart_bind2() in e:\CHETAN\CDFDashboardFinal(Bhagu)\CDF-Dashboard2017\home1.aspx.cs:line 801 
 
2019-12-10 16:14:36,457 [39] ERROR home1 - bindgrid -931 
 System.NullReferenceException: Object reference not set to an instance of an object.
   at home1.bindgrid() in e:\CHETAN\CDFDashboardFinal(Bhagu)\CDF-Dashboard2017\home1.aspx.cs:line 893 
 
2019-12-10 16:14:36,942 [39] ERROR home1 - GetData_both -689 
 System.NullReferenceException: Object reference not set to an instance of an object.
   at home1.GetData_both() in e:\CHETAN\CDFDashboardFinal(Bhagu)\CDF-Dashboard2017\home1.aspx.cs:line 665 
 
2019-12-10 16:14:37,034 [39] ERROR home1 - chart_bind_both -790 
 System.NullReferenceException: Object reference not set to an instance of an object.
   at home1.chart_bind_both() in e:\CHETAN\CDFDashboardFinal(Bhagu)\CDF-Dashboard2017\home1.aspx.cs:line 762 
 
2019-12-10 16:14:37,134 [39] ERROR home1 - bindgrid_lead_converted -972 
 System.NullReferenceException: Object reference not set to an instance of an object.
   at home1.bindgrid_lead_converted() in e:\CHETAN\CDFDashboardFinal(Bhagu)\CDF-Dashboard2017\home1.aspx.cs:line 946 
 
2019-12-10 16:14:37,254 [39] ERROR home1 - bindgrid_lead_created -1011 
 System.NullReferenceException: Object reference not set to an instance of an object.
   at home1.bindgrid_lead_created() in e:\CHETAN\CDFDashboardFinal(Bhagu)\CDF-Dashboard2017\home1.aspx.cs:line 985 
 
2019-12-10 16:14:37,537 [39] ERROR home1 - Page_Load -150 
 System.NullReferenceException: Object reference not set to an instance of an object.
   at home1.Page_Load(Object sender, EventArgs e) in e:\CHETAN\CDFDashboardFinal(Bhagu)\CDF-Dashboard2017\home1.aspx.cs:line 79 
 
2019-12-10 16:44:52,760 [60] ERROR home1 - GetData -655 
 System.NullReferenceException: Object reference not set to an instance of an object.
   at home1.GetData() in e:\CHETAN\CDFDashboardFinal(Bhagu)\CDF-Dashboard2017\home1.aspx.cs:line 641 
 
2019-12-10 16:44:52,996 [60] ERROR home1 - chart_bind -750 
 System.NullReferenceException: Object reference not set to an instance of an object.
   at home1.chart_bind() in e:\CHETAN\CDFDashboardFinal(Bhagu)\CDF-Dashboard2017\home1.aspx.cs:line 724 
 
2019-12-10 16:44:53,160 [60] ERROR home1 - GetData2 -712 
 System.NullReferenceException: Object reference not set to an instance of an object.
   at home1.GetData2() in e:\CHETAN\CDFDashboardFinal(Bhagu)\CDF-Dashboard2017\home1.aspx.cs:line 698 
 
2019-12-10 16:44:53,308 [60] ERROR home1 - chart_bind2 -827 
 System.NullReferenceException: Object reference not set to an instance of an object.
   at home1.chart_bind2() in e:\CHETAN\CDFDashboardFinal(Bhagu)\CDF-Dashboard2017\home1.aspx.cs:line 801 
 
2019-12-10 16:44:53,429 [60] ERROR home1 - bindgrid -931 
 System.NullReferenceException: Object reference not set to an instance of an object.
   at home1.bindgrid() in e:\CHETAN\CDFDashboardFinal(Bhagu)\CDF-Dashboard2017\home1.aspx.cs:line 893 
 
2019-12-10 16:44:53,809 [60] ERROR home1 - GetData_both -689 
 System.NullReferenceException: Object reference not set to an instance of an object.
   at home1.GetData_both() in e:\CHETAN\CDFDashboardFinal(Bhagu)\CDF-Dashboard2017\home1.aspx.cs:line 665 
 
2019-12-10 16:44:53,929 [60] ERROR home1 - chart_bind_both -790 
 System.NullReferenceException: Object reference not set to an instance of an object.
   at home1.chart_bind_both() in e:\CHETAN\CDFDashboardFinal(Bhagu)\CDF-Dashboard2017\home1.aspx.cs:line 762 
 
2019-12-10 16:44:54,086 [60] ERROR home1 - bindgrid_lead_converted -972 
 System.NullReferenceException: Object reference not set to an instance of an object.
   at home1.bindgrid_lead_converted() in e:\CHETAN\CDFDashboardFinal(Bhagu)\CDF-Dashboard2017\home1.aspx.cs:line 946 
 
2019-12-10 16:44:54,206 [60] ERROR home1 - bindgrid_lead_created -1011 
 System.NullReferenceException: Object reference not set to an instance of an object.
   at home1.bindgrid_lead_created() in e:\CHETAN\CDFDashboardFinal(Bhagu)\CDF-Dashboard2017\home1.aspx.cs:line 985 
 
2019-12-10 16:44:54,440 [60] ERROR home1 - Page_Load -150 
 System.NullReferenceException: Object reference not set to an instance of an object.
   at home1.Page_Load(Object sender, EventArgs e) in e:\CHETAN\CDFDashboardFinal(Bhagu)\CDF-Dashboard2017\home1.aspx.cs:line 79 
 
2019-12-10 16:45:03,447 [60] ERROR home1 - GetData -655 
 System.NullReferenceException: Object reference not set to an instance of an object.
   at home1.GetData() in e:\CHETAN\CDFDashboardFinal(Bhagu)\CDF-Dashboard2017\home1.aspx.cs:line 641 
 
2019-12-10 16:45:03,550 [60] ERROR home1 - chart_bind -750 
 System.NullReferenceException: Object reference not set to an instance of an object.
   at home1.chart_bind() in e:\CHETAN\CDFDashboardFinal(Bhagu)\CDF-Dashboard2017\home1.aspx.cs:line 724 
 
2019-12-10 16:45:03,647 [60] ERROR home1 - GetData2 -712 
 System.NullReferenceException: Object reference not set to an instance of an object.
   at home1.GetData2() in e:\CHETAN\CDFDashboardFinal(Bhagu)\CDF-Dashboard2017\home1.aspx.cs:line 698 
 
2019-12-10 16:45:03,768 [60] ERROR home1 - chart_bind2 -827 
 System.NullReferenceException: Object reference not set to an instance of an object.
   at home1.chart_bind2() in e:\CHETAN\CDFDashboardFinal(Bhagu)\CDF-Dashboard2017\home1.aspx.cs:line 801 
 
2019-12-10 16:45:03,874 [60] ERROR home1 - bindgrid -931 
 System.NullReferenceException: Object reference not set to an instance of an object.
   at home1.bindgrid() in e:\CHETAN\CDFDashboardFinal(Bhagu)\CDF-Dashboard2017\home1.aspx.cs:line 893 
 
2019-12-10 16:45:04,211 [60] ERROR home1 - GetData_both -689 
 System.NullReferenceException: Object reference not set to an instance of an object.
   at home1.GetData_both() in e:\CHETAN\CDFDashboardFinal(Bhagu)\CDF-Dashboard2017\home1.aspx.cs:line 665 
 
2019-12-10 16:45:04,327 [60] ERROR home1 - chart_bind_both -790 
 System.NullReferenceException: Object reference not set to an instance of an object.
   at home1.chart_bind_both() in e:\CHETAN\CDFDashboardFinal(Bhagu)\CDF-Dashboard2017\home1.aspx.cs:line 762 
 
2019-12-10 16:45:04,435 [60] ERROR home1 - bindgrid_lead_converted -972 
 System.NullReferenceException: Object reference not set to an instance of an object.
   at home1.bindgrid_lead_converted() in e:\CHETAN\CDFDashboardFinal(Bhagu)\CDF-Dashboard2017\home1.aspx.cs:line 946 
 
2019-12-10 16:45:04,556 [60] ERROR home1 - bindgrid_lead_created -1011 
 System.NullReferenceException: Object reference not set to an instance of an object.
   at home1.bindgrid_lead_created() in e:\CHETAN\CDFDashboardFinal(Bhagu)\CDF-Dashboard2017\home1.aspx.cs:line 985 
 
2019-12-10 16:45:04,787 [60] ERROR home1 - Page_Load -150 
 System.NullReferenceException: Object reference not set to an instance of an object.
   at home1.Page_Load(Object sender, EventArgs e) in e:\CHETAN\CDFDashboardFinal(Bhagu)\CDF-Dashboard2017\home1.aspx.cs:line 79 
 
2019-12-10 16:47:36,006 [51] ERROR home1 - GetData -655 
 System.NullReferenceException: Object reference not set to an instance of an object.
   at home1.GetData() in e:\CHETAN\CDFDashboardFinal(Bhagu)\CDF-Dashboard2017\home1.aspx.cs:line 641 
 
2019-12-10 16:47:36,091 [51] ERROR home1 - chart_bind -750 
 System.NullReferenceException: Object reference not set to an instance of an object.
   at home1.chart_bind() in e:\CHETAN\CDFDashboardFinal(Bhagu)\CDF-Dashboard2017\home1.aspx.cs:line 724 
 
2019-12-10 16:47:36,161 [51] ERROR home1 - GetData2 -712 
 System.NullReferenceException: Object reference not set to an instance of an object.
   at home1.GetData2() in e:\CHETAN\CDFDashboardFinal(Bhagu)\CDF-Dashboard2017\home1.aspx.cs:line 698 
 
2019-12-10 16:47:36,252 [51] ERROR home1 - chart_bind2 -827 
 System.NullReferenceException: Object reference not set to an instance of an object.
   at home1.chart_bind2() in e:\CHETAN\CDFDashboardFinal(Bhagu)\CDF-Dashboard2017\home1.aspx.cs:line 801 
 
2019-12-10 16:47:36,319 [51] ERROR home1 - bindgrid -931 
 System.NullReferenceException: Object reference not set to an instance of an object.
   at home1.bindgrid() in e:\CHETAN\CDFDashboardFinal(Bhagu)\CDF-Dashboard2017\home1.aspx.cs:line 893 
 
2019-12-10 16:47:36,626 [51] ERROR home1 - GetData_both -689 
 System.NullReferenceException: Object reference not set to an instance of an object.
   at home1.GetData_both() in e:\CHETAN\CDFDashboardFinal(Bhagu)\CDF-Dashboard2017\home1.aspx.cs:line 665 
 
2019-12-10 16:47:36,715 [51] ERROR home1 - chart_bind_both -790 
 System.NullReferenceException: Object reference not set to an instance of an object.
   at home1.chart_bind_both() in e:\CHETAN\CDFDashboardFinal(Bhagu)\CDF-Dashboard2017\home1.aspx.cs:line 762 
 
2019-12-10 16:47:36,823 [51] ERROR home1 - bindgrid_lead_converted -972 
 System.NullReferenceException: Object reference not set to an instance of an object.
   at home1.bindgrid_lead_converted() in e:\CHETAN\CDFDashboardFinal(Bhagu)\CDF-Dashboard2017\home1.aspx.cs:line 946 
 
2019-12-10 16:47:36,893 [51] ERROR home1 - bindgrid_lead_created -1011 
 System.NullReferenceException: Object reference not set to an instance of an object.
   at home1.bindgrid_lead_created() in e:\CHETAN\CDFDashboardFinal(Bhagu)\CDF-Dashboard2017\home1.aspx.cs:line 985 
 
2019-12-10 16:47:37,063 [51] ERROR home1 - Page_Load -150 
 System.NullReferenceException: Object reference not set to an instance of an object.
   at home1.Page_Load(Object sender, EventArgs e) in e:\CHETAN\CDFDashboardFinal(Bhagu)\CDF-Dashboard2017\home1.aspx.cs:line 79 
 
2019-12-10 17:07:00,303 [14] ERROR home1 - GetData -655 
 System.NullReferenceException: Object reference not set to an instance of an object.
   at home1.GetData() in e:\CHETAN\CDFDashboardFinal(Bhagu)\CDF-Dashboard2017\home1.aspx.cs:line 641 
 
2019-12-10 17:07:00,366 [14] ERROR home1 - chart_bind -750 
 System.NullReferenceException: Object reference not set to an instance of an object.
   at home1.chart_bind() in e:\CHETAN\CDFDashboardFinal(Bhagu)\CDF-Dashboard2017\home1.aspx.cs:line 724 
 
2019-12-10 17:07:00,453 [14] ERROR home1 - GetData2 -712 
 System.NullReferenceException: Object reference not set to an instance of an object.
   at home1.GetData2() in e:\CHETAN\CDFDashboardFinal(Bhagu)\CDF-Dashboard2017\home1.aspx.cs:line 698 
 
2019-12-10 17:07:00,509 [14] ERROR home1 - chart_bind2 -827 
 System.NullReferenceException: Object reference not set to an instance of an object.
   at home1.chart_bind2() in e:\CHETAN\CDFDashboardFinal(Bhagu)\CDF-Dashboard2017\home1.aspx.cs:line 801 
 
2019-12-10 17:07:00,587 [14] ERROR home1 - bindgrid -931 
 System.NullReferenceException: Object reference not set to an instance of an object.
   at home1.bindgrid() in e:\CHETAN\CDFDashboardFinal(Bhagu)\CDF-Dashboard2017\home1.aspx.cs:line 893 
 
2019-12-10 17:07:00,915 [14] ERROR home1 - GetData_both -689 
 System.NullReferenceException: Object reference not set to an instance of an object.
   at home1.GetData_both() in e:\CHETAN\CDFDashboardFinal(Bhagu)\CDF-Dashboard2017\home1.aspx.cs:line 665 
 
2019-12-10 17:07:00,964 [14] ERROR home1 - chart_bind_both -790 
 System.NullReferenceException: Object reference not set to an instance of an object.
   at home1.chart_bind_both() in e:\CHETAN\CDFDashboardFinal(Bhagu)\CDF-Dashboard2017\home1.aspx.cs:line 762 
 
2019-12-10 17:07:01,014 [14] ERROR home1 - bindgrid_lead_converted -972 
 System.NullReferenceException: Object reference not set to an instance of an object.
   at home1.bindgrid_lead_converted() in e:\CHETAN\CDFDashboardFinal(Bhagu)\CDF-Dashboard2017\home1.aspx.cs:line 946 
 
2019-12-10 17:07:01,098 [14] ERROR home1 - bindgrid_lead_created -1011 
 System.NullReferenceException: Object reference not set to an instance of an object.
   at home1.bindgrid_lead_created() in e:\CHETAN\CDFDashboardFinal(Bhagu)\CDF-Dashboard2017\home1.aspx.cs:line 985 
 
2019-12-10 17:07:01,278 [14] ERROR home1 - Page_Load -150 
 System.NullReferenceException: Object reference not set to an instance of an object.
   at home1.Page_Load(Object sender, EventArgs e) in e:\CHETAN\CDFDashboardFinal(Bhagu)\CDF-Dashboard2017\home1.aspx.cs:line 79 
 
2019-12-10 17:10:36,828 [59] ERROR home1 - GetData -655 
 System.NullReferenceException: Object reference not set to an instance of an object.
   at home1.GetData() in e:\CHETAN\CDFDashboardFinal(Bhagu)\CDF-Dashboard2017\home1.aspx.cs:line 641 
 
2019-12-10 17:10:36,917 [59] ERROR home1 - chart_bind -750 
 System.NullReferenceException: Object reference not set to an instance of an object.
   at home1.chart_bind() in e:\CHETAN\CDFDashboardFinal(Bhagu)\CDF-Dashboard2017\home1.aspx.cs:line 724 
 
2019-12-10 17:10:36,998 [59] ERROR home1 - GetData2 -712 
 System.NullReferenceException: Object reference not set to an instance of an object.
   at home1.GetData2() in e:\CHETAN\CDFDashboardFinal(Bhagu)\CDF-Dashboard2017\home1.aspx.cs:line 698 
 
2019-12-10 17:10:37,074 [59] ERROR home1 - chart_bind2 -827 
 System.NullReferenceException: Object reference not set to an instance of an object.
   at home1.chart_bind2() in e:\CHETAN\CDFDashboardFinal(Bhagu)\CDF-Dashboard2017\home1.aspx.cs:line 801 
 
2019-12-10 17:10:37,128 [59] ERROR home1 - bindgrid -931 
 System.NullReferenceException: Object reference not set to an instance of an object.
   at home1.bindgrid() in e:\CHETAN\CDFDashboardFinal(Bhagu)\CDF-Dashboard2017\home1.aspx.cs:line 893 
 
2019-12-10 17:10:37,393 [59] ERROR home1 - GetData_both -689 
 System.NullReferenceException: Object reference not set to an instance of an object.
   at home1.GetData_both() in e:\CHETAN\CDFDashboardFinal(Bhagu)\CDF-Dashboard2017\home1.aspx.cs:line 665 
 
2019-12-10 17:10:37,471 [59] ERROR home1 - chart_bind_both -790 
 System.NullReferenceException: Object reference not set to an instance of an object.
   at home1.chart_bind_both() in e:\CHETAN\CDFDashboardFinal(Bhagu)\CDF-Dashboard2017\home1.aspx.cs:line 762 
 
2019-12-10 17:10:37,518 [59] ERROR home1 - bindgrid_lead_converted -972 
 System.NullReferenceException: Object reference not set to an instance of an object.
   at home1.bindgrid_lead_converted() in e:\CHETAN\CDFDashboardFinal(Bhagu)\CDF-Dashboard2017\home1.aspx.cs:line 946 
 
2019-12-10 17:10:37,568 [59] ERROR home1 - bindgrid_lead_created -1011 
 System.NullReferenceException: Object reference not set to an instance of an object.
   at home1.bindgrid_lead_created() in e:\CHETAN\CDFDashboardFinal(Bhagu)\CDF-Dashboard2017\home1.aspx.cs:line 985 
 
2019-12-10 17:10:37,715 [59] ERROR home1 - Page_Load -150 
 System.NullReferenceException: Object reference not set to an instance of an object.
   at home1.Page_Load(Object sender, EventArgs e) in e:\CHETAN\CDFDashboardFinal(Bhagu)\CDF-Dashboard2017\home1.aspx.cs:line 79 
 
2019-12-10 17:31:55,811 [14] ERROR home1 - GetData -655 
 System.NullReferenceException: Object reference not set to an instance of an object.
   at home1.GetData() in e:\CHETAN\CDFDashboardFinal(Bhagu)\CDF-Dashboard2017\home1.aspx.cs:line 641 
 
2019-12-10 17:31:55,860 [14] ERROR home1 - chart_bind -750 
 System.NullReferenceException: Object reference not set to an instance of an object.
   at home1.chart_bind() in e:\CHETAN\CDFDashboardFinal(Bhagu)\CDF-Dashboard2017\home1.aspx.cs:line 724 
 
2019-12-10 17:31:55,918 [14] ERROR home1 - GetData2 -712 
 System.NullReferenceException: Object reference not set to an instance of an object.
   at home1.GetData2() in e:\CHETAN\CDFDashboardFinal(Bhagu)\CDF-Dashboard2017\home1.aspx.cs:line 698 
 
2019-12-10 17:31:55,973 [14] ERROR home1 - chart_bind2 -827 
 System.NullReferenceException: Object reference not set to an instance of an object.
   at home1.chart_bind2() in e:\CHETAN\CDFDashboardFinal(Bhagu)\CDF-Dashboard2017\home1.aspx.cs:line 801 
 
2019-12-10 17:31:56,030 [14] ERROR home1 - bindgrid -931 
 System.NullReferenceException: Object reference not set to an instance of an object.
   at home1.bindgrid() in e:\CHETAN\CDFDashboardFinal(Bhagu)\CDF-Dashboard2017\home1.aspx.cs:line 893 
 
2019-12-10 17:31:56,246 [14] ERROR home1 - GetData_both -689 
 System.NullReferenceException: Object reference not set to an instance of an object.
   at home1.GetData_both() in e:\CHETAN\CDFDashboardFinal(Bhagu)\CDF-Dashboard2017\home1.aspx.cs:line 665 
 
2019-12-10 17:31:56,283 [14] ERROR home1 - chart_bind_both -790 
 System.NullReferenceException: Object reference not set to an instance of an object.
   at home1.chart_bind_both() in e:\CHETAN\CDFDashboardFinal(Bhagu)\CDF-Dashboard2017\home1.aspx.cs:line 762 
 
2019-12-10 17:31:56,343 [14] ERROR home1 - bindgrid_lead_converted -972 
 System.NullReferenceException: Object reference not set to an instance of an object.
   at home1.bindgrid_lead_converted() in e:\CHETAN\CDFDashboardFinal(Bhagu)\CDF-Dashboard2017\home1.aspx.cs:line 946 
 
2019-12-10 17:31:56,392 [14] ERROR home1 - bindgrid_lead_created -1011 
 System.NullReferenceException: Object reference not set to an instance of an object.
   at home1.bindgrid_lead_created() in e:\CHETAN\CDFDashboardFinal(Bhagu)\CDF-Dashboard2017\home1.aspx.cs:line 985 
 
2019-12-10 17:31:56,534 [14] ERROR home1 - Page_Load -150 
 System.NullReferenceException: Object reference not set to an instance of an object.
   at home1.Page_Load(Object sender, EventArgs e) in e:\CHETAN\CDFDashboardFinal(Bhagu)\CDF-Dashboard2017\home1.aspx.cs:line 79 
 
2019-12-10 17:34:54,187 [49] ERROR home1 - GetData -655 
 System.NullReferenceException: Object reference not set to an instance of an object.
   at home1.GetData() in e:\CHETAN\CDFDashboardFinal(Bhagu)\CDF-Dashboard2017\home1.aspx.cs:line 641 
 
2019-12-10 17:34:54,236 [49] ERROR home1 - chart_bind -750 
 System.NullReferenceException: Object reference not set to an instance of an object.
   at home1.chart_bind() in e:\CHETAN\CDFDashboardFinal(Bhagu)\CDF-Dashboard2017\home1.aspx.cs:line 724 
 
2019-12-10 17:34:54,278 [49] ERROR home1 - GetData2 -712 
 System.NullReferenceException: Object reference not set to an instance of an object.
   at home1.GetData2() in e:\CHETAN\CDFDashboardFinal(Bhagu)\CDF-Dashboard2017\home1.aspx.cs:line 698 
 
2019-12-10 17:34:54,322 [49] ERROR home1 - chart_bind2 -827 
 System.NullReferenceException: Object reference not set to an instance of an object.
   at home1.chart_bind2() in e:\CHETAN\CDFDashboardFinal(Bhagu)\CDF-Dashboard2017\home1.aspx.cs:line 801 
 
2019-12-10 17:34:54,358 [49] ERROR home1 - bindgrid -931 
 System.NullReferenceException: Object reference not set to an instance of an object.
   at home1.bindgrid() in e:\CHETAN\CDFDashboardFinal(Bhagu)\CDF-Dashboard2017\home1.aspx.cs:line 893 
 
2019-12-10 17:34:54,683 [49] ERROR home1 - GetData_both -689 
 System.NullReferenceException: Object reference not set to an instance of an object.
   at home1.GetData_both() in e:\CHETAN\CDFDashboardFinal(Bhagu)\CDF-Dashboard2017\home1.aspx.cs:line 665 
 
2019-12-10 17:34:54,740 [49] ERROR home1 - chart_bind_both -790 
 System.NullReferenceException: Object reference not set to an instance of an object.
   at home1.chart_bind_both() in e:\CHETAN\CDFDashboardFinal(Bhagu)\CDF-Dashboard2017\home1.aspx.cs:line 762 
 
2019-12-10 17:34:54,780 [49] ERROR home1 - bindgrid_lead_converted -972 
 System.NullReferenceException: Object reference not set to an instance of an object.
   at home1.bindgrid_lead_converted() in e:\CHETAN\CDFDashboardFinal(Bhagu)\CDF-Dashboard2017\home1.aspx.cs:line 946 
 
2019-12-10 17:34:54,818 [49] ERROR home1 - bindgrid_lead_created -1011 
 System.NullReferenceException: Object reference not set to an instance of an object.
   at home1.bindgrid_lead_created() in e:\CHETAN\CDFDashboardFinal(Bhagu)\CDF-Dashboard2017\home1.aspx.cs:line 985 
 
2019-12-10 17:34:54,998 [49] ERROR home1 - Page_Load -150 
 System.NullReferenceException: Object reference not set to an instance of an object.
   at home1.Page_Load(Object sender, EventArgs e) in e:\CHETAN\CDFDashboardFinal(Bhagu)\CDF-Dashboard2017\home1.aspx.cs:line 79 
 
2019-12-10 18:15:47,237 [43] ERROR ESAT_ReportDownload - Page_Load -28 
 System.Threading.ThreadAbortException: Thread was being aborted.
   at System.Threading.Thread.AbortInternal()
   at System.Threading.Thread.Abort(Object stateInfo)
   at System.Web.HttpResponse.AbortCurrentThread()
   at System.Web.HttpResponse.End()
   at System.Web.HttpResponse.Redirect(String url, Boolean endResponse, Boolean permanent)
   at System.Web.HttpResponse.Redirect(String url)
   at ESAT_ReportDownload.Page_Load(Object sender, EventArgs e) in e:\CHETAN\CDFDashboardFinal(Bhagu)\CDF-Dashboard2017\Graph_Report\ReportDownload.aspx.cs:line 24 
 
